<?xml version="1.0" encoding="UTF-8"?>
<!-- Generated by org.testng.reporters.JUnitReportReporter -->
<testsuite name="com.utility.Test" tests="5" time="0.032" ignored="0" failures="0" timestamp="16 May 2017 11:18:39 GMT" skipped="0" hostname="mgh-PC" errors="0">
  <testcase name="markupTest" time="0.003" classname="com.utility.Test"/>
  <testcase name="markupTest" time="0.012" classname="com.utility.Test"/>
  <testcase name="markupTest" time="0.005" classname="com.utility.Test"/>
  <testcase name="markupTest" time="0.004" classname="com.utility.Test"/>
  <testcase name="markupTest" time="0.008" classname="com.utility.Test"/>
</testsuite> <!-- com.utility.Test -->
