<?xml version="1.0" encoding="UTF-8"?>
<!-- Generated by org.testng.reporters.JUnitReportReporter -->
<testsuite name="com.testCase.Login" tests="6" time="36.737" ignored="0" failures="0" timestamp="25 Apr 2017 07:35:33 GMT" skipped="2" hostname="mgh-PC" errors="0">
  <testcase name="login" time="9.007" classname="com.testCase.Login"/>
  <testcase name="login" time="0.004" classname="com.testCase.Login">
    <skipped/>
  </testcase> <!-- login -->
  <testcase name="login" time="7.424" classname="com.testCase.Login"/>
  <testcase name="login" time="11.561" classname="com.testCase.Login"/>
  <testcase name="login" time="0.001" classname="com.testCase.Login">
    <skipped/>
  </testcase> <!-- login -->
  <testcase name="login" time="8.740" classname="com.testCase.Login"/>
</testsuite> <!-- com.testCase.Login -->
