<?xml version="1.0" encoding="UTF-8"?>
<!-- Generated by org.testng.reporters.JUnitReportReporter -->
<testsuite name="com.externalApi.Dumps" tests="9999" time="30.231" ignored="0" failures="0" timestamp="10 May 2017 10:38:43 GMT" skipped="0" hostname="mgh-PC" errors="0">
  <testcase name="login" time="0.000" classname="com.externalApi.Dumps"/>
  <testcase name="login" time="0.001" classname="com.externalApi.Dumps"/>
  <testcase name="login" time="0.000" classname="com.externalApi.Dumps"/>
  <testcase name="login" time="0.001" classname="com.externalApi.Dumps"/>
  <testcase name="login" time="0.000" classname="com.externalApi.Dumps"/>
  <testcase name="login" time="0.000" classname="com.externalApi.Dumps"/>
  <testcase name="login" time="0.001" classname="com.externalApi.Dumps"/>
  <testcase name="login" time="0.000" classname="com.externalApi.Dumps"/>
  <testcase name="login" time="0.001" classname="com.externalApi.Dumps"/>
  <testcase name="login" time="0.000" classname="com.externalApi.Dumps"/>
  <testcase name="login" time="0.001" classname="com.externalApi.Dumps"/>
  <testcase name="login" time="0.000" classname="com.externalApi.Dumps"/>
  <testcase name="login" time="0.000" classname="com.externalApi.Dumps"/>
  <testcase name="login" time="0.001" classname="com.externalApi.Dumps"/>
  <testcase name="login" time="0.001" classname="com.externalApi.Dumps"/>
  <testcase name="login" time="0.001" classname="com.externalApi.Dumps"/>
  <testcase name="login" time="0.000" classname="com.externalApi.Dumps"/>
  <testcase name="login" time="0.001" classname="com.externalApi.Dumps"/>
  <testcase name="login" time="0.133" classname="com.externalApi.Dumps"/>
  <testcase name="login" time="0.003" classname="com.externalApi.Dumps"/>
  <testcase name="login" time="0.000" classname="com.externalApi.Dumps"/>
  <testcase name="login" time="0.001" classname="com.externalApi.Dumps"/>
  <testcase name="login" time="0.001" classname="com.externalApi.Dumps"/>
  <testcase name="login" time="0.000" classname="com.externalApi.Dumps"/>
  <testcase name="login" time="0.001" classname="com.externalApi.Dumps"/>
  <testcase name="login" time="0.001" classname="com.externalApi.Dumps"/>
  <testcase name="login" time="0.001" classname="com.externalApi.Dumps"/>
  <testcase name="login" time="0.001" classname="com.externalApi.Dumps"/>
  <testcase name="login" time="0.001" classname="com.externalApi.Dumps"/>
  <testcase name="login" time="0.001" classname="com.externalApi.Dumps"/>
  <testcase name="login" time="0.000" classname="com.externalApi.Dumps"/>
  <testcase name="login" time="0.000" classname="com.externalApi.Dumps"/>
  <testcase name="login" time="0.001" classname="com.externalApi.Dumps"/>
  <testcase name="login" time="0.000" classname="com.externalApi.Dumps"/>
  <testcase name="login" time="0.000" classname="com.externalApi.Dumps"/>
  <testcase name="login" time="0.000" classname="com.externalApi.Dumps"/>
  <testcase name="login" time="0.000" classname="com.externalApi.Dumps"/>
  <testcase name="login" time="0.000" classname="com.externalApi.Dumps"/>
  <testcase name="login" time="0.001" classname="com.externalApi.Dumps"/>
  <testcase name="login" time="0.000" classname="com.externalApi.Dumps"/>
  <testcase name="login" time="0.000" classname="com.externalApi.Dumps"/>
  <testcase name="login" time="0.000" classname="com.externalApi.Dumps"/>
  <testcase name="login" time="0.001" classname="com.externalApi.Dumps"/>
  <testcase name="login" time="0.000" classname="com.externalApi.Dumps"/>
  <testcase name="login" time="0.001" classname="com.externalApi.Dumps"/>
  <testcase name="login" time="0.000" classname="com.externalApi.Dumps"/>
  <testcase name="login" time="0.001" classname="com.externalApi.Dumps"/>
  <testcase name="login" time="0.000" classname="com.externalApi.Dumps"/>
  <testcase name="login" time="0.000" classname="com.externalApi.Dumps"/>
  <testcase name="login" time="0.001" classname="com.externalApi.Dumps"/>
  <testcase name="login" time="0.001" classname="com.externalApi.Dumps"/>
  <testcase name="login" time="0.000" classname="com.externalApi.Dumps"/>
  <testcase name="login" time="0.001" classname="com.externalApi.Dumps"/>
  <testcase name="login" time="0.001" classname="com.externalApi.Dumps"/>
  <testcase name="login" time="0.002" classname="com.externalApi.Dumps"/>
  <testcase name="login" time="0.001" classname="com.externalApi.Dumps"/>
  <testcase name="login" time="0.000" classname="com.externalApi.Dumps"/>
  <testcase name="login" time="0.001" classname="com.externalApi.Dumps"/>
  <testcase name="login" time="0.000" classname="com.externalApi.Dumps"/>
  <testcase name="login" time="0.001" classname="com.externalApi.Dumps"/>
  <testcase name="login" time="0.001" classname="com.externalApi.Dumps"/>
  <testcase name="login" time="0.001" classname="com.externalApi.Dumps"/>
  <testcase name="login" time="0.001" classname="com.externalApi.Dumps"/>
  <testcase name="login" time="0.001" classname="com.externalApi.Dumps"/>
  <testcase name="login" time="0.001" classname="com.externalApi.Dumps"/>
  <testcase name="login" time="0.001" classname="com.externalApi.Dumps"/>
  <testcase name="login" time="0.001" classname="com.externalApi.Dumps"/>
  <testcase name="login" time="0.000" classname="com.externalApi.Dumps"/>
  <testcase name="login" time="0.001" classname="com.externalApi.Dumps"/>
  <testcase name="login" time="0.001" classname="com.externalApi.Dumps"/>
  <testcase name="login" time="0.000" classname="com.externalApi.Dumps"/>
  <testcase name="login" time="0.000" classname="com.externalApi.Dumps"/>
  <testcase name="login" time="0.000" classname="com.externalApi.Dumps"/>
  <testcase name="login" time="0.001" classname="com.externalApi.Dumps"/>
  <testcase name="login" time="0.000" classname="com.externalApi.Dumps"/>
  <testcase name="login" time="0.001" classname="com.externalApi.Dumps"/>
  <testcase name="login" time="0.001" classname="com.externalApi.Dumps"/>
  <testcase name="login" time="0.001" classname="com.externalApi.Dumps"/>
  <testcase name="login" time="0.001" classname="com.externalApi.Dumps"/>
  <testcase name="login" time="0.000" classname="com.externalApi.Dumps"/>
  <testcase name="login" time="0.000" classname="com.externalApi.Dumps"/>
  <testcase name="login" time="0.000" classname="com.externalApi.Dumps"/>
  <testcase name="login" time="0.000" classname="com.externalApi.Dumps"/>
  <testcase name="login" time="0.001" classname="com.externalApi.Dumps"/>
  <testcase name="login" time="0.000" classname="com.externalApi.Dumps"/>
  <testcase name="login" time="0.000" classname="com.externalApi.Dumps"/>
  <testcase name="login" time="0.000" classname="com.externalApi.Dumps"/>
  <testcase name="login" time="0.004" classname="com.externalApi.Dumps"/>
  <testcase name="login" time="0.002" classname="com.externalApi.Dumps"/>
  <testcase name="login" time="0.001" classname="com.externalApi.Dumps"/>
  <testcase name="login" time="0.001" classname="com.externalApi.Dumps"/>
  <testcase name="login" time="0.000" classname="com.externalApi.Dumps"/>
  <testcase name="login" time="0.000" classname="com.externalApi.Dumps"/>
  <testcase name="login" time="0.000" classname="com.externalApi.Dumps"/>
  <testcase name="login" time="0.001" classname="com.externalApi.Dumps"/>
  <testcase name="login" time="0.001" classname="com.externalApi.Dumps"/>
  <testcase name="login" time="0.000" classname="com.externalApi.Dumps"/>
  <testcase name="login" time="0.003" classname="com.externalApi.Dumps"/>
  <testcase name="login" time="0.001" classname="com.externalApi.Dumps"/>
  <testcase name="login" time="0.000" classname="com.externalApi.Dumps"/>
  <testcase name="login" time="0.001" classname="com.externalApi.Dumps"/>
  <testcase name="login" time="0.001" classname="com.externalApi.Dumps"/>
  <testcase name="login" time="0.001" classname="com.externalApi.Dumps"/>
  <testcase name="login" time="0.001" classname="com.externalApi.Dumps"/>
  <testcase name="login" time="0.000" classname="com.externalApi.Dumps"/>
  <testcase name="login" time="0.001" classname="com.externalApi.Dumps"/>
  <testcase name="login" time="0.000" classname="com.externalApi.Dumps"/>
  <testcase name="login" time="0.000" classname="com.externalApi.Dumps"/>
  <testcase name="login" time="0.000" classname="com.externalApi.Dumps"/>
  <testcase name="login" time="0.001" classname="com.externalApi.Dumps"/>
  <testcase name="login" time="0.001" classname="com.externalApi.Dumps"/>
  <testcase name="login" time="0.000" classname="com.externalApi.Dumps"/>
  <testcase name="login" time="0.000" classname="com.externalApi.Dumps"/>
  <testcase name="login" time="0.001" classname="com.externalApi.Dumps"/>
  <testcase name="login" time="0.000" classname="com.externalApi.Dumps"/>
  <testcase name="login" time="0.001" classname="com.externalApi.Dumps"/>
  <testcase name="login" time="0.001" classname="com.externalApi.Dumps"/>
  <testcase name="login" time="0.000" classname="com.externalApi.Dumps"/>
  <testcase name="login" time="0.000" classname="com.externalApi.Dumps"/>
  <testcase name="login" time="0.001" classname="com.externalApi.Dumps"/>
  <testcase name="login" time="0.003" classname="com.externalApi.Dumps"/>
  <testcase name="login" time="0.001" classname="com.externalApi.Dumps"/>
  <testcase name="login" time="0.000" classname="com.externalApi.Dumps"/>
  <testcase name="login" time="0.001" classname="com.externalApi.Dumps"/>
  <testcase name="login" time="0.001" classname="com.externalApi.Dumps"/>
  <testcase name="login" time="0.001" classname="com.externalApi.Dumps"/>
  <testcase name="login" time="0.001" classname="com.externalApi.Dumps"/>
  <testcase name="login" time="0.000" classname="com.externalApi.Dumps"/>
  <testcase name="login" time="0.001" classname="com.externalApi.Dumps"/>
  <testcase name="login" time="0.001" classname="com.externalApi.Dumps"/>
  <testcase name="login" time="0.001" classname="com.externalApi.Dumps"/>
  <testcase name="login" time="0.001" classname="com.externalApi.Dumps"/>
  <testcase name="login" time="0.001" classname="com.externalApi.Dumps"/>
  <testcase name="login" time="0.000" classname="com.externalApi.Dumps"/>
  <testcase name="login" time="0.001" classname="com.externalApi.Dumps"/>
  <testcase name="login" time="0.000" classname="com.externalApi.Dumps"/>
  <testcase name="login" time="0.000" classname="com.externalApi.Dumps"/>
  <testcase name="login" time="0.001" classname="com.externalApi.Dumps"/>
  <testcase name="login" time="0.000" classname="com.externalApi.Dumps"/>
  <testcase name="login" time="0.000" classname="com.externalApi.Dumps"/>
  <testcase name="login" time="0.001" classname="com.externalApi.Dumps"/>
  <testcase name="login" time="0.001" classname="com.externalApi.Dumps"/>
  <testcase name="login" time="0.001" classname="com.externalApi.Dumps"/>
  <testcase name="login" time="0.001" classname="com.externalApi.Dumps"/>
  <testcase name="login" time="0.001" classname="com.externalApi.Dumps"/>
  <testcase name="login" time="0.000" classname="com.externalApi.Dumps"/>
  <testcase name="login" time="0.001" classname="com.externalApi.Dumps"/>
  <testcase name="login" time="0.000" classname="com.externalApi.Dumps"/>
  <testcase name="login" time="0.001" classname="com.externalApi.Dumps"/>
  <testcase name="login" time="0.000" classname="com.externalApi.Dumps"/>
  <testcase name="login" time="0.001" classname="com.externalApi.Dumps"/>
  <testcase name="login" time="0.007" classname="com.externalApi.Dumps"/>
  <testcase name="login" time="0.000" classname="com.externalApi.Dumps"/>
  <testcase name="login" time="0.000" classname="com.externalApi.Dumps"/>
  <testcase name="login" time="0.000" classname="com.externalApi.Dumps"/>
  <testcase name="login" time="0.001" classname="com.externalApi.Dumps"/>
  <testcase name="login" time="0.001" classname="com.externalApi.Dumps"/>
  <testcase name="login" time="0.000" classname="com.externalApi.Dumps"/>
  <testcase name="login" time="0.001" classname="com.externalApi.Dumps"/>
  <testcase name="login" time="0.000" classname="com.externalApi.Dumps"/>
  <testcase name="login" time="0.000" classname="com.externalApi.Dumps"/>
  <testcase name="login" time="0.005" classname="com.externalApi.Dumps"/>
  <testcase name="login" time="0.001" classname="com.externalApi.Dumps"/>
  <testcase name="login" time="0.001" classname="com.externalApi.Dumps"/>
  <testcase name="login" time="0.001" classname="com.externalApi.Dumps"/>
  <testcase name="login" time="0.000" classname="com.externalApi.Dumps"/>
  <testcase name="login" time="0.000" classname="com.externalApi.Dumps"/>
  <testcase name="login" time="0.001" classname="com.externalApi.Dumps"/>
  <testcase name="login" time="0.000" classname="com.externalApi.Dumps"/>
  <testcase name="login" time="0.000" classname="com.externalApi.Dumps"/>
  <testcase name="login" time="0.002" classname="com.externalApi.Dumps"/>
  <testcase name="login" time="0.001" classname="com.externalApi.Dumps"/>
  <testcase name="login" time="0.001" classname="com.externalApi.Dumps"/>
  <testcase name="login" time="0.005" classname="com.externalApi.Dumps"/>
  <testcase name="login" time="0.001" classname="com.externalApi.Dumps"/>
  <testcase name="login" time="0.001" classname="com.externalApi.Dumps"/>
  <testcase name="login" time="0.000" classname="com.externalApi.Dumps"/>
  <testcase name="login" time="0.000" classname="com.externalApi.Dumps"/>
  <testcase name="login" time="0.000" classname="com.externalApi.Dumps"/>
  <testcase name="login" time="0.000" classname="com.externalApi.Dumps"/>
  <testcase name="login" time="0.001" classname="com.externalApi.Dumps"/>
  <testcase name="login" time="0.001" classname="com.externalApi.Dumps"/>
  <testcase name="login" time="0.001" classname="com.externalApi.Dumps"/>
  <testcase name="login" time="0.001" classname="com.externalApi.Dumps"/>
  <testcase name="login" time="0.000" classname="com.externalApi.Dumps"/>
  <testcase name="login" time="0.017" classname="com.externalApi.Dumps"/>
  <testcase name="login" time="0.001" classname="com.externalApi.Dumps"/>
  <testcase name="login" time="0.001" classname="com.externalApi.Dumps"/>
  <testcase name="login" time="0.001" classname="com.externalApi.Dumps"/>
  <testcase name="login" time="0.002" classname="com.externalApi.Dumps"/>
  <testcase name="login" time="0.000" classname="com.externalApi.Dumps"/>
  <testcase name="login" time="0.000" classname="com.externalApi.Dumps"/>
  <testcase name="login" time="0.001" classname="com.externalApi.Dumps"/>
  <testcase name="login" time="0.000" classname="com.externalApi.Dumps"/>
  <testcase name="login" time="0.001" classname="com.externalApi.Dumps"/>
  <testcase name="login" time="0.000" classname="com.externalApi.Dumps"/>
  <testcase name="login" time="0.000" classname="com.externalApi.Dumps"/>
  <testcase name="login" time="0.000" classname="com.externalApi.Dumps"/>
  <testcase name="login" time="0.000" classname="com.externalApi.Dumps"/>
  <testcase name="login" time="0.001" classname="com.externalApi.Dumps"/>
  <testcase name="login" time="0.000" classname="com.externalApi.Dumps"/>
  <testcase name="login" time="0.001" classname="com.externalApi.Dumps"/>
  <testcase name="login" time="0.001" classname="com.externalApi.Dumps"/>
  <testcase name="login" time="0.001" classname="com.externalApi.Dumps"/>
  <testcase name="login" time="0.000" classname="com.externalApi.Dumps"/>
  <testcase name="login" time="0.000" classname="com.externalApi.Dumps"/>
  <testcase name="login" time="0.000" classname="com.externalApi.Dumps"/>
  <testcase name="login" time="0.000" classname="com.externalApi.Dumps"/>
  <testcase name="login" time="0.001" classname="com.externalApi.Dumps"/>
  <testcase name="login" time="0.001" classname="com.externalApi.Dumps"/>
  <testcase name="login" time="0.001" classname="com.externalApi.Dumps"/>
  <testcase name="login" time="0.000" classname="com.externalApi.Dumps"/>
  <testcase name="login" time="0.000" classname="com.externalApi.Dumps"/>
  <testcase name="login" time="0.000" classname="com.externalApi.Dumps"/>
  <testcase name="login" time="0.000" classname="com.externalApi.Dumps"/>
  <testcase name="login" time="0.000" classname="com.externalApi.Dumps"/>
  <testcase name="login" time="0.000" classname="com.externalApi.Dumps"/>
  <testcase name="login" time="0.001" classname="com.externalApi.Dumps"/>
  <testcase name="login" time="0.001" classname="com.externalApi.Dumps"/>
  <testcase name="login" time="0.001" classname="com.externalApi.Dumps"/>
  <testcase name="login" time="0.001" classname="com.externalApi.Dumps"/>
  <testcase name="login" time="0.000" classname="com.externalApi.Dumps"/>
  <testcase name="login" time="0.001" classname="com.externalApi.Dumps"/>
  <testcase name="login" time="0.001" classname="com.externalApi.Dumps"/>
  <testcase name="login" time="0.001" classname="com.externalApi.Dumps"/>
  <testcase name="login" time="0.002" classname="com.externalApi.Dumps"/>
  <testcase name="login" time="0.001" classname="com.externalApi.Dumps"/>
  <testcase name="login" time="0.001" classname="com.externalApi.Dumps"/>
  <testcase name="login" time="0.001" classname="com.externalApi.Dumps"/>
  <testcase name="login" time="0.000" classname="com.externalApi.Dumps"/>
  <testcase name="login" time="0.000" classname="com.externalApi.Dumps"/>
  <testcase name="login" time="0.001" classname="com.externalApi.Dumps"/>
  <testcase name="login" time="0.002" classname="com.externalApi.Dumps"/>
  <testcase name="login" time="0.001" classname="com.externalApi.Dumps"/>
  <testcase name="login" time="0.002" classname="com.externalApi.Dumps"/>
  <testcase name="login" time="0.000" classname="com.externalApi.Dumps"/>
  <testcase name="login" time="0.001" classname="com.externalApi.Dumps"/>
  <testcase name="login" time="0.000" classname="com.externalApi.Dumps"/>
  <testcase name="login" time="0.001" classname="com.externalApi.Dumps"/>
  <testcase name="login" time="0.001" classname="com.externalApi.Dumps"/>
  <testcase name="login" time="0.000" classname="com.externalApi.Dumps"/>
  <testcase name="login" time="0.000" classname="com.externalApi.Dumps"/>
  <testcase name="login" time="0.000" classname="com.externalApi.Dumps"/>
  <testcase name="login" time="0.001" classname="com.externalApi.Dumps"/>
  <testcase name="login" time="0.001" classname="com.externalApi.Dumps"/>
  <testcase name="login" time="0.001" classname="com.externalApi.Dumps"/>
  <testcase name="login" time="0.002" classname="com.externalApi.Dumps"/>
  <testcase name="login" time="0.000" classname="com.externalApi.Dumps"/>
  <testcase name="login" time="0.001" classname="com.externalApi.Dumps"/>
  <testcase name="login" time="0.001" classname="com.externalApi.Dumps"/>
  <testcase name="login" time="0.002" classname="com.externalApi.Dumps"/>
  <testcase name="login" time="0.000" classname="com.externalApi.Dumps"/>
  <testcase name="login" time="0.002" classname="com.externalApi.Dumps"/>
  <testcase name="login" time="0.000" classname="com.externalApi.Dumps"/>
  <testcase name="login" time="0.001" classname="com.externalApi.Dumps"/>
  <testcase name="login" time="0.002" classname="com.externalApi.Dumps"/>
  <testcase name="login" time="0.001" classname="com.externalApi.Dumps"/>
  <testcase name="login" time="0.001" classname="com.externalApi.Dumps"/>
  <testcase name="login" time="0.000" classname="com.externalApi.Dumps"/>
  <testcase name="login" time="0.000" classname="com.externalApi.Dumps"/>
  <testcase name="login" time="0.001" classname="com.externalApi.Dumps"/>
  <testcase name="login" time="0.000" classname="com.externalApi.Dumps"/>
  <testcase name="login" time="0.000" classname="com.externalApi.Dumps"/>
  <testcase name="login" time="0.000" classname="com.externalApi.Dumps"/>
  <testcase name="login" time="0.000" classname="com.externalApi.Dumps"/>
  <testcase name="login" time="0.001" classname="com.externalApi.Dumps"/>
  <testcase name="login" time="0.000" classname="com.externalApi.Dumps"/>
  <testcase name="login" time="0.000" classname="com.externalApi.Dumps"/>
  <testcase name="login" time="0.001" classname="com.externalApi.Dumps"/>
  <testcase name="login" time="0.000" classname="com.externalApi.Dumps"/>
  <testcase name="login" time="0.000" classname="com.externalApi.Dumps"/>
  <testcase name="login" time="0.003" classname="com.externalApi.Dumps"/>
  <testcase name="login" time="0.002" classname="com.externalApi.Dumps"/>
  <testcase name="login" time="0.002" classname="com.externalApi.Dumps"/>
  <testcase name="login" time="0.000" classname="com.externalApi.Dumps"/>
  <testcase name="login" time="0.001" classname="com.externalApi.Dumps"/>
  <testcase name="login" time="0.000" classname="com.externalApi.Dumps"/>
  <testcase name="login" time="0.000" classname="com.externalApi.Dumps"/>
  <testcase name="login" time="0.000" classname="com.externalApi.Dumps"/>
  <testcase name="login" time="0.001" classname="com.externalApi.Dumps"/>
  <testcase name="login" time="0.151" classname="com.externalApi.Dumps"/>
  <testcase name="login" time="0.000" classname="com.externalApi.Dumps"/>
  <testcase name="login" time="0.001" classname="com.externalApi.Dumps"/>
  <testcase name="login" time="0.002" classname="com.externalApi.Dumps"/>
  <testcase name="login" time="0.001" classname="com.externalApi.Dumps"/>
  <testcase name="login" time="0.000" classname="com.externalApi.Dumps"/>
  <testcase name="login" time="0.000" classname="com.externalApi.Dumps"/>
  <testcase name="login" time="0.000" classname="com.externalApi.Dumps"/>
  <testcase name="login" time="0.001" classname="com.externalApi.Dumps"/>
  <testcase name="login" time="0.000" classname="com.externalApi.Dumps"/>
  <testcase name="login" time="0.001" classname="com.externalApi.Dumps"/>
  <testcase name="login" time="0.000" classname="com.externalApi.Dumps"/>
  <testcase name="login" time="0.002" classname="com.externalApi.Dumps"/>
  <testcase name="login" time="0.000" classname="com.externalApi.Dumps"/>
  <testcase name="login" time="0.000" classname="com.externalApi.Dumps"/>
  <testcase name="login" time="0.001" classname="com.externalApi.Dumps"/>
  <testcase name="login" time="0.000" classname="com.externalApi.Dumps"/>
  <testcase name="login" time="0.001" classname="com.externalApi.Dumps"/>
  <testcase name="login" time="0.000" classname="com.externalApi.Dumps"/>
  <testcase name="login" time="0.001" classname="com.externalApi.Dumps"/>
  <testcase name="login" time="0.001" classname="com.externalApi.Dumps"/>
  <testcase name="login" time="0.000" classname="com.externalApi.Dumps"/>
  <testcase name="login" time="0.001" classname="com.externalApi.Dumps"/>
  <testcase name="login" time="0.001" classname="com.externalApi.Dumps"/>
  <testcase name="login" time="0.000" classname="com.externalApi.Dumps"/>
  <testcase name="login" time="0.000" classname="com.externalApi.Dumps"/>
  <testcase name="login" time="0.130" classname="com.externalApi.Dumps"/>
  <testcase name="login" time="0.000" classname="com.externalApi.Dumps"/>
  <testcase name="login" time="0.000" classname="com.externalApi.Dumps"/>
  <testcase name="login" time="0.000" classname="com.externalApi.Dumps"/>
  <testcase name="login" time="0.001" classname="com.externalApi.Dumps"/>
  <testcase name="login" time="0.000" classname="com.externalApi.Dumps"/>
  <testcase name="login" time="0.021" classname="com.externalApi.Dumps"/>
  <testcase name="login" time="0.001" classname="com.externalApi.Dumps"/>
  <testcase name="login" time="0.001" classname="com.externalApi.Dumps"/>
  <testcase name="login" time="0.000" classname="com.externalApi.Dumps"/>
  <testcase name="login" time="0.001" classname="com.externalApi.Dumps"/>
  <testcase name="login" time="0.001" classname="com.externalApi.Dumps"/>
  <testcase name="login" time="0.001" classname="com.externalApi.Dumps"/>
  <testcase name="login" time="0.000" classname="com.externalApi.Dumps"/>
  <testcase name="login" time="0.000" classname="com.externalApi.Dumps"/>
  <testcase name="login" time="0.000" classname="com.externalApi.Dumps"/>
  <testcase name="login" time="0.001" classname="com.externalApi.Dumps"/>
  <testcase name="login" time="0.001" classname="com.externalApi.Dumps"/>
  <testcase name="login" time="0.000" classname="com.externalApi.Dumps"/>
  <testcase name="login" time="0.001" classname="com.externalApi.Dumps"/>
  <testcase name="login" time="0.000" classname="com.externalApi.Dumps"/>
  <testcase name="login" time="0.000" classname="com.externalApi.Dumps"/>
  <testcase name="login" time="0.000" classname="com.externalApi.Dumps"/>
  <testcase name="login" time="0.000" classname="com.externalApi.Dumps"/>
  <testcase name="login" time="0.001" classname="com.externalApi.Dumps"/>
  <testcase name="login" time="0.000" classname="com.externalApi.Dumps"/>
  <testcase name="login" time="0.001" classname="com.externalApi.Dumps"/>
  <testcase name="login" time="0.002" classname="com.externalApi.Dumps"/>
  <testcase name="login" time="0.000" classname="com.externalApi.Dumps"/>
  <testcase name="login" time="0.000" classname="com.externalApi.Dumps"/>
  <testcase name="login" time="0.000" classname="com.externalApi.Dumps"/>
  <testcase name="login" time="0.001" classname="com.externalApi.Dumps"/>
  <testcase name="login" time="0.001" classname="com.externalApi.Dumps"/>
  <testcase name="login" time="0.000" classname="com.externalApi.Dumps"/>
  <testcase name="login" time="0.001" classname="com.externalApi.Dumps"/>
  <testcase name="login" time="0.000" classname="com.externalApi.Dumps"/>
  <testcase name="login" time="0.000" classname="com.externalApi.Dumps"/>
  <testcase name="login" time="0.000" classname="com.externalApi.Dumps"/>
  <testcase name="login" time="0.000" classname="com.externalApi.Dumps"/>
  <testcase name="login" time="0.000" classname="com.externalApi.Dumps"/>
  <testcase name="login" time="0.000" classname="com.externalApi.Dumps"/>
  <testcase name="login" time="0.000" classname="com.externalApi.Dumps"/>
  <testcase name="login" time="0.000" classname="com.externalApi.Dumps"/>
  <testcase name="login" time="0.002" classname="com.externalApi.Dumps"/>
  <testcase name="login" time="0.001" classname="com.externalApi.Dumps"/>
  <testcase name="login" time="0.002" classname="com.externalApi.Dumps"/>
  <testcase name="login" time="0.001" classname="com.externalApi.Dumps"/>
  <testcase name="login" time="0.001" classname="com.externalApi.Dumps"/>
  <testcase name="login" time="0.001" classname="com.externalApi.Dumps"/>
  <testcase name="login" time="0.001" classname="com.externalApi.Dumps"/>
  <testcase name="login" time="0.001" classname="com.externalApi.Dumps"/>
  <testcase name="login" time="0.001" classname="com.externalApi.Dumps"/>
  <testcase name="login" time="0.000" classname="com.externalApi.Dumps"/>
  <testcase name="login" time="0.001" classname="com.externalApi.Dumps"/>
  <testcase name="login" time="0.012" classname="com.externalApi.Dumps"/>
  <testcase name="login" time="0.000" classname="com.externalApi.Dumps"/>
  <testcase name="login" time="0.000" classname="com.externalApi.Dumps"/>
  <testcase name="login" time="0.001" classname="com.externalApi.Dumps"/>
  <testcase name="login" time="0.001" classname="com.externalApi.Dumps"/>
  <testcase name="login" time="0.000" classname="com.externalApi.Dumps"/>
  <testcase name="login" time="0.000" classname="com.externalApi.Dumps"/>
  <testcase name="login" time="0.001" classname="com.externalApi.Dumps"/>
  <testcase name="login" time="0.003" classname="com.externalApi.Dumps"/>
  <testcase name="login" time="0.001" classname="com.externalApi.Dumps"/>
  <testcase name="login" time="0.001" classname="com.externalApi.Dumps"/>
  <testcase name="login" time="0.001" classname="com.externalApi.Dumps"/>
  <testcase name="login" time="0.001" classname="com.externalApi.Dumps"/>
  <testcase name="login" time="0.001" classname="com.externalApi.Dumps"/>
  <testcase name="login" time="0.001" classname="com.externalApi.Dumps"/>
  <testcase name="login" time="0.001" classname="com.externalApi.Dumps"/>
  <testcase name="login" time="0.000" classname="com.externalApi.Dumps"/>
  <testcase name="login" time="0.001" classname="com.externalApi.Dumps"/>
  <testcase name="login" time="0.001" classname="com.externalApi.Dumps"/>
  <testcase name="login" time="0.000" classname="com.externalApi.Dumps"/>
  <testcase name="login" time="0.001" classname="com.externalApi.Dumps"/>
  <testcase name="login" time="0.000" classname="com.externalApi.Dumps"/>
  <testcase name="login" time="0.001" classname="com.externalApi.Dumps"/>
  <testcase name="login" time="0.001" classname="com.externalApi.Dumps"/>
  <testcase name="login" time="0.001" classname="com.externalApi.Dumps"/>
  <testcase name="login" time="0.001" classname="com.externalApi.Dumps"/>
  <testcase name="login" time="0.000" classname="com.externalApi.Dumps"/>
  <testcase name="login" time="0.001" classname="com.externalApi.Dumps"/>
  <testcase name="login" time="0.000" classname="com.externalApi.Dumps"/>
  <testcase name="login" time="0.001" classname="com.externalApi.Dumps"/>
  <testcase name="login" time="0.001" classname="com.externalApi.Dumps"/>
  <testcase name="login" time="0.001" classname="com.externalApi.Dumps"/>
  <testcase name="login" time="0.000" classname="com.externalApi.Dumps"/>
  <testcase name="login" time="0.000" classname="com.externalApi.Dumps"/>
  <testcase name="login" time="0.000" classname="com.externalApi.Dumps"/>
  <testcase name="login" time="0.001" classname="com.externalApi.Dumps"/>
  <testcase name="login" time="0.000" classname="com.externalApi.Dumps"/>
  <testcase name="login" time="0.000" classname="com.externalApi.Dumps"/>
  <testcase name="login" time="0.000" classname="com.externalApi.Dumps"/>
  <testcase name="login" time="0.001" classname="com.externalApi.Dumps"/>
  <testcase name="login" time="0.001" classname="com.externalApi.Dumps"/>
  <testcase name="login" time="0.000" classname="com.externalApi.Dumps"/>
  <testcase name="login" time="0.112" classname="com.externalApi.Dumps"/>
  <testcase name="login" time="0.001" classname="com.externalApi.Dumps"/>
  <testcase name="login" time="0.126" classname="com.externalApi.Dumps"/>
  <testcase name="login" time="0.001" classname="com.externalApi.Dumps"/>
  <testcase name="login" time="0.000" classname="com.externalApi.Dumps"/>
  <testcase name="login" time="0.000" classname="com.externalApi.Dumps"/>
  <testcase name="login" time="0.000" classname="com.externalApi.Dumps"/>
  <testcase name="login" time="0.001" classname="com.externalApi.Dumps"/>
  <testcase name="login" time="0.002" classname="com.externalApi.Dumps"/>
  <testcase name="login" time="0.000" classname="com.externalApi.Dumps"/>
  <testcase name="login" time="0.002" classname="com.externalApi.Dumps"/>
  <testcase name="login" time="0.001" classname="com.externalApi.Dumps"/>
  <testcase name="login" time="0.001" classname="com.externalApi.Dumps"/>
  <testcase name="login" time="0.000" classname="com.externalApi.Dumps"/>
  <testcase name="login" time="0.000" classname="com.externalApi.Dumps"/>
  <testcase name="login" time="0.000" classname="com.externalApi.Dumps"/>
  <testcase name="login" time="0.001" classname="com.externalApi.Dumps"/>
  <testcase name="login" time="0.001" classname="com.externalApi.Dumps"/>
  <testcase name="login" time="0.001" classname="com.externalApi.Dumps"/>
  <testcase name="login" time="0.000" classname="com.externalApi.Dumps"/>
  <testcase name="login" time="0.001" classname="com.externalApi.Dumps"/>
  <testcase name="login" time="0.000" classname="com.externalApi.Dumps"/>
  <testcase name="login" time="0.000" classname="com.externalApi.Dumps"/>
  <testcase name="login" time="0.000" classname="com.externalApi.Dumps"/>
  <testcase name="login" time="0.001" classname="com.externalApi.Dumps"/>
  <testcase name="login" time="0.000" classname="com.externalApi.Dumps"/>
  <testcase name="login" time="0.001" classname="com.externalApi.Dumps"/>
  <testcase name="login" time="0.000" classname="com.externalApi.Dumps"/>
  <testcase name="login" time="0.000" classname="com.externalApi.Dumps"/>
  <testcase name="login" time="0.001" classname="com.externalApi.Dumps"/>
  <testcase name="login" time="0.000" classname="com.externalApi.Dumps"/>
  <testcase name="login" time="0.002" classname="com.externalApi.Dumps"/>
  <testcase name="login" time="0.000" classname="com.externalApi.Dumps"/>
  <testcase name="login" time="0.000" classname="com.externalApi.Dumps"/>
  <testcase name="login" time="0.000" classname="com.externalApi.Dumps"/>
  <testcase name="login" time="0.001" classname="com.externalApi.Dumps"/>
  <testcase name="login" time="0.001" classname="com.externalApi.Dumps"/>
  <testcase name="login" time="0.000" classname="com.externalApi.Dumps"/>
  <testcase name="login" time="0.001" classname="com.externalApi.Dumps"/>
  <testcase name="login" time="0.000" classname="com.externalApi.Dumps"/>
  <testcase name="login" time="0.000" classname="com.externalApi.Dumps"/>
  <testcase name="login" time="0.000" classname="com.externalApi.Dumps"/>
  <testcase name="login" time="0.000" classname="com.externalApi.Dumps"/>
  <testcase name="login" time="0.000" classname="com.externalApi.Dumps"/>
  <testcase name="login" time="0.001" classname="com.externalApi.Dumps"/>
  <testcase name="login" time="0.000" classname="com.externalApi.Dumps"/>
  <testcase name="login" time="0.001" classname="com.externalApi.Dumps"/>
  <testcase name="login" time="0.001" classname="com.externalApi.Dumps"/>
  <testcase name="login" time="0.000" classname="com.externalApi.Dumps"/>
  <testcase name="login" time="0.001" classname="com.externalApi.Dumps"/>
  <testcase name="login" time="0.001" classname="com.externalApi.Dumps"/>
  <testcase name="login" time="0.001" classname="com.externalApi.Dumps"/>
  <testcase name="login" time="0.001" classname="com.externalApi.Dumps"/>
  <testcase name="login" time="0.001" classname="com.externalApi.Dumps"/>
  <testcase name="login" time="0.002" classname="com.externalApi.Dumps"/>
  <testcase name="login" time="0.003" classname="com.externalApi.Dumps"/>
  <testcase name="login" time="0.000" classname="com.externalApi.Dumps"/>
  <testcase name="login" time="0.000" classname="com.externalApi.Dumps"/>
  <testcase name="login" time="0.001" classname="com.externalApi.Dumps"/>
  <testcase name="login" time="0.000" classname="com.externalApi.Dumps"/>
  <testcase name="login" time="0.001" classname="com.externalApi.Dumps"/>
  <testcase name="login" time="0.000" classname="com.externalApi.Dumps"/>
  <testcase name="login" time="0.000" classname="com.externalApi.Dumps"/>
  <testcase name="login" time="0.000" classname="com.externalApi.Dumps"/>
  <testcase name="login" time="0.001" classname="com.externalApi.Dumps"/>
  <testcase name="login" time="0.001" classname="com.externalApi.Dumps"/>
  <testcase name="login" time="0.000" classname="com.externalApi.Dumps"/>
  <testcase name="login" time="0.001" classname="com.externalApi.Dumps"/>
  <testcase name="login" time="0.000" classname="com.externalApi.Dumps"/>
  <testcase name="login" time="0.000" classname="com.externalApi.Dumps"/>
  <testcase name="login" time="0.000" classname="com.externalApi.Dumps"/>
  <testcase name="login" time="0.001" classname="com.externalApi.Dumps"/>
  <testcase name="login" time="0.001" classname="com.externalApi.Dumps"/>
  <testcase name="login" time="0.001" classname="com.externalApi.Dumps"/>
  <testcase name="login" time="0.001" classname="com.externalApi.Dumps"/>
  <testcase name="login" time="0.000" classname="com.externalApi.Dumps"/>
  <testcase name="login" time="0.000" classname="com.externalApi.Dumps"/>
  <testcase name="login" time="0.000" classname="com.externalApi.Dumps"/>
  <testcase name="login" time="0.001" classname="com.externalApi.Dumps"/>
  <testcase name="login" time="0.001" classname="com.externalApi.Dumps"/>
  <testcase name="login" time="0.000" classname="com.externalApi.Dumps"/>
  <testcase name="login" time="0.001" classname="com.externalApi.Dumps"/>
  <testcase name="login" time="0.001" classname="com.externalApi.Dumps"/>
  <testcase name="login" time="0.000" classname="com.externalApi.Dumps"/>
  <testcase name="login" time="0.000" classname="com.externalApi.Dumps"/>
  <testcase name="login" time="0.000" classname="com.externalApi.Dumps"/>
  <testcase name="login" time="0.001" classname="com.externalApi.Dumps"/>
  <testcase name="login" time="0.002" classname="com.externalApi.Dumps"/>
  <testcase name="login" time="0.000" classname="com.externalApi.Dumps"/>
  <testcase name="login" time="0.001" classname="com.externalApi.Dumps"/>
  <testcase name="login" time="0.000" classname="com.externalApi.Dumps"/>
  <testcase name="login" time="0.000" classname="com.externalApi.Dumps"/>
  <testcase name="login" time="0.000" classname="com.externalApi.Dumps"/>
  <testcase name="login" time="0.001" classname="com.externalApi.Dumps"/>
  <testcase name="login" time="0.001" classname="com.externalApi.Dumps"/>
  <testcase name="login" time="0.000" classname="com.externalApi.Dumps"/>
  <testcase name="login" time="0.001" classname="com.externalApi.Dumps"/>
  <testcase name="login" time="0.001" classname="com.externalApi.Dumps"/>
  <testcase name="login" time="0.000" classname="com.externalApi.Dumps"/>
  <testcase name="login" time="0.002" classname="com.externalApi.Dumps"/>
  <testcase name="login" time="0.001" classname="com.externalApi.Dumps"/>
  <testcase name="login" time="0.001" classname="com.externalApi.Dumps"/>
  <testcase name="login" time="0.000" classname="com.externalApi.Dumps"/>
  <testcase name="login" time="0.001" classname="com.externalApi.Dumps"/>
  <testcase name="login" time="0.000" classname="com.externalApi.Dumps"/>
  <testcase name="login" time="0.001" classname="com.externalApi.Dumps"/>
  <testcase name="login" time="0.001" classname="com.externalApi.Dumps"/>
  <testcase name="login" time="0.001" classname="com.externalApi.Dumps"/>
  <testcase name="login" time="0.001" classname="com.externalApi.Dumps"/>
  <testcase name="login" time="0.000" classname="com.externalApi.Dumps"/>
  <testcase name="login" time="0.002" classname="com.externalApi.Dumps"/>
  <testcase name="login" time="0.001" classname="com.externalApi.Dumps"/>
  <testcase name="login" time="0.005" classname="com.externalApi.Dumps"/>
  <testcase name="login" time="0.000" classname="com.externalApi.Dumps"/>
  <testcase name="login" time="0.001" classname="com.externalApi.Dumps"/>
  <testcase name="login" time="0.000" classname="com.externalApi.Dumps"/>
  <testcase name="login" time="0.001" classname="com.externalApi.Dumps"/>
  <testcase name="login" time="0.001" classname="com.externalApi.Dumps"/>
  <testcase name="login" time="0.002" classname="com.externalApi.Dumps"/>
  <testcase name="login" time="0.000" classname="com.externalApi.Dumps"/>
  <testcase name="login" time="0.001" classname="com.externalApi.Dumps"/>
  <testcase name="login" time="0.000" classname="com.externalApi.Dumps"/>
  <testcase name="login" time="0.001" classname="com.externalApi.Dumps"/>
  <testcase name="login" time="0.000" classname="com.externalApi.Dumps"/>
  <testcase name="login" time="0.001" classname="com.externalApi.Dumps"/>
  <testcase name="login" time="0.000" classname="com.externalApi.Dumps"/>
  <testcase name="login" time="0.000" classname="com.externalApi.Dumps"/>
  <testcase name="login" time="0.001" classname="com.externalApi.Dumps"/>
  <testcase name="login" time="0.001" classname="com.externalApi.Dumps"/>
  <testcase name="login" time="0.001" classname="com.externalApi.Dumps"/>
  <testcase name="login" time="0.002" classname="com.externalApi.Dumps"/>
  <testcase name="login" time="0.000" classname="com.externalApi.Dumps"/>
  <testcase name="login" time="0.000" classname="com.externalApi.Dumps"/>
  <testcase name="login" time="0.001" classname="com.externalApi.Dumps"/>
  <testcase name="login" time="0.001" classname="com.externalApi.Dumps"/>
  <testcase name="login" time="0.001" classname="com.externalApi.Dumps"/>
  <testcase name="login" time="0.000" classname="com.externalApi.Dumps"/>
  <testcase name="login" time="0.000" classname="com.externalApi.Dumps"/>
  <testcase name="login" time="0.000" classname="com.externalApi.Dumps"/>
  <testcase name="login" time="0.002" classname="com.externalApi.Dumps"/>
  <testcase name="login" time="0.000" classname="com.externalApi.Dumps"/>
  <testcase name="login" time="0.000" classname="com.externalApi.Dumps"/>
  <testcase name="login" time="0.001" classname="com.externalApi.Dumps"/>
  <testcase name="login" time="0.000" classname="com.externalApi.Dumps"/>
  <testcase name="login" time="0.002" classname="com.externalApi.Dumps"/>
  <testcase name="login" time="0.000" classname="com.externalApi.Dumps"/>
  <testcase name="login" time="0.000" classname="com.externalApi.Dumps"/>
  <testcase name="login" time="0.000" classname="com.externalApi.Dumps"/>
  <testcase name="login" time="0.001" classname="com.externalApi.Dumps"/>
  <testcase name="login" time="0.000" classname="com.externalApi.Dumps"/>
  <testcase name="login" time="0.000" classname="com.externalApi.Dumps"/>
  <testcase name="login" time="0.003" classname="com.externalApi.Dumps"/>
  <testcase name="login" time="0.001" classname="com.externalApi.Dumps"/>
  <testcase name="login" time="0.000" classname="com.externalApi.Dumps"/>
  <testcase name="login" time="0.000" classname="com.externalApi.Dumps"/>
  <testcase name="login" time="0.001" classname="com.externalApi.Dumps"/>
  <testcase name="login" time="0.000" classname="com.externalApi.Dumps"/>
  <testcase name="login" time="0.000" classname="com.externalApi.Dumps"/>
  <testcase name="login" time="0.000" classname="com.externalApi.Dumps"/>
  <testcase name="login" time="0.001" classname="com.externalApi.Dumps"/>
  <testcase name="login" time="0.000" classname="com.externalApi.Dumps"/>
  <testcase name="login" time="0.000" classname="com.externalApi.Dumps"/>
  <testcase name="login" time="0.001" classname="com.externalApi.Dumps"/>
  <testcase name="login" time="0.001" classname="com.externalApi.Dumps"/>
  <testcase name="login" time="0.002" classname="com.externalApi.Dumps"/>
  <testcase name="login" time="0.002" classname="com.externalApi.Dumps"/>
  <testcase name="login" time="0.000" classname="com.externalApi.Dumps"/>
  <testcase name="login" time="0.001" classname="com.externalApi.Dumps"/>
  <testcase name="login" time="0.001" classname="com.externalApi.Dumps"/>
  <testcase name="login" time="0.001" classname="com.externalApi.Dumps"/>
  <testcase name="login" time="0.001" classname="com.externalApi.Dumps"/>
  <testcase name="login" time="0.001" classname="com.externalApi.Dumps"/>
  <testcase name="login" time="0.007" classname="com.externalApi.Dumps"/>
  <testcase name="login" time="0.001" classname="com.externalApi.Dumps"/>
  <testcase name="login" time="0.001" classname="com.externalApi.Dumps"/>
  <testcase name="login" time="0.001" classname="com.externalApi.Dumps"/>
  <testcase name="login" time="0.001" classname="com.externalApi.Dumps"/>
  <testcase name="login" time="0.001" classname="com.externalApi.Dumps"/>
  <testcase name="login" time="0.001" classname="com.externalApi.Dumps"/>
  <testcase name="login" time="0.002" classname="com.externalApi.Dumps"/>
  <testcase name="login" time="0.000" classname="com.externalApi.Dumps"/>
  <testcase name="login" time="0.001" classname="com.externalApi.Dumps"/>
  <testcase name="login" time="0.001" classname="com.externalApi.Dumps"/>
  <testcase name="login" time="0.002" classname="com.externalApi.Dumps"/>
  <testcase name="login" time="0.001" classname="com.externalApi.Dumps"/>
  <testcase name="login" time="0.000" classname="com.externalApi.Dumps"/>
  <testcase name="login" time="0.001" classname="com.externalApi.Dumps"/>
  <testcase name="login" time="0.039" classname="com.externalApi.Dumps"/>
  <testcase name="login" time="0.001" classname="com.externalApi.Dumps"/>
  <testcase name="login" time="0.000" classname="com.externalApi.Dumps"/>
  <testcase name="login" time="0.000" classname="com.externalApi.Dumps"/>
  <testcase name="login" time="0.000" classname="com.externalApi.Dumps"/>
  <testcase name="login" time="0.001" classname="com.externalApi.Dumps"/>
  <testcase name="login" time="0.000" classname="com.externalApi.Dumps"/>
  <testcase name="login" time="0.002" classname="com.externalApi.Dumps"/>
  <testcase name="login" time="0.002" classname="com.externalApi.Dumps"/>
  <testcase name="login" time="0.001" classname="com.externalApi.Dumps"/>
  <testcase name="login" time="0.000" classname="com.externalApi.Dumps"/>
  <testcase name="login" time="0.000" classname="com.externalApi.Dumps"/>
  <testcase name="login" time="0.001" classname="com.externalApi.Dumps"/>
  <testcase name="login" time="0.076" classname="com.externalApi.Dumps"/>
  <testcase name="login" time="0.000" classname="com.externalApi.Dumps"/>
  <testcase name="login" time="0.000" classname="com.externalApi.Dumps"/>
  <testcase name="login" time="0.000" classname="com.externalApi.Dumps"/>
  <testcase name="login" time="0.001" classname="com.externalApi.Dumps"/>
  <testcase name="login" time="0.000" classname="com.externalApi.Dumps"/>
  <testcase name="login" time="0.001" classname="com.externalApi.Dumps"/>
  <testcase name="login" time="0.000" classname="com.externalApi.Dumps"/>
  <testcase name="login" time="0.000" classname="com.externalApi.Dumps"/>
  <testcase name="login" time="0.001" classname="com.externalApi.Dumps"/>
  <testcase name="login" time="0.000" classname="com.externalApi.Dumps"/>
  <testcase name="login" time="0.002" classname="com.externalApi.Dumps"/>
  <testcase name="login" time="0.000" classname="com.externalApi.Dumps"/>
  <testcase name="login" time="0.001" classname="com.externalApi.Dumps"/>
  <testcase name="login" time="0.001" classname="com.externalApi.Dumps"/>
  <testcase name="login" time="0.001" classname="com.externalApi.Dumps"/>
  <testcase name="login" time="0.002" classname="com.externalApi.Dumps"/>
  <testcase name="login" time="0.000" classname="com.externalApi.Dumps"/>
  <testcase name="login" time="0.001" classname="com.externalApi.Dumps"/>
  <testcase name="login" time="0.001" classname="com.externalApi.Dumps"/>
  <testcase name="login" time="0.001" classname="com.externalApi.Dumps"/>
  <testcase name="login" time="0.001" classname="com.externalApi.Dumps"/>
  <testcase name="login" time="0.000" classname="com.externalApi.Dumps"/>
  <testcase name="login" time="0.001" classname="com.externalApi.Dumps"/>
  <testcase name="login" time="0.001" classname="com.externalApi.Dumps"/>
  <testcase name="login" time="0.000" classname="com.externalApi.Dumps"/>
  <testcase name="login" time="0.001" classname="com.externalApi.Dumps"/>
  <testcase name="login" time="0.001" classname="com.externalApi.Dumps"/>
  <testcase name="login" time="0.000" classname="com.externalApi.Dumps"/>
  <testcase name="login" time="0.000" classname="com.externalApi.Dumps"/>
  <testcase name="login" time="0.001" classname="com.externalApi.Dumps"/>
  <testcase name="login" time="0.001" classname="com.externalApi.Dumps"/>
  <testcase name="login" time="0.001" classname="com.externalApi.Dumps"/>
  <testcase name="login" time="0.000" classname="com.externalApi.Dumps"/>
  <testcase name="login" time="0.001" classname="com.externalApi.Dumps"/>
  <testcase name="login" time="0.000" classname="com.externalApi.Dumps"/>
  <testcase name="login" time="0.006" classname="com.externalApi.Dumps"/>
  <testcase name="login" time="0.000" classname="com.externalApi.Dumps"/>
  <testcase name="login" time="0.000" classname="com.externalApi.Dumps"/>
  <testcase name="login" time="0.001" classname="com.externalApi.Dumps"/>
  <testcase name="login" time="0.000" classname="com.externalApi.Dumps"/>
  <testcase name="login" time="0.001" classname="com.externalApi.Dumps"/>
  <testcase name="login" time="0.000" classname="com.externalApi.Dumps"/>
  <testcase name="login" time="0.000" classname="com.externalApi.Dumps"/>
  <testcase name="login" time="0.001" classname="com.externalApi.Dumps"/>
  <testcase name="login" time="0.000" classname="com.externalApi.Dumps"/>
  <testcase name="login" time="0.000" classname="com.externalApi.Dumps"/>
  <testcase name="login" time="0.000" classname="com.externalApi.Dumps"/>
  <testcase name="login" time="0.001" classname="com.externalApi.Dumps"/>
  <testcase name="login" time="0.001" classname="com.externalApi.Dumps"/>
  <testcase name="login" time="0.001" classname="com.externalApi.Dumps"/>
  <testcase name="login" time="0.001" classname="com.externalApi.Dumps"/>
  <testcase name="login" time="0.000" classname="com.externalApi.Dumps"/>
  <testcase name="login" time="0.000" classname="com.externalApi.Dumps"/>
  <testcase name="login" time="0.001" classname="com.externalApi.Dumps"/>
  <testcase name="login" time="0.001" classname="com.externalApi.Dumps"/>
  <testcase name="login" time="0.000" classname="com.externalApi.Dumps"/>
  <testcase name="login" time="0.134" classname="com.externalApi.Dumps"/>
  <testcase name="login" time="0.000" classname="com.externalApi.Dumps"/>
  <testcase name="login" time="0.001" classname="com.externalApi.Dumps"/>
  <testcase name="login" time="0.000" classname="com.externalApi.Dumps"/>
  <testcase name="login" time="0.000" classname="com.externalApi.Dumps"/>
  <testcase name="login" time="0.000" classname="com.externalApi.Dumps"/>
  <testcase name="login" time="0.000" classname="com.externalApi.Dumps"/>
  <testcase name="login" time="0.001" classname="com.externalApi.Dumps"/>
  <testcase name="login" time="0.000" classname="com.externalApi.Dumps"/>
  <testcase name="login" time="0.000" classname="com.externalApi.Dumps"/>
  <testcase name="login" time="0.000" classname="com.externalApi.Dumps"/>
  <testcase name="login" time="0.002" classname="com.externalApi.Dumps"/>
  <testcase name="login" time="0.001" classname="com.externalApi.Dumps"/>
  <testcase name="login" time="0.001" classname="com.externalApi.Dumps"/>
  <testcase name="login" time="0.000" classname="com.externalApi.Dumps"/>
  <testcase name="login" time="0.000" classname="com.externalApi.Dumps"/>
  <testcase name="login" time="0.000" classname="com.externalApi.Dumps"/>
  <testcase name="login" time="0.001" classname="com.externalApi.Dumps"/>
  <testcase name="login" time="0.001" classname="com.externalApi.Dumps"/>
  <testcase name="login" time="0.235" classname="com.externalApi.Dumps"/>
  <testcase name="login" time="0.000" classname="com.externalApi.Dumps"/>
  <testcase name="login" time="0.000" classname="com.externalApi.Dumps"/>
  <testcase name="login" time="0.001" classname="com.externalApi.Dumps"/>
  <testcase name="login" time="0.000" classname="com.externalApi.Dumps"/>
  <testcase name="login" time="0.001" classname="com.externalApi.Dumps"/>
  <testcase name="login" time="0.000" classname="com.externalApi.Dumps"/>
  <testcase name="login" time="0.000" classname="com.externalApi.Dumps"/>
  <testcase name="login" time="0.000" classname="com.externalApi.Dumps"/>
  <testcase name="login" time="0.000" classname="com.externalApi.Dumps"/>
  <testcase name="login" time="0.000" classname="com.externalApi.Dumps"/>
  <testcase name="login" time="0.000" classname="com.externalApi.Dumps"/>
  <testcase name="login" time="0.001" classname="com.externalApi.Dumps"/>
  <testcase name="login" time="0.001" classname="com.externalApi.Dumps"/>
  <testcase name="login" time="0.003" classname="com.externalApi.Dumps"/>
  <testcase name="login" time="0.000" classname="com.externalApi.Dumps"/>
  <testcase name="login" time="0.000" classname="com.externalApi.Dumps"/>
  <testcase name="login" time="0.000" classname="com.externalApi.Dumps"/>
  <testcase name="login" time="0.002" classname="com.externalApi.Dumps"/>
  <testcase name="login" time="0.000" classname="com.externalApi.Dumps"/>
  <testcase name="login" time="0.000" classname="com.externalApi.Dumps"/>
  <testcase name="login" time="0.000" classname="com.externalApi.Dumps"/>
  <testcase name="login" time="0.001" classname="com.externalApi.Dumps"/>
  <testcase name="login" time="0.000" classname="com.externalApi.Dumps"/>
  <testcase name="login" time="0.001" classname="com.externalApi.Dumps"/>
  <testcase name="login" time="0.000" classname="com.externalApi.Dumps"/>
  <testcase name="login" time="0.000" classname="com.externalApi.Dumps"/>
  <testcase name="login" time="0.002" classname="com.externalApi.Dumps"/>
  <testcase name="login" time="0.000" classname="com.externalApi.Dumps"/>
  <testcase name="login" time="0.000" classname="com.externalApi.Dumps"/>
  <testcase name="login" time="0.003" classname="com.externalApi.Dumps"/>
  <testcase name="login" time="0.001" classname="com.externalApi.Dumps"/>
  <testcase name="login" time="0.000" classname="com.externalApi.Dumps"/>
  <testcase name="login" time="0.000" classname="com.externalApi.Dumps"/>
  <testcase name="login" time="0.002" classname="com.externalApi.Dumps"/>
  <testcase name="login" time="0.000" classname="com.externalApi.Dumps"/>
  <testcase name="login" time="0.000" classname="com.externalApi.Dumps"/>
  <testcase name="login" time="0.000" classname="com.externalApi.Dumps"/>
  <testcase name="login" time="0.000" classname="com.externalApi.Dumps"/>
  <testcase name="login" time="0.000" classname="com.externalApi.Dumps"/>
  <testcase name="login" time="0.002" classname="com.externalApi.Dumps"/>
  <testcase name="login" time="0.001" classname="com.externalApi.Dumps"/>
  <testcase name="login" time="0.001" classname="com.externalApi.Dumps"/>
  <testcase name="login" time="0.001" classname="com.externalApi.Dumps"/>
  <testcase name="login" time="0.002" classname="com.externalApi.Dumps"/>
  <testcase name="login" time="0.000" classname="com.externalApi.Dumps"/>
  <testcase name="login" time="0.001" classname="com.externalApi.Dumps"/>
  <testcase name="login" time="0.001" classname="com.externalApi.Dumps"/>
  <testcase name="login" time="0.000" classname="com.externalApi.Dumps"/>
  <testcase name="login" time="0.001" classname="com.externalApi.Dumps"/>
  <testcase name="login" time="0.001" classname="com.externalApi.Dumps"/>
  <testcase name="login" time="0.001" classname="com.externalApi.Dumps"/>
  <testcase name="login" time="0.001" classname="com.externalApi.Dumps"/>
  <testcase name="login" time="0.000" classname="com.externalApi.Dumps"/>
  <testcase name="login" time="0.002" classname="com.externalApi.Dumps"/>
  <testcase name="login" time="0.001" classname="com.externalApi.Dumps"/>
  <testcase name="login" time="0.002" classname="com.externalApi.Dumps"/>
  <testcase name="login" time="0.001" classname="com.externalApi.Dumps"/>
  <testcase name="login" time="0.001" classname="com.externalApi.Dumps"/>
  <testcase name="login" time="0.000" classname="com.externalApi.Dumps"/>
  <testcase name="login" time="0.001" classname="com.externalApi.Dumps"/>
  <testcase name="login" time="0.000" classname="com.externalApi.Dumps"/>
  <testcase name="login" time="0.000" classname="com.externalApi.Dumps"/>
  <testcase name="login" time="0.000" classname="com.externalApi.Dumps"/>
  <testcase name="login" time="0.002" classname="com.externalApi.Dumps"/>
  <testcase name="login" time="0.000" classname="com.externalApi.Dumps"/>
  <testcase name="login" time="0.113" classname="com.externalApi.Dumps"/>
  <testcase name="login" time="0.001" classname="com.externalApi.Dumps"/>
  <testcase name="login" time="0.001" classname="com.externalApi.Dumps"/>
  <testcase name="login" time="0.000" classname="com.externalApi.Dumps"/>
  <testcase name="login" time="0.000" classname="com.externalApi.Dumps"/>
  <testcase name="login" time="0.000" classname="com.externalApi.Dumps"/>
  <testcase name="login" time="0.000" classname="com.externalApi.Dumps"/>
  <testcase name="login" time="0.000" classname="com.externalApi.Dumps"/>
  <testcase name="login" time="0.001" classname="com.externalApi.Dumps"/>
  <testcase name="login" time="0.001" classname="com.externalApi.Dumps"/>
  <testcase name="login" time="0.000" classname="com.externalApi.Dumps"/>
  <testcase name="login" time="0.000" classname="com.externalApi.Dumps"/>
  <testcase name="login" time="0.001" classname="com.externalApi.Dumps"/>
  <testcase name="login" time="0.001" classname="com.externalApi.Dumps"/>
  <testcase name="login" time="0.000" classname="com.externalApi.Dumps"/>
  <testcase name="login" time="0.001" classname="com.externalApi.Dumps"/>
  <testcase name="login" time="0.000" classname="com.externalApi.Dumps"/>
  <testcase name="login" time="0.000" classname="com.externalApi.Dumps"/>
  <testcase name="login" time="0.001" classname="com.externalApi.Dumps"/>
  <testcase name="login" time="0.001" classname="com.externalApi.Dumps"/>
  <testcase name="login" time="0.001" classname="com.externalApi.Dumps"/>
  <testcase name="login" time="0.000" classname="com.externalApi.Dumps"/>
  <testcase name="login" time="0.001" classname="com.externalApi.Dumps"/>
  <testcase name="login" time="0.000" classname="com.externalApi.Dumps"/>
  <testcase name="login" time="0.001" classname="com.externalApi.Dumps"/>
  <testcase name="login" time="0.030" classname="com.externalApi.Dumps"/>
  <testcase name="login" time="0.001" classname="com.externalApi.Dumps"/>
  <testcase name="login" time="0.001" classname="com.externalApi.Dumps"/>
  <testcase name="login" time="0.000" classname="com.externalApi.Dumps"/>
  <testcase name="login" time="0.000" classname="com.externalApi.Dumps"/>
  <testcase name="login" time="0.000" classname="com.externalApi.Dumps"/>
  <testcase name="login" time="0.000" classname="com.externalApi.Dumps"/>
  <testcase name="login" time="0.001" classname="com.externalApi.Dumps"/>
  <testcase name="login" time="0.000" classname="com.externalApi.Dumps"/>
  <testcase name="login" time="0.001" classname="com.externalApi.Dumps"/>
  <testcase name="login" time="0.001" classname="com.externalApi.Dumps"/>
  <testcase name="login" time="0.000" classname="com.externalApi.Dumps"/>
  <testcase name="login" time="0.001" classname="com.externalApi.Dumps"/>
  <testcase name="login" time="0.000" classname="com.externalApi.Dumps"/>
  <testcase name="login" time="0.002" classname="com.externalApi.Dumps"/>
  <testcase name="login" time="0.000" classname="com.externalApi.Dumps"/>
  <testcase name="login" time="0.000" classname="com.externalApi.Dumps"/>
  <testcase name="login" time="0.000" classname="com.externalApi.Dumps"/>
  <testcase name="login" time="0.000" classname="com.externalApi.Dumps"/>
  <testcase name="login" time="0.000" classname="com.externalApi.Dumps"/>
  <testcase name="login" time="0.001" classname="com.externalApi.Dumps"/>
  <testcase name="login" time="0.250" classname="com.externalApi.Dumps"/>
  <testcase name="login" time="0.001" classname="com.externalApi.Dumps"/>
  <testcase name="login" time="0.000" classname="com.externalApi.Dumps"/>
  <testcase name="login" time="0.002" classname="com.externalApi.Dumps"/>
  <testcase name="login" time="0.001" classname="com.externalApi.Dumps"/>
  <testcase name="login" time="0.001" classname="com.externalApi.Dumps"/>
  <testcase name="login" time="0.001" classname="com.externalApi.Dumps"/>
  <testcase name="login" time="0.000" classname="com.externalApi.Dumps"/>
  <testcase name="login" time="0.000" classname="com.externalApi.Dumps"/>
  <testcase name="login" time="0.001" classname="com.externalApi.Dumps"/>
  <testcase name="login" time="0.000" classname="com.externalApi.Dumps"/>
  <testcase name="login" time="0.000" classname="com.externalApi.Dumps"/>
  <testcase name="login" time="0.001" classname="com.externalApi.Dumps"/>
  <testcase name="login" time="0.001" classname="com.externalApi.Dumps"/>
  <testcase name="login" time="0.004" classname="com.externalApi.Dumps"/>
  <testcase name="login" time="0.002" classname="com.externalApi.Dumps"/>
  <testcase name="login" time="0.000" classname="com.externalApi.Dumps"/>
  <testcase name="login" time="0.001" classname="com.externalApi.Dumps"/>
  <testcase name="login" time="0.001" classname="com.externalApi.Dumps"/>
  <testcase name="login" time="0.001" classname="com.externalApi.Dumps"/>
  <testcase name="login" time="0.001" classname="com.externalApi.Dumps"/>
  <testcase name="login" time="0.001" classname="com.externalApi.Dumps"/>
  <testcase name="login" time="0.000" classname="com.externalApi.Dumps"/>
  <testcase name="login" time="0.000" classname="com.externalApi.Dumps"/>
  <testcase name="login" time="0.000" classname="com.externalApi.Dumps"/>
  <testcase name="login" time="0.000" classname="com.externalApi.Dumps"/>
  <testcase name="login" time="0.001" classname="com.externalApi.Dumps"/>
  <testcase name="login" time="0.001" classname="com.externalApi.Dumps"/>
  <testcase name="login" time="0.001" classname="com.externalApi.Dumps"/>
  <testcase name="login" time="0.000" classname="com.externalApi.Dumps"/>
  <testcase name="login" time="0.000" classname="com.externalApi.Dumps"/>
  <testcase name="login" time="0.000" classname="com.externalApi.Dumps"/>
  <testcase name="login" time="0.001" classname="com.externalApi.Dumps"/>
  <testcase name="login" time="0.000" classname="com.externalApi.Dumps"/>
  <testcase name="login" time="0.000" classname="com.externalApi.Dumps"/>
  <testcase name="login" time="0.000" classname="com.externalApi.Dumps"/>
  <testcase name="login" time="0.000" classname="com.externalApi.Dumps"/>
  <testcase name="login" time="0.001" classname="com.externalApi.Dumps"/>
  <testcase name="login" time="0.001" classname="com.externalApi.Dumps"/>
  <testcase name="login" time="0.001" classname="com.externalApi.Dumps"/>
  <testcase name="login" time="0.001" classname="com.externalApi.Dumps"/>
  <testcase name="login" time="0.000" classname="com.externalApi.Dumps"/>
  <testcase name="login" time="0.000" classname="com.externalApi.Dumps"/>
  <testcase name="login" time="0.000" classname="com.externalApi.Dumps"/>
  <testcase name="login" time="0.001" classname="com.externalApi.Dumps"/>
  <testcase name="login" time="0.002" classname="com.externalApi.Dumps"/>
  <testcase name="login" time="0.000" classname="com.externalApi.Dumps"/>
  <testcase name="login" time="0.000" classname="com.externalApi.Dumps"/>
  <testcase name="login" time="0.000" classname="com.externalApi.Dumps"/>
  <testcase name="login" time="0.001" classname="com.externalApi.Dumps"/>
  <testcase name="login" time="0.000" classname="com.externalApi.Dumps"/>
  <testcase name="login" time="0.001" classname="com.externalApi.Dumps"/>
  <testcase name="login" time="0.001" classname="com.externalApi.Dumps"/>
  <testcase name="login" time="0.001" classname="com.externalApi.Dumps"/>
  <testcase name="login" time="0.001" classname="com.externalApi.Dumps"/>
  <testcase name="login" time="0.000" classname="com.externalApi.Dumps"/>
  <testcase name="login" time="0.000" classname="com.externalApi.Dumps"/>
  <testcase name="login" time="0.001" classname="com.externalApi.Dumps"/>
  <testcase name="login" time="0.001" classname="com.externalApi.Dumps"/>
  <testcase name="login" time="0.000" classname="com.externalApi.Dumps"/>
  <testcase name="login" time="0.000" classname="com.externalApi.Dumps"/>
  <testcase name="login" time="0.001" classname="com.externalApi.Dumps"/>
  <testcase name="login" time="0.002" classname="com.externalApi.Dumps"/>
  <testcase name="login" time="0.000" classname="com.externalApi.Dumps"/>
  <testcase name="login" time="0.001" classname="com.externalApi.Dumps"/>
  <testcase name="login" time="0.000" classname="com.externalApi.Dumps"/>
  <testcase name="login" time="0.001" classname="com.externalApi.Dumps"/>
  <testcase name="login" time="0.001" classname="com.externalApi.Dumps"/>
  <testcase name="login" time="0.000" classname="com.externalApi.Dumps"/>
  <testcase name="login" time="0.002" classname="com.externalApi.Dumps"/>
  <testcase name="login" time="0.001" classname="com.externalApi.Dumps"/>
  <testcase name="login" time="0.001" classname="com.externalApi.Dumps"/>
  <testcase name="login" time="0.000" classname="com.externalApi.Dumps"/>
  <testcase name="login" time="0.001" classname="com.externalApi.Dumps"/>
  <testcase name="login" time="0.000" classname="com.externalApi.Dumps"/>
  <testcase name="login" time="0.000" classname="com.externalApi.Dumps"/>
  <testcase name="login" time="0.001" classname="com.externalApi.Dumps"/>
  <testcase name="login" time="0.001" classname="com.externalApi.Dumps"/>
  <testcase name="login" time="0.000" classname="com.externalApi.Dumps"/>
  <testcase name="login" time="0.000" classname="com.externalApi.Dumps"/>
  <testcase name="login" time="0.001" classname="com.externalApi.Dumps"/>
  <testcase name="login" time="0.001" classname="com.externalApi.Dumps"/>
  <testcase name="login" time="0.001" classname="com.externalApi.Dumps"/>
  <testcase name="login" time="0.001" classname="com.externalApi.Dumps"/>
  <testcase name="login" time="0.112" classname="com.externalApi.Dumps"/>
  <testcase name="login" time="0.001" classname="com.externalApi.Dumps"/>
  <testcase name="login" time="0.205" classname="com.externalApi.Dumps"/>
  <testcase name="login" time="0.000" classname="com.externalApi.Dumps"/>
  <testcase name="login" time="0.000" classname="com.externalApi.Dumps"/>
  <testcase name="login" time="0.000" classname="com.externalApi.Dumps"/>
  <testcase name="login" time="0.002" classname="com.externalApi.Dumps"/>
  <testcase name="login" time="0.002" classname="com.externalApi.Dumps"/>
  <testcase name="login" time="0.001" classname="com.externalApi.Dumps"/>
  <testcase name="login" time="0.000" classname="com.externalApi.Dumps"/>
  <testcase name="login" time="0.000" classname="com.externalApi.Dumps"/>
  <testcase name="login" time="0.002" classname="com.externalApi.Dumps"/>
  <testcase name="login" time="0.000" classname="com.externalApi.Dumps"/>
  <testcase name="login" time="0.001" classname="com.externalApi.Dumps"/>
  <testcase name="login" time="0.153" classname="com.externalApi.Dumps"/>
  <testcase name="login" time="0.001" classname="com.externalApi.Dumps"/>
  <testcase name="login" time="0.001" classname="com.externalApi.Dumps"/>
  <testcase name="login" time="0.001" classname="com.externalApi.Dumps"/>
  <testcase name="login" time="0.000" classname="com.externalApi.Dumps"/>
  <testcase name="login" time="0.001" classname="com.externalApi.Dumps"/>
  <testcase name="login" time="0.001" classname="com.externalApi.Dumps"/>
  <testcase name="login" time="0.000" classname="com.externalApi.Dumps"/>
  <testcase name="login" time="0.001" classname="com.externalApi.Dumps"/>
  <testcase name="login" time="0.000" classname="com.externalApi.Dumps"/>
  <testcase name="login" time="0.000" classname="com.externalApi.Dumps"/>
  <testcase name="login" time="0.000" classname="com.externalApi.Dumps"/>
  <testcase name="login" time="0.001" classname="com.externalApi.Dumps"/>
  <testcase name="login" time="0.001" classname="com.externalApi.Dumps"/>
  <testcase name="login" time="0.001" classname="com.externalApi.Dumps"/>
  <testcase name="login" time="0.000" classname="com.externalApi.Dumps"/>
  <testcase name="login" time="0.002" classname="com.externalApi.Dumps"/>
  <testcase name="login" time="0.000" classname="com.externalApi.Dumps"/>
  <testcase name="login" time="0.000" classname="com.externalApi.Dumps"/>
  <testcase name="login" time="0.000" classname="com.externalApi.Dumps"/>
  <testcase name="login" time="0.000" classname="com.externalApi.Dumps"/>
  <testcase name="login" time="0.000" classname="com.externalApi.Dumps"/>
  <testcase name="login" time="0.001" classname="com.externalApi.Dumps"/>
  <testcase name="login" time="0.002" classname="com.externalApi.Dumps"/>
  <testcase name="login" time="0.000" classname="com.externalApi.Dumps"/>
  <testcase name="login" time="0.000" classname="com.externalApi.Dumps"/>
  <testcase name="login" time="0.002" classname="com.externalApi.Dumps"/>
  <testcase name="login" time="0.000" classname="com.externalApi.Dumps"/>
  <testcase name="login" time="0.001" classname="com.externalApi.Dumps"/>
  <testcase name="login" time="0.001" classname="com.externalApi.Dumps"/>
  <testcase name="login" time="0.000" classname="com.externalApi.Dumps"/>
  <testcase name="login" time="0.000" classname="com.externalApi.Dumps"/>
  <testcase name="login" time="0.000" classname="com.externalApi.Dumps"/>
  <testcase name="login" time="0.001" classname="com.externalApi.Dumps"/>
  <testcase name="login" time="0.001" classname="com.externalApi.Dumps"/>
  <testcase name="login" time="0.000" classname="com.externalApi.Dumps"/>
  <testcase name="login" time="0.012" classname="com.externalApi.Dumps"/>
  <testcase name="login" time="0.001" classname="com.externalApi.Dumps"/>
  <testcase name="login" time="0.000" classname="com.externalApi.Dumps"/>
  <testcase name="login" time="0.001" classname="com.externalApi.Dumps"/>
  <testcase name="login" time="0.000" classname="com.externalApi.Dumps"/>
  <testcase name="login" time="0.001" classname="com.externalApi.Dumps"/>
  <testcase name="login" time="0.002" classname="com.externalApi.Dumps"/>
  <testcase name="login" time="0.000" classname="com.externalApi.Dumps"/>
  <testcase name="login" time="0.000" classname="com.externalApi.Dumps"/>
  <testcase name="login" time="0.000" classname="com.externalApi.Dumps"/>
  <testcase name="login" time="0.000" classname="com.externalApi.Dumps"/>
  <testcase name="login" time="0.001" classname="com.externalApi.Dumps"/>
  <testcase name="login" time="0.001" classname="com.externalApi.Dumps"/>
  <testcase name="login" time="0.001" classname="com.externalApi.Dumps"/>
  <testcase name="login" time="0.001" classname="com.externalApi.Dumps"/>
  <testcase name="login" time="0.001" classname="com.externalApi.Dumps"/>
  <testcase name="login" time="0.000" classname="com.externalApi.Dumps"/>
  <testcase name="login" time="0.003" classname="com.externalApi.Dumps"/>
  <testcase name="login" time="0.000" classname="com.externalApi.Dumps"/>
  <testcase name="login" time="0.000" classname="com.externalApi.Dumps"/>
  <testcase name="login" time="0.001" classname="com.externalApi.Dumps"/>
  <testcase name="login" time="0.002" classname="com.externalApi.Dumps"/>
  <testcase name="login" time="0.003" classname="com.externalApi.Dumps"/>
  <testcase name="login" time="0.001" classname="com.externalApi.Dumps"/>
  <testcase name="login" time="0.000" classname="com.externalApi.Dumps"/>
  <testcase name="login" time="0.000" classname="com.externalApi.Dumps"/>
  <testcase name="login" time="0.001" classname="com.externalApi.Dumps"/>
  <testcase name="login" time="0.001" classname="com.externalApi.Dumps"/>
  <testcase name="login" time="0.000" classname="com.externalApi.Dumps"/>
  <testcase name="login" time="0.000" classname="com.externalApi.Dumps"/>
  <testcase name="login" time="0.000" classname="com.externalApi.Dumps"/>
  <testcase name="login" time="0.000" classname="com.externalApi.Dumps"/>
  <testcase name="login" time="0.000" classname="com.externalApi.Dumps"/>
  <testcase name="login" time="0.000" classname="com.externalApi.Dumps"/>
  <testcase name="login" time="0.002" classname="com.externalApi.Dumps"/>
  <testcase name="login" time="0.001" classname="com.externalApi.Dumps"/>
  <testcase name="login" time="0.000" classname="com.externalApi.Dumps"/>
  <testcase name="login" time="0.000" classname="com.externalApi.Dumps"/>
  <testcase name="login" time="0.001" classname="com.externalApi.Dumps"/>
  <testcase name="login" time="0.001" classname="com.externalApi.Dumps"/>
  <testcase name="login" time="0.000" classname="com.externalApi.Dumps"/>
  <testcase name="login" time="0.000" classname="com.externalApi.Dumps"/>
  <testcase name="login" time="0.001" classname="com.externalApi.Dumps"/>
  <testcase name="login" time="0.001" classname="com.externalApi.Dumps"/>
  <testcase name="login" time="0.001" classname="com.externalApi.Dumps"/>
  <testcase name="login" time="0.000" classname="com.externalApi.Dumps"/>
  <testcase name="login" time="0.000" classname="com.externalApi.Dumps"/>
  <testcase name="login" time="0.002" classname="com.externalApi.Dumps"/>
  <testcase name="login" time="0.000" classname="com.externalApi.Dumps"/>
  <testcase name="login" time="0.000" classname="com.externalApi.Dumps"/>
  <testcase name="login" time="0.001" classname="com.externalApi.Dumps"/>
  <testcase name="login" time="0.001" classname="com.externalApi.Dumps"/>
  <testcase name="login" time="0.001" classname="com.externalApi.Dumps"/>
  <testcase name="login" time="0.001" classname="com.externalApi.Dumps"/>
  <testcase name="login" time="0.000" classname="com.externalApi.Dumps"/>
  <testcase name="login" time="0.001" classname="com.externalApi.Dumps"/>
  <testcase name="login" time="0.000" classname="com.externalApi.Dumps"/>
  <testcase name="login" time="0.000" classname="com.externalApi.Dumps"/>
  <testcase name="login" time="0.000" classname="com.externalApi.Dumps"/>
  <testcase name="login" time="0.001" classname="com.externalApi.Dumps"/>
  <testcase name="login" time="0.000" classname="com.externalApi.Dumps"/>
  <testcase name="login" time="0.001" classname="com.externalApi.Dumps"/>
  <testcase name="login" time="0.001" classname="com.externalApi.Dumps"/>
  <testcase name="login" time="0.002" classname="com.externalApi.Dumps"/>
  <testcase name="login" time="0.001" classname="com.externalApi.Dumps"/>
  <testcase name="login" time="0.001" classname="com.externalApi.Dumps"/>
  <testcase name="login" time="0.000" classname="com.externalApi.Dumps"/>
  <testcase name="login" time="0.000" classname="com.externalApi.Dumps"/>
  <testcase name="login" time="0.000" classname="com.externalApi.Dumps"/>
  <testcase name="login" time="0.001" classname="com.externalApi.Dumps"/>
  <testcase name="login" time="0.000" classname="com.externalApi.Dumps"/>
  <testcase name="login" time="0.001" classname="com.externalApi.Dumps"/>
  <testcase name="login" time="0.001" classname="com.externalApi.Dumps"/>
  <testcase name="login" time="0.001" classname="com.externalApi.Dumps"/>
  <testcase name="login" time="0.000" classname="com.externalApi.Dumps"/>
  <testcase name="login" time="0.001" classname="com.externalApi.Dumps"/>
  <testcase name="login" time="0.001" classname="com.externalApi.Dumps"/>
  <testcase name="login" time="0.000" classname="com.externalApi.Dumps"/>
  <testcase name="login" time="0.004" classname="com.externalApi.Dumps"/>
  <testcase name="login" time="0.000" classname="com.externalApi.Dumps"/>
  <testcase name="login" time="0.000" classname="com.externalApi.Dumps"/>
  <testcase name="login" time="0.001" classname="com.externalApi.Dumps"/>
  <testcase name="login" time="0.001" classname="com.externalApi.Dumps"/>
  <testcase name="login" time="0.000" classname="com.externalApi.Dumps"/>
  <testcase name="login" time="0.000" classname="com.externalApi.Dumps"/>
  <testcase name="login" time="0.000" classname="com.externalApi.Dumps"/>
  <testcase name="login" time="0.001" classname="com.externalApi.Dumps"/>
  <testcase name="login" time="0.001" classname="com.externalApi.Dumps"/>
  <testcase name="login" time="0.130" classname="com.externalApi.Dumps"/>
  <testcase name="login" time="0.002" classname="com.externalApi.Dumps"/>
  <testcase name="login" time="0.001" classname="com.externalApi.Dumps"/>
  <testcase name="login" time="0.000" classname="com.externalApi.Dumps"/>
  <testcase name="login" time="0.001" classname="com.externalApi.Dumps"/>
  <testcase name="login" time="0.000" classname="com.externalApi.Dumps"/>
  <testcase name="login" time="0.000" classname="com.externalApi.Dumps"/>
  <testcase name="login" time="0.000" classname="com.externalApi.Dumps"/>
  <testcase name="login" time="0.000" classname="com.externalApi.Dumps"/>
  <testcase name="login" time="0.001" classname="com.externalApi.Dumps"/>
  <testcase name="login" time="0.001" classname="com.externalApi.Dumps"/>
  <testcase name="login" time="0.001" classname="com.externalApi.Dumps"/>
  <testcase name="login" time="0.001" classname="com.externalApi.Dumps"/>
  <testcase name="login" time="0.000" classname="com.externalApi.Dumps"/>
  <testcase name="login" time="0.001" classname="com.externalApi.Dumps"/>
  <testcase name="login" time="0.000" classname="com.externalApi.Dumps"/>
  <testcase name="login" time="0.003" classname="com.externalApi.Dumps"/>
  <testcase name="login" time="0.000" classname="com.externalApi.Dumps"/>
  <testcase name="login" time="0.001" classname="com.externalApi.Dumps"/>
  <testcase name="login" time="0.000" classname="com.externalApi.Dumps"/>
  <testcase name="login" time="0.000" classname="com.externalApi.Dumps"/>
  <testcase name="login" time="0.001" classname="com.externalApi.Dumps"/>
  <testcase name="login" time="0.001" classname="com.externalApi.Dumps"/>
  <testcase name="login" time="0.000" classname="com.externalApi.Dumps"/>
  <testcase name="login" time="0.001" classname="com.externalApi.Dumps"/>
  <testcase name="login" time="0.001" classname="com.externalApi.Dumps"/>
  <testcase name="login" time="0.000" classname="com.externalApi.Dumps"/>
  <testcase name="login" time="0.000" classname="com.externalApi.Dumps"/>
  <testcase name="login" time="0.000" classname="com.externalApi.Dumps"/>
  <testcase name="login" time="0.001" classname="com.externalApi.Dumps"/>
  <testcase name="login" time="0.000" classname="com.externalApi.Dumps"/>
  <testcase name="login" time="0.001" classname="com.externalApi.Dumps"/>
  <testcase name="login" time="0.000" classname="com.externalApi.Dumps"/>
  <testcase name="login" time="0.000" classname="com.externalApi.Dumps"/>
  <testcase name="login" time="0.000" classname="com.externalApi.Dumps"/>
  <testcase name="login" time="0.001" classname="com.externalApi.Dumps"/>
  <testcase name="login" time="0.002" classname="com.externalApi.Dumps"/>
  <testcase name="login" time="0.001" classname="com.externalApi.Dumps"/>
  <testcase name="login" time="0.000" classname="com.externalApi.Dumps"/>
  <testcase name="login" time="0.000" classname="com.externalApi.Dumps"/>
  <testcase name="login" time="0.001" classname="com.externalApi.Dumps"/>
  <testcase name="login" time="0.000" classname="com.externalApi.Dumps"/>
  <testcase name="login" time="0.000" classname="com.externalApi.Dumps"/>
  <testcase name="login" time="0.000" classname="com.externalApi.Dumps"/>
  <testcase name="login" time="0.000" classname="com.externalApi.Dumps"/>
  <testcase name="login" time="0.001" classname="com.externalApi.Dumps"/>
  <testcase name="login" time="0.000" classname="com.externalApi.Dumps"/>
  <testcase name="login" time="0.000" classname="com.externalApi.Dumps"/>
  <testcase name="login" time="0.000" classname="com.externalApi.Dumps"/>
  <testcase name="login" time="0.001" classname="com.externalApi.Dumps"/>
  <testcase name="login" time="0.000" classname="com.externalApi.Dumps"/>
  <testcase name="login" time="0.000" classname="com.externalApi.Dumps"/>
  <testcase name="login" time="0.001" classname="com.externalApi.Dumps"/>
  <testcase name="login" time="0.001" classname="com.externalApi.Dumps"/>
  <testcase name="login" time="0.000" classname="com.externalApi.Dumps"/>
  <testcase name="login" time="0.000" classname="com.externalApi.Dumps"/>
  <testcase name="login" time="0.002" classname="com.externalApi.Dumps"/>
  <testcase name="login" time="0.001" classname="com.externalApi.Dumps"/>
  <testcase name="login" time="0.001" classname="com.externalApi.Dumps"/>
  <testcase name="login" time="0.001" classname="com.externalApi.Dumps"/>
  <testcase name="login" time="0.001" classname="com.externalApi.Dumps"/>
  <testcase name="login" time="0.001" classname="com.externalApi.Dumps"/>
  <testcase name="login" time="0.000" classname="com.externalApi.Dumps"/>
  <testcase name="login" time="0.000" classname="com.externalApi.Dumps"/>
  <testcase name="login" time="0.001" classname="com.externalApi.Dumps"/>
  <testcase name="login" time="0.001" classname="com.externalApi.Dumps"/>
  <testcase name="login" time="0.000" classname="com.externalApi.Dumps"/>
  <testcase name="login" time="0.001" classname="com.externalApi.Dumps"/>
  <testcase name="login" time="0.000" classname="com.externalApi.Dumps"/>
  <testcase name="login" time="0.000" classname="com.externalApi.Dumps"/>
  <testcase name="login" time="0.000" classname="com.externalApi.Dumps"/>
  <testcase name="login" time="0.000" classname="com.externalApi.Dumps"/>
  <testcase name="login" time="0.001" classname="com.externalApi.Dumps"/>
  <testcase name="login" time="0.001" classname="com.externalApi.Dumps"/>
  <testcase name="login" time="0.001" classname="com.externalApi.Dumps"/>
  <testcase name="login" time="0.000" classname="com.externalApi.Dumps"/>
  <testcase name="login" time="0.000" classname="com.externalApi.Dumps"/>
  <testcase name="login" time="0.000" classname="com.externalApi.Dumps"/>
  <testcase name="login" time="0.002" classname="com.externalApi.Dumps"/>
  <testcase name="login" time="0.001" classname="com.externalApi.Dumps"/>
  <testcase name="login" time="0.002" classname="com.externalApi.Dumps"/>
  <testcase name="login" time="0.001" classname="com.externalApi.Dumps"/>
  <testcase name="login" time="0.000" classname="com.externalApi.Dumps"/>
  <testcase name="login" time="0.002" classname="com.externalApi.Dumps"/>
  <testcase name="login" time="0.037" classname="com.externalApi.Dumps"/>
  <testcase name="login" time="0.000" classname="com.externalApi.Dumps"/>
  <testcase name="login" time="0.000" classname="com.externalApi.Dumps"/>
  <testcase name="login" time="0.003" classname="com.externalApi.Dumps"/>
  <testcase name="login" time="0.002" classname="com.externalApi.Dumps"/>
  <testcase name="login" time="0.001" classname="com.externalApi.Dumps"/>
  <testcase name="login" time="0.001" classname="com.externalApi.Dumps"/>
  <testcase name="login" time="0.000" classname="com.externalApi.Dumps"/>
  <testcase name="login" time="0.001" classname="com.externalApi.Dumps"/>
  <testcase name="login" time="0.001" classname="com.externalApi.Dumps"/>
  <testcase name="login" time="0.001" classname="com.externalApi.Dumps"/>
  <testcase name="login" time="0.006" classname="com.externalApi.Dumps"/>
  <testcase name="login" time="0.001" classname="com.externalApi.Dumps"/>
  <testcase name="login" time="0.000" classname="com.externalApi.Dumps"/>
  <testcase name="login" time="0.000" classname="com.externalApi.Dumps"/>
  <testcase name="login" time="0.001" classname="com.externalApi.Dumps"/>
  <testcase name="login" time="0.000" classname="com.externalApi.Dumps"/>
  <testcase name="login" time="0.000" classname="com.externalApi.Dumps"/>
  <testcase name="login" time="0.000" classname="com.externalApi.Dumps"/>
  <testcase name="login" time="0.004" classname="com.externalApi.Dumps"/>
  <testcase name="login" time="0.017" classname="com.externalApi.Dumps"/>
  <testcase name="login" time="0.000" classname="com.externalApi.Dumps"/>
  <testcase name="login" time="0.001" classname="com.externalApi.Dumps"/>
  <testcase name="login" time="0.000" classname="com.externalApi.Dumps"/>
  <testcase name="login" time="0.001" classname="com.externalApi.Dumps"/>
  <testcase name="login" time="0.001" classname="com.externalApi.Dumps"/>
  <testcase name="login" time="0.001" classname="com.externalApi.Dumps"/>
  <testcase name="login" time="0.001" classname="com.externalApi.Dumps"/>
  <testcase name="login" time="0.001" classname="com.externalApi.Dumps"/>
  <testcase name="login" time="0.001" classname="com.externalApi.Dumps"/>
  <testcase name="login" time="0.001" classname="com.externalApi.Dumps"/>
  <testcase name="login" time="0.001" classname="com.externalApi.Dumps"/>
  <testcase name="login" time="0.001" classname="com.externalApi.Dumps"/>
  <testcase name="login" time="0.051" classname="com.externalApi.Dumps"/>
  <testcase name="login" time="0.001" classname="com.externalApi.Dumps"/>
  <testcase name="login" time="0.001" classname="com.externalApi.Dumps"/>
  <testcase name="login" time="0.000" classname="com.externalApi.Dumps"/>
  <testcase name="login" time="0.001" classname="com.externalApi.Dumps"/>
  <testcase name="login" time="0.000" classname="com.externalApi.Dumps"/>
  <testcase name="login" time="0.001" classname="com.externalApi.Dumps"/>
  <testcase name="login" time="0.001" classname="com.externalApi.Dumps"/>
  <testcase name="login" time="0.000" classname="com.externalApi.Dumps"/>
  <testcase name="login" time="0.001" classname="com.externalApi.Dumps"/>
  <testcase name="login" time="0.001" classname="com.externalApi.Dumps"/>
  <testcase name="login" time="0.000" classname="com.externalApi.Dumps"/>
  <testcase name="login" time="0.006" classname="com.externalApi.Dumps"/>
  <testcase name="login" time="0.000" classname="com.externalApi.Dumps"/>
  <testcase name="login" time="0.002" classname="com.externalApi.Dumps"/>
  <testcase name="login" time="0.001" classname="com.externalApi.Dumps"/>
  <testcase name="login" time="0.000" classname="com.externalApi.Dumps"/>
  <testcase name="login" time="0.000" classname="com.externalApi.Dumps"/>
  <testcase name="login" time="0.000" classname="com.externalApi.Dumps"/>
  <testcase name="login" time="0.000" classname="com.externalApi.Dumps"/>
  <testcase name="login" time="0.001" classname="com.externalApi.Dumps"/>
  <testcase name="login" time="0.001" classname="com.externalApi.Dumps"/>
  <testcase name="login" time="0.000" classname="com.externalApi.Dumps"/>
  <testcase name="login" time="0.000" classname="com.externalApi.Dumps"/>
  <testcase name="login" time="0.000" classname="com.externalApi.Dumps"/>
  <testcase name="login" time="0.001" classname="com.externalApi.Dumps"/>
  <testcase name="login" time="0.001" classname="com.externalApi.Dumps"/>
  <testcase name="login" time="0.001" classname="com.externalApi.Dumps"/>
  <testcase name="login" time="0.000" classname="com.externalApi.Dumps"/>
  <testcase name="login" time="0.001" classname="com.externalApi.Dumps"/>
  <testcase name="login" time="0.001" classname="com.externalApi.Dumps"/>
  <testcase name="login" time="0.000" classname="com.externalApi.Dumps"/>
  <testcase name="login" time="0.000" classname="com.externalApi.Dumps"/>
  <testcase name="login" time="0.000" classname="com.externalApi.Dumps"/>
  <testcase name="login" time="0.002" classname="com.externalApi.Dumps"/>
  <testcase name="login" time="0.001" classname="com.externalApi.Dumps"/>
  <testcase name="login" time="0.113" classname="com.externalApi.Dumps"/>
  <testcase name="login" time="0.001" classname="com.externalApi.Dumps"/>
  <testcase name="login" time="0.002" classname="com.externalApi.Dumps"/>
  <testcase name="login" time="0.000" classname="com.externalApi.Dumps"/>
  <testcase name="login" time="0.001" classname="com.externalApi.Dumps"/>
  <testcase name="login" time="0.000" classname="com.externalApi.Dumps"/>
  <testcase name="login" time="0.174" classname="com.externalApi.Dumps"/>
  <testcase name="login" time="0.000" classname="com.externalApi.Dumps"/>
  <testcase name="login" time="0.001" classname="com.externalApi.Dumps"/>
  <testcase name="login" time="0.001" classname="com.externalApi.Dumps"/>
  <testcase name="login" time="0.000" classname="com.externalApi.Dumps"/>
  <testcase name="login" time="0.751" classname="com.externalApi.Dumps"/>
  <testcase name="login" time="0.000" classname="com.externalApi.Dumps"/>
  <testcase name="login" time="0.001" classname="com.externalApi.Dumps"/>
  <testcase name="login" time="0.000" classname="com.externalApi.Dumps"/>
  <testcase name="login" time="0.114" classname="com.externalApi.Dumps"/>
  <testcase name="login" time="0.001" classname="com.externalApi.Dumps"/>
  <testcase name="login" time="0.001" classname="com.externalApi.Dumps"/>
  <testcase name="login" time="0.000" classname="com.externalApi.Dumps"/>
  <testcase name="login" time="0.000" classname="com.externalApi.Dumps"/>
  <testcase name="login" time="0.001" classname="com.externalApi.Dumps"/>
  <testcase name="login" time="0.001" classname="com.externalApi.Dumps"/>
  <testcase name="login" time="0.000" classname="com.externalApi.Dumps"/>
  <testcase name="login" time="0.000" classname="com.externalApi.Dumps"/>
  <testcase name="login" time="0.000" classname="com.externalApi.Dumps"/>
  <testcase name="login" time="0.000" classname="com.externalApi.Dumps"/>
  <testcase name="login" time="0.000" classname="com.externalApi.Dumps"/>
  <testcase name="login" time="0.000" classname="com.externalApi.Dumps"/>
  <testcase name="login" time="0.001" classname="com.externalApi.Dumps"/>
  <testcase name="login" time="0.000" classname="com.externalApi.Dumps"/>
  <testcase name="login" time="0.002" classname="com.externalApi.Dumps"/>
  <testcase name="login" time="0.001" classname="com.externalApi.Dumps"/>
  <testcase name="login" time="0.000" classname="com.externalApi.Dumps"/>
  <testcase name="login" time="0.000" classname="com.externalApi.Dumps"/>
  <testcase name="login" time="0.000" classname="com.externalApi.Dumps"/>
  <testcase name="login" time="0.001" classname="com.externalApi.Dumps"/>
  <testcase name="login" time="0.000" classname="com.externalApi.Dumps"/>
  <testcase name="login" time="0.000" classname="com.externalApi.Dumps"/>
  <testcase name="login" time="0.001" classname="com.externalApi.Dumps"/>
  <testcase name="login" time="0.002" classname="com.externalApi.Dumps"/>
  <testcase name="login" time="0.000" classname="com.externalApi.Dumps"/>
  <testcase name="login" time="0.001" classname="com.externalApi.Dumps"/>
  <testcase name="login" time="0.001" classname="com.externalApi.Dumps"/>
  <testcase name="login" time="0.435" classname="com.externalApi.Dumps"/>
  <testcase name="login" time="0.000" classname="com.externalApi.Dumps"/>
  <testcase name="login" time="0.365" classname="com.externalApi.Dumps"/>
  <testcase name="login" time="0.001" classname="com.externalApi.Dumps"/>
  <testcase name="login" time="0.000" classname="com.externalApi.Dumps"/>
  <testcase name="login" time="0.000" classname="com.externalApi.Dumps"/>
  <testcase name="login" time="0.000" classname="com.externalApi.Dumps"/>
  <testcase name="login" time="0.000" classname="com.externalApi.Dumps"/>
  <testcase name="login" time="0.000" classname="com.externalApi.Dumps"/>
  <testcase name="login" time="0.004" classname="com.externalApi.Dumps"/>
  <testcase name="login" time="0.001" classname="com.externalApi.Dumps"/>
  <testcase name="login" time="0.027" classname="com.externalApi.Dumps"/>
  <testcase name="login" time="0.001" classname="com.externalApi.Dumps"/>
  <testcase name="login" time="0.011" classname="com.externalApi.Dumps"/>
  <testcase name="login" time="0.001" classname="com.externalApi.Dumps"/>
  <testcase name="login" time="0.001" classname="com.externalApi.Dumps"/>
  <testcase name="login" time="0.001" classname="com.externalApi.Dumps"/>
  <testcase name="login" time="0.002" classname="com.externalApi.Dumps"/>
  <testcase name="login" time="0.001" classname="com.externalApi.Dumps"/>
  <testcase name="login" time="0.001" classname="com.externalApi.Dumps"/>
  <testcase name="login" time="0.001" classname="com.externalApi.Dumps"/>
  <testcase name="login" time="0.001" classname="com.externalApi.Dumps"/>
  <testcase name="login" time="0.001" classname="com.externalApi.Dumps"/>
  <testcase name="login" time="0.001" classname="com.externalApi.Dumps"/>
  <testcase name="login" time="0.000" classname="com.externalApi.Dumps"/>
  <testcase name="login" time="0.000" classname="com.externalApi.Dumps"/>
  <testcase name="login" time="0.000" classname="com.externalApi.Dumps"/>
  <testcase name="login" time="0.000" classname="com.externalApi.Dumps"/>
  <testcase name="login" time="0.001" classname="com.externalApi.Dumps"/>
  <testcase name="login" time="0.000" classname="com.externalApi.Dumps"/>
  <testcase name="login" time="0.002" classname="com.externalApi.Dumps"/>
  <testcase name="login" time="0.000" classname="com.externalApi.Dumps"/>
  <testcase name="login" time="0.000" classname="com.externalApi.Dumps"/>
  <testcase name="login" time="0.000" classname="com.externalApi.Dumps"/>
  <testcase name="login" time="0.001" classname="com.externalApi.Dumps"/>
  <testcase name="login" time="0.001" classname="com.externalApi.Dumps"/>
  <testcase name="login" time="0.000" classname="com.externalApi.Dumps"/>
  <testcase name="login" time="0.000" classname="com.externalApi.Dumps"/>
  <testcase name="login" time="0.000" classname="com.externalApi.Dumps"/>
  <testcase name="login" time="0.001" classname="com.externalApi.Dumps"/>
  <testcase name="login" time="0.000" classname="com.externalApi.Dumps"/>
  <testcase name="login" time="0.000" classname="com.externalApi.Dumps"/>
  <testcase name="login" time="0.001" classname="com.externalApi.Dumps"/>
  <testcase name="login" time="0.001" classname="com.externalApi.Dumps"/>
  <testcase name="login" time="0.000" classname="com.externalApi.Dumps"/>
  <testcase name="login" time="0.001" classname="com.externalApi.Dumps"/>
  <testcase name="login" time="0.000" classname="com.externalApi.Dumps"/>
  <testcase name="login" time="0.000" classname="com.externalApi.Dumps"/>
  <testcase name="login" time="0.001" classname="com.externalApi.Dumps"/>
  <testcase name="login" time="0.001" classname="com.externalApi.Dumps"/>
  <testcase name="login" time="0.000" classname="com.externalApi.Dumps"/>
  <testcase name="login" time="0.003" classname="com.externalApi.Dumps"/>
  <testcase name="login" time="0.000" classname="com.externalApi.Dumps"/>
  <testcase name="login" time="0.001" classname="com.externalApi.Dumps"/>
  <testcase name="login" time="0.000" classname="com.externalApi.Dumps"/>
  <testcase name="login" time="0.001" classname="com.externalApi.Dumps"/>
  <testcase name="login" time="0.000" classname="com.externalApi.Dumps"/>
  <testcase name="login" time="0.001" classname="com.externalApi.Dumps"/>
  <testcase name="login" time="0.000" classname="com.externalApi.Dumps"/>
  <testcase name="login" time="0.000" classname="com.externalApi.Dumps"/>
  <testcase name="login" time="0.001" classname="com.externalApi.Dumps"/>
  <testcase name="login" time="0.000" classname="com.externalApi.Dumps"/>
  <testcase name="login" time="0.000" classname="com.externalApi.Dumps"/>
  <testcase name="login" time="0.001" classname="com.externalApi.Dumps"/>
  <testcase name="login" time="0.001" classname="com.externalApi.Dumps"/>
  <testcase name="login" time="0.000" classname="com.externalApi.Dumps"/>
  <testcase name="login" time="0.000" classname="com.externalApi.Dumps"/>
  <testcase name="login" time="0.000" classname="com.externalApi.Dumps"/>
  <testcase name="login" time="0.001" classname="com.externalApi.Dumps"/>
  <testcase name="login" time="0.002" classname="com.externalApi.Dumps"/>
  <testcase name="login" time="0.001" classname="com.externalApi.Dumps"/>
  <testcase name="login" time="0.000" classname="com.externalApi.Dumps"/>
  <testcase name="login" time="0.000" classname="com.externalApi.Dumps"/>
  <testcase name="login" time="0.001" classname="com.externalApi.Dumps"/>
  <testcase name="login" time="0.001" classname="com.externalApi.Dumps"/>
  <testcase name="login" time="0.002" classname="com.externalApi.Dumps"/>
  <testcase name="login" time="0.001" classname="com.externalApi.Dumps"/>
  <testcase name="login" time="0.000" classname="com.externalApi.Dumps"/>
  <testcase name="login" time="0.002" classname="com.externalApi.Dumps"/>
  <testcase name="login" time="0.000" classname="com.externalApi.Dumps"/>
  <testcase name="login" time="0.001" classname="com.externalApi.Dumps"/>
  <testcase name="login" time="0.001" classname="com.externalApi.Dumps"/>
  <testcase name="login" time="0.000" classname="com.externalApi.Dumps"/>
  <testcase name="login" time="0.000" classname="com.externalApi.Dumps"/>
  <testcase name="login" time="0.000" classname="com.externalApi.Dumps"/>
  <testcase name="login" time="0.000" classname="com.externalApi.Dumps"/>
  <testcase name="login" time="0.000" classname="com.externalApi.Dumps"/>
  <testcase name="login" time="0.001" classname="com.externalApi.Dumps"/>
  <testcase name="login" time="0.001" classname="com.externalApi.Dumps"/>
  <testcase name="login" time="0.001" classname="com.externalApi.Dumps"/>
  <testcase name="login" time="0.001" classname="com.externalApi.Dumps"/>
  <testcase name="login" time="0.000" classname="com.externalApi.Dumps"/>
  <testcase name="login" time="0.001" classname="com.externalApi.Dumps"/>
  <testcase name="login" time="0.002" classname="com.externalApi.Dumps"/>
  <testcase name="login" time="0.001" classname="com.externalApi.Dumps"/>
  <testcase name="login" time="0.001" classname="com.externalApi.Dumps"/>
  <testcase name="login" time="0.000" classname="com.externalApi.Dumps"/>
  <testcase name="login" time="0.000" classname="com.externalApi.Dumps"/>
  <testcase name="login" time="0.002" classname="com.externalApi.Dumps"/>
  <testcase name="login" time="0.001" classname="com.externalApi.Dumps"/>
  <testcase name="login" time="0.000" classname="com.externalApi.Dumps"/>
  <testcase name="login" time="0.000" classname="com.externalApi.Dumps"/>
  <testcase name="login" time="0.000" classname="com.externalApi.Dumps"/>
  <testcase name="login" time="0.001" classname="com.externalApi.Dumps"/>
  <testcase name="login" time="0.000" classname="com.externalApi.Dumps"/>
  <testcase name="login" time="0.001" classname="com.externalApi.Dumps"/>
  <testcase name="login" time="0.000" classname="com.externalApi.Dumps"/>
  <testcase name="login" time="0.001" classname="com.externalApi.Dumps"/>
  <testcase name="login" time="0.000" classname="com.externalApi.Dumps"/>
  <testcase name="login" time="0.000" classname="com.externalApi.Dumps"/>
  <testcase name="login" time="0.002" classname="com.externalApi.Dumps"/>
  <testcase name="login" time="0.001" classname="com.externalApi.Dumps"/>
  <testcase name="login" time="0.000" classname="com.externalApi.Dumps"/>
  <testcase name="login" time="0.001" classname="com.externalApi.Dumps"/>
  <testcase name="login" time="0.000" classname="com.externalApi.Dumps"/>
  <testcase name="login" time="0.001" classname="com.externalApi.Dumps"/>
  <testcase name="login" time="0.001" classname="com.externalApi.Dumps"/>
  <testcase name="login" time="0.010" classname="com.externalApi.Dumps"/>
  <testcase name="login" time="0.001" classname="com.externalApi.Dumps"/>
  <testcase name="login" time="0.000" classname="com.externalApi.Dumps"/>
  <testcase name="login" time="0.001" classname="com.externalApi.Dumps"/>
  <testcase name="login" time="0.000" classname="com.externalApi.Dumps"/>
  <testcase name="login" time="0.000" classname="com.externalApi.Dumps"/>
  <testcase name="login" time="0.002" classname="com.externalApi.Dumps"/>
  <testcase name="login" time="0.000" classname="com.externalApi.Dumps"/>
  <testcase name="login" time="0.000" classname="com.externalApi.Dumps"/>
  <testcase name="login" time="0.000" classname="com.externalApi.Dumps"/>
  <testcase name="login" time="0.000" classname="com.externalApi.Dumps"/>
  <testcase name="login" time="0.000" classname="com.externalApi.Dumps"/>
  <testcase name="login" time="0.000" classname="com.externalApi.Dumps"/>
  <testcase name="login" time="0.000" classname="com.externalApi.Dumps"/>
  <testcase name="login" time="0.001" classname="com.externalApi.Dumps"/>
  <testcase name="login" time="0.000" classname="com.externalApi.Dumps"/>
  <testcase name="login" time="0.001" classname="com.externalApi.Dumps"/>
  <testcase name="login" time="0.001" classname="com.externalApi.Dumps"/>
  <testcase name="login" time="0.001" classname="com.externalApi.Dumps"/>
  <testcase name="login" time="0.000" classname="com.externalApi.Dumps"/>
  <testcase name="login" time="0.001" classname="com.externalApi.Dumps"/>
  <testcase name="login" time="0.001" classname="com.externalApi.Dumps"/>
  <testcase name="login" time="0.000" classname="com.externalApi.Dumps"/>
  <testcase name="login" time="0.000" classname="com.externalApi.Dumps"/>
  <testcase name="login" time="0.001" classname="com.externalApi.Dumps"/>
  <testcase name="login" time="0.001" classname="com.externalApi.Dumps"/>
  <testcase name="login" time="0.000" classname="com.externalApi.Dumps"/>
  <testcase name="login" time="0.001" classname="com.externalApi.Dumps"/>
  <testcase name="login" time="0.000" classname="com.externalApi.Dumps"/>
  <testcase name="login" time="0.000" classname="com.externalApi.Dumps"/>
  <testcase name="login" time="0.001" classname="com.externalApi.Dumps"/>
  <testcase name="login" time="0.000" classname="com.externalApi.Dumps"/>
  <testcase name="login" time="0.000" classname="com.externalApi.Dumps"/>
  <testcase name="login" time="0.001" classname="com.externalApi.Dumps"/>
  <testcase name="login" time="0.001" classname="com.externalApi.Dumps"/>
  <testcase name="login" time="0.003" classname="com.externalApi.Dumps"/>
  <testcase name="login" time="0.001" classname="com.externalApi.Dumps"/>
  <testcase name="login" time="0.002" classname="com.externalApi.Dumps"/>
  <testcase name="login" time="0.002" classname="com.externalApi.Dumps"/>
  <testcase name="login" time="0.000" classname="com.externalApi.Dumps"/>
  <testcase name="login" time="0.000" classname="com.externalApi.Dumps"/>
  <testcase name="login" time="0.001" classname="com.externalApi.Dumps"/>
  <testcase name="login" time="0.000" classname="com.externalApi.Dumps"/>
  <testcase name="login" time="0.001" classname="com.externalApi.Dumps"/>
  <testcase name="login" time="0.001" classname="com.externalApi.Dumps"/>
  <testcase name="login" time="0.000" classname="com.externalApi.Dumps"/>
  <testcase name="login" time="0.000" classname="com.externalApi.Dumps"/>
  <testcase name="login" time="0.000" classname="com.externalApi.Dumps"/>
  <testcase name="login" time="0.001" classname="com.externalApi.Dumps"/>
  <testcase name="login" time="0.000" classname="com.externalApi.Dumps"/>
  <testcase name="login" time="0.001" classname="com.externalApi.Dumps"/>
  <testcase name="login" time="0.002" classname="com.externalApi.Dumps"/>
  <testcase name="login" time="0.000" classname="com.externalApi.Dumps"/>
  <testcase name="login" time="0.000" classname="com.externalApi.Dumps"/>
  <testcase name="login" time="0.001" classname="com.externalApi.Dumps"/>
  <testcase name="login" time="0.001" classname="com.externalApi.Dumps"/>
  <testcase name="login" time="0.001" classname="com.externalApi.Dumps"/>
  <testcase name="login" time="0.001" classname="com.externalApi.Dumps"/>
  <testcase name="login" time="0.001" classname="com.externalApi.Dumps"/>
  <testcase name="login" time="0.000" classname="com.externalApi.Dumps"/>
  <testcase name="login" time="0.001" classname="com.externalApi.Dumps"/>
  <testcase name="login" time="0.000" classname="com.externalApi.Dumps"/>
  <testcase name="login" time="0.001" classname="com.externalApi.Dumps"/>
  <testcase name="login" time="0.001" classname="com.externalApi.Dumps"/>
  <testcase name="login" time="0.000" classname="com.externalApi.Dumps"/>
  <testcase name="login" time="0.000" classname="com.externalApi.Dumps"/>
  <testcase name="login" time="0.000" classname="com.externalApi.Dumps"/>
  <testcase name="login" time="0.000" classname="com.externalApi.Dumps"/>
  <testcase name="login" time="0.000" classname="com.externalApi.Dumps"/>
  <testcase name="login" time="0.003" classname="com.externalApi.Dumps"/>
  <testcase name="login" time="0.001" classname="com.externalApi.Dumps"/>
  <testcase name="login" time="0.000" classname="com.externalApi.Dumps"/>
  <testcase name="login" time="0.000" classname="com.externalApi.Dumps"/>
  <testcase name="login" time="0.001" classname="com.externalApi.Dumps"/>
  <testcase name="login" time="0.001" classname="com.externalApi.Dumps"/>
  <testcase name="login" time="0.000" classname="com.externalApi.Dumps"/>
  <testcase name="login" time="0.001" classname="com.externalApi.Dumps"/>
  <testcase name="login" time="0.001" classname="com.externalApi.Dumps"/>
  <testcase name="login" time="0.000" classname="com.externalApi.Dumps"/>
  <testcase name="login" time="0.001" classname="com.externalApi.Dumps"/>
  <testcase name="login" time="0.001" classname="com.externalApi.Dumps"/>
  <testcase name="login" time="0.001" classname="com.externalApi.Dumps"/>
  <testcase name="login" time="0.000" classname="com.externalApi.Dumps"/>
  <testcase name="login" time="0.002" classname="com.externalApi.Dumps"/>
  <testcase name="login" time="0.000" classname="com.externalApi.Dumps"/>
  <testcase name="login" time="0.538" classname="com.externalApi.Dumps"/>
  <testcase name="login" time="0.001" classname="com.externalApi.Dumps"/>
  <testcase name="login" time="0.000" classname="com.externalApi.Dumps"/>
  <testcase name="login" time="0.000" classname="com.externalApi.Dumps"/>
  <testcase name="login" time="0.001" classname="com.externalApi.Dumps"/>
  <testcase name="login" time="0.001" classname="com.externalApi.Dumps"/>
  <testcase name="login" time="0.000" classname="com.externalApi.Dumps"/>
  <testcase name="login" time="0.000" classname="com.externalApi.Dumps"/>
  <testcase name="login" time="0.001" classname="com.externalApi.Dumps"/>
  <testcase name="login" time="0.000" classname="com.externalApi.Dumps"/>
  <testcase name="login" time="0.000" classname="com.externalApi.Dumps"/>
  <testcase name="login" time="0.001" classname="com.externalApi.Dumps"/>
  <testcase name="login" time="0.000" classname="com.externalApi.Dumps"/>
  <testcase name="login" time="0.001" classname="com.externalApi.Dumps"/>
  <testcase name="login" time="0.001" classname="com.externalApi.Dumps"/>
  <testcase name="login" time="0.001" classname="com.externalApi.Dumps"/>
  <testcase name="login" time="0.002" classname="com.externalApi.Dumps"/>
  <testcase name="login" time="0.001" classname="com.externalApi.Dumps"/>
  <testcase name="login" time="0.000" classname="com.externalApi.Dumps"/>
  <testcase name="login" time="0.000" classname="com.externalApi.Dumps"/>
  <testcase name="login" time="0.002" classname="com.externalApi.Dumps"/>
  <testcase name="login" time="0.002" classname="com.externalApi.Dumps"/>
  <testcase name="login" time="0.001" classname="com.externalApi.Dumps"/>
  <testcase name="login" time="0.000" classname="com.externalApi.Dumps"/>
  <testcase name="login" time="0.000" classname="com.externalApi.Dumps"/>
  <testcase name="login" time="0.006" classname="com.externalApi.Dumps"/>
  <testcase name="login" time="0.000" classname="com.externalApi.Dumps"/>
  <testcase name="login" time="0.000" classname="com.externalApi.Dumps"/>
  <testcase name="login" time="0.001" classname="com.externalApi.Dumps"/>
  <testcase name="login" time="0.001" classname="com.externalApi.Dumps"/>
  <testcase name="login" time="0.001" classname="com.externalApi.Dumps"/>
  <testcase name="login" time="0.001" classname="com.externalApi.Dumps"/>
  <testcase name="login" time="0.002" classname="com.externalApi.Dumps"/>
  <testcase name="login" time="0.001" classname="com.externalApi.Dumps"/>
  <testcase name="login" time="0.001" classname="com.externalApi.Dumps"/>
  <testcase name="login" time="0.001" classname="com.externalApi.Dumps"/>
  <testcase name="login" time="0.001" classname="com.externalApi.Dumps"/>
  <testcase name="login" time="0.000" classname="com.externalApi.Dumps"/>
  <testcase name="login" time="0.000" classname="com.externalApi.Dumps"/>
  <testcase name="login" time="0.000" classname="com.externalApi.Dumps"/>
  <testcase name="login" time="0.001" classname="com.externalApi.Dumps"/>
  <testcase name="login" time="0.000" classname="com.externalApi.Dumps"/>
  <testcase name="login" time="0.002" classname="com.externalApi.Dumps"/>
  <testcase name="login" time="0.001" classname="com.externalApi.Dumps"/>
  <testcase name="login" time="0.001" classname="com.externalApi.Dumps"/>
  <testcase name="login" time="0.000" classname="com.externalApi.Dumps"/>
  <testcase name="login" time="0.000" classname="com.externalApi.Dumps"/>
  <testcase name="login" time="0.000" classname="com.externalApi.Dumps"/>
  <testcase name="login" time="0.001" classname="com.externalApi.Dumps"/>
  <testcase name="login" time="0.000" classname="com.externalApi.Dumps"/>
  <testcase name="login" time="0.001" classname="com.externalApi.Dumps"/>
  <testcase name="login" time="0.000" classname="com.externalApi.Dumps"/>
  <testcase name="login" time="0.000" classname="com.externalApi.Dumps"/>
  <testcase name="login" time="0.000" classname="com.externalApi.Dumps"/>
  <testcase name="login" time="0.001" classname="com.externalApi.Dumps"/>
  <testcase name="login" time="0.000" classname="com.externalApi.Dumps"/>
  <testcase name="login" time="0.001" classname="com.externalApi.Dumps"/>
  <testcase name="login" time="0.000" classname="com.externalApi.Dumps"/>
  <testcase name="login" time="0.000" classname="com.externalApi.Dumps"/>
  <testcase name="login" time="0.001" classname="com.externalApi.Dumps"/>
  <testcase name="login" time="0.000" classname="com.externalApi.Dumps"/>
  <testcase name="login" time="0.001" classname="com.externalApi.Dumps"/>
  <testcase name="login" time="0.000" classname="com.externalApi.Dumps"/>
  <testcase name="login" time="0.000" classname="com.externalApi.Dumps"/>
  <testcase name="login" time="0.000" classname="com.externalApi.Dumps"/>
  <testcase name="login" time="0.002" classname="com.externalApi.Dumps"/>
  <testcase name="login" time="0.002" classname="com.externalApi.Dumps"/>
  <testcase name="login" time="0.001" classname="com.externalApi.Dumps"/>
  <testcase name="login" time="0.000" classname="com.externalApi.Dumps"/>
  <testcase name="login" time="0.000" classname="com.externalApi.Dumps"/>
  <testcase name="login" time="0.001" classname="com.externalApi.Dumps"/>
  <testcase name="login" time="0.001" classname="com.externalApi.Dumps"/>
  <testcase name="login" time="0.000" classname="com.externalApi.Dumps"/>
  <testcase name="login" time="0.001" classname="com.externalApi.Dumps"/>
  <testcase name="login" time="0.000" classname="com.externalApi.Dumps"/>
  <testcase name="login" time="0.001" classname="com.externalApi.Dumps"/>
  <testcase name="login" time="0.001" classname="com.externalApi.Dumps"/>
  <testcase name="login" time="0.000" classname="com.externalApi.Dumps"/>
  <testcase name="login" time="0.001" classname="com.externalApi.Dumps"/>
  <testcase name="login" time="0.000" classname="com.externalApi.Dumps"/>
  <testcase name="login" time="0.000" classname="com.externalApi.Dumps"/>
  <testcase name="login" time="0.000" classname="com.externalApi.Dumps"/>
  <testcase name="login" time="0.001" classname="com.externalApi.Dumps"/>
  <testcase name="login" time="0.000" classname="com.externalApi.Dumps"/>
  <testcase name="login" time="0.001" classname="com.externalApi.Dumps"/>
  <testcase name="login" time="0.001" classname="com.externalApi.Dumps"/>
  <testcase name="login" time="0.000" classname="com.externalApi.Dumps"/>
  <testcase name="login" time="0.000" classname="com.externalApi.Dumps"/>
  <testcase name="login" time="0.000" classname="com.externalApi.Dumps"/>
  <testcase name="login" time="0.001" classname="com.externalApi.Dumps"/>
  <testcase name="login" time="0.000" classname="com.externalApi.Dumps"/>
  <testcase name="login" time="0.001" classname="com.externalApi.Dumps"/>
  <testcase name="login" time="0.000" classname="com.externalApi.Dumps"/>
  <testcase name="login" time="0.002" classname="com.externalApi.Dumps"/>
  <testcase name="login" time="0.000" classname="com.externalApi.Dumps"/>
  <testcase name="login" time="0.000" classname="com.externalApi.Dumps"/>
  <testcase name="login" time="0.000" classname="com.externalApi.Dumps"/>
  <testcase name="login" time="0.001" classname="com.externalApi.Dumps"/>
  <testcase name="login" time="0.000" classname="com.externalApi.Dumps"/>
  <testcase name="login" time="0.000" classname="com.externalApi.Dumps"/>
  <testcase name="login" time="0.005" classname="com.externalApi.Dumps"/>
  <testcase name="login" time="0.001" classname="com.externalApi.Dumps"/>
  <testcase name="login" time="0.000" classname="com.externalApi.Dumps"/>
  <testcase name="login" time="0.001" classname="com.externalApi.Dumps"/>
  <testcase name="login" time="0.000" classname="com.externalApi.Dumps"/>
  <testcase name="login" time="0.000" classname="com.externalApi.Dumps"/>
  <testcase name="login" time="0.001" classname="com.externalApi.Dumps"/>
  <testcase name="login" time="0.002" classname="com.externalApi.Dumps"/>
  <testcase name="login" time="0.000" classname="com.externalApi.Dumps"/>
  <testcase name="login" time="0.618" classname="com.externalApi.Dumps"/>
  <testcase name="login" time="0.001" classname="com.externalApi.Dumps"/>
  <testcase name="login" time="0.000" classname="com.externalApi.Dumps"/>
  <testcase name="login" time="0.001" classname="com.externalApi.Dumps"/>
  <testcase name="login" time="0.000" classname="com.externalApi.Dumps"/>
  <testcase name="login" time="0.001" classname="com.externalApi.Dumps"/>
  <testcase name="login" time="0.000" classname="com.externalApi.Dumps"/>
  <testcase name="login" time="0.000" classname="com.externalApi.Dumps"/>
  <testcase name="login" time="0.001" classname="com.externalApi.Dumps"/>
  <testcase name="login" time="0.000" classname="com.externalApi.Dumps"/>
  <testcase name="login" time="0.000" classname="com.externalApi.Dumps"/>
  <testcase name="login" time="0.001" classname="com.externalApi.Dumps"/>
  <testcase name="login" time="0.001" classname="com.externalApi.Dumps"/>
  <testcase name="login" time="0.000" classname="com.externalApi.Dumps"/>
  <testcase name="login" time="0.001" classname="com.externalApi.Dumps"/>
  <testcase name="login" time="0.001" classname="com.externalApi.Dumps"/>
  <testcase name="login" time="0.001" classname="com.externalApi.Dumps"/>
  <testcase name="login" time="0.000" classname="com.externalApi.Dumps"/>
  <testcase name="login" time="0.001" classname="com.externalApi.Dumps"/>
  <testcase name="login" time="0.001" classname="com.externalApi.Dumps"/>
  <testcase name="login" time="0.072" classname="com.externalApi.Dumps"/>
  <testcase name="login" time="0.000" classname="com.externalApi.Dumps"/>
  <testcase name="login" time="0.001" classname="com.externalApi.Dumps"/>
  <testcase name="login" time="0.000" classname="com.externalApi.Dumps"/>
  <testcase name="login" time="0.001" classname="com.externalApi.Dumps"/>
  <testcase name="login" time="0.000" classname="com.externalApi.Dumps"/>
  <testcase name="login" time="0.000" classname="com.externalApi.Dumps"/>
  <testcase name="login" time="0.000" classname="com.externalApi.Dumps"/>
  <testcase name="login" time="0.001" classname="com.externalApi.Dumps"/>
  <testcase name="login" time="0.001" classname="com.externalApi.Dumps"/>
  <testcase name="login" time="0.000" classname="com.externalApi.Dumps"/>
  <testcase name="login" time="0.001" classname="com.externalApi.Dumps"/>
  <testcase name="login" time="0.001" classname="com.externalApi.Dumps"/>
  <testcase name="login" time="0.000" classname="com.externalApi.Dumps"/>
  <testcase name="login" time="0.000" classname="com.externalApi.Dumps"/>
  <testcase name="login" time="0.000" classname="com.externalApi.Dumps"/>
  <testcase name="login" time="0.001" classname="com.externalApi.Dumps"/>
  <testcase name="login" time="0.001" classname="com.externalApi.Dumps"/>
  <testcase name="login" time="0.001" classname="com.externalApi.Dumps"/>
  <testcase name="login" time="0.001" classname="com.externalApi.Dumps"/>
  <testcase name="login" time="0.001" classname="com.externalApi.Dumps"/>
  <testcase name="login" time="0.000" classname="com.externalApi.Dumps"/>
  <testcase name="login" time="0.001" classname="com.externalApi.Dumps"/>
  <testcase name="login" time="0.002" classname="com.externalApi.Dumps"/>
  <testcase name="login" time="0.000" classname="com.externalApi.Dumps"/>
  <testcase name="login" time="0.000" classname="com.externalApi.Dumps"/>
  <testcase name="login" time="0.000" classname="com.externalApi.Dumps"/>
  <testcase name="login" time="0.001" classname="com.externalApi.Dumps"/>
  <testcase name="login" time="0.001" classname="com.externalApi.Dumps"/>
  <testcase name="login" time="0.000" classname="com.externalApi.Dumps"/>
  <testcase name="login" time="0.000" classname="com.externalApi.Dumps"/>
  <testcase name="login" time="0.000" classname="com.externalApi.Dumps"/>
  <testcase name="login" time="0.000" classname="com.externalApi.Dumps"/>
  <testcase name="login" time="0.002" classname="com.externalApi.Dumps"/>
  <testcase name="login" time="0.000" classname="com.externalApi.Dumps"/>
  <testcase name="login" time="0.001" classname="com.externalApi.Dumps"/>
  <testcase name="login" time="0.000" classname="com.externalApi.Dumps"/>
  <testcase name="login" time="0.000" classname="com.externalApi.Dumps"/>
  <testcase name="login" time="0.001" classname="com.externalApi.Dumps"/>
  <testcase name="login" time="0.001" classname="com.externalApi.Dumps"/>
  <testcase name="login" time="0.000" classname="com.externalApi.Dumps"/>
  <testcase name="login" time="0.000" classname="com.externalApi.Dumps"/>
  <testcase name="login" time="0.001" classname="com.externalApi.Dumps"/>
  <testcase name="login" time="0.002" classname="com.externalApi.Dumps"/>
  <testcase name="login" time="0.001" classname="com.externalApi.Dumps"/>
  <testcase name="login" time="0.000" classname="com.externalApi.Dumps"/>
  <testcase name="login" time="0.001" classname="com.externalApi.Dumps"/>
  <testcase name="login" time="0.001" classname="com.externalApi.Dumps"/>
  <testcase name="login" time="0.002" classname="com.externalApi.Dumps"/>
  <testcase name="login" time="0.000" classname="com.externalApi.Dumps"/>
  <testcase name="login" time="0.000" classname="com.externalApi.Dumps"/>
  <testcase name="login" time="0.000" classname="com.externalApi.Dumps"/>
  <testcase name="login" time="0.000" classname="com.externalApi.Dumps"/>
  <testcase name="login" time="0.001" classname="com.externalApi.Dumps"/>
  <testcase name="login" time="0.001" classname="com.externalApi.Dumps"/>
  <testcase name="login" time="0.001" classname="com.externalApi.Dumps"/>
  <testcase name="login" time="0.000" classname="com.externalApi.Dumps"/>
  <testcase name="login" time="0.537" classname="com.externalApi.Dumps"/>
  <testcase name="login" time="0.001" classname="com.externalApi.Dumps"/>
  <testcase name="login" time="0.001" classname="com.externalApi.Dumps"/>
  <testcase name="login" time="0.017" classname="com.externalApi.Dumps"/>
  <testcase name="login" time="0.001" classname="com.externalApi.Dumps"/>
  <testcase name="login" time="0.001" classname="com.externalApi.Dumps"/>
  <testcase name="login" time="0.001" classname="com.externalApi.Dumps"/>
  <testcase name="login" time="0.001" classname="com.externalApi.Dumps"/>
  <testcase name="login" time="0.001" classname="com.externalApi.Dumps"/>
  <testcase name="login" time="0.000" classname="com.externalApi.Dumps"/>
  <testcase name="login" time="0.001" classname="com.externalApi.Dumps"/>
  <testcase name="login" time="0.001" classname="com.externalApi.Dumps"/>
  <testcase name="login" time="0.001" classname="com.externalApi.Dumps"/>
  <testcase name="login" time="0.001" classname="com.externalApi.Dumps"/>
  <testcase name="login" time="0.000" classname="com.externalApi.Dumps"/>
  <testcase name="login" time="0.000" classname="com.externalApi.Dumps"/>
  <testcase name="login" time="0.002" classname="com.externalApi.Dumps"/>
  <testcase name="login" time="0.001" classname="com.externalApi.Dumps"/>
  <testcase name="login" time="0.000" classname="com.externalApi.Dumps"/>
  <testcase name="login" time="0.000" classname="com.externalApi.Dumps"/>
  <testcase name="login" time="0.001" classname="com.externalApi.Dumps"/>
  <testcase name="login" time="0.000" classname="com.externalApi.Dumps"/>
  <testcase name="login" time="0.001" classname="com.externalApi.Dumps"/>
  <testcase name="login" time="0.001" classname="com.externalApi.Dumps"/>
  <testcase name="login" time="0.001" classname="com.externalApi.Dumps"/>
  <testcase name="login" time="0.001" classname="com.externalApi.Dumps"/>
  <testcase name="login" time="0.000" classname="com.externalApi.Dumps"/>
  <testcase name="login" time="0.000" classname="com.externalApi.Dumps"/>
  <testcase name="login" time="0.014" classname="com.externalApi.Dumps"/>
  <testcase name="login" time="0.001" classname="com.externalApi.Dumps"/>
  <testcase name="login" time="0.001" classname="com.externalApi.Dumps"/>
  <testcase name="login" time="0.000" classname="com.externalApi.Dumps"/>
  <testcase name="login" time="0.000" classname="com.externalApi.Dumps"/>
  <testcase name="login" time="0.001" classname="com.externalApi.Dumps"/>
  <testcase name="login" time="0.001" classname="com.externalApi.Dumps"/>
  <testcase name="login" time="0.000" classname="com.externalApi.Dumps"/>
  <testcase name="login" time="0.001" classname="com.externalApi.Dumps"/>
  <testcase name="login" time="0.001" classname="com.externalApi.Dumps"/>
  <testcase name="login" time="0.001" classname="com.externalApi.Dumps"/>
  <testcase name="login" time="0.000" classname="com.externalApi.Dumps"/>
  <testcase name="login" time="0.000" classname="com.externalApi.Dumps"/>
  <testcase name="login" time="0.002" classname="com.externalApi.Dumps"/>
  <testcase name="login" time="0.000" classname="com.externalApi.Dumps"/>
  <testcase name="login" time="0.000" classname="com.externalApi.Dumps"/>
  <testcase name="login" time="0.001" classname="com.externalApi.Dumps"/>
  <testcase name="login" time="0.000" classname="com.externalApi.Dumps"/>
  <testcase name="login" time="0.000" classname="com.externalApi.Dumps"/>
  <testcase name="login" time="0.001" classname="com.externalApi.Dumps"/>
  <testcase name="login" time="0.001" classname="com.externalApi.Dumps"/>
  <testcase name="login" time="0.000" classname="com.externalApi.Dumps"/>
  <testcase name="login" time="0.000" classname="com.externalApi.Dumps"/>
  <testcase name="login" time="0.001" classname="com.externalApi.Dumps"/>
  <testcase name="login" time="0.000" classname="com.externalApi.Dumps"/>
  <testcase name="login" time="0.001" classname="com.externalApi.Dumps"/>
  <testcase name="login" time="0.001" classname="com.externalApi.Dumps"/>
  <testcase name="login" time="0.001" classname="com.externalApi.Dumps"/>
  <testcase name="login" time="0.022" classname="com.externalApi.Dumps"/>
  <testcase name="login" time="0.001" classname="com.externalApi.Dumps"/>
  <testcase name="login" time="0.001" classname="com.externalApi.Dumps"/>
  <testcase name="login" time="0.001" classname="com.externalApi.Dumps"/>
  <testcase name="login" time="0.000" classname="com.externalApi.Dumps"/>
  <testcase name="login" time="0.001" classname="com.externalApi.Dumps"/>
  <testcase name="login" time="0.000" classname="com.externalApi.Dumps"/>
  <testcase name="login" time="0.001" classname="com.externalApi.Dumps"/>
  <testcase name="login" time="0.000" classname="com.externalApi.Dumps"/>
  <testcase name="login" time="0.001" classname="com.externalApi.Dumps"/>
  <testcase name="login" time="0.000" classname="com.externalApi.Dumps"/>
  <testcase name="login" time="0.001" classname="com.externalApi.Dumps"/>
  <testcase name="login" time="0.000" classname="com.externalApi.Dumps"/>
  <testcase name="login" time="0.004" classname="com.externalApi.Dumps"/>
  <testcase name="login" time="0.001" classname="com.externalApi.Dumps"/>
  <testcase name="login" time="0.001" classname="com.externalApi.Dumps"/>
  <testcase name="login" time="0.000" classname="com.externalApi.Dumps"/>
  <testcase name="login" time="0.001" classname="com.externalApi.Dumps"/>
  <testcase name="login" time="0.000" classname="com.externalApi.Dumps"/>
  <testcase name="login" time="0.000" classname="com.externalApi.Dumps"/>
  <testcase name="login" time="0.002" classname="com.externalApi.Dumps"/>
  <testcase name="login" time="0.000" classname="com.externalApi.Dumps"/>
  <testcase name="login" time="0.001" classname="com.externalApi.Dumps"/>
  <testcase name="login" time="0.001" classname="com.externalApi.Dumps"/>
  <testcase name="login" time="0.001" classname="com.externalApi.Dumps"/>
  <testcase name="login" time="0.002" classname="com.externalApi.Dumps"/>
  <testcase name="login" time="0.000" classname="com.externalApi.Dumps"/>
  <testcase name="login" time="0.000" classname="com.externalApi.Dumps"/>
  <testcase name="login" time="0.001" classname="com.externalApi.Dumps"/>
  <testcase name="login" time="0.004" classname="com.externalApi.Dumps"/>
  <testcase name="login" time="0.000" classname="com.externalApi.Dumps"/>
  <testcase name="login" time="0.002" classname="com.externalApi.Dumps"/>
  <testcase name="login" time="0.000" classname="com.externalApi.Dumps"/>
  <testcase name="login" time="0.001" classname="com.externalApi.Dumps"/>
  <testcase name="login" time="0.004" classname="com.externalApi.Dumps"/>
  <testcase name="login" time="0.000" classname="com.externalApi.Dumps"/>
  <testcase name="login" time="0.000" classname="com.externalApi.Dumps"/>
  <testcase name="login" time="0.001" classname="com.externalApi.Dumps"/>
  <testcase name="login" time="0.001" classname="com.externalApi.Dumps"/>
  <testcase name="login" time="0.158" classname="com.externalApi.Dumps"/>
  <testcase name="login" time="0.000" classname="com.externalApi.Dumps"/>
  <testcase name="login" time="0.001" classname="com.externalApi.Dumps"/>
  <testcase name="login" time="0.002" classname="com.externalApi.Dumps"/>
  <testcase name="login" time="0.000" classname="com.externalApi.Dumps"/>
  <testcase name="login" time="0.001" classname="com.externalApi.Dumps"/>
  <testcase name="login" time="0.000" classname="com.externalApi.Dumps"/>
  <testcase name="login" time="0.001" classname="com.externalApi.Dumps"/>
  <testcase name="login" time="0.001" classname="com.externalApi.Dumps"/>
  <testcase name="login" time="0.000" classname="com.externalApi.Dumps"/>
  <testcase name="login" time="0.000" classname="com.externalApi.Dumps"/>
  <testcase name="login" time="0.000" classname="com.externalApi.Dumps"/>
  <testcase name="login" time="0.000" classname="com.externalApi.Dumps"/>
  <testcase name="login" time="0.001" classname="com.externalApi.Dumps"/>
  <testcase name="login" time="0.000" classname="com.externalApi.Dumps"/>
  <testcase name="login" time="0.000" classname="com.externalApi.Dumps"/>
  <testcase name="login" time="0.001" classname="com.externalApi.Dumps"/>
  <testcase name="login" time="0.000" classname="com.externalApi.Dumps"/>
  <testcase name="login" time="0.002" classname="com.externalApi.Dumps"/>
  <testcase name="login" time="0.001" classname="com.externalApi.Dumps"/>
  <testcase name="login" time="0.000" classname="com.externalApi.Dumps"/>
  <testcase name="login" time="0.000" classname="com.externalApi.Dumps"/>
  <testcase name="login" time="0.000" classname="com.externalApi.Dumps"/>
  <testcase name="login" time="0.001" classname="com.externalApi.Dumps"/>
  <testcase name="login" time="0.000" classname="com.externalApi.Dumps"/>
  <testcase name="login" time="0.001" classname="com.externalApi.Dumps"/>
  <testcase name="login" time="0.000" classname="com.externalApi.Dumps"/>
  <testcase name="login" time="0.001" classname="com.externalApi.Dumps"/>
  <testcase name="login" time="0.000" classname="com.externalApi.Dumps"/>
  <testcase name="login" time="0.000" classname="com.externalApi.Dumps"/>
  <testcase name="login" time="0.001" classname="com.externalApi.Dumps"/>
  <testcase name="login" time="0.002" classname="com.externalApi.Dumps"/>
  <testcase name="login" time="0.000" classname="com.externalApi.Dumps"/>
  <testcase name="login" time="0.001" classname="com.externalApi.Dumps"/>
  <testcase name="login" time="0.000" classname="com.externalApi.Dumps"/>
  <testcase name="login" time="0.000" classname="com.externalApi.Dumps"/>
  <testcase name="login" time="0.002" classname="com.externalApi.Dumps"/>
  <testcase name="login" time="0.001" classname="com.externalApi.Dumps"/>
  <testcase name="login" time="0.000" classname="com.externalApi.Dumps"/>
  <testcase name="login" time="0.001" classname="com.externalApi.Dumps"/>
  <testcase name="login" time="0.001" classname="com.externalApi.Dumps"/>
  <testcase name="login" time="0.001" classname="com.externalApi.Dumps"/>
  <testcase name="login" time="0.000" classname="com.externalApi.Dumps"/>
  <testcase name="login" time="0.001" classname="com.externalApi.Dumps"/>
  <testcase name="login" time="0.000" classname="com.externalApi.Dumps"/>
  <testcase name="login" time="0.001" classname="com.externalApi.Dumps"/>
  <testcase name="login" time="0.001" classname="com.externalApi.Dumps"/>
  <testcase name="login" time="0.000" classname="com.externalApi.Dumps"/>
  <testcase name="login" time="0.001" classname="com.externalApi.Dumps"/>
  <testcase name="login" time="0.000" classname="com.externalApi.Dumps"/>
  <testcase name="login" time="0.000" classname="com.externalApi.Dumps"/>
  <testcase name="login" time="0.000" classname="com.externalApi.Dumps"/>
  <testcase name="login" time="0.001" classname="com.externalApi.Dumps"/>
  <testcase name="login" time="0.001" classname="com.externalApi.Dumps"/>
  <testcase name="login" time="0.001" classname="com.externalApi.Dumps"/>
  <testcase name="login" time="0.000" classname="com.externalApi.Dumps"/>
  <testcase name="login" time="0.001" classname="com.externalApi.Dumps"/>
  <testcase name="login" time="0.001" classname="com.externalApi.Dumps"/>
  <testcase name="login" time="0.001" classname="com.externalApi.Dumps"/>
  <testcase name="login" time="0.211" classname="com.externalApi.Dumps"/>
  <testcase name="login" time="0.000" classname="com.externalApi.Dumps"/>
  <testcase name="login" time="0.000" classname="com.externalApi.Dumps"/>
  <testcase name="login" time="0.002" classname="com.externalApi.Dumps"/>
  <testcase name="login" time="0.002" classname="com.externalApi.Dumps"/>
  <testcase name="login" time="0.001" classname="com.externalApi.Dumps"/>
  <testcase name="login" time="0.000" classname="com.externalApi.Dumps"/>
  <testcase name="login" time="0.000" classname="com.externalApi.Dumps"/>
  <testcase name="login" time="0.001" classname="com.externalApi.Dumps"/>
  <testcase name="login" time="0.000" classname="com.externalApi.Dumps"/>
  <testcase name="login" time="0.000" classname="com.externalApi.Dumps"/>
  <testcase name="login" time="0.000" classname="com.externalApi.Dumps"/>
  <testcase name="login" time="0.002" classname="com.externalApi.Dumps"/>
  <testcase name="login" time="0.000" classname="com.externalApi.Dumps"/>
  <testcase name="login" time="0.001" classname="com.externalApi.Dumps"/>
  <testcase name="login" time="0.000" classname="com.externalApi.Dumps"/>
  <testcase name="login" time="0.000" classname="com.externalApi.Dumps"/>
  <testcase name="login" time="0.000" classname="com.externalApi.Dumps"/>
  <testcase name="login" time="0.001" classname="com.externalApi.Dumps"/>
  <testcase name="login" time="0.001" classname="com.externalApi.Dumps"/>
  <testcase name="login" time="0.000" classname="com.externalApi.Dumps"/>
  <testcase name="login" time="0.001" classname="com.externalApi.Dumps"/>
  <testcase name="login" time="0.001" classname="com.externalApi.Dumps"/>
  <testcase name="login" time="0.002" classname="com.externalApi.Dumps"/>
  <testcase name="login" time="0.000" classname="com.externalApi.Dumps"/>
  <testcase name="login" time="0.002" classname="com.externalApi.Dumps"/>
  <testcase name="login" time="0.002" classname="com.externalApi.Dumps"/>
  <testcase name="login" time="0.001" classname="com.externalApi.Dumps"/>
  <testcase name="login" time="0.000" classname="com.externalApi.Dumps"/>
  <testcase name="login" time="0.001" classname="com.externalApi.Dumps"/>
  <testcase name="login" time="0.000" classname="com.externalApi.Dumps"/>
  <testcase name="login" time="0.001" classname="com.externalApi.Dumps"/>
  <testcase name="login" time="0.000" classname="com.externalApi.Dumps"/>
  <testcase name="login" time="0.000" classname="com.externalApi.Dumps"/>
  <testcase name="login" time="0.000" classname="com.externalApi.Dumps"/>
  <testcase name="login" time="0.001" classname="com.externalApi.Dumps"/>
  <testcase name="login" time="0.000" classname="com.externalApi.Dumps"/>
  <testcase name="login" time="0.138" classname="com.externalApi.Dumps"/>
  <testcase name="login" time="0.001" classname="com.externalApi.Dumps"/>
  <testcase name="login" time="0.001" classname="com.externalApi.Dumps"/>
  <testcase name="login" time="0.001" classname="com.externalApi.Dumps"/>
  <testcase name="login" time="0.001" classname="com.externalApi.Dumps"/>
  <testcase name="login" time="0.001" classname="com.externalApi.Dumps"/>
  <testcase name="login" time="0.000" classname="com.externalApi.Dumps"/>
  <testcase name="login" time="0.000" classname="com.externalApi.Dumps"/>
  <testcase name="login" time="0.001" classname="com.externalApi.Dumps"/>
  <testcase name="login" time="0.000" classname="com.externalApi.Dumps"/>
  <testcase name="login" time="0.000" classname="com.externalApi.Dumps"/>
  <testcase name="login" time="0.001" classname="com.externalApi.Dumps"/>
  <testcase name="login" time="0.001" classname="com.externalApi.Dumps"/>
  <testcase name="login" time="0.001" classname="com.externalApi.Dumps"/>
  <testcase name="login" time="0.001" classname="com.externalApi.Dumps"/>
  <testcase name="login" time="0.000" classname="com.externalApi.Dumps"/>
  <testcase name="login" time="0.000" classname="com.externalApi.Dumps"/>
  <testcase name="login" time="0.001" classname="com.externalApi.Dumps"/>
  <testcase name="login" time="0.000" classname="com.externalApi.Dumps"/>
  <testcase name="login" time="0.001" classname="com.externalApi.Dumps"/>
  <testcase name="login" time="0.001" classname="com.externalApi.Dumps"/>
  <testcase name="login" time="0.001" classname="com.externalApi.Dumps"/>
  <testcase name="login" time="0.000" classname="com.externalApi.Dumps"/>
  <testcase name="login" time="0.001" classname="com.externalApi.Dumps"/>
  <testcase name="login" time="0.000" classname="com.externalApi.Dumps"/>
  <testcase name="login" time="0.001" classname="com.externalApi.Dumps"/>
  <testcase name="login" time="0.001" classname="com.externalApi.Dumps"/>
  <testcase name="login" time="0.000" classname="com.externalApi.Dumps"/>
  <testcase name="login" time="0.000" classname="com.externalApi.Dumps"/>
  <testcase name="login" time="0.001" classname="com.externalApi.Dumps"/>
  <testcase name="login" time="0.001" classname="com.externalApi.Dumps"/>
  <testcase name="login" time="0.000" classname="com.externalApi.Dumps"/>
  <testcase name="login" time="0.000" classname="com.externalApi.Dumps"/>
  <testcase name="login" time="0.000" classname="com.externalApi.Dumps"/>
  <testcase name="login" time="0.000" classname="com.externalApi.Dumps"/>
  <testcase name="login" time="0.000" classname="com.externalApi.Dumps"/>
  <testcase name="login" time="0.001" classname="com.externalApi.Dumps"/>
  <testcase name="login" time="0.001" classname="com.externalApi.Dumps"/>
  <testcase name="login" time="0.001" classname="com.externalApi.Dumps"/>
  <testcase name="login" time="0.000" classname="com.externalApi.Dumps"/>
  <testcase name="login" time="0.001" classname="com.externalApi.Dumps"/>
  <testcase name="login" time="0.000" classname="com.externalApi.Dumps"/>
  <testcase name="login" time="0.000" classname="com.externalApi.Dumps"/>
  <testcase name="login" time="0.000" classname="com.externalApi.Dumps"/>
  <testcase name="login" time="0.002" classname="com.externalApi.Dumps"/>
  <testcase name="login" time="0.001" classname="com.externalApi.Dumps"/>
  <testcase name="login" time="0.001" classname="com.externalApi.Dumps"/>
  <testcase name="login" time="0.000" classname="com.externalApi.Dumps"/>
  <testcase name="login" time="0.001" classname="com.externalApi.Dumps"/>
  <testcase name="login" time="0.000" classname="com.externalApi.Dumps"/>
  <testcase name="login" time="0.002" classname="com.externalApi.Dumps"/>
  <testcase name="login" time="0.001" classname="com.externalApi.Dumps"/>
  <testcase name="login" time="0.001" classname="com.externalApi.Dumps"/>
  <testcase name="login" time="0.001" classname="com.externalApi.Dumps"/>
  <testcase name="login" time="0.002" classname="com.externalApi.Dumps"/>
  <testcase name="login" time="0.001" classname="com.externalApi.Dumps"/>
  <testcase name="login" time="0.001" classname="com.externalApi.Dumps"/>
  <testcase name="login" time="0.000" classname="com.externalApi.Dumps"/>
  <testcase name="login" time="0.000" classname="com.externalApi.Dumps"/>
  <testcase name="login" time="0.000" classname="com.externalApi.Dumps"/>
  <testcase name="login" time="0.001" classname="com.externalApi.Dumps"/>
  <testcase name="login" time="0.001" classname="com.externalApi.Dumps"/>
  <testcase name="login" time="0.002" classname="com.externalApi.Dumps"/>
  <testcase name="login" time="0.000" classname="com.externalApi.Dumps"/>
  <testcase name="login" time="0.000" classname="com.externalApi.Dumps"/>
  <testcase name="login" time="0.000" classname="com.externalApi.Dumps"/>
  <testcase name="login" time="0.001" classname="com.externalApi.Dumps"/>
  <testcase name="login" time="0.001" classname="com.externalApi.Dumps"/>
  <testcase name="login" time="0.001" classname="com.externalApi.Dumps"/>
  <testcase name="login" time="0.000" classname="com.externalApi.Dumps"/>
  <testcase name="login" time="0.002" classname="com.externalApi.Dumps"/>
  <testcase name="login" time="0.042" classname="com.externalApi.Dumps"/>
  <testcase name="login" time="0.011" classname="com.externalApi.Dumps"/>
  <testcase name="login" time="0.001" classname="com.externalApi.Dumps"/>
  <testcase name="login" time="0.001" classname="com.externalApi.Dumps"/>
  <testcase name="login" time="0.000" classname="com.externalApi.Dumps"/>
  <testcase name="login" time="0.001" classname="com.externalApi.Dumps"/>
  <testcase name="login" time="0.000" classname="com.externalApi.Dumps"/>
  <testcase name="login" time="0.000" classname="com.externalApi.Dumps"/>
  <testcase name="login" time="0.002" classname="com.externalApi.Dumps"/>
  <testcase name="login" time="0.000" classname="com.externalApi.Dumps"/>
  <testcase name="login" time="0.001" classname="com.externalApi.Dumps"/>
  <testcase name="login" time="0.001" classname="com.externalApi.Dumps"/>
  <testcase name="login" time="0.000" classname="com.externalApi.Dumps"/>
  <testcase name="login" time="0.001" classname="com.externalApi.Dumps"/>
  <testcase name="login" time="0.002" classname="com.externalApi.Dumps"/>
  <testcase name="login" time="0.000" classname="com.externalApi.Dumps"/>
  <testcase name="login" time="0.002" classname="com.externalApi.Dumps"/>
  <testcase name="login" time="0.000" classname="com.externalApi.Dumps"/>
  <testcase name="login" time="0.000" classname="com.externalApi.Dumps"/>
  <testcase name="login" time="0.001" classname="com.externalApi.Dumps"/>
  <testcase name="login" time="0.000" classname="com.externalApi.Dumps"/>
  <testcase name="login" time="0.000" classname="com.externalApi.Dumps"/>
  <testcase name="login" time="0.000" classname="com.externalApi.Dumps"/>
  <testcase name="login" time="0.000" classname="com.externalApi.Dumps"/>
  <testcase name="login" time="0.000" classname="com.externalApi.Dumps"/>
  <testcase name="login" time="0.001" classname="com.externalApi.Dumps"/>
  <testcase name="login" time="0.001" classname="com.externalApi.Dumps"/>
  <testcase name="login" time="0.000" classname="com.externalApi.Dumps"/>
  <testcase name="login" time="0.006" classname="com.externalApi.Dumps"/>
  <testcase name="login" time="0.002" classname="com.externalApi.Dumps"/>
  <testcase name="login" time="0.001" classname="com.externalApi.Dumps"/>
  <testcase name="login" time="0.000" classname="com.externalApi.Dumps"/>
  <testcase name="login" time="0.001" classname="com.externalApi.Dumps"/>
  <testcase name="login" time="0.001" classname="com.externalApi.Dumps"/>
  <testcase name="login" time="0.002" classname="com.externalApi.Dumps"/>
  <testcase name="login" time="0.000" classname="com.externalApi.Dumps"/>
  <testcase name="login" time="0.000" classname="com.externalApi.Dumps"/>
  <testcase name="login" time="0.001" classname="com.externalApi.Dumps"/>
  <testcase name="login" time="0.000" classname="com.externalApi.Dumps"/>
  <testcase name="login" time="0.001" classname="com.externalApi.Dumps"/>
  <testcase name="login" time="0.001" classname="com.externalApi.Dumps"/>
  <testcase name="login" time="0.001" classname="com.externalApi.Dumps"/>
  <testcase name="login" time="0.003" classname="com.externalApi.Dumps"/>
  <testcase name="login" time="0.000" classname="com.externalApi.Dumps"/>
  <testcase name="login" time="0.000" classname="com.externalApi.Dumps"/>
  <testcase name="login" time="0.001" classname="com.externalApi.Dumps"/>
  <testcase name="login" time="0.000" classname="com.externalApi.Dumps"/>
  <testcase name="login" time="0.001" classname="com.externalApi.Dumps"/>
  <testcase name="login" time="0.000" classname="com.externalApi.Dumps"/>
  <testcase name="login" time="0.001" classname="com.externalApi.Dumps"/>
  <testcase name="login" time="0.002" classname="com.externalApi.Dumps"/>
  <testcase name="login" time="0.000" classname="com.externalApi.Dumps"/>
  <testcase name="login" time="0.001" classname="com.externalApi.Dumps"/>
  <testcase name="login" time="0.001" classname="com.externalApi.Dumps"/>
  <testcase name="login" time="0.001" classname="com.externalApi.Dumps"/>
  <testcase name="login" time="0.000" classname="com.externalApi.Dumps"/>
  <testcase name="login" time="0.001" classname="com.externalApi.Dumps"/>
  <testcase name="login" time="0.228" classname="com.externalApi.Dumps"/>
  <testcase name="login" time="0.001" classname="com.externalApi.Dumps"/>
  <testcase name="login" time="0.000" classname="com.externalApi.Dumps"/>
  <testcase name="login" time="0.000" classname="com.externalApi.Dumps"/>
  <testcase name="login" time="0.001" classname="com.externalApi.Dumps"/>
  <testcase name="login" time="0.001" classname="com.externalApi.Dumps"/>
  <testcase name="login" time="0.000" classname="com.externalApi.Dumps"/>
  <testcase name="login" time="0.000" classname="com.externalApi.Dumps"/>
  <testcase name="login" time="0.000" classname="com.externalApi.Dumps"/>
  <testcase name="login" time="0.001" classname="com.externalApi.Dumps"/>
  <testcase name="login" time="0.000" classname="com.externalApi.Dumps"/>
  <testcase name="login" time="0.001" classname="com.externalApi.Dumps"/>
  <testcase name="login" time="0.000" classname="com.externalApi.Dumps"/>
  <testcase name="login" time="0.001" classname="com.externalApi.Dumps"/>
  <testcase name="login" time="0.000" classname="com.externalApi.Dumps"/>
  <testcase name="login" time="0.000" classname="com.externalApi.Dumps"/>
  <testcase name="login" time="0.000" classname="com.externalApi.Dumps"/>
  <testcase name="login" time="0.000" classname="com.externalApi.Dumps"/>
  <testcase name="login" time="0.001" classname="com.externalApi.Dumps"/>
  <testcase name="login" time="0.041" classname="com.externalApi.Dumps"/>
  <testcase name="login" time="0.001" classname="com.externalApi.Dumps"/>
  <testcase name="login" time="0.001" classname="com.externalApi.Dumps"/>
  <testcase name="login" time="0.001" classname="com.externalApi.Dumps"/>
  <testcase name="login" time="0.002" classname="com.externalApi.Dumps"/>
  <testcase name="login" time="0.001" classname="com.externalApi.Dumps"/>
  <testcase name="login" time="0.000" classname="com.externalApi.Dumps"/>
  <testcase name="login" time="0.000" classname="com.externalApi.Dumps"/>
  <testcase name="login" time="0.001" classname="com.externalApi.Dumps"/>
  <testcase name="login" time="0.000" classname="com.externalApi.Dumps"/>
  <testcase name="login" time="0.000" classname="com.externalApi.Dumps"/>
  <testcase name="login" time="0.001" classname="com.externalApi.Dumps"/>
  <testcase name="login" time="0.001" classname="com.externalApi.Dumps"/>
  <testcase name="login" time="0.000" classname="com.externalApi.Dumps"/>
  <testcase name="login" time="0.000" classname="com.externalApi.Dumps"/>
  <testcase name="login" time="0.001" classname="com.externalApi.Dumps"/>
  <testcase name="login" time="0.000" classname="com.externalApi.Dumps"/>
  <testcase name="login" time="0.000" classname="com.externalApi.Dumps"/>
  <testcase name="login" time="0.001" classname="com.externalApi.Dumps"/>
  <testcase name="login" time="0.001" classname="com.externalApi.Dumps"/>
  <testcase name="login" time="0.000" classname="com.externalApi.Dumps"/>
  <testcase name="login" time="0.000" classname="com.externalApi.Dumps"/>
  <testcase name="login" time="0.001" classname="com.externalApi.Dumps"/>
  <testcase name="login" time="0.000" classname="com.externalApi.Dumps"/>
  <testcase name="login" time="0.000" classname="com.externalApi.Dumps"/>
  <testcase name="login" time="0.001" classname="com.externalApi.Dumps"/>
  <testcase name="login" time="0.000" classname="com.externalApi.Dumps"/>
  <testcase name="login" time="0.000" classname="com.externalApi.Dumps"/>
  <testcase name="login" time="0.002" classname="com.externalApi.Dumps"/>
  <testcase name="login" time="0.000" classname="com.externalApi.Dumps"/>
  <testcase name="login" time="0.001" classname="com.externalApi.Dumps"/>
  <testcase name="login" time="0.002" classname="com.externalApi.Dumps"/>
  <testcase name="login" time="0.000" classname="com.externalApi.Dumps"/>
  <testcase name="login" time="0.000" classname="com.externalApi.Dumps"/>
  <testcase name="login" time="0.000" classname="com.externalApi.Dumps"/>
  <testcase name="login" time="0.001" classname="com.externalApi.Dumps"/>
  <testcase name="login" time="0.000" classname="com.externalApi.Dumps"/>
  <testcase name="login" time="0.001" classname="com.externalApi.Dumps"/>
  <testcase name="login" time="0.000" classname="com.externalApi.Dumps"/>
  <testcase name="login" time="0.001" classname="com.externalApi.Dumps"/>
  <testcase name="login" time="0.001" classname="com.externalApi.Dumps"/>
  <testcase name="login" time="0.001" classname="com.externalApi.Dumps"/>
  <testcase name="login" time="0.002" classname="com.externalApi.Dumps"/>
  <testcase name="login" time="0.001" classname="com.externalApi.Dumps"/>
  <testcase name="login" time="0.001" classname="com.externalApi.Dumps"/>
  <testcase name="login" time="0.001" classname="com.externalApi.Dumps"/>
  <testcase name="login" time="0.001" classname="com.externalApi.Dumps"/>
  <testcase name="login" time="0.000" classname="com.externalApi.Dumps"/>
  <testcase name="login" time="0.027" classname="com.externalApi.Dumps"/>
  <testcase name="login" time="0.000" classname="com.externalApi.Dumps"/>
  <testcase name="login" time="0.000" classname="com.externalApi.Dumps"/>
  <testcase name="login" time="0.001" classname="com.externalApi.Dumps"/>
  <testcase name="login" time="0.001" classname="com.externalApi.Dumps"/>
  <testcase name="login" time="0.001" classname="com.externalApi.Dumps"/>
  <testcase name="login" time="0.002" classname="com.externalApi.Dumps"/>
  <testcase name="login" time="0.001" classname="com.externalApi.Dumps"/>
  <testcase name="login" time="0.001" classname="com.externalApi.Dumps"/>
  <testcase name="login" time="0.001" classname="com.externalApi.Dumps"/>
  <testcase name="login" time="0.000" classname="com.externalApi.Dumps"/>
  <testcase name="login" time="0.000" classname="com.externalApi.Dumps"/>
  <testcase name="login" time="0.001" classname="com.externalApi.Dumps"/>
  <testcase name="login" time="0.000" classname="com.externalApi.Dumps"/>
  <testcase name="login" time="0.000" classname="com.externalApi.Dumps"/>
  <testcase name="login" time="0.001" classname="com.externalApi.Dumps"/>
  <testcase name="login" time="0.002" classname="com.externalApi.Dumps"/>
  <testcase name="login" time="0.001" classname="com.externalApi.Dumps"/>
  <testcase name="login" time="0.000" classname="com.externalApi.Dumps"/>
  <testcase name="login" time="0.000" classname="com.externalApi.Dumps"/>
  <testcase name="login" time="0.002" classname="com.externalApi.Dumps"/>
  <testcase name="login" time="0.000" classname="com.externalApi.Dumps"/>
  <testcase name="login" time="0.000" classname="com.externalApi.Dumps"/>
  <testcase name="login" time="0.001" classname="com.externalApi.Dumps"/>
  <testcase name="login" time="0.000" classname="com.externalApi.Dumps"/>
  <testcase name="login" time="0.000" classname="com.externalApi.Dumps"/>
  <testcase name="login" time="0.001" classname="com.externalApi.Dumps"/>
  <testcase name="login" time="0.001" classname="com.externalApi.Dumps"/>
  <testcase name="login" time="0.001" classname="com.externalApi.Dumps"/>
  <testcase name="login" time="0.001" classname="com.externalApi.Dumps"/>
  <testcase name="login" time="0.002" classname="com.externalApi.Dumps"/>
  <testcase name="login" time="0.000" classname="com.externalApi.Dumps"/>
  <testcase name="login" time="0.001" classname="com.externalApi.Dumps"/>
  <testcase name="login" time="0.001" classname="com.externalApi.Dumps"/>
  <testcase name="login" time="0.001" classname="com.externalApi.Dumps"/>
  <testcase name="login" time="0.000" classname="com.externalApi.Dumps"/>
  <testcase name="login" time="0.002" classname="com.externalApi.Dumps"/>
  <testcase name="login" time="0.001" classname="com.externalApi.Dumps"/>
  <testcase name="login" time="0.135" classname="com.externalApi.Dumps"/>
  <testcase name="login" time="0.001" classname="com.externalApi.Dumps"/>
  <testcase name="login" time="0.001" classname="com.externalApi.Dumps"/>
  <testcase name="login" time="0.001" classname="com.externalApi.Dumps"/>
  <testcase name="login" time="0.000" classname="com.externalApi.Dumps"/>
  <testcase name="login" time="0.000" classname="com.externalApi.Dumps"/>
  <testcase name="login" time="0.000" classname="com.externalApi.Dumps"/>
  <testcase name="login" time="0.001" classname="com.externalApi.Dumps"/>
  <testcase name="login" time="0.000" classname="com.externalApi.Dumps"/>
  <testcase name="login" time="0.001" classname="com.externalApi.Dumps"/>
  <testcase name="login" time="0.000" classname="com.externalApi.Dumps"/>
  <testcase name="login" time="0.000" classname="com.externalApi.Dumps"/>
  <testcase name="login" time="0.000" classname="com.externalApi.Dumps"/>
  <testcase name="login" time="0.001" classname="com.externalApi.Dumps"/>
  <testcase name="login" time="0.000" classname="com.externalApi.Dumps"/>
  <testcase name="login" time="0.001" classname="com.externalApi.Dumps"/>
  <testcase name="login" time="0.000" classname="com.externalApi.Dumps"/>
  <testcase name="login" time="0.001" classname="com.externalApi.Dumps"/>
  <testcase name="login" time="0.040" classname="com.externalApi.Dumps"/>
  <testcase name="login" time="0.001" classname="com.externalApi.Dumps"/>
  <testcase name="login" time="0.000" classname="com.externalApi.Dumps"/>
  <testcase name="login" time="0.001" classname="com.externalApi.Dumps"/>
  <testcase name="login" time="0.000" classname="com.externalApi.Dumps"/>
  <testcase name="login" time="0.001" classname="com.externalApi.Dumps"/>
  <testcase name="login" time="0.001" classname="com.externalApi.Dumps"/>
  <testcase name="login" time="0.001" classname="com.externalApi.Dumps"/>
  <testcase name="login" time="0.000" classname="com.externalApi.Dumps"/>
  <testcase name="login" time="0.001" classname="com.externalApi.Dumps"/>
  <testcase name="login" time="0.000" classname="com.externalApi.Dumps"/>
  <testcase name="login" time="0.001" classname="com.externalApi.Dumps"/>
  <testcase name="login" time="0.001" classname="com.externalApi.Dumps"/>
  <testcase name="login" time="0.000" classname="com.externalApi.Dumps"/>
  <testcase name="login" time="0.001" classname="com.externalApi.Dumps"/>
  <testcase name="login" time="0.000" classname="com.externalApi.Dumps"/>
  <testcase name="login" time="0.001" classname="com.externalApi.Dumps"/>
  <testcase name="login" time="0.001" classname="com.externalApi.Dumps"/>
  <testcase name="login" time="0.000" classname="com.externalApi.Dumps"/>
  <testcase name="login" time="0.002" classname="com.externalApi.Dumps"/>
  <testcase name="login" time="0.000" classname="com.externalApi.Dumps"/>
  <testcase name="login" time="0.000" classname="com.externalApi.Dumps"/>
  <testcase name="login" time="0.002" classname="com.externalApi.Dumps"/>
  <testcase name="login" time="0.000" classname="com.externalApi.Dumps"/>
  <testcase name="login" time="0.000" classname="com.externalApi.Dumps"/>
  <testcase name="login" time="0.001" classname="com.externalApi.Dumps"/>
  <testcase name="login" time="0.001" classname="com.externalApi.Dumps"/>
  <testcase name="login" time="0.001" classname="com.externalApi.Dumps"/>
  <testcase name="login" time="0.001" classname="com.externalApi.Dumps"/>
  <testcase name="login" time="0.001" classname="com.externalApi.Dumps"/>
  <testcase name="login" time="0.002" classname="com.externalApi.Dumps"/>
  <testcase name="login" time="0.000" classname="com.externalApi.Dumps"/>
  <testcase name="login" time="0.001" classname="com.externalApi.Dumps"/>
  <testcase name="login" time="0.001" classname="com.externalApi.Dumps"/>
  <testcase name="login" time="0.000" classname="com.externalApi.Dumps"/>
  <testcase name="login" time="0.001" classname="com.externalApi.Dumps"/>
  <testcase name="login" time="0.006" classname="com.externalApi.Dumps"/>
  <testcase name="login" time="0.001" classname="com.externalApi.Dumps"/>
  <testcase name="login" time="0.000" classname="com.externalApi.Dumps"/>
  <testcase name="login" time="0.001" classname="com.externalApi.Dumps"/>
  <testcase name="login" time="0.001" classname="com.externalApi.Dumps"/>
  <testcase name="login" time="0.002" classname="com.externalApi.Dumps"/>
  <testcase name="login" time="0.000" classname="com.externalApi.Dumps"/>
  <testcase name="login" time="0.001" classname="com.externalApi.Dumps"/>
  <testcase name="login" time="0.000" classname="com.externalApi.Dumps"/>
  <testcase name="login" time="0.001" classname="com.externalApi.Dumps"/>
  <testcase name="login" time="0.000" classname="com.externalApi.Dumps"/>
  <testcase name="login" time="0.000" classname="com.externalApi.Dumps"/>
  <testcase name="login" time="0.000" classname="com.externalApi.Dumps"/>
  <testcase name="login" time="0.001" classname="com.externalApi.Dumps"/>
  <testcase name="login" time="0.000" classname="com.externalApi.Dumps"/>
  <testcase name="login" time="0.000" classname="com.externalApi.Dumps"/>
  <testcase name="login" time="0.001" classname="com.externalApi.Dumps"/>
  <testcase name="login" time="0.000" classname="com.externalApi.Dumps"/>
  <testcase name="login" time="0.000" classname="com.externalApi.Dumps"/>
  <testcase name="login" time="0.001" classname="com.externalApi.Dumps"/>
  <testcase name="login" time="0.001" classname="com.externalApi.Dumps"/>
  <testcase name="login" time="0.000" classname="com.externalApi.Dumps"/>
  <testcase name="login" time="0.001" classname="com.externalApi.Dumps"/>
  <testcase name="login" time="0.002" classname="com.externalApi.Dumps"/>
  <testcase name="login" time="0.001" classname="com.externalApi.Dumps"/>
  <testcase name="login" time="0.000" classname="com.externalApi.Dumps"/>
  <testcase name="login" time="0.000" classname="com.externalApi.Dumps"/>
  <testcase name="login" time="0.000" classname="com.externalApi.Dumps"/>
  <testcase name="login" time="0.001" classname="com.externalApi.Dumps"/>
  <testcase name="login" time="0.001" classname="com.externalApi.Dumps"/>
  <testcase name="login" time="0.001" classname="com.externalApi.Dumps"/>
  <testcase name="login" time="0.001" classname="com.externalApi.Dumps"/>
  <testcase name="login" time="0.001" classname="com.externalApi.Dumps"/>
  <testcase name="login" time="0.069" classname="com.externalApi.Dumps"/>
  <testcase name="login" time="0.001" classname="com.externalApi.Dumps"/>
  <testcase name="login" time="0.000" classname="com.externalApi.Dumps"/>
  <testcase name="login" time="0.001" classname="com.externalApi.Dumps"/>
  <testcase name="login" time="0.001" classname="com.externalApi.Dumps"/>
  <testcase name="login" time="0.001" classname="com.externalApi.Dumps"/>
  <testcase name="login" time="0.001" classname="com.externalApi.Dumps"/>
  <testcase name="login" time="0.003" classname="com.externalApi.Dumps"/>
  <testcase name="login" time="0.000" classname="com.externalApi.Dumps"/>
  <testcase name="login" time="0.001" classname="com.externalApi.Dumps"/>
  <testcase name="login" time="0.001" classname="com.externalApi.Dumps"/>
  <testcase name="login" time="0.002" classname="com.externalApi.Dumps"/>
  <testcase name="login" time="0.001" classname="com.externalApi.Dumps"/>
  <testcase name="login" time="0.000" classname="com.externalApi.Dumps"/>
  <testcase name="login" time="0.002" classname="com.externalApi.Dumps"/>
  <testcase name="login" time="0.005" classname="com.externalApi.Dumps"/>
  <testcase name="login" time="0.003" classname="com.externalApi.Dumps"/>
  <testcase name="login" time="0.000" classname="com.externalApi.Dumps"/>
  <testcase name="login" time="0.000" classname="com.externalApi.Dumps"/>
  <testcase name="login" time="0.001" classname="com.externalApi.Dumps"/>
  <testcase name="login" time="0.001" classname="com.externalApi.Dumps"/>
  <testcase name="login" time="0.000" classname="com.externalApi.Dumps"/>
  <testcase name="login" time="0.001" classname="com.externalApi.Dumps"/>
  <testcase name="login" time="0.000" classname="com.externalApi.Dumps"/>
  <testcase name="login" time="0.001" classname="com.externalApi.Dumps"/>
  <testcase name="login" time="0.001" classname="com.externalApi.Dumps"/>
  <testcase name="login" time="0.001" classname="com.externalApi.Dumps"/>
  <testcase name="login" time="0.001" classname="com.externalApi.Dumps"/>
  <testcase name="login" time="0.003" classname="com.externalApi.Dumps"/>
  <testcase name="login" time="0.000" classname="com.externalApi.Dumps"/>
  <testcase name="login" time="0.002" classname="com.externalApi.Dumps"/>
  <testcase name="login" time="0.002" classname="com.externalApi.Dumps"/>
  <testcase name="login" time="0.001" classname="com.externalApi.Dumps"/>
  <testcase name="login" time="0.000" classname="com.externalApi.Dumps"/>
  <testcase name="login" time="0.000" classname="com.externalApi.Dumps"/>
  <testcase name="login" time="0.001" classname="com.externalApi.Dumps"/>
  <testcase name="login" time="0.000" classname="com.externalApi.Dumps"/>
  <testcase name="login" time="0.001" classname="com.externalApi.Dumps"/>
  <testcase name="login" time="0.000" classname="com.externalApi.Dumps"/>
  <testcase name="login" time="0.000" classname="com.externalApi.Dumps"/>
  <testcase name="login" time="0.001" classname="com.externalApi.Dumps"/>
  <testcase name="login" time="0.001" classname="com.externalApi.Dumps"/>
  <testcase name="login" time="0.000" classname="com.externalApi.Dumps"/>
  <testcase name="login" time="0.000" classname="com.externalApi.Dumps"/>
  <testcase name="login" time="0.001" classname="com.externalApi.Dumps"/>
  <testcase name="login" time="0.000" classname="com.externalApi.Dumps"/>
  <testcase name="login" time="0.001" classname="com.externalApi.Dumps"/>
  <testcase name="login" time="0.000" classname="com.externalApi.Dumps"/>
  <testcase name="login" time="0.001" classname="com.externalApi.Dumps"/>
  <testcase name="login" time="0.000" classname="com.externalApi.Dumps"/>
  <testcase name="login" time="0.000" classname="com.externalApi.Dumps"/>
  <testcase name="login" time="0.001" classname="com.externalApi.Dumps"/>
  <testcase name="login" time="0.000" classname="com.externalApi.Dumps"/>
  <testcase name="login" time="0.001" classname="com.externalApi.Dumps"/>
  <testcase name="login" time="0.001" classname="com.externalApi.Dumps"/>
  <testcase name="login" time="0.003" classname="com.externalApi.Dumps"/>
  <testcase name="login" time="0.002" classname="com.externalApi.Dumps"/>
  <testcase name="login" time="0.001" classname="com.externalApi.Dumps"/>
  <testcase name="login" time="0.001" classname="com.externalApi.Dumps"/>
  <testcase name="login" time="0.000" classname="com.externalApi.Dumps"/>
  <testcase name="login" time="0.000" classname="com.externalApi.Dumps"/>
  <testcase name="login" time="0.001" classname="com.externalApi.Dumps"/>
  <testcase name="login" time="0.001" classname="com.externalApi.Dumps"/>
  <testcase name="login" time="0.000" classname="com.externalApi.Dumps"/>
  <testcase name="login" time="0.000" classname="com.externalApi.Dumps"/>
  <testcase name="login" time="0.002" classname="com.externalApi.Dumps"/>
  <testcase name="login" time="0.000" classname="com.externalApi.Dumps"/>
  <testcase name="login" time="0.000" classname="com.externalApi.Dumps"/>
  <testcase name="login" time="0.000" classname="com.externalApi.Dumps"/>
  <testcase name="login" time="0.000" classname="com.externalApi.Dumps"/>
  <testcase name="login" time="0.000" classname="com.externalApi.Dumps"/>
  <testcase name="login" time="0.001" classname="com.externalApi.Dumps"/>
  <testcase name="login" time="0.001" classname="com.externalApi.Dumps"/>
  <testcase name="login" time="0.000" classname="com.externalApi.Dumps"/>
  <testcase name="login" time="0.000" classname="com.externalApi.Dumps"/>
  <testcase name="login" time="0.000" classname="com.externalApi.Dumps"/>
  <testcase name="login" time="0.000" classname="com.externalApi.Dumps"/>
  <testcase name="login" time="0.001" classname="com.externalApi.Dumps"/>
  <testcase name="login" time="0.000" classname="com.externalApi.Dumps"/>
  <testcase name="login" time="0.000" classname="com.externalApi.Dumps"/>
  <testcase name="login" time="0.000" classname="com.externalApi.Dumps"/>
  <testcase name="login" time="0.000" classname="com.externalApi.Dumps"/>
  <testcase name="login" time="0.000" classname="com.externalApi.Dumps"/>
  <testcase name="login" time="0.001" classname="com.externalApi.Dumps"/>
  <testcase name="login" time="0.000" classname="com.externalApi.Dumps"/>
  <testcase name="login" time="0.001" classname="com.externalApi.Dumps"/>
  <testcase name="login" time="0.001" classname="com.externalApi.Dumps"/>
  <testcase name="login" time="0.001" classname="com.externalApi.Dumps"/>
  <testcase name="login" time="0.000" classname="com.externalApi.Dumps"/>
  <testcase name="login" time="0.001" classname="com.externalApi.Dumps"/>
  <testcase name="login" time="0.001" classname="com.externalApi.Dumps"/>
  <testcase name="login" time="0.000" classname="com.externalApi.Dumps"/>
  <testcase name="login" time="0.000" classname="com.externalApi.Dumps"/>
  <testcase name="login" time="0.000" classname="com.externalApi.Dumps"/>
  <testcase name="login" time="0.000" classname="com.externalApi.Dumps"/>
  <testcase name="login" time="0.000" classname="com.externalApi.Dumps"/>
  <testcase name="login" time="0.000" classname="com.externalApi.Dumps"/>
  <testcase name="login" time="0.001" classname="com.externalApi.Dumps"/>
  <testcase name="login" time="0.002" classname="com.externalApi.Dumps"/>
  <testcase name="login" time="0.000" classname="com.externalApi.Dumps"/>
  <testcase name="login" time="0.000" classname="com.externalApi.Dumps"/>
  <testcase name="login" time="0.001" classname="com.externalApi.Dumps"/>
  <testcase name="login" time="0.001" classname="com.externalApi.Dumps"/>
  <testcase name="login" time="0.001" classname="com.externalApi.Dumps"/>
  <testcase name="login" time="0.000" classname="com.externalApi.Dumps"/>
  <testcase name="login" time="0.000" classname="com.externalApi.Dumps"/>
  <testcase name="login" time="0.001" classname="com.externalApi.Dumps"/>
  <testcase name="login" time="0.000" classname="com.externalApi.Dumps"/>
  <testcase name="login" time="0.002" classname="com.externalApi.Dumps"/>
  <testcase name="login" time="0.001" classname="com.externalApi.Dumps"/>
  <testcase name="login" time="0.000" classname="com.externalApi.Dumps"/>
  <testcase name="login" time="0.000" classname="com.externalApi.Dumps"/>
  <testcase name="login" time="0.002" classname="com.externalApi.Dumps"/>
  <testcase name="login" time="0.000" classname="com.externalApi.Dumps"/>
  <testcase name="login" time="0.000" classname="com.externalApi.Dumps"/>
  <testcase name="login" time="0.000" classname="com.externalApi.Dumps"/>
  <testcase name="login" time="0.000" classname="com.externalApi.Dumps"/>
  <testcase name="login" time="0.000" classname="com.externalApi.Dumps"/>
  <testcase name="login" time="0.008" classname="com.externalApi.Dumps"/>
  <testcase name="login" time="0.373" classname="com.externalApi.Dumps"/>
  <testcase name="login" time="0.000" classname="com.externalApi.Dumps"/>
  <testcase name="login" time="0.001" classname="com.externalApi.Dumps"/>
  <testcase name="login" time="0.001" classname="com.externalApi.Dumps"/>
  <testcase name="login" time="0.001" classname="com.externalApi.Dumps"/>
  <testcase name="login" time="0.000" classname="com.externalApi.Dumps"/>
  <testcase name="login" time="0.000" classname="com.externalApi.Dumps"/>
  <testcase name="login" time="0.000" classname="com.externalApi.Dumps"/>
  <testcase name="login" time="0.001" classname="com.externalApi.Dumps"/>
  <testcase name="login" time="0.000" classname="com.externalApi.Dumps"/>
  <testcase name="login" time="0.000" classname="com.externalApi.Dumps"/>
  <testcase name="login" time="0.001" classname="com.externalApi.Dumps"/>
  <testcase name="login" time="0.000" classname="com.externalApi.Dumps"/>
  <testcase name="login" time="0.000" classname="com.externalApi.Dumps"/>
  <testcase name="login" time="0.002" classname="com.externalApi.Dumps"/>
  <testcase name="login" time="0.001" classname="com.externalApi.Dumps"/>
  <testcase name="login" time="0.001" classname="com.externalApi.Dumps"/>
  <testcase name="login" time="0.001" classname="com.externalApi.Dumps"/>
  <testcase name="login" time="0.000" classname="com.externalApi.Dumps"/>
  <testcase name="login" time="0.000" classname="com.externalApi.Dumps"/>
  <testcase name="login" time="0.000" classname="com.externalApi.Dumps"/>
  <testcase name="login" time="0.000" classname="com.externalApi.Dumps"/>
  <testcase name="login" time="0.000" classname="com.externalApi.Dumps"/>
  <testcase name="login" time="0.000" classname="com.externalApi.Dumps"/>
  <testcase name="login" time="0.001" classname="com.externalApi.Dumps"/>
  <testcase name="login" time="0.002" classname="com.externalApi.Dumps"/>
  <testcase name="login" time="0.000" classname="com.externalApi.Dumps"/>
  <testcase name="login" time="0.001" classname="com.externalApi.Dumps"/>
  <testcase name="login" time="0.000" classname="com.externalApi.Dumps"/>
  <testcase name="login" time="0.001" classname="com.externalApi.Dumps"/>
  <testcase name="login" time="0.002" classname="com.externalApi.Dumps"/>
  <testcase name="login" time="0.001" classname="com.externalApi.Dumps"/>
  <testcase name="login" time="0.001" classname="com.externalApi.Dumps"/>
  <testcase name="login" time="0.001" classname="com.externalApi.Dumps"/>
  <testcase name="login" time="0.000" classname="com.externalApi.Dumps"/>
  <testcase name="login" time="0.000" classname="com.externalApi.Dumps"/>
  <testcase name="login" time="0.000" classname="com.externalApi.Dumps"/>
  <testcase name="login" time="0.000" classname="com.externalApi.Dumps"/>
  <testcase name="login" time="0.001" classname="com.externalApi.Dumps"/>
  <testcase name="login" time="0.000" classname="com.externalApi.Dumps"/>
  <testcase name="login" time="0.086" classname="com.externalApi.Dumps"/>
  <testcase name="login" time="0.018" classname="com.externalApi.Dumps"/>
  <testcase name="login" time="0.001" classname="com.externalApi.Dumps"/>
  <testcase name="login" time="0.001" classname="com.externalApi.Dumps"/>
  <testcase name="login" time="0.000" classname="com.externalApi.Dumps"/>
  <testcase name="login" time="0.000" classname="com.externalApi.Dumps"/>
  <testcase name="login" time="0.000" classname="com.externalApi.Dumps"/>
  <testcase name="login" time="0.000" classname="com.externalApi.Dumps"/>
  <testcase name="login" time="0.001" classname="com.externalApi.Dumps"/>
  <testcase name="login" time="0.000" classname="com.externalApi.Dumps"/>
  <testcase name="login" time="0.001" classname="com.externalApi.Dumps"/>
  <testcase name="login" time="0.001" classname="com.externalApi.Dumps"/>
  <testcase name="login" time="0.000" classname="com.externalApi.Dumps"/>
  <testcase name="login" time="0.001" classname="com.externalApi.Dumps"/>
  <testcase name="login" time="0.000" classname="com.externalApi.Dumps"/>
  <testcase name="login" time="0.001" classname="com.externalApi.Dumps"/>
  <testcase name="login" time="0.000" classname="com.externalApi.Dumps"/>
  <testcase name="login" time="0.001" classname="com.externalApi.Dumps"/>
  <testcase name="login" time="0.000" classname="com.externalApi.Dumps"/>
  <testcase name="login" time="0.000" classname="com.externalApi.Dumps"/>
  <testcase name="login" time="0.001" classname="com.externalApi.Dumps"/>
  <testcase name="login" time="0.000" classname="com.externalApi.Dumps"/>
  <testcase name="login" time="0.001" classname="com.externalApi.Dumps"/>
  <testcase name="login" time="0.001" classname="com.externalApi.Dumps"/>
  <testcase name="login" time="0.000" classname="com.externalApi.Dumps"/>
  <testcase name="login" time="0.000" classname="com.externalApi.Dumps"/>
  <testcase name="login" time="0.000" classname="com.externalApi.Dumps"/>
  <testcase name="login" time="0.001" classname="com.externalApi.Dumps"/>
  <testcase name="login" time="0.001" classname="com.externalApi.Dumps"/>
  <testcase name="login" time="0.000" classname="com.externalApi.Dumps"/>
  <testcase name="login" time="0.001" classname="com.externalApi.Dumps"/>
  <testcase name="login" time="0.001" classname="com.externalApi.Dumps"/>
  <testcase name="login" time="0.000" classname="com.externalApi.Dumps"/>
  <testcase name="login" time="0.000" classname="com.externalApi.Dumps"/>
  <testcase name="login" time="0.000" classname="com.externalApi.Dumps"/>
  <testcase name="login" time="0.001" classname="com.externalApi.Dumps"/>
  <testcase name="login" time="0.000" classname="com.externalApi.Dumps"/>
  <testcase name="login" time="0.001" classname="com.externalApi.Dumps"/>
  <testcase name="login" time="0.000" classname="com.externalApi.Dumps"/>
  <testcase name="login" time="0.000" classname="com.externalApi.Dumps"/>
  <testcase name="login" time="0.000" classname="com.externalApi.Dumps"/>
  <testcase name="login" time="0.160" classname="com.externalApi.Dumps"/>
  <testcase name="login" time="0.001" classname="com.externalApi.Dumps"/>
  <testcase name="login" time="0.000" classname="com.externalApi.Dumps"/>
  <testcase name="login" time="0.001" classname="com.externalApi.Dumps"/>
  <testcase name="login" time="0.000" classname="com.externalApi.Dumps"/>
  <testcase name="login" time="0.001" classname="com.externalApi.Dumps"/>
  <testcase name="login" time="0.000" classname="com.externalApi.Dumps"/>
  <testcase name="login" time="0.000" classname="com.externalApi.Dumps"/>
  <testcase name="login" time="0.001" classname="com.externalApi.Dumps"/>
  <testcase name="login" time="0.001" classname="com.externalApi.Dumps"/>
  <testcase name="login" time="0.000" classname="com.externalApi.Dumps"/>
  <testcase name="login" time="0.000" classname="com.externalApi.Dumps"/>
  <testcase name="login" time="0.000" classname="com.externalApi.Dumps"/>
  <testcase name="login" time="0.000" classname="com.externalApi.Dumps"/>
  <testcase name="login" time="0.000" classname="com.externalApi.Dumps"/>
  <testcase name="login" time="0.040" classname="com.externalApi.Dumps"/>
  <testcase name="login" time="0.000" classname="com.externalApi.Dumps"/>
  <testcase name="login" time="0.000" classname="com.externalApi.Dumps"/>
  <testcase name="login" time="0.000" classname="com.externalApi.Dumps"/>
  <testcase name="login" time="0.000" classname="com.externalApi.Dumps"/>
  <testcase name="login" time="0.001" classname="com.externalApi.Dumps"/>
  <testcase name="login" time="0.001" classname="com.externalApi.Dumps"/>
  <testcase name="login" time="0.001" classname="com.externalApi.Dumps"/>
  <testcase name="login" time="0.001" classname="com.externalApi.Dumps"/>
  <testcase name="login" time="0.000" classname="com.externalApi.Dumps"/>
  <testcase name="login" time="0.000" classname="com.externalApi.Dumps"/>
  <testcase name="login" time="0.001" classname="com.externalApi.Dumps"/>
  <testcase name="login" time="0.001" classname="com.externalApi.Dumps"/>
  <testcase name="login" time="0.000" classname="com.externalApi.Dumps"/>
  <testcase name="login" time="0.001" classname="com.externalApi.Dumps"/>
  <testcase name="login" time="0.001" classname="com.externalApi.Dumps"/>
  <testcase name="login" time="0.001" classname="com.externalApi.Dumps"/>
  <testcase name="login" time="0.001" classname="com.externalApi.Dumps"/>
  <testcase name="login" time="0.000" classname="com.externalApi.Dumps"/>
  <testcase name="login" time="0.000" classname="com.externalApi.Dumps"/>
  <testcase name="login" time="0.000" classname="com.externalApi.Dumps"/>
  <testcase name="login" time="0.000" classname="com.externalApi.Dumps"/>
  <testcase name="login" time="0.000" classname="com.externalApi.Dumps"/>
  <testcase name="login" time="0.001" classname="com.externalApi.Dumps"/>
  <testcase name="login" time="0.001" classname="com.externalApi.Dumps"/>
  <testcase name="login" time="0.000" classname="com.externalApi.Dumps"/>
  <testcase name="login" time="0.002" classname="com.externalApi.Dumps"/>
  <testcase name="login" time="0.000" classname="com.externalApi.Dumps"/>
  <testcase name="login" time="0.000" classname="com.externalApi.Dumps"/>
  <testcase name="login" time="0.001" classname="com.externalApi.Dumps"/>
  <testcase name="login" time="0.001" classname="com.externalApi.Dumps"/>
  <testcase name="login" time="0.000" classname="com.externalApi.Dumps"/>
  <testcase name="login" time="0.002" classname="com.externalApi.Dumps"/>
  <testcase name="login" time="0.002" classname="com.externalApi.Dumps"/>
  <testcase name="login" time="0.001" classname="com.externalApi.Dumps"/>
  <testcase name="login" time="0.001" classname="com.externalApi.Dumps"/>
  <testcase name="login" time="0.001" classname="com.externalApi.Dumps"/>
  <testcase name="login" time="0.001" classname="com.externalApi.Dumps"/>
  <testcase name="login" time="0.000" classname="com.externalApi.Dumps"/>
  <testcase name="login" time="0.001" classname="com.externalApi.Dumps"/>
  <testcase name="login" time="0.000" classname="com.externalApi.Dumps"/>
  <testcase name="login" time="0.001" classname="com.externalApi.Dumps"/>
  <testcase name="login" time="0.000" classname="com.externalApi.Dumps"/>
  <testcase name="login" time="0.000" classname="com.externalApi.Dumps"/>
  <testcase name="login" time="0.002" classname="com.externalApi.Dumps"/>
  <testcase name="login" time="0.001" classname="com.externalApi.Dumps"/>
  <testcase name="login" time="0.001" classname="com.externalApi.Dumps"/>
  <testcase name="login" time="0.000" classname="com.externalApi.Dumps"/>
  <testcase name="login" time="0.000" classname="com.externalApi.Dumps"/>
  <testcase name="login" time="0.001" classname="com.externalApi.Dumps"/>
  <testcase name="login" time="0.001" classname="com.externalApi.Dumps"/>
  <testcase name="login" time="0.000" classname="com.externalApi.Dumps"/>
  <testcase name="login" time="0.000" classname="com.externalApi.Dumps"/>
  <testcase name="login" time="0.001" classname="com.externalApi.Dumps"/>
  <testcase name="login" time="0.001" classname="com.externalApi.Dumps"/>
  <testcase name="login" time="0.000" classname="com.externalApi.Dumps"/>
  <testcase name="login" time="0.001" classname="com.externalApi.Dumps"/>
  <testcase name="login" time="0.000" classname="com.externalApi.Dumps"/>
  <testcase name="login" time="0.001" classname="com.externalApi.Dumps"/>
  <testcase name="login" time="0.000" classname="com.externalApi.Dumps"/>
  <testcase name="login" time="0.001" classname="com.externalApi.Dumps"/>
  <testcase name="login" time="0.000" classname="com.externalApi.Dumps"/>
  <testcase name="login" time="0.000" classname="com.externalApi.Dumps"/>
  <testcase name="login" time="0.001" classname="com.externalApi.Dumps"/>
  <testcase name="login" time="0.000" classname="com.externalApi.Dumps"/>
  <testcase name="login" time="0.002" classname="com.externalApi.Dumps"/>
  <testcase name="login" time="0.001" classname="com.externalApi.Dumps"/>
  <testcase name="login" time="0.000" classname="com.externalApi.Dumps"/>
  <testcase name="login" time="0.002" classname="com.externalApi.Dumps"/>
  <testcase name="login" time="0.001" classname="com.externalApi.Dumps"/>
  <testcase name="login" time="0.000" classname="com.externalApi.Dumps"/>
  <testcase name="login" time="0.000" classname="com.externalApi.Dumps"/>
  <testcase name="login" time="0.000" classname="com.externalApi.Dumps"/>
  <testcase name="login" time="0.001" classname="com.externalApi.Dumps"/>
  <testcase name="login" time="0.000" classname="com.externalApi.Dumps"/>
  <testcase name="login" time="0.001" classname="com.externalApi.Dumps"/>
  <testcase name="login" time="0.000" classname="com.externalApi.Dumps"/>
  <testcase name="login" time="0.001" classname="com.externalApi.Dumps"/>
  <testcase name="login" time="0.000" classname="com.externalApi.Dumps"/>
  <testcase name="login" time="0.001" classname="com.externalApi.Dumps"/>
  <testcase name="login" time="0.000" classname="com.externalApi.Dumps"/>
  <testcase name="login" time="0.001" classname="com.externalApi.Dumps"/>
  <testcase name="login" time="0.001" classname="com.externalApi.Dumps"/>
  <testcase name="login" time="0.000" classname="com.externalApi.Dumps"/>
  <testcase name="login" time="0.000" classname="com.externalApi.Dumps"/>
  <testcase name="login" time="0.001" classname="com.externalApi.Dumps"/>
  <testcase name="login" time="0.000" classname="com.externalApi.Dumps"/>
  <testcase name="login" time="0.001" classname="com.externalApi.Dumps"/>
  <testcase name="login" time="0.001" classname="com.externalApi.Dumps"/>
  <testcase name="login" time="0.000" classname="com.externalApi.Dumps"/>
  <testcase name="login" time="0.000" classname="com.externalApi.Dumps"/>
  <testcase name="login" time="0.000" classname="com.externalApi.Dumps"/>
  <testcase name="login" time="0.000" classname="com.externalApi.Dumps"/>
  <testcase name="login" time="0.000" classname="com.externalApi.Dumps"/>
  <testcase name="login" time="0.000" classname="com.externalApi.Dumps"/>
  <testcase name="login" time="0.001" classname="com.externalApi.Dumps"/>
  <testcase name="login" time="0.002" classname="com.externalApi.Dumps"/>
  <testcase name="login" time="0.001" classname="com.externalApi.Dumps"/>
  <testcase name="login" time="0.001" classname="com.externalApi.Dumps"/>
  <testcase name="login" time="0.001" classname="com.externalApi.Dumps"/>
  <testcase name="login" time="0.001" classname="com.externalApi.Dumps"/>
  <testcase name="login" time="0.000" classname="com.externalApi.Dumps"/>
  <testcase name="login" time="0.001" classname="com.externalApi.Dumps"/>
  <testcase name="login" time="0.001" classname="com.externalApi.Dumps"/>
  <testcase name="login" time="0.000" classname="com.externalApi.Dumps"/>
  <testcase name="login" time="0.000" classname="com.externalApi.Dumps"/>
  <testcase name="login" time="0.001" classname="com.externalApi.Dumps"/>
  <testcase name="login" time="0.001" classname="com.externalApi.Dumps"/>
  <testcase name="login" time="0.001" classname="com.externalApi.Dumps"/>
  <testcase name="login" time="0.002" classname="com.externalApi.Dumps"/>
  <testcase name="login" time="0.000" classname="com.externalApi.Dumps"/>
  <testcase name="login" time="0.001" classname="com.externalApi.Dumps"/>
  <testcase name="login" time="0.000" classname="com.externalApi.Dumps"/>
  <testcase name="login" time="0.000" classname="com.externalApi.Dumps"/>
  <testcase name="login" time="0.001" classname="com.externalApi.Dumps"/>
  <testcase name="login" time="0.000" classname="com.externalApi.Dumps"/>
  <testcase name="login" time="0.000" classname="com.externalApi.Dumps"/>
  <testcase name="login" time="0.000" classname="com.externalApi.Dumps"/>
  <testcase name="login" time="0.001" classname="com.externalApi.Dumps"/>
  <testcase name="login" time="0.000" classname="com.externalApi.Dumps"/>
  <testcase name="login" time="0.000" classname="com.externalApi.Dumps"/>
  <testcase name="login" time="0.000" classname="com.externalApi.Dumps"/>
  <testcase name="login" time="0.000" classname="com.externalApi.Dumps"/>
  <testcase name="login" time="0.001" classname="com.externalApi.Dumps"/>
  <testcase name="login" time="0.000" classname="com.externalApi.Dumps"/>
  <testcase name="login" time="0.001" classname="com.externalApi.Dumps"/>
  <testcase name="login" time="0.000" classname="com.externalApi.Dumps"/>
  <testcase name="login" time="0.001" classname="com.externalApi.Dumps"/>
  <testcase name="login" time="0.000" classname="com.externalApi.Dumps"/>
  <testcase name="login" time="0.001" classname="com.externalApi.Dumps"/>
  <testcase name="login" time="0.002" classname="com.externalApi.Dumps"/>
  <testcase name="login" time="0.001" classname="com.externalApi.Dumps"/>
  <testcase name="login" time="0.001" classname="com.externalApi.Dumps"/>
  <testcase name="login" time="0.001" classname="com.externalApi.Dumps"/>
  <testcase name="login" time="0.001" classname="com.externalApi.Dumps"/>
  <testcase name="login" time="0.001" classname="com.externalApi.Dumps"/>
  <testcase name="login" time="0.001" classname="com.externalApi.Dumps"/>
  <testcase name="login" time="0.000" classname="com.externalApi.Dumps"/>
  <testcase name="login" time="0.000" classname="com.externalApi.Dumps"/>
  <testcase name="login" time="0.000" classname="com.externalApi.Dumps"/>
  <testcase name="login" time="0.001" classname="com.externalApi.Dumps"/>
  <testcase name="login" time="0.000" classname="com.externalApi.Dumps"/>
  <testcase name="login" time="0.080" classname="com.externalApi.Dumps"/>
  <testcase name="login" time="0.000" classname="com.externalApi.Dumps"/>
  <testcase name="login" time="0.000" classname="com.externalApi.Dumps"/>
  <testcase name="login" time="0.001" classname="com.externalApi.Dumps"/>
  <testcase name="login" time="0.000" classname="com.externalApi.Dumps"/>
  <testcase name="login" time="0.000" classname="com.externalApi.Dumps"/>
  <testcase name="login" time="0.001" classname="com.externalApi.Dumps"/>
  <testcase name="login" time="0.000" classname="com.externalApi.Dumps"/>
  <testcase name="login" time="0.000" classname="com.externalApi.Dumps"/>
  <testcase name="login" time="0.000" classname="com.externalApi.Dumps"/>
  <testcase name="login" time="0.000" classname="com.externalApi.Dumps"/>
  <testcase name="login" time="0.000" classname="com.externalApi.Dumps"/>
  <testcase name="login" time="0.001" classname="com.externalApi.Dumps"/>
  <testcase name="login" time="0.153" classname="com.externalApi.Dumps"/>
  <testcase name="login" time="0.000" classname="com.externalApi.Dumps"/>
  <testcase name="login" time="0.001" classname="com.externalApi.Dumps"/>
  <testcase name="login" time="0.000" classname="com.externalApi.Dumps"/>
  <testcase name="login" time="0.001" classname="com.externalApi.Dumps"/>
  <testcase name="login" time="0.000" classname="com.externalApi.Dumps"/>
  <testcase name="login" time="0.000" classname="com.externalApi.Dumps"/>
  <testcase name="login" time="0.001" classname="com.externalApi.Dumps"/>
  <testcase name="login" time="0.001" classname="com.externalApi.Dumps"/>
  <testcase name="login" time="0.000" classname="com.externalApi.Dumps"/>
  <testcase name="login" time="0.000" classname="com.externalApi.Dumps"/>
  <testcase name="login" time="0.001" classname="com.externalApi.Dumps"/>
  <testcase name="login" time="0.001" classname="com.externalApi.Dumps"/>
  <testcase name="login" time="0.001" classname="com.externalApi.Dumps"/>
  <testcase name="login" time="0.001" classname="com.externalApi.Dumps"/>
  <testcase name="login" time="0.001" classname="com.externalApi.Dumps"/>
  <testcase name="login" time="0.000" classname="com.externalApi.Dumps"/>
  <testcase name="login" time="0.001" classname="com.externalApi.Dumps"/>
  <testcase name="login" time="0.001" classname="com.externalApi.Dumps"/>
  <testcase name="login" time="0.000" classname="com.externalApi.Dumps"/>
  <testcase name="login" time="0.001" classname="com.externalApi.Dumps"/>
  <testcase name="login" time="0.001" classname="com.externalApi.Dumps"/>
  <testcase name="login" time="0.000" classname="com.externalApi.Dumps"/>
  <testcase name="login" time="0.000" classname="com.externalApi.Dumps"/>
  <testcase name="login" time="0.000" classname="com.externalApi.Dumps"/>
  <testcase name="login" time="0.000" classname="com.externalApi.Dumps"/>
  <testcase name="login" time="0.002" classname="com.externalApi.Dumps"/>
  <testcase name="login" time="0.000" classname="com.externalApi.Dumps"/>
  <testcase name="login" time="0.000" classname="com.externalApi.Dumps"/>
  <testcase name="login" time="0.001" classname="com.externalApi.Dumps"/>
  <testcase name="login" time="0.000" classname="com.externalApi.Dumps"/>
  <testcase name="login" time="0.001" classname="com.externalApi.Dumps"/>
  <testcase name="login" time="0.001" classname="com.externalApi.Dumps"/>
  <testcase name="login" time="0.001" classname="com.externalApi.Dumps"/>
  <testcase name="login" time="0.002" classname="com.externalApi.Dumps"/>
  <testcase name="login" time="0.001" classname="com.externalApi.Dumps"/>
  <testcase name="login" time="0.000" classname="com.externalApi.Dumps"/>
  <testcase name="login" time="0.000" classname="com.externalApi.Dumps"/>
  <testcase name="login" time="0.000" classname="com.externalApi.Dumps"/>
  <testcase name="login" time="0.000" classname="com.externalApi.Dumps"/>
  <testcase name="login" time="0.001" classname="com.externalApi.Dumps"/>
  <testcase name="login" time="0.000" classname="com.externalApi.Dumps"/>
  <testcase name="login" time="0.001" classname="com.externalApi.Dumps"/>
  <testcase name="login" time="0.001" classname="com.externalApi.Dumps"/>
  <testcase name="login" time="0.003" classname="com.externalApi.Dumps"/>
  <testcase name="login" time="0.001" classname="com.externalApi.Dumps"/>
  <testcase name="login" time="0.001" classname="com.externalApi.Dumps"/>
  <testcase name="login" time="0.001" classname="com.externalApi.Dumps"/>
  <testcase name="login" time="0.001" classname="com.externalApi.Dumps"/>
  <testcase name="login" time="0.001" classname="com.externalApi.Dumps"/>
  <testcase name="login" time="0.001" classname="com.externalApi.Dumps"/>
  <testcase name="login" time="0.001" classname="com.externalApi.Dumps"/>
  <testcase name="login" time="0.001" classname="com.externalApi.Dumps"/>
  <testcase name="login" time="0.000" classname="com.externalApi.Dumps"/>
  <testcase name="login" time="0.002" classname="com.externalApi.Dumps"/>
  <testcase name="login" time="0.000" classname="com.externalApi.Dumps"/>
  <testcase name="login" time="0.000" classname="com.externalApi.Dumps"/>
  <testcase name="login" time="0.001" classname="com.externalApi.Dumps"/>
  <testcase name="login" time="0.001" classname="com.externalApi.Dumps"/>
  <testcase name="login" time="0.002" classname="com.externalApi.Dumps"/>
  <testcase name="login" time="0.001" classname="com.externalApi.Dumps"/>
  <testcase name="login" time="0.001" classname="com.externalApi.Dumps"/>
  <testcase name="login" time="0.000" classname="com.externalApi.Dumps"/>
  <testcase name="login" time="0.001" classname="com.externalApi.Dumps"/>
  <testcase name="login" time="0.000" classname="com.externalApi.Dumps"/>
  <testcase name="login" time="0.001" classname="com.externalApi.Dumps"/>
  <testcase name="login" time="0.002" classname="com.externalApi.Dumps"/>
  <testcase name="login" time="0.001" classname="com.externalApi.Dumps"/>
  <testcase name="login" time="0.003" classname="com.externalApi.Dumps"/>
  <testcase name="login" time="0.000" classname="com.externalApi.Dumps"/>
  <testcase name="login" time="0.001" classname="com.externalApi.Dumps"/>
  <testcase name="login" time="0.002" classname="com.externalApi.Dumps"/>
  <testcase name="login" time="0.142" classname="com.externalApi.Dumps"/>
  <testcase name="login" time="0.001" classname="com.externalApi.Dumps"/>
  <testcase name="login" time="0.001" classname="com.externalApi.Dumps"/>
  <testcase name="login" time="0.002" classname="com.externalApi.Dumps"/>
  <testcase name="login" time="0.001" classname="com.externalApi.Dumps"/>
  <testcase name="login" time="0.001" classname="com.externalApi.Dumps"/>
  <testcase name="login" time="0.001" classname="com.externalApi.Dumps"/>
  <testcase name="login" time="0.000" classname="com.externalApi.Dumps"/>
  <testcase name="login" time="0.002" classname="com.externalApi.Dumps"/>
  <testcase name="login" time="0.001" classname="com.externalApi.Dumps"/>
  <testcase name="login" time="0.000" classname="com.externalApi.Dumps"/>
  <testcase name="login" time="0.000" classname="com.externalApi.Dumps"/>
  <testcase name="login" time="0.003" classname="com.externalApi.Dumps"/>
  <testcase name="login" time="0.000" classname="com.externalApi.Dumps"/>
  <testcase name="login" time="0.136" classname="com.externalApi.Dumps"/>
  <testcase name="login" time="0.000" classname="com.externalApi.Dumps"/>
  <testcase name="login" time="0.001" classname="com.externalApi.Dumps"/>
  <testcase name="login" time="0.001" classname="com.externalApi.Dumps"/>
  <testcase name="login" time="0.000" classname="com.externalApi.Dumps"/>
  <testcase name="login" time="0.001" classname="com.externalApi.Dumps"/>
  <testcase name="login" time="0.000" classname="com.externalApi.Dumps"/>
  <testcase name="login" time="0.000" classname="com.externalApi.Dumps"/>
  <testcase name="login" time="0.001" classname="com.externalApi.Dumps"/>
  <testcase name="login" time="0.158" classname="com.externalApi.Dumps"/>
  <testcase name="login" time="0.001" classname="com.externalApi.Dumps"/>
  <testcase name="login" time="0.000" classname="com.externalApi.Dumps"/>
  <testcase name="login" time="0.000" classname="com.externalApi.Dumps"/>
  <testcase name="login" time="0.003" classname="com.externalApi.Dumps"/>
  <testcase name="login" time="0.001" classname="com.externalApi.Dumps"/>
  <testcase name="login" time="0.000" classname="com.externalApi.Dumps"/>
  <testcase name="login" time="0.000" classname="com.externalApi.Dumps"/>
  <testcase name="login" time="0.001" classname="com.externalApi.Dumps"/>
  <testcase name="login" time="0.000" classname="com.externalApi.Dumps"/>
  <testcase name="login" time="0.001" classname="com.externalApi.Dumps"/>
  <testcase name="login" time="0.001" classname="com.externalApi.Dumps"/>
  <testcase name="login" time="0.000" classname="com.externalApi.Dumps"/>
  <testcase name="login" time="0.000" classname="com.externalApi.Dumps"/>
  <testcase name="login" time="0.000" classname="com.externalApi.Dumps"/>
  <testcase name="login" time="0.000" classname="com.externalApi.Dumps"/>
  <testcase name="login" time="0.000" classname="com.externalApi.Dumps"/>
  <testcase name="login" time="0.001" classname="com.externalApi.Dumps"/>
  <testcase name="login" time="0.000" classname="com.externalApi.Dumps"/>
  <testcase name="login" time="0.000" classname="com.externalApi.Dumps"/>
  <testcase name="login" time="0.001" classname="com.externalApi.Dumps"/>
  <testcase name="login" time="0.001" classname="com.externalApi.Dumps"/>
  <testcase name="login" time="0.001" classname="com.externalApi.Dumps"/>
  <testcase name="login" time="0.000" classname="com.externalApi.Dumps"/>
  <testcase name="login" time="0.001" classname="com.externalApi.Dumps"/>
  <testcase name="login" time="0.001" classname="com.externalApi.Dumps"/>
  <testcase name="login" time="0.002" classname="com.externalApi.Dumps"/>
  <testcase name="login" time="0.000" classname="com.externalApi.Dumps"/>
  <testcase name="login" time="0.000" classname="com.externalApi.Dumps"/>
  <testcase name="login" time="0.143" classname="com.externalApi.Dumps"/>
  <testcase name="login" time="0.000" classname="com.externalApi.Dumps"/>
  <testcase name="login" time="0.000" classname="com.externalApi.Dumps"/>
  <testcase name="login" time="0.000" classname="com.externalApi.Dumps"/>
  <testcase name="login" time="0.000" classname="com.externalApi.Dumps"/>
  <testcase name="login" time="0.000" classname="com.externalApi.Dumps"/>
  <testcase name="login" time="0.002" classname="com.externalApi.Dumps"/>
  <testcase name="login" time="0.001" classname="com.externalApi.Dumps"/>
  <testcase name="login" time="0.001" classname="com.externalApi.Dumps"/>
  <testcase name="login" time="0.001" classname="com.externalApi.Dumps"/>
  <testcase name="login" time="0.001" classname="com.externalApi.Dumps"/>
  <testcase name="login" time="0.000" classname="com.externalApi.Dumps"/>
  <testcase name="login" time="0.002" classname="com.externalApi.Dumps"/>
  <testcase name="login" time="0.001" classname="com.externalApi.Dumps"/>
  <testcase name="login" time="0.002" classname="com.externalApi.Dumps"/>
  <testcase name="login" time="0.001" classname="com.externalApi.Dumps"/>
  <testcase name="login" time="0.000" classname="com.externalApi.Dumps"/>
  <testcase name="login" time="0.001" classname="com.externalApi.Dumps"/>
  <testcase name="login" time="0.000" classname="com.externalApi.Dumps"/>
  <testcase name="login" time="0.002" classname="com.externalApi.Dumps"/>
  <testcase name="login" time="0.001" classname="com.externalApi.Dumps"/>
  <testcase name="login" time="0.000" classname="com.externalApi.Dumps"/>
  <testcase name="login" time="0.000" classname="com.externalApi.Dumps"/>
  <testcase name="login" time="0.001" classname="com.externalApi.Dumps"/>
  <testcase name="login" time="0.002" classname="com.externalApi.Dumps"/>
  <testcase name="login" time="0.001" classname="com.externalApi.Dumps"/>
  <testcase name="login" time="0.001" classname="com.externalApi.Dumps"/>
  <testcase name="login" time="0.000" classname="com.externalApi.Dumps"/>
  <testcase name="login" time="0.000" classname="com.externalApi.Dumps"/>
  <testcase name="login" time="0.001" classname="com.externalApi.Dumps"/>
  <testcase name="login" time="0.000" classname="com.externalApi.Dumps"/>
  <testcase name="login" time="0.001" classname="com.externalApi.Dumps"/>
  <testcase name="login" time="0.001" classname="com.externalApi.Dumps"/>
  <testcase name="login" time="0.000" classname="com.externalApi.Dumps"/>
  <testcase name="login" time="0.001" classname="com.externalApi.Dumps"/>
  <testcase name="login" time="0.000" classname="com.externalApi.Dumps"/>
  <testcase name="login" time="0.000" classname="com.externalApi.Dumps"/>
  <testcase name="login" time="0.000" classname="com.externalApi.Dumps"/>
  <testcase name="login" time="0.001" classname="com.externalApi.Dumps"/>
  <testcase name="login" time="0.001" classname="com.externalApi.Dumps"/>
  <testcase name="login" time="0.000" classname="com.externalApi.Dumps"/>
  <testcase name="login" time="0.000" classname="com.externalApi.Dumps"/>
  <testcase name="login" time="0.000" classname="com.externalApi.Dumps"/>
  <testcase name="login" time="0.001" classname="com.externalApi.Dumps"/>
  <testcase name="login" time="0.000" classname="com.externalApi.Dumps"/>
  <testcase name="login" time="0.001" classname="com.externalApi.Dumps"/>
  <testcase name="login" time="0.001" classname="com.externalApi.Dumps"/>
  <testcase name="login" time="0.001" classname="com.externalApi.Dumps"/>
  <testcase name="login" time="0.018" classname="com.externalApi.Dumps"/>
  <testcase name="login" time="0.001" classname="com.externalApi.Dumps"/>
  <testcase name="login" time="0.001" classname="com.externalApi.Dumps"/>
  <testcase name="login" time="0.000" classname="com.externalApi.Dumps"/>
  <testcase name="login" time="0.000" classname="com.externalApi.Dumps"/>
  <testcase name="login" time="0.001" classname="com.externalApi.Dumps"/>
  <testcase name="login" time="0.000" classname="com.externalApi.Dumps"/>
  <testcase name="login" time="0.000" classname="com.externalApi.Dumps"/>
  <testcase name="login" time="0.002" classname="com.externalApi.Dumps"/>
  <testcase name="login" time="0.001" classname="com.externalApi.Dumps"/>
  <testcase name="login" time="0.001" classname="com.externalApi.Dumps"/>
  <testcase name="login" time="0.001" classname="com.externalApi.Dumps"/>
  <testcase name="login" time="0.001" classname="com.externalApi.Dumps"/>
  <testcase name="login" time="0.000" classname="com.externalApi.Dumps"/>
  <testcase name="login" time="0.001" classname="com.externalApi.Dumps"/>
  <testcase name="login" time="0.000" classname="com.externalApi.Dumps"/>
  <testcase name="login" time="0.000" classname="com.externalApi.Dumps"/>
  <testcase name="login" time="0.000" classname="com.externalApi.Dumps"/>
  <testcase name="login" time="0.001" classname="com.externalApi.Dumps"/>
  <testcase name="login" time="0.001" classname="com.externalApi.Dumps"/>
  <testcase name="login" time="0.000" classname="com.externalApi.Dumps"/>
  <testcase name="login" time="0.001" classname="com.externalApi.Dumps"/>
  <testcase name="login" time="0.001" classname="com.externalApi.Dumps"/>
  <testcase name="login" time="0.000" classname="com.externalApi.Dumps"/>
  <testcase name="login" time="0.001" classname="com.externalApi.Dumps"/>
  <testcase name="login" time="0.001" classname="com.externalApi.Dumps"/>
  <testcase name="login" time="0.000" classname="com.externalApi.Dumps"/>
  <testcase name="login" time="0.001" classname="com.externalApi.Dumps"/>
  <testcase name="login" time="0.001" classname="com.externalApi.Dumps"/>
  <testcase name="login" time="0.001" classname="com.externalApi.Dumps"/>
  <testcase name="login" time="0.000" classname="com.externalApi.Dumps"/>
  <testcase name="login" time="0.000" classname="com.externalApi.Dumps"/>
  <testcase name="login" time="0.001" classname="com.externalApi.Dumps"/>
  <testcase name="login" time="0.001" classname="com.externalApi.Dumps"/>
  <testcase name="login" time="0.001" classname="com.externalApi.Dumps"/>
  <testcase name="login" time="0.002" classname="com.externalApi.Dumps"/>
  <testcase name="login" time="0.000" classname="com.externalApi.Dumps"/>
  <testcase name="login" time="0.000" classname="com.externalApi.Dumps"/>
  <testcase name="login" time="0.000" classname="com.externalApi.Dumps"/>
  <testcase name="login" time="0.001" classname="com.externalApi.Dumps"/>
  <testcase name="login" time="0.001" classname="com.externalApi.Dumps"/>
  <testcase name="login" time="0.000" classname="com.externalApi.Dumps"/>
  <testcase name="login" time="0.002" classname="com.externalApi.Dumps"/>
  <testcase name="login" time="0.001" classname="com.externalApi.Dumps"/>
  <testcase name="login" time="0.001" classname="com.externalApi.Dumps"/>
  <testcase name="login" time="0.000" classname="com.externalApi.Dumps"/>
  <testcase name="login" time="0.001" classname="com.externalApi.Dumps"/>
  <testcase name="login" time="0.000" classname="com.externalApi.Dumps"/>
  <testcase name="login" time="0.001" classname="com.externalApi.Dumps"/>
  <testcase name="login" time="0.000" classname="com.externalApi.Dumps"/>
  <testcase name="login" time="0.001" classname="com.externalApi.Dumps"/>
  <testcase name="login" time="0.000" classname="com.externalApi.Dumps"/>
  <testcase name="login" time="0.000" classname="com.externalApi.Dumps"/>
  <testcase name="login" time="0.000" classname="com.externalApi.Dumps"/>
  <testcase name="login" time="0.000" classname="com.externalApi.Dumps"/>
  <testcase name="login" time="0.000" classname="com.externalApi.Dumps"/>
  <testcase name="login" time="0.001" classname="com.externalApi.Dumps"/>
  <testcase name="login" time="0.002" classname="com.externalApi.Dumps"/>
  <testcase name="login" time="0.001" classname="com.externalApi.Dumps"/>
  <testcase name="login" time="0.000" classname="com.externalApi.Dumps"/>
  <testcase name="login" time="0.001" classname="com.externalApi.Dumps"/>
  <testcase name="login" time="0.001" classname="com.externalApi.Dumps"/>
  <testcase name="login" time="0.000" classname="com.externalApi.Dumps"/>
  <testcase name="login" time="0.001" classname="com.externalApi.Dumps"/>
  <testcase name="login" time="0.003" classname="com.externalApi.Dumps"/>
  <testcase name="login" time="0.000" classname="com.externalApi.Dumps"/>
  <testcase name="login" time="0.000" classname="com.externalApi.Dumps"/>
  <testcase name="login" time="0.000" classname="com.externalApi.Dumps"/>
  <testcase name="login" time="0.000" classname="com.externalApi.Dumps"/>
  <testcase name="login" time="0.001" classname="com.externalApi.Dumps"/>
  <testcase name="login" time="0.000" classname="com.externalApi.Dumps"/>
  <testcase name="login" time="0.001" classname="com.externalApi.Dumps"/>
  <testcase name="login" time="0.001" classname="com.externalApi.Dumps"/>
  <testcase name="login" time="0.000" classname="com.externalApi.Dumps"/>
  <testcase name="login" time="0.000" classname="com.externalApi.Dumps"/>
  <testcase name="login" time="0.001" classname="com.externalApi.Dumps"/>
  <testcase name="login" time="0.002" classname="com.externalApi.Dumps"/>
  <testcase name="login" time="0.002" classname="com.externalApi.Dumps"/>
  <testcase name="login" time="0.000" classname="com.externalApi.Dumps"/>
  <testcase name="login" time="0.000" classname="com.externalApi.Dumps"/>
  <testcase name="login" time="0.001" classname="com.externalApi.Dumps"/>
  <testcase name="login" time="0.000" classname="com.externalApi.Dumps"/>
  <testcase name="login" time="0.000" classname="com.externalApi.Dumps"/>
  <testcase name="login" time="0.000" classname="com.externalApi.Dumps"/>
  <testcase name="login" time="0.001" classname="com.externalApi.Dumps"/>
  <testcase name="login" time="0.000" classname="com.externalApi.Dumps"/>
  <testcase name="login" time="0.001" classname="com.externalApi.Dumps"/>
  <testcase name="login" time="0.001" classname="com.externalApi.Dumps"/>
  <testcase name="login" time="0.000" classname="com.externalApi.Dumps"/>
  <testcase name="login" time="0.002" classname="com.externalApi.Dumps"/>
  <testcase name="login" time="0.001" classname="com.externalApi.Dumps"/>
  <testcase name="login" time="0.000" classname="com.externalApi.Dumps"/>
  <testcase name="login" time="0.000" classname="com.externalApi.Dumps"/>
  <testcase name="login" time="0.000" classname="com.externalApi.Dumps"/>
  <testcase name="login" time="0.000" classname="com.externalApi.Dumps"/>
  <testcase name="login" time="0.001" classname="com.externalApi.Dumps"/>
  <testcase name="login" time="0.001" classname="com.externalApi.Dumps"/>
  <testcase name="login" time="0.000" classname="com.externalApi.Dumps"/>
  <testcase name="login" time="0.000" classname="com.externalApi.Dumps"/>
  <testcase name="login" time="0.000" classname="com.externalApi.Dumps"/>
  <testcase name="login" time="0.000" classname="com.externalApi.Dumps"/>
  <testcase name="login" time="0.000" classname="com.externalApi.Dumps"/>
  <testcase name="login" time="0.000" classname="com.externalApi.Dumps"/>
  <testcase name="login" time="0.001" classname="com.externalApi.Dumps"/>
  <testcase name="login" time="0.001" classname="com.externalApi.Dumps"/>
  <testcase name="login" time="0.000" classname="com.externalApi.Dumps"/>
  <testcase name="login" time="0.000" classname="com.externalApi.Dumps"/>
  <testcase name="login" time="0.000" classname="com.externalApi.Dumps"/>
  <testcase name="login" time="0.001" classname="com.externalApi.Dumps"/>
  <testcase name="login" time="0.000" classname="com.externalApi.Dumps"/>
  <testcase name="login" time="0.001" classname="com.externalApi.Dumps"/>
  <testcase name="login" time="0.001" classname="com.externalApi.Dumps"/>
  <testcase name="login" time="0.001" classname="com.externalApi.Dumps"/>
  <testcase name="login" time="0.001" classname="com.externalApi.Dumps"/>
  <testcase name="login" time="0.000" classname="com.externalApi.Dumps"/>
  <testcase name="login" time="0.000" classname="com.externalApi.Dumps"/>
  <testcase name="login" time="0.001" classname="com.externalApi.Dumps"/>
  <testcase name="login" time="0.000" classname="com.externalApi.Dumps"/>
  <testcase name="login" time="0.002" classname="com.externalApi.Dumps"/>
  <testcase name="login" time="0.000" classname="com.externalApi.Dumps"/>
  <testcase name="login" time="0.001" classname="com.externalApi.Dumps"/>
  <testcase name="login" time="0.001" classname="com.externalApi.Dumps"/>
  <testcase name="login" time="0.001" classname="com.externalApi.Dumps"/>
  <testcase name="login" time="0.001" classname="com.externalApi.Dumps"/>
  <testcase name="login" time="0.001" classname="com.externalApi.Dumps"/>
  <testcase name="login" time="0.000" classname="com.externalApi.Dumps"/>
  <testcase name="login" time="0.000" classname="com.externalApi.Dumps"/>
  <testcase name="login" time="0.000" classname="com.externalApi.Dumps"/>
  <testcase name="login" time="0.000" classname="com.externalApi.Dumps"/>
  <testcase name="login" time="0.001" classname="com.externalApi.Dumps"/>
  <testcase name="login" time="0.001" classname="com.externalApi.Dumps"/>
  <testcase name="login" time="0.000" classname="com.externalApi.Dumps"/>
  <testcase name="login" time="0.001" classname="com.externalApi.Dumps"/>
  <testcase name="login" time="0.001" classname="com.externalApi.Dumps"/>
  <testcase name="login" time="0.000" classname="com.externalApi.Dumps"/>
  <testcase name="login" time="0.000" classname="com.externalApi.Dumps"/>
  <testcase name="login" time="0.000" classname="com.externalApi.Dumps"/>
  <testcase name="login" time="0.001" classname="com.externalApi.Dumps"/>
  <testcase name="login" time="0.000" classname="com.externalApi.Dumps"/>
  <testcase name="login" time="0.001" classname="com.externalApi.Dumps"/>
  <testcase name="login" time="0.452" classname="com.externalApi.Dumps"/>
  <testcase name="login" time="0.002" classname="com.externalApi.Dumps"/>
  <testcase name="login" time="0.001" classname="com.externalApi.Dumps"/>
  <testcase name="login" time="0.000" classname="com.externalApi.Dumps"/>
  <testcase name="login" time="0.001" classname="com.externalApi.Dumps"/>
  <testcase name="login" time="0.286" classname="com.externalApi.Dumps"/>
  <testcase name="login" time="0.001" classname="com.externalApi.Dumps"/>
  <testcase name="login" time="0.001" classname="com.externalApi.Dumps"/>
  <testcase name="login" time="0.001" classname="com.externalApi.Dumps"/>
  <testcase name="login" time="0.001" classname="com.externalApi.Dumps"/>
  <testcase name="login" time="0.001" classname="com.externalApi.Dumps"/>
  <testcase name="login" time="0.000" classname="com.externalApi.Dumps"/>
  <testcase name="login" time="0.001" classname="com.externalApi.Dumps"/>
  <testcase name="login" time="0.001" classname="com.externalApi.Dumps"/>
  <testcase name="login" time="0.001" classname="com.externalApi.Dumps"/>
  <testcase name="login" time="0.000" classname="com.externalApi.Dumps"/>
  <testcase name="login" time="0.001" classname="com.externalApi.Dumps"/>
  <testcase name="login" time="0.000" classname="com.externalApi.Dumps"/>
  <testcase name="login" time="0.000" classname="com.externalApi.Dumps"/>
  <testcase name="login" time="0.000" classname="com.externalApi.Dumps"/>
  <testcase name="login" time="0.000" classname="com.externalApi.Dumps"/>
  <testcase name="login" time="0.001" classname="com.externalApi.Dumps"/>
  <testcase name="login" time="0.000" classname="com.externalApi.Dumps"/>
  <testcase name="login" time="0.001" classname="com.externalApi.Dumps"/>
  <testcase name="login" time="0.001" classname="com.externalApi.Dumps"/>
  <testcase name="login" time="0.000" classname="com.externalApi.Dumps"/>
  <testcase name="login" time="0.000" classname="com.externalApi.Dumps"/>
  <testcase name="login" time="0.001" classname="com.externalApi.Dumps"/>
  <testcase name="login" time="0.001" classname="com.externalApi.Dumps"/>
  <testcase name="login" time="0.001" classname="com.externalApi.Dumps"/>
  <testcase name="login" time="0.000" classname="com.externalApi.Dumps"/>
  <testcase name="login" time="0.001" classname="com.externalApi.Dumps"/>
  <testcase name="login" time="0.128" classname="com.externalApi.Dumps"/>
  <testcase name="login" time="0.000" classname="com.externalApi.Dumps"/>
  <testcase name="login" time="0.001" classname="com.externalApi.Dumps"/>
  <testcase name="login" time="0.000" classname="com.externalApi.Dumps"/>
  <testcase name="login" time="0.001" classname="com.externalApi.Dumps"/>
  <testcase name="login" time="0.001" classname="com.externalApi.Dumps"/>
  <testcase name="login" time="0.002" classname="com.externalApi.Dumps"/>
  <testcase name="login" time="0.000" classname="com.externalApi.Dumps"/>
  <testcase name="login" time="0.000" classname="com.externalApi.Dumps"/>
  <testcase name="login" time="0.001" classname="com.externalApi.Dumps"/>
  <testcase name="login" time="0.000" classname="com.externalApi.Dumps"/>
  <testcase name="login" time="0.001" classname="com.externalApi.Dumps"/>
  <testcase name="login" time="0.001" classname="com.externalApi.Dumps"/>
  <testcase name="login" time="0.001" classname="com.externalApi.Dumps"/>
  <testcase name="login" time="0.001" classname="com.externalApi.Dumps"/>
  <testcase name="login" time="0.001" classname="com.externalApi.Dumps"/>
  <testcase name="login" time="0.000" classname="com.externalApi.Dumps"/>
  <testcase name="login" time="0.000" classname="com.externalApi.Dumps"/>
  <testcase name="login" time="0.001" classname="com.externalApi.Dumps"/>
  <testcase name="login" time="0.001" classname="com.externalApi.Dumps"/>
  <testcase name="login" time="0.001" classname="com.externalApi.Dumps"/>
  <testcase name="login" time="0.000" classname="com.externalApi.Dumps"/>
  <testcase name="login" time="0.001" classname="com.externalApi.Dumps"/>
  <testcase name="login" time="0.001" classname="com.externalApi.Dumps"/>
  <testcase name="login" time="0.001" classname="com.externalApi.Dumps"/>
  <testcase name="login" time="0.000" classname="com.externalApi.Dumps"/>
  <testcase name="login" time="0.001" classname="com.externalApi.Dumps"/>
  <testcase name="login" time="0.001" classname="com.externalApi.Dumps"/>
  <testcase name="login" time="0.000" classname="com.externalApi.Dumps"/>
  <testcase name="login" time="0.001" classname="com.externalApi.Dumps"/>
  <testcase name="login" time="0.000" classname="com.externalApi.Dumps"/>
  <testcase name="login" time="0.000" classname="com.externalApi.Dumps"/>
  <testcase name="login" time="0.000" classname="com.externalApi.Dumps"/>
  <testcase name="login" time="0.001" classname="com.externalApi.Dumps"/>
  <testcase name="login" time="0.002" classname="com.externalApi.Dumps"/>
  <testcase name="login" time="0.000" classname="com.externalApi.Dumps"/>
  <testcase name="login" time="0.000" classname="com.externalApi.Dumps"/>
  <testcase name="login" time="0.001" classname="com.externalApi.Dumps"/>
  <testcase name="login" time="0.001" classname="com.externalApi.Dumps"/>
  <testcase name="login" time="0.000" classname="com.externalApi.Dumps"/>
  <testcase name="login" time="0.001" classname="com.externalApi.Dumps"/>
  <testcase name="login" time="0.001" classname="com.externalApi.Dumps"/>
  <testcase name="login" time="0.001" classname="com.externalApi.Dumps"/>
  <testcase name="login" time="0.002" classname="com.externalApi.Dumps"/>
  <testcase name="login" time="0.000" classname="com.externalApi.Dumps"/>
  <testcase name="login" time="0.000" classname="com.externalApi.Dumps"/>
  <testcase name="login" time="0.000" classname="com.externalApi.Dumps"/>
  <testcase name="login" time="0.001" classname="com.externalApi.Dumps"/>
  <testcase name="login" time="0.000" classname="com.externalApi.Dumps"/>
  <testcase name="login" time="0.002" classname="com.externalApi.Dumps"/>
  <testcase name="login" time="0.002" classname="com.externalApi.Dumps"/>
  <testcase name="login" time="0.001" classname="com.externalApi.Dumps"/>
  <testcase name="login" time="0.002" classname="com.externalApi.Dumps"/>
  <testcase name="login" time="0.000" classname="com.externalApi.Dumps"/>
  <testcase name="login" time="0.001" classname="com.externalApi.Dumps"/>
  <testcase name="login" time="0.000" classname="com.externalApi.Dumps"/>
  <testcase name="login" time="0.001" classname="com.externalApi.Dumps"/>
  <testcase name="login" time="0.001" classname="com.externalApi.Dumps"/>
  <testcase name="login" time="0.000" classname="com.externalApi.Dumps"/>
  <testcase name="login" time="0.001" classname="com.externalApi.Dumps"/>
  <testcase name="login" time="0.001" classname="com.externalApi.Dumps"/>
  <testcase name="login" time="0.000" classname="com.externalApi.Dumps"/>
  <testcase name="login" time="0.000" classname="com.externalApi.Dumps"/>
  <testcase name="login" time="0.000" classname="com.externalApi.Dumps"/>
  <testcase name="login" time="0.001" classname="com.externalApi.Dumps"/>
  <testcase name="login" time="0.001" classname="com.externalApi.Dumps"/>
  <testcase name="login" time="0.000" classname="com.externalApi.Dumps"/>
  <testcase name="login" time="0.001" classname="com.externalApi.Dumps"/>
  <testcase name="login" time="0.000" classname="com.externalApi.Dumps"/>
  <testcase name="login" time="0.001" classname="com.externalApi.Dumps"/>
  <testcase name="login" time="0.001" classname="com.externalApi.Dumps"/>
  <testcase name="login" time="0.001" classname="com.externalApi.Dumps"/>
  <testcase name="login" time="0.000" classname="com.externalApi.Dumps"/>
  <testcase name="login" time="0.002" classname="com.externalApi.Dumps"/>
  <testcase name="login" time="0.001" classname="com.externalApi.Dumps"/>
  <testcase name="login" time="0.001" classname="com.externalApi.Dumps"/>
  <testcase name="login" time="0.000" classname="com.externalApi.Dumps"/>
  <testcase name="login" time="0.001" classname="com.externalApi.Dumps"/>
  <testcase name="login" time="0.001" classname="com.externalApi.Dumps"/>
  <testcase name="login" time="0.001" classname="com.externalApi.Dumps"/>
  <testcase name="login" time="0.000" classname="com.externalApi.Dumps"/>
  <testcase name="login" time="0.001" classname="com.externalApi.Dumps"/>
  <testcase name="login" time="0.001" classname="com.externalApi.Dumps"/>
  <testcase name="login" time="0.000" classname="com.externalApi.Dumps"/>
  <testcase name="login" time="0.001" classname="com.externalApi.Dumps"/>
  <testcase name="login" time="0.002" classname="com.externalApi.Dumps"/>
  <testcase name="login" time="0.001" classname="com.externalApi.Dumps"/>
  <testcase name="login" time="0.001" classname="com.externalApi.Dumps"/>
  <testcase name="login" time="0.000" classname="com.externalApi.Dumps"/>
  <testcase name="login" time="0.000" classname="com.externalApi.Dumps"/>
  <testcase name="login" time="0.001" classname="com.externalApi.Dumps"/>
  <testcase name="login" time="0.004" classname="com.externalApi.Dumps"/>
  <testcase name="login" time="0.000" classname="com.externalApi.Dumps"/>
  <testcase name="login" time="0.000" classname="com.externalApi.Dumps"/>
  <testcase name="login" time="0.000" classname="com.externalApi.Dumps"/>
  <testcase name="login" time="0.000" classname="com.externalApi.Dumps"/>
  <testcase name="login" time="0.000" classname="com.externalApi.Dumps"/>
  <testcase name="login" time="0.000" classname="com.externalApi.Dumps"/>
  <testcase name="login" time="0.001" classname="com.externalApi.Dumps"/>
  <testcase name="login" time="0.000" classname="com.externalApi.Dumps"/>
  <testcase name="login" time="0.000" classname="com.externalApi.Dumps"/>
  <testcase name="login" time="0.000" classname="com.externalApi.Dumps"/>
  <testcase name="login" time="0.001" classname="com.externalApi.Dumps"/>
  <testcase name="login" time="0.001" classname="com.externalApi.Dumps"/>
  <testcase name="login" time="0.001" classname="com.externalApi.Dumps"/>
  <testcase name="login" time="0.003" classname="com.externalApi.Dumps"/>
  <testcase name="login" time="0.001" classname="com.externalApi.Dumps"/>
  <testcase name="login" time="0.001" classname="com.externalApi.Dumps"/>
  <testcase name="login" time="0.001" classname="com.externalApi.Dumps"/>
  <testcase name="login" time="0.000" classname="com.externalApi.Dumps"/>
  <testcase name="login" time="0.001" classname="com.externalApi.Dumps"/>
  <testcase name="login" time="0.001" classname="com.externalApi.Dumps"/>
  <testcase name="login" time="0.000" classname="com.externalApi.Dumps"/>
  <testcase name="login" time="0.000" classname="com.externalApi.Dumps"/>
  <testcase name="login" time="0.000" classname="com.externalApi.Dumps"/>
  <testcase name="login" time="0.001" classname="com.externalApi.Dumps"/>
  <testcase name="login" time="0.001" classname="com.externalApi.Dumps"/>
  <testcase name="login" time="0.000" classname="com.externalApi.Dumps"/>
  <testcase name="login" time="0.000" classname="com.externalApi.Dumps"/>
  <testcase name="login" time="0.000" classname="com.externalApi.Dumps"/>
  <testcase name="login" time="0.000" classname="com.externalApi.Dumps"/>
  <testcase name="login" time="0.000" classname="com.externalApi.Dumps"/>
  <testcase name="login" time="0.001" classname="com.externalApi.Dumps"/>
  <testcase name="login" time="0.000" classname="com.externalApi.Dumps"/>
  <testcase name="login" time="0.000" classname="com.externalApi.Dumps"/>
  <testcase name="login" time="0.001" classname="com.externalApi.Dumps"/>
  <testcase name="login" time="0.001" classname="com.externalApi.Dumps"/>
  <testcase name="login" time="0.001" classname="com.externalApi.Dumps"/>
  <testcase name="login" time="0.000" classname="com.externalApi.Dumps"/>
  <testcase name="login" time="0.001" classname="com.externalApi.Dumps"/>
  <testcase name="login" time="0.001" classname="com.externalApi.Dumps"/>
  <testcase name="login" time="0.001" classname="com.externalApi.Dumps"/>
  <testcase name="login" time="0.000" classname="com.externalApi.Dumps"/>
  <testcase name="login" time="0.001" classname="com.externalApi.Dumps"/>
  <testcase name="login" time="0.001" classname="com.externalApi.Dumps"/>
  <testcase name="login" time="0.002" classname="com.externalApi.Dumps"/>
  <testcase name="login" time="0.001" classname="com.externalApi.Dumps"/>
  <testcase name="login" time="0.001" classname="com.externalApi.Dumps"/>
  <testcase name="login" time="0.001" classname="com.externalApi.Dumps"/>
  <testcase name="login" time="0.000" classname="com.externalApi.Dumps"/>
  <testcase name="login" time="0.000" classname="com.externalApi.Dumps"/>
  <testcase name="login" time="0.001" classname="com.externalApi.Dumps"/>
  <testcase name="login" time="0.000" classname="com.externalApi.Dumps"/>
  <testcase name="login" time="0.000" classname="com.externalApi.Dumps"/>
  <testcase name="login" time="0.002" classname="com.externalApi.Dumps"/>
  <testcase name="login" time="0.003" classname="com.externalApi.Dumps"/>
  <testcase name="login" time="0.000" classname="com.externalApi.Dumps"/>
  <testcase name="login" time="0.001" classname="com.externalApi.Dumps"/>
  <testcase name="login" time="0.000" classname="com.externalApi.Dumps"/>
  <testcase name="login" time="0.000" classname="com.externalApi.Dumps"/>
  <testcase name="login" time="0.001" classname="com.externalApi.Dumps"/>
  <testcase name="login" time="0.002" classname="com.externalApi.Dumps"/>
  <testcase name="login" time="0.001" classname="com.externalApi.Dumps"/>
  <testcase name="login" time="0.001" classname="com.externalApi.Dumps"/>
  <testcase name="login" time="0.001" classname="com.externalApi.Dumps"/>
  <testcase name="login" time="0.000" classname="com.externalApi.Dumps"/>
  <testcase name="login" time="0.000" classname="com.externalApi.Dumps"/>
  <testcase name="login" time="0.001" classname="com.externalApi.Dumps"/>
  <testcase name="login" time="0.001" classname="com.externalApi.Dumps"/>
  <testcase name="login" time="0.001" classname="com.externalApi.Dumps"/>
  <testcase name="login" time="0.000" classname="com.externalApi.Dumps"/>
  <testcase name="login" time="0.000" classname="com.externalApi.Dumps"/>
  <testcase name="login" time="0.000" classname="com.externalApi.Dumps"/>
  <testcase name="login" time="0.000" classname="com.externalApi.Dumps"/>
  <testcase name="login" time="0.001" classname="com.externalApi.Dumps"/>
  <testcase name="login" time="0.001" classname="com.externalApi.Dumps"/>
  <testcase name="login" time="0.001" classname="com.externalApi.Dumps"/>
  <testcase name="login" time="0.000" classname="com.externalApi.Dumps"/>
  <testcase name="login" time="0.001" classname="com.externalApi.Dumps"/>
  <testcase name="login" time="0.001" classname="com.externalApi.Dumps"/>
  <testcase name="login" time="0.001" classname="com.externalApi.Dumps"/>
  <testcase name="login" time="0.001" classname="com.externalApi.Dumps"/>
  <testcase name="login" time="0.000" classname="com.externalApi.Dumps"/>
  <testcase name="login" time="0.002" classname="com.externalApi.Dumps"/>
  <testcase name="login" time="0.000" classname="com.externalApi.Dumps"/>
  <testcase name="login" time="0.000" classname="com.externalApi.Dumps"/>
  <testcase name="login" time="0.001" classname="com.externalApi.Dumps"/>
  <testcase name="login" time="0.001" classname="com.externalApi.Dumps"/>
  <testcase name="login" time="0.000" classname="com.externalApi.Dumps"/>
  <testcase name="login" time="0.000" classname="com.externalApi.Dumps"/>
  <testcase name="login" time="0.001" classname="com.externalApi.Dumps"/>
  <testcase name="login" time="0.000" classname="com.externalApi.Dumps"/>
  <testcase name="login" time="0.002" classname="com.externalApi.Dumps"/>
  <testcase name="login" time="0.001" classname="com.externalApi.Dumps"/>
  <testcase name="login" time="0.001" classname="com.externalApi.Dumps"/>
  <testcase name="login" time="0.000" classname="com.externalApi.Dumps"/>
  <testcase name="login" time="0.001" classname="com.externalApi.Dumps"/>
  <testcase name="login" time="0.001" classname="com.externalApi.Dumps"/>
  <testcase name="login" time="0.007" classname="com.externalApi.Dumps"/>
  <testcase name="login" time="0.000" classname="com.externalApi.Dumps"/>
  <testcase name="login" time="0.000" classname="com.externalApi.Dumps"/>
  <testcase name="login" time="0.000" classname="com.externalApi.Dumps"/>
  <testcase name="login" time="0.000" classname="com.externalApi.Dumps"/>
  <testcase name="login" time="0.001" classname="com.externalApi.Dumps"/>
  <testcase name="login" time="0.001" classname="com.externalApi.Dumps"/>
  <testcase name="login" time="0.001" classname="com.externalApi.Dumps"/>
  <testcase name="login" time="0.001" classname="com.externalApi.Dumps"/>
  <testcase name="login" time="0.001" classname="com.externalApi.Dumps"/>
  <testcase name="login" time="0.000" classname="com.externalApi.Dumps"/>
  <testcase name="login" time="0.000" classname="com.externalApi.Dumps"/>
  <testcase name="login" time="0.000" classname="com.externalApi.Dumps"/>
  <testcase name="login" time="0.001" classname="com.externalApi.Dumps"/>
  <testcase name="login" time="0.000" classname="com.externalApi.Dumps"/>
  <testcase name="login" time="0.001" classname="com.externalApi.Dumps"/>
  <testcase name="login" time="0.000" classname="com.externalApi.Dumps"/>
  <testcase name="login" time="0.001" classname="com.externalApi.Dumps"/>
  <testcase name="login" time="0.001" classname="com.externalApi.Dumps"/>
  <testcase name="login" time="0.001" classname="com.externalApi.Dumps"/>
  <testcase name="login" time="0.001" classname="com.externalApi.Dumps"/>
  <testcase name="login" time="0.001" classname="com.externalApi.Dumps"/>
  <testcase name="login" time="0.001" classname="com.externalApi.Dumps"/>
  <testcase name="login" time="0.000" classname="com.externalApi.Dumps"/>
  <testcase name="login" time="0.000" classname="com.externalApi.Dumps"/>
  <testcase name="login" time="0.001" classname="com.externalApi.Dumps"/>
  <testcase name="login" time="0.000" classname="com.externalApi.Dumps"/>
  <testcase name="login" time="0.001" classname="com.externalApi.Dumps"/>
  <testcase name="login" time="0.001" classname="com.externalApi.Dumps"/>
  <testcase name="login" time="0.001" classname="com.externalApi.Dumps"/>
  <testcase name="login" time="0.001" classname="com.externalApi.Dumps"/>
  <testcase name="login" time="0.001" classname="com.externalApi.Dumps"/>
  <testcase name="login" time="0.000" classname="com.externalApi.Dumps"/>
  <testcase name="login" time="0.000" classname="com.externalApi.Dumps"/>
  <testcase name="login" time="0.000" classname="com.externalApi.Dumps"/>
  <testcase name="login" time="0.002" classname="com.externalApi.Dumps"/>
  <testcase name="login" time="0.001" classname="com.externalApi.Dumps"/>
  <testcase name="login" time="0.002" classname="com.externalApi.Dumps"/>
  <testcase name="login" time="0.000" classname="com.externalApi.Dumps"/>
  <testcase name="login" time="0.001" classname="com.externalApi.Dumps"/>
  <testcase name="login" time="0.000" classname="com.externalApi.Dumps"/>
  <testcase name="login" time="0.001" classname="com.externalApi.Dumps"/>
  <testcase name="login" time="0.000" classname="com.externalApi.Dumps"/>
  <testcase name="login" time="0.000" classname="com.externalApi.Dumps"/>
  <testcase name="login" time="0.001" classname="com.externalApi.Dumps"/>
  <testcase name="login" time="0.000" classname="com.externalApi.Dumps"/>
  <testcase name="login" time="0.000" classname="com.externalApi.Dumps"/>
  <testcase name="login" time="0.001" classname="com.externalApi.Dumps"/>
  <testcase name="login" time="0.001" classname="com.externalApi.Dumps"/>
  <testcase name="login" time="0.000" classname="com.externalApi.Dumps"/>
  <testcase name="login" time="0.001" classname="com.externalApi.Dumps"/>
  <testcase name="login" time="0.000" classname="com.externalApi.Dumps"/>
  <testcase name="login" time="0.001" classname="com.externalApi.Dumps"/>
  <testcase name="login" time="0.001" classname="com.externalApi.Dumps"/>
  <testcase name="login" time="0.001" classname="com.externalApi.Dumps"/>
  <testcase name="login" time="0.002" classname="com.externalApi.Dumps"/>
  <testcase name="login" time="0.000" classname="com.externalApi.Dumps"/>
  <testcase name="login" time="0.001" classname="com.externalApi.Dumps"/>
  <testcase name="login" time="0.000" classname="com.externalApi.Dumps"/>
  <testcase name="login" time="0.000" classname="com.externalApi.Dumps"/>
  <testcase name="login" time="0.000" classname="com.externalApi.Dumps"/>
  <testcase name="login" time="0.000" classname="com.externalApi.Dumps"/>
  <testcase name="login" time="0.001" classname="com.externalApi.Dumps"/>
  <testcase name="login" time="0.001" classname="com.externalApi.Dumps"/>
  <testcase name="login" time="0.001" classname="com.externalApi.Dumps"/>
  <testcase name="login" time="0.000" classname="com.externalApi.Dumps"/>
  <testcase name="login" time="0.000" classname="com.externalApi.Dumps"/>
  <testcase name="login" time="0.000" classname="com.externalApi.Dumps"/>
  <testcase name="login" time="0.000" classname="com.externalApi.Dumps"/>
  <testcase name="login" time="0.001" classname="com.externalApi.Dumps"/>
  <testcase name="login" time="0.001" classname="com.externalApi.Dumps"/>
  <testcase name="login" time="0.002" classname="com.externalApi.Dumps"/>
  <testcase name="login" time="0.000" classname="com.externalApi.Dumps"/>
  <testcase name="login" time="0.001" classname="com.externalApi.Dumps"/>
  <testcase name="login" time="0.001" classname="com.externalApi.Dumps"/>
  <testcase name="login" time="0.001" classname="com.externalApi.Dumps"/>
  <testcase name="login" time="0.000" classname="com.externalApi.Dumps"/>
  <testcase name="login" time="0.001" classname="com.externalApi.Dumps"/>
  <testcase name="login" time="0.000" classname="com.externalApi.Dumps"/>
  <testcase name="login" time="0.001" classname="com.externalApi.Dumps"/>
  <testcase name="login" time="0.000" classname="com.externalApi.Dumps"/>
  <testcase name="login" time="0.002" classname="com.externalApi.Dumps"/>
  <testcase name="login" time="0.000" classname="com.externalApi.Dumps"/>
  <testcase name="login" time="0.000" classname="com.externalApi.Dumps"/>
  <testcase name="login" time="0.000" classname="com.externalApi.Dumps"/>
  <testcase name="login" time="0.000" classname="com.externalApi.Dumps"/>
  <testcase name="login" time="0.000" classname="com.externalApi.Dumps"/>
  <testcase name="login" time="0.000" classname="com.externalApi.Dumps"/>
  <testcase name="login" time="0.017" classname="com.externalApi.Dumps"/>
  <testcase name="login" time="0.001" classname="com.externalApi.Dumps"/>
  <testcase name="login" time="0.001" classname="com.externalApi.Dumps"/>
  <testcase name="login" time="0.000" classname="com.externalApi.Dumps"/>
  <testcase name="login" time="0.000" classname="com.externalApi.Dumps"/>
  <testcase name="login" time="0.001" classname="com.externalApi.Dumps"/>
  <testcase name="login" time="0.000" classname="com.externalApi.Dumps"/>
  <testcase name="login" time="0.000" classname="com.externalApi.Dumps"/>
  <testcase name="login" time="0.000" classname="com.externalApi.Dumps"/>
  <testcase name="login" time="0.000" classname="com.externalApi.Dumps"/>
  <testcase name="login" time="0.000" classname="com.externalApi.Dumps"/>
  <testcase name="login" time="0.000" classname="com.externalApi.Dumps"/>
  <testcase name="login" time="0.001" classname="com.externalApi.Dumps"/>
  <testcase name="login" time="0.000" classname="com.externalApi.Dumps"/>
  <testcase name="login" time="0.001" classname="com.externalApi.Dumps"/>
  <testcase name="login" time="0.000" classname="com.externalApi.Dumps"/>
  <testcase name="login" time="0.000" classname="com.externalApi.Dumps"/>
  <testcase name="login" time="0.002" classname="com.externalApi.Dumps"/>
  <testcase name="login" time="0.000" classname="com.externalApi.Dumps"/>
  <testcase name="login" time="0.001" classname="com.externalApi.Dumps"/>
  <testcase name="login" time="0.001" classname="com.externalApi.Dumps"/>
  <testcase name="login" time="0.000" classname="com.externalApi.Dumps"/>
  <testcase name="login" time="0.000" classname="com.externalApi.Dumps"/>
  <testcase name="login" time="0.000" classname="com.externalApi.Dumps"/>
  <testcase name="login" time="0.000" classname="com.externalApi.Dumps"/>
  <testcase name="login" time="0.000" classname="com.externalApi.Dumps"/>
  <testcase name="login" time="0.000" classname="com.externalApi.Dumps"/>
  <testcase name="login" time="0.001" classname="com.externalApi.Dumps"/>
  <testcase name="login" time="0.000" classname="com.externalApi.Dumps"/>
  <testcase name="login" time="0.001" classname="com.externalApi.Dumps"/>
  <testcase name="login" time="0.001" classname="com.externalApi.Dumps"/>
  <testcase name="login" time="0.000" classname="com.externalApi.Dumps"/>
  <testcase name="login" time="0.001" classname="com.externalApi.Dumps"/>
  <testcase name="login" time="0.000" classname="com.externalApi.Dumps"/>
  <testcase name="login" time="0.001" classname="com.externalApi.Dumps"/>
  <testcase name="login" time="0.001" classname="com.externalApi.Dumps"/>
  <testcase name="login" time="0.001" classname="com.externalApi.Dumps"/>
  <testcase name="login" time="0.000" classname="com.externalApi.Dumps"/>
  <testcase name="login" time="0.000" classname="com.externalApi.Dumps"/>
  <testcase name="login" time="0.001" classname="com.externalApi.Dumps"/>
  <testcase name="login" time="0.000" classname="com.externalApi.Dumps"/>
  <testcase name="login" time="0.000" classname="com.externalApi.Dumps"/>
  <testcase name="login" time="0.002" classname="com.externalApi.Dumps"/>
  <testcase name="login" time="0.001" classname="com.externalApi.Dumps"/>
  <testcase name="login" time="0.000" classname="com.externalApi.Dumps"/>
  <testcase name="login" time="0.001" classname="com.externalApi.Dumps"/>
  <testcase name="login" time="0.000" classname="com.externalApi.Dumps"/>
  <testcase name="login" time="0.000" classname="com.externalApi.Dumps"/>
  <testcase name="login" time="0.000" classname="com.externalApi.Dumps"/>
  <testcase name="login" time="0.000" classname="com.externalApi.Dumps"/>
  <testcase name="login" time="0.001" classname="com.externalApi.Dumps"/>
  <testcase name="login" time="0.000" classname="com.externalApi.Dumps"/>
  <testcase name="login" time="0.001" classname="com.externalApi.Dumps"/>
  <testcase name="login" time="0.000" classname="com.externalApi.Dumps"/>
  <testcase name="login" time="0.001" classname="com.externalApi.Dumps"/>
  <testcase name="login" time="0.001" classname="com.externalApi.Dumps"/>
  <testcase name="login" time="0.000" classname="com.externalApi.Dumps"/>
  <testcase name="login" time="0.000" classname="com.externalApi.Dumps"/>
  <testcase name="login" time="0.000" classname="com.externalApi.Dumps"/>
  <testcase name="login" time="0.001" classname="com.externalApi.Dumps"/>
  <testcase name="login" time="0.000" classname="com.externalApi.Dumps"/>
  <testcase name="login" time="0.000" classname="com.externalApi.Dumps"/>
  <testcase name="login" time="0.000" classname="com.externalApi.Dumps"/>
  <testcase name="login" time="0.000" classname="com.externalApi.Dumps"/>
  <testcase name="login" time="0.000" classname="com.externalApi.Dumps"/>
  <testcase name="login" time="0.001" classname="com.externalApi.Dumps"/>
  <testcase name="login" time="0.001" classname="com.externalApi.Dumps"/>
  <testcase name="login" time="0.000" classname="com.externalApi.Dumps"/>
  <testcase name="login" time="0.001" classname="com.externalApi.Dumps"/>
  <testcase name="login" time="0.001" classname="com.externalApi.Dumps"/>
  <testcase name="login" time="0.000" classname="com.externalApi.Dumps"/>
  <testcase name="login" time="0.000" classname="com.externalApi.Dumps"/>
  <testcase name="login" time="0.001" classname="com.externalApi.Dumps"/>
  <testcase name="login" time="0.000" classname="com.externalApi.Dumps"/>
  <testcase name="login" time="0.001" classname="com.externalApi.Dumps"/>
  <testcase name="login" time="0.000" classname="com.externalApi.Dumps"/>
  <testcase name="login" time="0.000" classname="com.externalApi.Dumps"/>
  <testcase name="login" time="0.001" classname="com.externalApi.Dumps"/>
  <testcase name="login" time="0.000" classname="com.externalApi.Dumps"/>
  <testcase name="login" time="0.001" classname="com.externalApi.Dumps"/>
  <testcase name="login" time="0.001" classname="com.externalApi.Dumps"/>
  <testcase name="login" time="0.148" classname="com.externalApi.Dumps"/>
  <testcase name="login" time="0.001" classname="com.externalApi.Dumps"/>
  <testcase name="login" time="0.000" classname="com.externalApi.Dumps"/>
  <testcase name="login" time="0.001" classname="com.externalApi.Dumps"/>
  <testcase name="login" time="0.000" classname="com.externalApi.Dumps"/>
  <testcase name="login" time="0.000" classname="com.externalApi.Dumps"/>
  <testcase name="login" time="0.001" classname="com.externalApi.Dumps"/>
  <testcase name="login" time="0.000" classname="com.externalApi.Dumps"/>
  <testcase name="login" time="0.001" classname="com.externalApi.Dumps"/>
  <testcase name="login" time="0.001" classname="com.externalApi.Dumps"/>
  <testcase name="login" time="0.000" classname="com.externalApi.Dumps"/>
  <testcase name="login" time="0.000" classname="com.externalApi.Dumps"/>
  <testcase name="login" time="0.001" classname="com.externalApi.Dumps"/>
  <testcase name="login" time="0.001" classname="com.externalApi.Dumps"/>
  <testcase name="login" time="0.000" classname="com.externalApi.Dumps"/>
  <testcase name="login" time="0.000" classname="com.externalApi.Dumps"/>
  <testcase name="login" time="0.001" classname="com.externalApi.Dumps"/>
  <testcase name="login" time="0.001" classname="com.externalApi.Dumps"/>
  <testcase name="login" time="0.001" classname="com.externalApi.Dumps"/>
  <testcase name="login" time="0.001" classname="com.externalApi.Dumps"/>
  <testcase name="login" time="0.000" classname="com.externalApi.Dumps"/>
  <testcase name="login" time="0.001" classname="com.externalApi.Dumps"/>
  <testcase name="login" time="0.001" classname="com.externalApi.Dumps"/>
  <testcase name="login" time="0.001" classname="com.externalApi.Dumps"/>
  <testcase name="login" time="0.000" classname="com.externalApi.Dumps"/>
  <testcase name="login" time="0.001" classname="com.externalApi.Dumps"/>
  <testcase name="login" time="0.000" classname="com.externalApi.Dumps"/>
  <testcase name="login" time="0.000" classname="com.externalApi.Dumps"/>
  <testcase name="login" time="0.002" classname="com.externalApi.Dumps"/>
  <testcase name="login" time="0.000" classname="com.externalApi.Dumps"/>
  <testcase name="login" time="0.001" classname="com.externalApi.Dumps"/>
  <testcase name="login" time="0.001" classname="com.externalApi.Dumps"/>
  <testcase name="login" time="0.000" classname="com.externalApi.Dumps"/>
  <testcase name="login" time="0.002" classname="com.externalApi.Dumps"/>
  <testcase name="login" time="0.000" classname="com.externalApi.Dumps"/>
  <testcase name="login" time="0.000" classname="com.externalApi.Dumps"/>
  <testcase name="login" time="0.001" classname="com.externalApi.Dumps"/>
  <testcase name="login" time="0.001" classname="com.externalApi.Dumps"/>
  <testcase name="login" time="0.000" classname="com.externalApi.Dumps"/>
  <testcase name="login" time="0.002" classname="com.externalApi.Dumps"/>
  <testcase name="login" time="0.000" classname="com.externalApi.Dumps"/>
  <testcase name="login" time="0.002" classname="com.externalApi.Dumps"/>
  <testcase name="login" time="0.001" classname="com.externalApi.Dumps"/>
  <testcase name="login" time="0.000" classname="com.externalApi.Dumps"/>
  <testcase name="login" time="0.001" classname="com.externalApi.Dumps"/>
  <testcase name="login" time="0.001" classname="com.externalApi.Dumps"/>
  <testcase name="login" time="0.002" classname="com.externalApi.Dumps"/>
  <testcase name="login" time="0.001" classname="com.externalApi.Dumps"/>
  <testcase name="login" time="0.002" classname="com.externalApi.Dumps"/>
  <testcase name="login" time="0.000" classname="com.externalApi.Dumps"/>
  <testcase name="login" time="0.002" classname="com.externalApi.Dumps"/>
  <testcase name="login" time="0.000" classname="com.externalApi.Dumps"/>
  <testcase name="login" time="0.001" classname="com.externalApi.Dumps"/>
  <testcase name="login" time="0.001" classname="com.externalApi.Dumps"/>
  <testcase name="login" time="0.001" classname="com.externalApi.Dumps"/>
  <testcase name="login" time="0.003" classname="com.externalApi.Dumps"/>
  <testcase name="login" time="0.000" classname="com.externalApi.Dumps"/>
  <testcase name="login" time="0.001" classname="com.externalApi.Dumps"/>
  <testcase name="login" time="0.002" classname="com.externalApi.Dumps"/>
  <testcase name="login" time="0.001" classname="com.externalApi.Dumps"/>
  <testcase name="login" time="0.001" classname="com.externalApi.Dumps"/>
  <testcase name="login" time="0.000" classname="com.externalApi.Dumps"/>
  <testcase name="login" time="0.000" classname="com.externalApi.Dumps"/>
  <testcase name="login" time="0.000" classname="com.externalApi.Dumps"/>
  <testcase name="login" time="0.000" classname="com.externalApi.Dumps"/>
  <testcase name="login" time="0.294" classname="com.externalApi.Dumps"/>
  <testcase name="login" time="0.000" classname="com.externalApi.Dumps"/>
  <testcase name="login" time="0.000" classname="com.externalApi.Dumps"/>
  <testcase name="login" time="0.001" classname="com.externalApi.Dumps"/>
  <testcase name="login" time="0.001" classname="com.externalApi.Dumps"/>
  <testcase name="login" time="0.000" classname="com.externalApi.Dumps"/>
  <testcase name="login" time="0.001" classname="com.externalApi.Dumps"/>
  <testcase name="login" time="0.000" classname="com.externalApi.Dumps"/>
  <testcase name="login" time="0.002" classname="com.externalApi.Dumps"/>
  <testcase name="login" time="0.000" classname="com.externalApi.Dumps"/>
  <testcase name="login" time="0.001" classname="com.externalApi.Dumps"/>
  <testcase name="login" time="0.002" classname="com.externalApi.Dumps"/>
  <testcase name="login" time="0.001" classname="com.externalApi.Dumps"/>
  <testcase name="login" time="0.001" classname="com.externalApi.Dumps"/>
  <testcase name="login" time="0.000" classname="com.externalApi.Dumps"/>
  <testcase name="login" time="0.000" classname="com.externalApi.Dumps"/>
  <testcase name="login" time="0.000" classname="com.externalApi.Dumps"/>
  <testcase name="login" time="0.001" classname="com.externalApi.Dumps"/>
  <testcase name="login" time="0.000" classname="com.externalApi.Dumps"/>
  <testcase name="login" time="0.000" classname="com.externalApi.Dumps"/>
  <testcase name="login" time="0.000" classname="com.externalApi.Dumps"/>
  <testcase name="login" time="0.001" classname="com.externalApi.Dumps"/>
  <testcase name="login" time="0.000" classname="com.externalApi.Dumps"/>
  <testcase name="login" time="0.000" classname="com.externalApi.Dumps"/>
  <testcase name="login" time="0.010" classname="com.externalApi.Dumps"/>
  <testcase name="login" time="0.001" classname="com.externalApi.Dumps"/>
  <testcase name="login" time="0.001" classname="com.externalApi.Dumps"/>
  <testcase name="login" time="0.001" classname="com.externalApi.Dumps"/>
  <testcase name="login" time="0.001" classname="com.externalApi.Dumps"/>
  <testcase name="login" time="0.000" classname="com.externalApi.Dumps"/>
  <testcase name="login" time="0.001" classname="com.externalApi.Dumps"/>
  <testcase name="login" time="0.001" classname="com.externalApi.Dumps"/>
  <testcase name="login" time="0.000" classname="com.externalApi.Dumps"/>
  <testcase name="login" time="0.001" classname="com.externalApi.Dumps"/>
  <testcase name="login" time="0.000" classname="com.externalApi.Dumps"/>
  <testcase name="login" time="0.000" classname="com.externalApi.Dumps"/>
  <testcase name="login" time="0.000" classname="com.externalApi.Dumps"/>
  <testcase name="login" time="0.001" classname="com.externalApi.Dumps"/>
  <testcase name="login" time="0.001" classname="com.externalApi.Dumps"/>
  <testcase name="login" time="0.000" classname="com.externalApi.Dumps"/>
  <testcase name="login" time="0.002" classname="com.externalApi.Dumps"/>
  <testcase name="login" time="0.000" classname="com.externalApi.Dumps"/>
  <testcase name="login" time="0.000" classname="com.externalApi.Dumps"/>
  <testcase name="login" time="0.001" classname="com.externalApi.Dumps"/>
  <testcase name="login" time="0.001" classname="com.externalApi.Dumps"/>
  <testcase name="login" time="0.000" classname="com.externalApi.Dumps"/>
  <testcase name="login" time="0.000" classname="com.externalApi.Dumps"/>
  <testcase name="login" time="0.000" classname="com.externalApi.Dumps"/>
  <testcase name="login" time="0.001" classname="com.externalApi.Dumps"/>
  <testcase name="login" time="0.001" classname="com.externalApi.Dumps"/>
  <testcase name="login" time="0.001" classname="com.externalApi.Dumps"/>
  <testcase name="login" time="0.000" classname="com.externalApi.Dumps"/>
  <testcase name="login" time="0.000" classname="com.externalApi.Dumps"/>
  <testcase name="login" time="0.001" classname="com.externalApi.Dumps"/>
  <testcase name="login" time="0.000" classname="com.externalApi.Dumps"/>
  <testcase name="login" time="0.001" classname="com.externalApi.Dumps"/>
  <testcase name="login" time="0.000" classname="com.externalApi.Dumps"/>
  <testcase name="login" time="0.000" classname="com.externalApi.Dumps"/>
  <testcase name="login" time="0.001" classname="com.externalApi.Dumps"/>
  <testcase name="login" time="0.001" classname="com.externalApi.Dumps"/>
  <testcase name="login" time="0.002" classname="com.externalApi.Dumps"/>
  <testcase name="login" time="0.010" classname="com.externalApi.Dumps"/>
  <testcase name="login" time="0.001" classname="com.externalApi.Dumps"/>
  <testcase name="login" time="0.000" classname="com.externalApi.Dumps"/>
  <testcase name="login" time="0.001" classname="com.externalApi.Dumps"/>
  <testcase name="login" time="0.001" classname="com.externalApi.Dumps"/>
  <testcase name="login" time="0.000" classname="com.externalApi.Dumps"/>
  <testcase name="login" time="0.001" classname="com.externalApi.Dumps"/>
  <testcase name="login" time="0.000" classname="com.externalApi.Dumps"/>
  <testcase name="login" time="0.000" classname="com.externalApi.Dumps"/>
  <testcase name="login" time="0.000" classname="com.externalApi.Dumps"/>
  <testcase name="login" time="0.000" classname="com.externalApi.Dumps"/>
  <testcase name="login" time="0.001" classname="com.externalApi.Dumps"/>
  <testcase name="login" time="0.001" classname="com.externalApi.Dumps"/>
  <testcase name="login" time="0.001" classname="com.externalApi.Dumps"/>
  <testcase name="login" time="0.001" classname="com.externalApi.Dumps"/>
  <testcase name="login" time="0.000" classname="com.externalApi.Dumps"/>
  <testcase name="login" time="0.000" classname="com.externalApi.Dumps"/>
  <testcase name="login" time="0.000" classname="com.externalApi.Dumps"/>
  <testcase name="login" time="0.001" classname="com.externalApi.Dumps"/>
  <testcase name="login" time="0.001" classname="com.externalApi.Dumps"/>
  <testcase name="login" time="0.000" classname="com.externalApi.Dumps"/>
  <testcase name="login" time="0.001" classname="com.externalApi.Dumps"/>
  <testcase name="login" time="0.001" classname="com.externalApi.Dumps"/>
  <testcase name="login" time="0.002" classname="com.externalApi.Dumps"/>
  <testcase name="login" time="0.001" classname="com.externalApi.Dumps"/>
  <testcase name="login" time="0.001" classname="com.externalApi.Dumps"/>
  <testcase name="login" time="0.001" classname="com.externalApi.Dumps"/>
  <testcase name="login" time="0.000" classname="com.externalApi.Dumps"/>
  <testcase name="login" time="0.001" classname="com.externalApi.Dumps"/>
  <testcase name="login" time="0.000" classname="com.externalApi.Dumps"/>
  <testcase name="login" time="0.000" classname="com.externalApi.Dumps"/>
  <testcase name="login" time="0.000" classname="com.externalApi.Dumps"/>
  <testcase name="login" time="0.000" classname="com.externalApi.Dumps"/>
  <testcase name="login" time="0.001" classname="com.externalApi.Dumps"/>
  <testcase name="login" time="0.000" classname="com.externalApi.Dumps"/>
  <testcase name="login" time="0.001" classname="com.externalApi.Dumps"/>
  <testcase name="login" time="0.000" classname="com.externalApi.Dumps"/>
  <testcase name="login" time="0.000" classname="com.externalApi.Dumps"/>
  <testcase name="login" time="0.000" classname="com.externalApi.Dumps"/>
  <testcase name="login" time="0.000" classname="com.externalApi.Dumps"/>
  <testcase name="login" time="0.000" classname="com.externalApi.Dumps"/>
  <testcase name="login" time="0.001" classname="com.externalApi.Dumps"/>
  <testcase name="login" time="0.002" classname="com.externalApi.Dumps"/>
  <testcase name="login" time="0.001" classname="com.externalApi.Dumps"/>
  <testcase name="login" time="0.001" classname="com.externalApi.Dumps"/>
  <testcase name="login" time="0.000" classname="com.externalApi.Dumps"/>
  <testcase name="login" time="0.002" classname="com.externalApi.Dumps"/>
  <testcase name="login" time="0.000" classname="com.externalApi.Dumps"/>
  <testcase name="login" time="0.001" classname="com.externalApi.Dumps"/>
  <testcase name="login" time="0.000" classname="com.externalApi.Dumps"/>
  <testcase name="login" time="0.001" classname="com.externalApi.Dumps"/>
  <testcase name="login" time="0.000" classname="com.externalApi.Dumps"/>
  <testcase name="login" time="0.000" classname="com.externalApi.Dumps"/>
  <testcase name="login" time="0.001" classname="com.externalApi.Dumps"/>
  <testcase name="login" time="0.000" classname="com.externalApi.Dumps"/>
  <testcase name="login" time="0.001" classname="com.externalApi.Dumps"/>
  <testcase name="login" time="0.000" classname="com.externalApi.Dumps"/>
  <testcase name="login" time="0.000" classname="com.externalApi.Dumps"/>
  <testcase name="login" time="0.001" classname="com.externalApi.Dumps"/>
  <testcase name="login" time="0.001" classname="com.externalApi.Dumps"/>
  <testcase name="login" time="0.001" classname="com.externalApi.Dumps"/>
  <testcase name="login" time="0.000" classname="com.externalApi.Dumps"/>
  <testcase name="login" time="0.000" classname="com.externalApi.Dumps"/>
  <testcase name="login" time="0.000" classname="com.externalApi.Dumps"/>
  <testcase name="login" time="0.000" classname="com.externalApi.Dumps"/>
  <testcase name="login" time="0.001" classname="com.externalApi.Dumps"/>
  <testcase name="login" time="0.000" classname="com.externalApi.Dumps"/>
  <testcase name="login" time="0.000" classname="com.externalApi.Dumps"/>
  <testcase name="login" time="0.115" classname="com.externalApi.Dumps"/>
  <testcase name="login" time="0.001" classname="com.externalApi.Dumps"/>
  <testcase name="login" time="0.000" classname="com.externalApi.Dumps"/>
  <testcase name="login" time="0.000" classname="com.externalApi.Dumps"/>
  <testcase name="login" time="0.001" classname="com.externalApi.Dumps"/>
  <testcase name="login" time="0.000" classname="com.externalApi.Dumps"/>
  <testcase name="login" time="0.001" classname="com.externalApi.Dumps"/>
  <testcase name="login" time="0.000" classname="com.externalApi.Dumps"/>
  <testcase name="login" time="0.001" classname="com.externalApi.Dumps"/>
  <testcase name="login" time="0.000" classname="com.externalApi.Dumps"/>
  <testcase name="login" time="0.000" classname="com.externalApi.Dumps"/>
  <testcase name="login" time="0.001" classname="com.externalApi.Dumps"/>
  <testcase name="login" time="0.000" classname="com.externalApi.Dumps"/>
  <testcase name="login" time="0.003" classname="com.externalApi.Dumps"/>
  <testcase name="login" time="0.001" classname="com.externalApi.Dumps"/>
  <testcase name="login" time="0.000" classname="com.externalApi.Dumps"/>
  <testcase name="login" time="0.001" classname="com.externalApi.Dumps"/>
  <testcase name="login" time="0.001" classname="com.externalApi.Dumps"/>
  <testcase name="login" time="0.000" classname="com.externalApi.Dumps"/>
  <testcase name="login" time="0.001" classname="com.externalApi.Dumps"/>
  <testcase name="login" time="0.000" classname="com.externalApi.Dumps"/>
  <testcase name="login" time="0.000" classname="com.externalApi.Dumps"/>
  <testcase name="login" time="0.001" classname="com.externalApi.Dumps"/>
  <testcase name="login" time="0.000" classname="com.externalApi.Dumps"/>
  <testcase name="login" time="0.000" classname="com.externalApi.Dumps"/>
  <testcase name="login" time="0.001" classname="com.externalApi.Dumps"/>
  <testcase name="login" time="0.000" classname="com.externalApi.Dumps"/>
  <testcase name="login" time="0.001" classname="com.externalApi.Dumps"/>
  <testcase name="login" time="0.001" classname="com.externalApi.Dumps"/>
  <testcase name="login" time="0.001" classname="com.externalApi.Dumps"/>
  <testcase name="login" time="0.000" classname="com.externalApi.Dumps"/>
  <testcase name="login" time="0.000" classname="com.externalApi.Dumps"/>
  <testcase name="login" time="0.005" classname="com.externalApi.Dumps"/>
  <testcase name="login" time="0.018" classname="com.externalApi.Dumps"/>
  <testcase name="login" time="0.001" classname="com.externalApi.Dumps"/>
  <testcase name="login" time="0.001" classname="com.externalApi.Dumps"/>
  <testcase name="login" time="0.001" classname="com.externalApi.Dumps"/>
  <testcase name="login" time="0.000" classname="com.externalApi.Dumps"/>
  <testcase name="login" time="0.001" classname="com.externalApi.Dumps"/>
  <testcase name="login" time="0.001" classname="com.externalApi.Dumps"/>
  <testcase name="login" time="0.001" classname="com.externalApi.Dumps"/>
  <testcase name="login" time="0.000" classname="com.externalApi.Dumps"/>
  <testcase name="login" time="0.000" classname="com.externalApi.Dumps"/>
  <testcase name="login" time="0.000" classname="com.externalApi.Dumps"/>
  <testcase name="login" time="0.001" classname="com.externalApi.Dumps"/>
  <testcase name="login" time="0.000" classname="com.externalApi.Dumps"/>
  <testcase name="login" time="0.001" classname="com.externalApi.Dumps"/>
  <testcase name="login" time="0.000" classname="com.externalApi.Dumps"/>
  <testcase name="login" time="0.000" classname="com.externalApi.Dumps"/>
  <testcase name="login" time="0.000" classname="com.externalApi.Dumps"/>
  <testcase name="login" time="0.001" classname="com.externalApi.Dumps"/>
  <testcase name="login" time="0.001" classname="com.externalApi.Dumps"/>
  <testcase name="login" time="0.001" classname="com.externalApi.Dumps"/>
  <testcase name="login" time="0.001" classname="com.externalApi.Dumps"/>
  <testcase name="login" time="0.001" classname="com.externalApi.Dumps"/>
  <testcase name="login" time="0.001" classname="com.externalApi.Dumps"/>
  <testcase name="login" time="0.001" classname="com.externalApi.Dumps"/>
  <testcase name="login" time="0.001" classname="com.externalApi.Dumps"/>
  <testcase name="login" time="0.001" classname="com.externalApi.Dumps"/>
  <testcase name="login" time="0.000" classname="com.externalApi.Dumps"/>
  <testcase name="login" time="0.001" classname="com.externalApi.Dumps"/>
  <testcase name="login" time="0.001" classname="com.externalApi.Dumps"/>
  <testcase name="login" time="0.001" classname="com.externalApi.Dumps"/>
  <testcase name="login" time="0.002" classname="com.externalApi.Dumps"/>
  <testcase name="login" time="0.000" classname="com.externalApi.Dumps"/>
  <testcase name="login" time="0.000" classname="com.externalApi.Dumps"/>
  <testcase name="login" time="0.001" classname="com.externalApi.Dumps"/>
  <testcase name="login" time="0.001" classname="com.externalApi.Dumps"/>
  <testcase name="login" time="0.001" classname="com.externalApi.Dumps"/>
  <testcase name="login" time="0.001" classname="com.externalApi.Dumps"/>
  <testcase name="login" time="0.001" classname="com.externalApi.Dumps"/>
  <testcase name="login" time="0.001" classname="com.externalApi.Dumps"/>
  <testcase name="login" time="0.001" classname="com.externalApi.Dumps"/>
  <testcase name="login" time="0.001" classname="com.externalApi.Dumps"/>
  <testcase name="login" time="0.001" classname="com.externalApi.Dumps"/>
  <testcase name="login" time="0.000" classname="com.externalApi.Dumps"/>
  <testcase name="login" time="0.000" classname="com.externalApi.Dumps"/>
  <testcase name="login" time="0.000" classname="com.externalApi.Dumps"/>
  <testcase name="login" time="0.001" classname="com.externalApi.Dumps"/>
  <testcase name="login" time="0.001" classname="com.externalApi.Dumps"/>
  <testcase name="login" time="0.000" classname="com.externalApi.Dumps"/>
  <testcase name="login" time="0.002" classname="com.externalApi.Dumps"/>
  <testcase name="login" time="0.001" classname="com.externalApi.Dumps"/>
  <testcase name="login" time="0.000" classname="com.externalApi.Dumps"/>
  <testcase name="login" time="0.001" classname="com.externalApi.Dumps"/>
  <testcase name="login" time="0.002" classname="com.externalApi.Dumps"/>
  <testcase name="login" time="0.002" classname="com.externalApi.Dumps"/>
  <testcase name="login" time="0.000" classname="com.externalApi.Dumps"/>
  <testcase name="login" time="0.002" classname="com.externalApi.Dumps"/>
  <testcase name="login" time="0.000" classname="com.externalApi.Dumps"/>
  <testcase name="login" time="0.001" classname="com.externalApi.Dumps"/>
  <testcase name="login" time="0.001" classname="com.externalApi.Dumps"/>
  <testcase name="login" time="0.000" classname="com.externalApi.Dumps"/>
  <testcase name="login" time="0.311" classname="com.externalApi.Dumps"/>
  <testcase name="login" time="0.000" classname="com.externalApi.Dumps"/>
  <testcase name="login" time="0.000" classname="com.externalApi.Dumps"/>
  <testcase name="login" time="0.000" classname="com.externalApi.Dumps"/>
  <testcase name="login" time="0.000" classname="com.externalApi.Dumps"/>
  <testcase name="login" time="0.000" classname="com.externalApi.Dumps"/>
  <testcase name="login" time="0.001" classname="com.externalApi.Dumps"/>
  <testcase name="login" time="0.000" classname="com.externalApi.Dumps"/>
  <testcase name="login" time="0.001" classname="com.externalApi.Dumps"/>
  <testcase name="login" time="0.002" classname="com.externalApi.Dumps"/>
  <testcase name="login" time="0.000" classname="com.externalApi.Dumps"/>
  <testcase name="login" time="0.002" classname="com.externalApi.Dumps"/>
  <testcase name="login" time="0.001" classname="com.externalApi.Dumps"/>
  <testcase name="login" time="0.000" classname="com.externalApi.Dumps"/>
  <testcase name="login" time="0.001" classname="com.externalApi.Dumps"/>
  <testcase name="login" time="0.001" classname="com.externalApi.Dumps"/>
  <testcase name="login" time="0.000" classname="com.externalApi.Dumps"/>
  <testcase name="login" time="0.001" classname="com.externalApi.Dumps"/>
  <testcase name="login" time="0.000" classname="com.externalApi.Dumps"/>
  <testcase name="login" time="0.001" classname="com.externalApi.Dumps"/>
  <testcase name="login" time="0.000" classname="com.externalApi.Dumps"/>
  <testcase name="login" time="0.000" classname="com.externalApi.Dumps"/>
  <testcase name="login" time="0.001" classname="com.externalApi.Dumps"/>
  <testcase name="login" time="0.001" classname="com.externalApi.Dumps"/>
  <testcase name="login" time="0.001" classname="com.externalApi.Dumps"/>
  <testcase name="login" time="0.001" classname="com.externalApi.Dumps"/>
  <testcase name="login" time="0.001" classname="com.externalApi.Dumps"/>
  <testcase name="login" time="0.001" classname="com.externalApi.Dumps"/>
  <testcase name="login" time="0.001" classname="com.externalApi.Dumps"/>
  <testcase name="login" time="0.001" classname="com.externalApi.Dumps"/>
  <testcase name="login" time="0.001" classname="com.externalApi.Dumps"/>
  <testcase name="login" time="0.002" classname="com.externalApi.Dumps"/>
  <testcase name="login" time="0.002" classname="com.externalApi.Dumps"/>
  <testcase name="login" time="0.001" classname="com.externalApi.Dumps"/>
  <testcase name="login" time="0.001" classname="com.externalApi.Dumps"/>
  <testcase name="login" time="0.003" classname="com.externalApi.Dumps"/>
  <testcase name="login" time="0.000" classname="com.externalApi.Dumps"/>
  <testcase name="login" time="0.001" classname="com.externalApi.Dumps"/>
  <testcase name="login" time="0.000" classname="com.externalApi.Dumps"/>
  <testcase name="login" time="0.000" classname="com.externalApi.Dumps"/>
  <testcase name="login" time="0.002" classname="com.externalApi.Dumps"/>
  <testcase name="login" time="0.000" classname="com.externalApi.Dumps"/>
  <testcase name="login" time="0.000" classname="com.externalApi.Dumps"/>
  <testcase name="login" time="0.000" classname="com.externalApi.Dumps"/>
  <testcase name="login" time="0.000" classname="com.externalApi.Dumps"/>
  <testcase name="login" time="0.133" classname="com.externalApi.Dumps"/>
  <testcase name="login" time="0.000" classname="com.externalApi.Dumps"/>
  <testcase name="login" time="0.001" classname="com.externalApi.Dumps"/>
  <testcase name="login" time="0.000" classname="com.externalApi.Dumps"/>
  <testcase name="login" time="0.000" classname="com.externalApi.Dumps"/>
  <testcase name="login" time="0.000" classname="com.externalApi.Dumps"/>
  <testcase name="login" time="0.000" classname="com.externalApi.Dumps"/>
  <testcase name="login" time="0.001" classname="com.externalApi.Dumps"/>
  <testcase name="login" time="0.000" classname="com.externalApi.Dumps"/>
  <testcase name="login" time="0.000" classname="com.externalApi.Dumps"/>
  <testcase name="login" time="0.000" classname="com.externalApi.Dumps"/>
  <testcase name="login" time="0.001" classname="com.externalApi.Dumps"/>
  <testcase name="login" time="0.001" classname="com.externalApi.Dumps"/>
  <testcase name="login" time="0.001" classname="com.externalApi.Dumps"/>
  <testcase name="login" time="0.001" classname="com.externalApi.Dumps"/>
  <testcase name="login" time="0.001" classname="com.externalApi.Dumps"/>
  <testcase name="login" time="0.000" classname="com.externalApi.Dumps"/>
  <testcase name="login" time="0.001" classname="com.externalApi.Dumps"/>
  <testcase name="login" time="0.000" classname="com.externalApi.Dumps"/>
  <testcase name="login" time="0.001" classname="com.externalApi.Dumps"/>
  <testcase name="login" time="0.001" classname="com.externalApi.Dumps"/>
  <testcase name="login" time="0.000" classname="com.externalApi.Dumps"/>
  <testcase name="login" time="0.001" classname="com.externalApi.Dumps"/>
  <testcase name="login" time="0.004" classname="com.externalApi.Dumps"/>
  <testcase name="login" time="0.001" classname="com.externalApi.Dumps"/>
  <testcase name="login" time="0.000" classname="com.externalApi.Dumps"/>
  <testcase name="login" time="0.002" classname="com.externalApi.Dumps"/>
  <testcase name="login" time="0.001" classname="com.externalApi.Dumps"/>
  <testcase name="login" time="0.001" classname="com.externalApi.Dumps"/>
  <testcase name="login" time="0.000" classname="com.externalApi.Dumps"/>
  <testcase name="login" time="0.000" classname="com.externalApi.Dumps"/>
  <testcase name="login" time="0.000" classname="com.externalApi.Dumps"/>
  <testcase name="login" time="0.000" classname="com.externalApi.Dumps"/>
  <testcase name="login" time="0.000" classname="com.externalApi.Dumps"/>
  <testcase name="login" time="0.000" classname="com.externalApi.Dumps"/>
  <testcase name="login" time="0.001" classname="com.externalApi.Dumps"/>
  <testcase name="login" time="0.001" classname="com.externalApi.Dumps"/>
  <testcase name="login" time="0.001" classname="com.externalApi.Dumps"/>
  <testcase name="login" time="0.003" classname="com.externalApi.Dumps"/>
  <testcase name="login" time="0.000" classname="com.externalApi.Dumps"/>
  <testcase name="login" time="0.009" classname="com.externalApi.Dumps"/>
  <testcase name="login" time="0.001" classname="com.externalApi.Dumps"/>
  <testcase name="login" time="0.001" classname="com.externalApi.Dumps"/>
  <testcase name="login" time="0.001" classname="com.externalApi.Dumps"/>
  <testcase name="login" time="0.000" classname="com.externalApi.Dumps"/>
  <testcase name="login" time="0.000" classname="com.externalApi.Dumps"/>
  <testcase name="login" time="0.001" classname="com.externalApi.Dumps"/>
  <testcase name="login" time="0.000" classname="com.externalApi.Dumps"/>
  <testcase name="login" time="0.001" classname="com.externalApi.Dumps"/>
  <testcase name="login" time="0.000" classname="com.externalApi.Dumps"/>
  <testcase name="login" time="0.000" classname="com.externalApi.Dumps"/>
  <testcase name="login" time="0.001" classname="com.externalApi.Dumps"/>
  <testcase name="login" time="0.001" classname="com.externalApi.Dumps"/>
  <testcase name="login" time="0.000" classname="com.externalApi.Dumps"/>
  <testcase name="login" time="0.000" classname="com.externalApi.Dumps"/>
  <testcase name="login" time="0.000" classname="com.externalApi.Dumps"/>
  <testcase name="login" time="0.001" classname="com.externalApi.Dumps"/>
  <testcase name="login" time="0.000" classname="com.externalApi.Dumps"/>
  <testcase name="login" time="0.001" classname="com.externalApi.Dumps"/>
  <testcase name="login" time="0.000" classname="com.externalApi.Dumps"/>
  <testcase name="login" time="0.002" classname="com.externalApi.Dumps"/>
  <testcase name="login" time="0.000" classname="com.externalApi.Dumps"/>
  <testcase name="login" time="0.000" classname="com.externalApi.Dumps"/>
  <testcase name="login" time="0.000" classname="com.externalApi.Dumps"/>
  <testcase name="login" time="0.000" classname="com.externalApi.Dumps"/>
  <testcase name="login" time="0.000" classname="com.externalApi.Dumps"/>
  <testcase name="login" time="0.002" classname="com.externalApi.Dumps"/>
  <testcase name="login" time="0.005" classname="com.externalApi.Dumps"/>
  <testcase name="login" time="0.000" classname="com.externalApi.Dumps"/>
  <testcase name="login" time="0.000" classname="com.externalApi.Dumps"/>
  <testcase name="login" time="0.000" classname="com.externalApi.Dumps"/>
  <testcase name="login" time="0.000" classname="com.externalApi.Dumps"/>
  <testcase name="login" time="0.000" classname="com.externalApi.Dumps"/>
  <testcase name="login" time="0.001" classname="com.externalApi.Dumps"/>
  <testcase name="login" time="0.001" classname="com.externalApi.Dumps"/>
  <testcase name="login" time="0.000" classname="com.externalApi.Dumps"/>
  <testcase name="login" time="0.001" classname="com.externalApi.Dumps"/>
  <testcase name="login" time="0.000" classname="com.externalApi.Dumps"/>
  <testcase name="login" time="0.000" classname="com.externalApi.Dumps"/>
  <testcase name="login" time="0.000" classname="com.externalApi.Dumps"/>
  <testcase name="login" time="0.000" classname="com.externalApi.Dumps"/>
  <testcase name="login" time="0.000" classname="com.externalApi.Dumps"/>
  <testcase name="login" time="0.000" classname="com.externalApi.Dumps"/>
  <testcase name="login" time="0.001" classname="com.externalApi.Dumps"/>
  <testcase name="login" time="0.001" classname="com.externalApi.Dumps"/>
  <testcase name="login" time="0.000" classname="com.externalApi.Dumps"/>
  <testcase name="login" time="0.001" classname="com.externalApi.Dumps"/>
  <testcase name="login" time="0.001" classname="com.externalApi.Dumps"/>
  <testcase name="login" time="0.000" classname="com.externalApi.Dumps"/>
  <testcase name="login" time="0.001" classname="com.externalApi.Dumps"/>
  <testcase name="login" time="0.001" classname="com.externalApi.Dumps"/>
  <testcase name="login" time="0.001" classname="com.externalApi.Dumps"/>
  <testcase name="login" time="0.002" classname="com.externalApi.Dumps"/>
  <testcase name="login" time="0.001" classname="com.externalApi.Dumps"/>
  <testcase name="login" time="0.001" classname="com.externalApi.Dumps"/>
  <testcase name="login" time="0.001" classname="com.externalApi.Dumps"/>
  <testcase name="login" time="0.000" classname="com.externalApi.Dumps"/>
  <testcase name="login" time="0.001" classname="com.externalApi.Dumps"/>
  <testcase name="login" time="0.002" classname="com.externalApi.Dumps"/>
  <testcase name="login" time="0.008" classname="com.externalApi.Dumps"/>
  <testcase name="login" time="0.000" classname="com.externalApi.Dumps"/>
  <testcase name="login" time="0.000" classname="com.externalApi.Dumps"/>
  <testcase name="login" time="0.001" classname="com.externalApi.Dumps"/>
  <testcase name="login" time="0.000" classname="com.externalApi.Dumps"/>
  <testcase name="login" time="0.000" classname="com.externalApi.Dumps"/>
  <testcase name="login" time="0.001" classname="com.externalApi.Dumps"/>
  <testcase name="login" time="0.000" classname="com.externalApi.Dumps"/>
  <testcase name="login" time="0.000" classname="com.externalApi.Dumps"/>
  <testcase name="login" time="0.000" classname="com.externalApi.Dumps"/>
  <testcase name="login" time="0.000" classname="com.externalApi.Dumps"/>
  <testcase name="login" time="0.001" classname="com.externalApi.Dumps"/>
  <testcase name="login" time="0.000" classname="com.externalApi.Dumps"/>
  <testcase name="login" time="0.001" classname="com.externalApi.Dumps"/>
  <testcase name="login" time="0.001" classname="com.externalApi.Dumps"/>
  <testcase name="login" time="0.001" classname="com.externalApi.Dumps"/>
  <testcase name="login" time="0.001" classname="com.externalApi.Dumps"/>
  <testcase name="login" time="0.000" classname="com.externalApi.Dumps"/>
  <testcase name="login" time="0.000" classname="com.externalApi.Dumps"/>
  <testcase name="login" time="0.001" classname="com.externalApi.Dumps"/>
  <testcase name="login" time="0.001" classname="com.externalApi.Dumps"/>
  <testcase name="login" time="0.000" classname="com.externalApi.Dumps"/>
  <testcase name="login" time="0.000" classname="com.externalApi.Dumps"/>
  <testcase name="login" time="0.001" classname="com.externalApi.Dumps"/>
  <testcase name="login" time="0.001" classname="com.externalApi.Dumps"/>
  <testcase name="login" time="0.001" classname="com.externalApi.Dumps"/>
  <testcase name="login" time="0.000" classname="com.externalApi.Dumps"/>
  <testcase name="login" time="0.001" classname="com.externalApi.Dumps"/>
  <testcase name="login" time="0.001" classname="com.externalApi.Dumps"/>
  <testcase name="login" time="0.000" classname="com.externalApi.Dumps"/>
  <testcase name="login" time="0.001" classname="com.externalApi.Dumps"/>
  <testcase name="login" time="0.000" classname="com.externalApi.Dumps"/>
  <testcase name="login" time="0.279" classname="com.externalApi.Dumps"/>
  <testcase name="login" time="0.001" classname="com.externalApi.Dumps"/>
  <testcase name="login" time="0.000" classname="com.externalApi.Dumps"/>
  <testcase name="login" time="0.000" classname="com.externalApi.Dumps"/>
  <testcase name="login" time="0.001" classname="com.externalApi.Dumps"/>
  <testcase name="login" time="0.000" classname="com.externalApi.Dumps"/>
  <testcase name="login" time="0.001" classname="com.externalApi.Dumps"/>
  <testcase name="login" time="0.002" classname="com.externalApi.Dumps"/>
  <testcase name="login" time="0.001" classname="com.externalApi.Dumps"/>
  <testcase name="login" time="0.000" classname="com.externalApi.Dumps"/>
  <testcase name="login" time="0.000" classname="com.externalApi.Dumps"/>
  <testcase name="login" time="0.000" classname="com.externalApi.Dumps"/>
  <testcase name="login" time="0.001" classname="com.externalApi.Dumps"/>
  <testcase name="login" time="0.001" classname="com.externalApi.Dumps"/>
  <testcase name="login" time="0.000" classname="com.externalApi.Dumps"/>
  <testcase name="login" time="0.000" classname="com.externalApi.Dumps"/>
  <testcase name="login" time="0.001" classname="com.externalApi.Dumps"/>
  <testcase name="login" time="0.001" classname="com.externalApi.Dumps"/>
  <testcase name="login" time="0.000" classname="com.externalApi.Dumps"/>
  <testcase name="login" time="0.000" classname="com.externalApi.Dumps"/>
  <testcase name="login" time="0.000" classname="com.externalApi.Dumps"/>
  <testcase name="login" time="0.000" classname="com.externalApi.Dumps"/>
  <testcase name="login" time="0.000" classname="com.externalApi.Dumps"/>
  <testcase name="login" time="0.001" classname="com.externalApi.Dumps"/>
  <testcase name="login" time="0.000" classname="com.externalApi.Dumps"/>
  <testcase name="login" time="0.000" classname="com.externalApi.Dumps"/>
  <testcase name="login" time="0.000" classname="com.externalApi.Dumps"/>
  <testcase name="login" time="0.000" classname="com.externalApi.Dumps"/>
  <testcase name="login" time="0.001" classname="com.externalApi.Dumps"/>
  <testcase name="login" time="0.000" classname="com.externalApi.Dumps"/>
  <testcase name="login" time="0.000" classname="com.externalApi.Dumps"/>
  <testcase name="login" time="0.000" classname="com.externalApi.Dumps"/>
  <testcase name="login" time="0.000" classname="com.externalApi.Dumps"/>
  <testcase name="login" time="0.001" classname="com.externalApi.Dumps"/>
  <testcase name="login" time="0.001" classname="com.externalApi.Dumps"/>
  <testcase name="login" time="0.002" classname="com.externalApi.Dumps"/>
  <testcase name="login" time="0.001" classname="com.externalApi.Dumps"/>
  <testcase name="login" time="0.000" classname="com.externalApi.Dumps"/>
  <testcase name="login" time="0.001" classname="com.externalApi.Dumps"/>
  <testcase name="login" time="0.001" classname="com.externalApi.Dumps"/>
  <testcase name="login" time="0.000" classname="com.externalApi.Dumps"/>
  <testcase name="login" time="0.001" classname="com.externalApi.Dumps"/>
  <testcase name="login" time="0.000" classname="com.externalApi.Dumps"/>
  <testcase name="login" time="0.001" classname="com.externalApi.Dumps"/>
  <testcase name="login" time="0.001" classname="com.externalApi.Dumps"/>
  <testcase name="login" time="0.000" classname="com.externalApi.Dumps"/>
  <testcase name="login" time="0.002" classname="com.externalApi.Dumps"/>
  <testcase name="login" time="0.002" classname="com.externalApi.Dumps"/>
  <testcase name="login" time="0.002" classname="com.externalApi.Dumps"/>
  <testcase name="login" time="0.000" classname="com.externalApi.Dumps"/>
  <testcase name="login" time="0.001" classname="com.externalApi.Dumps"/>
  <testcase name="login" time="0.000" classname="com.externalApi.Dumps"/>
  <testcase name="login" time="0.001" classname="com.externalApi.Dumps"/>
  <testcase name="login" time="0.000" classname="com.externalApi.Dumps"/>
  <testcase name="login" time="0.001" classname="com.externalApi.Dumps"/>
  <testcase name="login" time="0.001" classname="com.externalApi.Dumps"/>
  <testcase name="login" time="0.000" classname="com.externalApi.Dumps"/>
  <testcase name="login" time="0.001" classname="com.externalApi.Dumps"/>
  <testcase name="login" time="0.000" classname="com.externalApi.Dumps"/>
  <testcase name="login" time="0.001" classname="com.externalApi.Dumps"/>
  <testcase name="login" time="0.000" classname="com.externalApi.Dumps"/>
  <testcase name="login" time="0.000" classname="com.externalApi.Dumps"/>
  <testcase name="login" time="0.001" classname="com.externalApi.Dumps"/>
  <testcase name="login" time="0.000" classname="com.externalApi.Dumps"/>
  <testcase name="login" time="0.000" classname="com.externalApi.Dumps"/>
  <testcase name="login" time="0.000" classname="com.externalApi.Dumps"/>
  <testcase name="login" time="0.000" classname="com.externalApi.Dumps"/>
  <testcase name="login" time="0.000" classname="com.externalApi.Dumps"/>
  <testcase name="login" time="0.001" classname="com.externalApi.Dumps"/>
  <testcase name="login" time="0.000" classname="com.externalApi.Dumps"/>
  <testcase name="login" time="0.000" classname="com.externalApi.Dumps"/>
  <testcase name="login" time="0.000" classname="com.externalApi.Dumps"/>
  <testcase name="login" time="0.000" classname="com.externalApi.Dumps"/>
  <testcase name="login" time="0.001" classname="com.externalApi.Dumps"/>
  <testcase name="login" time="0.001" classname="com.externalApi.Dumps"/>
  <testcase name="login" time="0.000" classname="com.externalApi.Dumps"/>
  <testcase name="login" time="0.001" classname="com.externalApi.Dumps"/>
  <testcase name="login" time="0.003" classname="com.externalApi.Dumps"/>
  <testcase name="login" time="0.001" classname="com.externalApi.Dumps"/>
  <testcase name="login" time="0.001" classname="com.externalApi.Dumps"/>
  <testcase name="login" time="0.001" classname="com.externalApi.Dumps"/>
  <testcase name="login" time="0.000" classname="com.externalApi.Dumps"/>
  <testcase name="login" time="0.000" classname="com.externalApi.Dumps"/>
  <testcase name="login" time="0.002" classname="com.externalApi.Dumps"/>
  <testcase name="login" time="0.002" classname="com.externalApi.Dumps"/>
  <testcase name="login" time="0.001" classname="com.externalApi.Dumps"/>
  <testcase name="login" time="0.001" classname="com.externalApi.Dumps"/>
  <testcase name="login" time="0.001" classname="com.externalApi.Dumps"/>
  <testcase name="login" time="0.002" classname="com.externalApi.Dumps"/>
  <testcase name="login" time="0.001" classname="com.externalApi.Dumps"/>
  <testcase name="login" time="0.000" classname="com.externalApi.Dumps"/>
  <testcase name="login" time="0.000" classname="com.externalApi.Dumps"/>
  <testcase name="login" time="0.000" classname="com.externalApi.Dumps"/>
  <testcase name="login" time="0.001" classname="com.externalApi.Dumps"/>
  <testcase name="login" time="0.001" classname="com.externalApi.Dumps"/>
  <testcase name="login" time="0.000" classname="com.externalApi.Dumps"/>
  <testcase name="login" time="0.002" classname="com.externalApi.Dumps"/>
  <testcase name="login" time="0.000" classname="com.externalApi.Dumps"/>
  <testcase name="login" time="0.001" classname="com.externalApi.Dumps"/>
  <testcase name="login" time="0.000" classname="com.externalApi.Dumps"/>
  <testcase name="login" time="0.000" classname="com.externalApi.Dumps"/>
  <testcase name="login" time="0.001" classname="com.externalApi.Dumps"/>
  <testcase name="login" time="0.000" classname="com.externalApi.Dumps"/>
  <testcase name="login" time="0.001" classname="com.externalApi.Dumps"/>
  <testcase name="login" time="0.001" classname="com.externalApi.Dumps"/>
  <testcase name="login" time="0.000" classname="com.externalApi.Dumps"/>
  <testcase name="login" time="0.000" classname="com.externalApi.Dumps"/>
  <testcase name="login" time="0.000" classname="com.externalApi.Dumps"/>
  <testcase name="login" time="0.001" classname="com.externalApi.Dumps"/>
  <testcase name="login" time="0.000" classname="com.externalApi.Dumps"/>
  <testcase name="login" time="0.001" classname="com.externalApi.Dumps"/>
  <testcase name="login" time="0.000" classname="com.externalApi.Dumps"/>
  <testcase name="login" time="0.001" classname="com.externalApi.Dumps"/>
  <testcase name="login" time="0.001" classname="com.externalApi.Dumps"/>
  <testcase name="login" time="0.001" classname="com.externalApi.Dumps"/>
  <testcase name="login" time="0.000" classname="com.externalApi.Dumps"/>
  <testcase name="login" time="0.001" classname="com.externalApi.Dumps"/>
  <testcase name="login" time="0.001" classname="com.externalApi.Dumps"/>
  <testcase name="login" time="0.002" classname="com.externalApi.Dumps"/>
  <testcase name="login" time="0.000" classname="com.externalApi.Dumps"/>
  <testcase name="login" time="0.000" classname="com.externalApi.Dumps"/>
  <testcase name="login" time="0.001" classname="com.externalApi.Dumps"/>
  <testcase name="login" time="0.000" classname="com.externalApi.Dumps"/>
  <testcase name="login" time="0.001" classname="com.externalApi.Dumps"/>
  <testcase name="login" time="0.002" classname="com.externalApi.Dumps"/>
  <testcase name="login" time="0.002" classname="com.externalApi.Dumps"/>
  <testcase name="login" time="0.001" classname="com.externalApi.Dumps"/>
  <testcase name="login" time="0.000" classname="com.externalApi.Dumps"/>
  <testcase name="login" time="0.001" classname="com.externalApi.Dumps"/>
  <testcase name="login" time="0.001" classname="com.externalApi.Dumps"/>
  <testcase name="login" time="0.243" classname="com.externalApi.Dumps"/>
  <testcase name="login" time="0.001" classname="com.externalApi.Dumps"/>
  <testcase name="login" time="0.014" classname="com.externalApi.Dumps"/>
  <testcase name="login" time="0.000" classname="com.externalApi.Dumps"/>
  <testcase name="login" time="0.001" classname="com.externalApi.Dumps"/>
  <testcase name="login" time="0.001" classname="com.externalApi.Dumps"/>
  <testcase name="login" time="0.000" classname="com.externalApi.Dumps"/>
  <testcase name="login" time="0.000" classname="com.externalApi.Dumps"/>
  <testcase name="login" time="0.000" classname="com.externalApi.Dumps"/>
  <testcase name="login" time="0.000" classname="com.externalApi.Dumps"/>
  <testcase name="login" time="0.004" classname="com.externalApi.Dumps"/>
  <testcase name="login" time="0.001" classname="com.externalApi.Dumps"/>
  <testcase name="login" time="0.001" classname="com.externalApi.Dumps"/>
  <testcase name="login" time="0.001" classname="com.externalApi.Dumps"/>
  <testcase name="login" time="0.000" classname="com.externalApi.Dumps"/>
  <testcase name="login" time="0.000" classname="com.externalApi.Dumps"/>
  <testcase name="login" time="0.000" classname="com.externalApi.Dumps"/>
  <testcase name="login" time="0.001" classname="com.externalApi.Dumps"/>
  <testcase name="login" time="0.001" classname="com.externalApi.Dumps"/>
  <testcase name="login" time="0.001" classname="com.externalApi.Dumps"/>
  <testcase name="login" time="0.000" classname="com.externalApi.Dumps"/>
  <testcase name="login" time="0.001" classname="com.externalApi.Dumps"/>
  <testcase name="login" time="0.001" classname="com.externalApi.Dumps"/>
  <testcase name="login" time="0.000" classname="com.externalApi.Dumps"/>
  <testcase name="login" time="0.000" classname="com.externalApi.Dumps"/>
  <testcase name="login" time="0.001" classname="com.externalApi.Dumps"/>
  <testcase name="login" time="0.000" classname="com.externalApi.Dumps"/>
  <testcase name="login" time="0.001" classname="com.externalApi.Dumps"/>
  <testcase name="login" time="0.002" classname="com.externalApi.Dumps"/>
  <testcase name="login" time="0.001" classname="com.externalApi.Dumps"/>
  <testcase name="login" time="0.000" classname="com.externalApi.Dumps"/>
  <testcase name="login" time="0.000" classname="com.externalApi.Dumps"/>
  <testcase name="login" time="0.000" classname="com.externalApi.Dumps"/>
  <testcase name="login" time="0.000" classname="com.externalApi.Dumps"/>
  <testcase name="login" time="0.001" classname="com.externalApi.Dumps"/>
  <testcase name="login" time="0.000" classname="com.externalApi.Dumps"/>
  <testcase name="login" time="0.008" classname="com.externalApi.Dumps"/>
  <testcase name="login" time="0.001" classname="com.externalApi.Dumps"/>
  <testcase name="login" time="0.001" classname="com.externalApi.Dumps"/>
  <testcase name="login" time="0.002" classname="com.externalApi.Dumps"/>
  <testcase name="login" time="0.001" classname="com.externalApi.Dumps"/>
  <testcase name="login" time="0.001" classname="com.externalApi.Dumps"/>
  <testcase name="login" time="0.001" classname="com.externalApi.Dumps"/>
  <testcase name="login" time="0.000" classname="com.externalApi.Dumps"/>
  <testcase name="login" time="0.002" classname="com.externalApi.Dumps"/>
  <testcase name="login" time="0.000" classname="com.externalApi.Dumps"/>
  <testcase name="login" time="0.000" classname="com.externalApi.Dumps"/>
  <testcase name="login" time="0.001" classname="com.externalApi.Dumps"/>
  <testcase name="login" time="0.000" classname="com.externalApi.Dumps"/>
  <testcase name="login" time="0.001" classname="com.externalApi.Dumps"/>
  <testcase name="login" time="0.000" classname="com.externalApi.Dumps"/>
  <testcase name="login" time="0.001" classname="com.externalApi.Dumps"/>
  <testcase name="login" time="0.000" classname="com.externalApi.Dumps"/>
  <testcase name="login" time="0.000" classname="com.externalApi.Dumps"/>
  <testcase name="login" time="0.001" classname="com.externalApi.Dumps"/>
  <testcase name="login" time="0.001" classname="com.externalApi.Dumps"/>
  <testcase name="login" time="0.001" classname="com.externalApi.Dumps"/>
  <testcase name="login" time="0.001" classname="com.externalApi.Dumps"/>
  <testcase name="login" time="0.000" classname="com.externalApi.Dumps"/>
  <testcase name="login" time="0.000" classname="com.externalApi.Dumps"/>
  <testcase name="login" time="0.000" classname="com.externalApi.Dumps"/>
  <testcase name="login" time="0.000" classname="com.externalApi.Dumps"/>
  <testcase name="login" time="0.000" classname="com.externalApi.Dumps"/>
  <testcase name="login" time="0.000" classname="com.externalApi.Dumps"/>
  <testcase name="login" time="0.000" classname="com.externalApi.Dumps"/>
  <testcase name="login" time="0.001" classname="com.externalApi.Dumps"/>
  <testcase name="login" time="0.000" classname="com.externalApi.Dumps"/>
  <testcase name="login" time="0.001" classname="com.externalApi.Dumps"/>
  <testcase name="login" time="0.004" classname="com.externalApi.Dumps"/>
  <testcase name="login" time="0.002" classname="com.externalApi.Dumps"/>
  <testcase name="login" time="0.002" classname="com.externalApi.Dumps"/>
  <testcase name="login" time="0.000" classname="com.externalApi.Dumps"/>
  <testcase name="login" time="0.001" classname="com.externalApi.Dumps"/>
  <testcase name="login" time="0.000" classname="com.externalApi.Dumps"/>
  <testcase name="login" time="0.000" classname="com.externalApi.Dumps"/>
  <testcase name="login" time="0.000" classname="com.externalApi.Dumps"/>
  <testcase name="login" time="0.000" classname="com.externalApi.Dumps"/>
  <testcase name="login" time="0.000" classname="com.externalApi.Dumps"/>
  <testcase name="login" time="0.000" classname="com.externalApi.Dumps"/>
  <testcase name="login" time="0.001" classname="com.externalApi.Dumps"/>
  <testcase name="login" time="0.000" classname="com.externalApi.Dumps"/>
  <testcase name="login" time="0.001" classname="com.externalApi.Dumps"/>
  <testcase name="login" time="0.001" classname="com.externalApi.Dumps"/>
  <testcase name="login" time="0.000" classname="com.externalApi.Dumps"/>
  <testcase name="login" time="0.002" classname="com.externalApi.Dumps"/>
  <testcase name="login" time="0.000" classname="com.externalApi.Dumps"/>
  <testcase name="login" time="0.001" classname="com.externalApi.Dumps"/>
  <testcase name="login" time="0.001" classname="com.externalApi.Dumps"/>
  <testcase name="login" time="0.002" classname="com.externalApi.Dumps"/>
  <testcase name="login" time="0.001" classname="com.externalApi.Dumps"/>
  <testcase name="login" time="0.000" classname="com.externalApi.Dumps"/>
  <testcase name="login" time="0.000" classname="com.externalApi.Dumps"/>
  <testcase name="login" time="0.000" classname="com.externalApi.Dumps"/>
  <testcase name="login" time="0.000" classname="com.externalApi.Dumps"/>
  <testcase name="login" time="0.000" classname="com.externalApi.Dumps"/>
  <testcase name="login" time="0.002" classname="com.externalApi.Dumps"/>
  <testcase name="login" time="0.000" classname="com.externalApi.Dumps"/>
  <testcase name="login" time="0.000" classname="com.externalApi.Dumps"/>
  <testcase name="login" time="0.001" classname="com.externalApi.Dumps"/>
  <testcase name="login" time="0.000" classname="com.externalApi.Dumps"/>
  <testcase name="login" time="0.000" classname="com.externalApi.Dumps"/>
  <testcase name="login" time="0.000" classname="com.externalApi.Dumps"/>
  <testcase name="login" time="0.004" classname="com.externalApi.Dumps"/>
  <testcase name="login" time="0.000" classname="com.externalApi.Dumps"/>
  <testcase name="login" time="0.002" classname="com.externalApi.Dumps"/>
  <testcase name="login" time="0.000" classname="com.externalApi.Dumps"/>
  <testcase name="login" time="0.001" classname="com.externalApi.Dumps"/>
  <testcase name="login" time="0.000" classname="com.externalApi.Dumps"/>
  <testcase name="login" time="0.001" classname="com.externalApi.Dumps"/>
  <testcase name="login" time="0.001" classname="com.externalApi.Dumps"/>
  <testcase name="login" time="0.001" classname="com.externalApi.Dumps"/>
  <testcase name="login" time="0.001" classname="com.externalApi.Dumps"/>
  <testcase name="login" time="0.001" classname="com.externalApi.Dumps"/>
  <testcase name="login" time="0.000" classname="com.externalApi.Dumps"/>
  <testcase name="login" time="0.000" classname="com.externalApi.Dumps"/>
  <testcase name="login" time="0.001" classname="com.externalApi.Dumps"/>
  <testcase name="login" time="0.001" classname="com.externalApi.Dumps"/>
  <testcase name="login" time="0.001" classname="com.externalApi.Dumps"/>
  <testcase name="login" time="0.001" classname="com.externalApi.Dumps"/>
  <testcase name="login" time="0.000" classname="com.externalApi.Dumps"/>
  <testcase name="login" time="0.000" classname="com.externalApi.Dumps"/>
  <testcase name="login" time="0.001" classname="com.externalApi.Dumps"/>
  <testcase name="login" time="0.000" classname="com.externalApi.Dumps"/>
  <testcase name="login" time="0.001" classname="com.externalApi.Dumps"/>
  <testcase name="login" time="0.000" classname="com.externalApi.Dumps"/>
  <testcase name="login" time="0.001" classname="com.externalApi.Dumps"/>
  <testcase name="login" time="0.000" classname="com.externalApi.Dumps"/>
  <testcase name="login" time="0.000" classname="com.externalApi.Dumps"/>
  <testcase name="login" time="0.000" classname="com.externalApi.Dumps"/>
  <testcase name="login" time="0.001" classname="com.externalApi.Dumps"/>
  <testcase name="login" time="0.000" classname="com.externalApi.Dumps"/>
  <testcase name="login" time="0.000" classname="com.externalApi.Dumps"/>
  <testcase name="login" time="0.000" classname="com.externalApi.Dumps"/>
  <testcase name="login" time="0.000" classname="com.externalApi.Dumps"/>
  <testcase name="login" time="0.000" classname="com.externalApi.Dumps"/>
  <testcase name="login" time="0.001" classname="com.externalApi.Dumps"/>
  <testcase name="login" time="0.001" classname="com.externalApi.Dumps"/>
  <testcase name="login" time="0.000" classname="com.externalApi.Dumps"/>
  <testcase name="login" time="0.001" classname="com.externalApi.Dumps"/>
  <testcase name="login" time="0.001" classname="com.externalApi.Dumps"/>
  <testcase name="login" time="0.001" classname="com.externalApi.Dumps"/>
  <testcase name="login" time="0.001" classname="com.externalApi.Dumps"/>
  <testcase name="login" time="0.000" classname="com.externalApi.Dumps"/>
  <testcase name="login" time="0.001" classname="com.externalApi.Dumps"/>
  <testcase name="login" time="0.001" classname="com.externalApi.Dumps"/>
  <testcase name="login" time="0.001" classname="com.externalApi.Dumps"/>
  <testcase name="login" time="0.001" classname="com.externalApi.Dumps"/>
  <testcase name="login" time="0.000" classname="com.externalApi.Dumps"/>
  <testcase name="login" time="0.000" classname="com.externalApi.Dumps"/>
  <testcase name="login" time="0.000" classname="com.externalApi.Dumps"/>
  <testcase name="login" time="0.000" classname="com.externalApi.Dumps"/>
  <testcase name="login" time="0.000" classname="com.externalApi.Dumps"/>
  <testcase name="login" time="0.001" classname="com.externalApi.Dumps"/>
  <testcase name="login" time="0.001" classname="com.externalApi.Dumps"/>
  <testcase name="login" time="0.002" classname="com.externalApi.Dumps"/>
  <testcase name="login" time="0.000" classname="com.externalApi.Dumps"/>
  <testcase name="login" time="0.002" classname="com.externalApi.Dumps"/>
  <testcase name="login" time="0.001" classname="com.externalApi.Dumps"/>
  <testcase name="login" time="0.000" classname="com.externalApi.Dumps"/>
  <testcase name="login" time="0.001" classname="com.externalApi.Dumps"/>
  <testcase name="login" time="0.001" classname="com.externalApi.Dumps"/>
  <testcase name="login" time="0.000" classname="com.externalApi.Dumps"/>
  <testcase name="login" time="0.001" classname="com.externalApi.Dumps"/>
  <testcase name="login" time="0.000" classname="com.externalApi.Dumps"/>
  <testcase name="login" time="0.001" classname="com.externalApi.Dumps"/>
  <testcase name="login" time="0.000" classname="com.externalApi.Dumps"/>
  <testcase name="login" time="0.000" classname="com.externalApi.Dumps"/>
  <testcase name="login" time="0.000" classname="com.externalApi.Dumps"/>
  <testcase name="login" time="0.001" classname="com.externalApi.Dumps"/>
  <testcase name="login" time="0.002" classname="com.externalApi.Dumps"/>
  <testcase name="login" time="0.001" classname="com.externalApi.Dumps"/>
  <testcase name="login" time="0.002" classname="com.externalApi.Dumps"/>
  <testcase name="login" time="0.001" classname="com.externalApi.Dumps"/>
  <testcase name="login" time="0.056" classname="com.externalApi.Dumps"/>
  <testcase name="login" time="0.000" classname="com.externalApi.Dumps"/>
  <testcase name="login" time="0.000" classname="com.externalApi.Dumps"/>
  <testcase name="login" time="0.002" classname="com.externalApi.Dumps"/>
  <testcase name="login" time="0.001" classname="com.externalApi.Dumps"/>
  <testcase name="login" time="0.001" classname="com.externalApi.Dumps"/>
  <testcase name="login" time="0.001" classname="com.externalApi.Dumps"/>
  <testcase name="login" time="0.000" classname="com.externalApi.Dumps"/>
  <testcase name="login" time="0.001" classname="com.externalApi.Dumps"/>
  <testcase name="login" time="0.002" classname="com.externalApi.Dumps"/>
  <testcase name="login" time="0.000" classname="com.externalApi.Dumps"/>
  <testcase name="login" time="0.000" classname="com.externalApi.Dumps"/>
  <testcase name="login" time="0.000" classname="com.externalApi.Dumps"/>
  <testcase name="login" time="0.000" classname="com.externalApi.Dumps"/>
  <testcase name="login" time="0.000" classname="com.externalApi.Dumps"/>
  <testcase name="login" time="0.004" classname="com.externalApi.Dumps"/>
  <testcase name="login" time="0.000" classname="com.externalApi.Dumps"/>
  <testcase name="login" time="0.001" classname="com.externalApi.Dumps"/>
  <testcase name="login" time="0.000" classname="com.externalApi.Dumps"/>
  <testcase name="login" time="0.000" classname="com.externalApi.Dumps"/>
  <testcase name="login" time="0.000" classname="com.externalApi.Dumps"/>
  <testcase name="login" time="0.000" classname="com.externalApi.Dumps"/>
  <testcase name="login" time="0.000" classname="com.externalApi.Dumps"/>
  <testcase name="login" time="0.001" classname="com.externalApi.Dumps"/>
  <testcase name="login" time="0.000" classname="com.externalApi.Dumps"/>
  <testcase name="login" time="0.001" classname="com.externalApi.Dumps"/>
  <testcase name="login" time="0.000" classname="com.externalApi.Dumps"/>
  <testcase name="login" time="0.001" classname="com.externalApi.Dumps"/>
  <testcase name="login" time="0.000" classname="com.externalApi.Dumps"/>
  <testcase name="login" time="0.000" classname="com.externalApi.Dumps"/>
  <testcase name="login" time="0.001" classname="com.externalApi.Dumps"/>
  <testcase name="login" time="0.001" classname="com.externalApi.Dumps"/>
  <testcase name="login" time="0.001" classname="com.externalApi.Dumps"/>
  <testcase name="login" time="0.001" classname="com.externalApi.Dumps"/>
  <testcase name="login" time="0.000" classname="com.externalApi.Dumps"/>
  <testcase name="login" time="0.001" classname="com.externalApi.Dumps"/>
  <testcase name="login" time="0.000" classname="com.externalApi.Dumps"/>
  <testcase name="login" time="0.000" classname="com.externalApi.Dumps"/>
  <testcase name="login" time="0.001" classname="com.externalApi.Dumps"/>
  <testcase name="login" time="0.000" classname="com.externalApi.Dumps"/>
  <testcase name="login" time="0.001" classname="com.externalApi.Dumps"/>
  <testcase name="login" time="0.001" classname="com.externalApi.Dumps"/>
  <testcase name="login" time="0.001" classname="com.externalApi.Dumps"/>
  <testcase name="login" time="0.001" classname="com.externalApi.Dumps"/>
  <testcase name="login" time="0.002" classname="com.externalApi.Dumps"/>
  <testcase name="login" time="0.001" classname="com.externalApi.Dumps"/>
  <testcase name="login" time="0.001" classname="com.externalApi.Dumps"/>
  <testcase name="login" time="0.001" classname="com.externalApi.Dumps"/>
  <testcase name="login" time="0.002" classname="com.externalApi.Dumps"/>
  <testcase name="login" time="0.001" classname="com.externalApi.Dumps"/>
  <testcase name="login" time="0.000" classname="com.externalApi.Dumps"/>
  <testcase name="login" time="0.000" classname="com.externalApi.Dumps"/>
  <testcase name="login" time="0.000" classname="com.externalApi.Dumps"/>
  <testcase name="login" time="0.000" classname="com.externalApi.Dumps"/>
  <testcase name="login" time="0.000" classname="com.externalApi.Dumps"/>
  <testcase name="login" time="0.000" classname="com.externalApi.Dumps"/>
  <testcase name="login" time="0.000" classname="com.externalApi.Dumps"/>
  <testcase name="login" time="0.001" classname="com.externalApi.Dumps"/>
  <testcase name="login" time="0.001" classname="com.externalApi.Dumps"/>
  <testcase name="login" time="0.001" classname="com.externalApi.Dumps"/>
  <testcase name="login" time="0.000" classname="com.externalApi.Dumps"/>
  <testcase name="login" time="0.000" classname="com.externalApi.Dumps"/>
  <testcase name="login" time="0.000" classname="com.externalApi.Dumps"/>
  <testcase name="login" time="0.000" classname="com.externalApi.Dumps"/>
  <testcase name="login" time="0.000" classname="com.externalApi.Dumps"/>
  <testcase name="login" time="0.001" classname="com.externalApi.Dumps"/>
  <testcase name="login" time="0.000" classname="com.externalApi.Dumps"/>
  <testcase name="login" time="0.000" classname="com.externalApi.Dumps"/>
  <testcase name="login" time="0.000" classname="com.externalApi.Dumps"/>
  <testcase name="login" time="0.000" classname="com.externalApi.Dumps"/>
  <testcase name="login" time="0.001" classname="com.externalApi.Dumps"/>
  <testcase name="login" time="0.000" classname="com.externalApi.Dumps"/>
  <testcase name="login" time="0.000" classname="com.externalApi.Dumps"/>
  <testcase name="login" time="0.001" classname="com.externalApi.Dumps"/>
  <testcase name="login" time="0.001" classname="com.externalApi.Dumps"/>
  <testcase name="login" time="0.000" classname="com.externalApi.Dumps"/>
  <testcase name="login" time="0.000" classname="com.externalApi.Dumps"/>
  <testcase name="login" time="0.001" classname="com.externalApi.Dumps"/>
  <testcase name="login" time="0.001" classname="com.externalApi.Dumps"/>
  <testcase name="login" time="0.000" classname="com.externalApi.Dumps"/>
  <testcase name="login" time="0.000" classname="com.externalApi.Dumps"/>
  <testcase name="login" time="0.001" classname="com.externalApi.Dumps"/>
  <testcase name="login" time="0.000" classname="com.externalApi.Dumps"/>
  <testcase name="login" time="0.001" classname="com.externalApi.Dumps"/>
  <testcase name="login" time="0.001" classname="com.externalApi.Dumps"/>
  <testcase name="login" time="0.011" classname="com.externalApi.Dumps"/>
  <testcase name="login" time="0.000" classname="com.externalApi.Dumps"/>
  <testcase name="login" time="0.001" classname="com.externalApi.Dumps"/>
  <testcase name="login" time="0.000" classname="com.externalApi.Dumps"/>
  <testcase name="login" time="0.000" classname="com.externalApi.Dumps"/>
  <testcase name="login" time="0.001" classname="com.externalApi.Dumps"/>
  <testcase name="login" time="0.000" classname="com.externalApi.Dumps"/>
  <testcase name="login" time="0.000" classname="com.externalApi.Dumps"/>
  <testcase name="login" time="0.000" classname="com.externalApi.Dumps"/>
  <testcase name="login" time="0.002" classname="com.externalApi.Dumps"/>
  <testcase name="login" time="0.000" classname="com.externalApi.Dumps"/>
  <testcase name="login" time="0.001" classname="com.externalApi.Dumps"/>
  <testcase name="login" time="0.001" classname="com.externalApi.Dumps"/>
  <testcase name="login" time="0.000" classname="com.externalApi.Dumps"/>
  <testcase name="login" time="0.001" classname="com.externalApi.Dumps"/>
  <testcase name="login" time="0.000" classname="com.externalApi.Dumps"/>
  <testcase name="login" time="0.000" classname="com.externalApi.Dumps"/>
  <testcase name="login" time="0.001" classname="com.externalApi.Dumps"/>
  <testcase name="login" time="0.000" classname="com.externalApi.Dumps"/>
  <testcase name="login" time="0.000" classname="com.externalApi.Dumps"/>
  <testcase name="login" time="0.002" classname="com.externalApi.Dumps"/>
  <testcase name="login" time="0.001" classname="com.externalApi.Dumps"/>
  <testcase name="login" time="0.001" classname="com.externalApi.Dumps"/>
  <testcase name="login" time="0.000" classname="com.externalApi.Dumps"/>
  <testcase name="login" time="0.000" classname="com.externalApi.Dumps"/>
  <testcase name="login" time="0.001" classname="com.externalApi.Dumps"/>
  <testcase name="login" time="0.000" classname="com.externalApi.Dumps"/>
  <testcase name="login" time="0.001" classname="com.externalApi.Dumps"/>
  <testcase name="login" time="0.004" classname="com.externalApi.Dumps"/>
  <testcase name="login" time="0.000" classname="com.externalApi.Dumps"/>
  <testcase name="login" time="0.000" classname="com.externalApi.Dumps"/>
  <testcase name="login" time="0.001" classname="com.externalApi.Dumps"/>
  <testcase name="login" time="0.038" classname="com.externalApi.Dumps"/>
  <testcase name="login" time="0.000" classname="com.externalApi.Dumps"/>
  <testcase name="login" time="0.000" classname="com.externalApi.Dumps"/>
  <testcase name="login" time="0.001" classname="com.externalApi.Dumps"/>
  <testcase name="login" time="0.000" classname="com.externalApi.Dumps"/>
  <testcase name="login" time="0.001" classname="com.externalApi.Dumps"/>
  <testcase name="login" time="0.000" classname="com.externalApi.Dumps"/>
  <testcase name="login" time="0.001" classname="com.externalApi.Dumps"/>
  <testcase name="login" time="0.001" classname="com.externalApi.Dumps"/>
  <testcase name="login" time="0.001" classname="com.externalApi.Dumps"/>
  <testcase name="login" time="0.000" classname="com.externalApi.Dumps"/>
  <testcase name="login" time="0.001" classname="com.externalApi.Dumps"/>
  <testcase name="login" time="0.001" classname="com.externalApi.Dumps"/>
  <testcase name="login" time="0.001" classname="com.externalApi.Dumps"/>
  <testcase name="login" time="0.001" classname="com.externalApi.Dumps"/>
  <testcase name="login" time="0.001" classname="com.externalApi.Dumps"/>
  <testcase name="login" time="0.000" classname="com.externalApi.Dumps"/>
  <testcase name="login" time="0.000" classname="com.externalApi.Dumps"/>
  <testcase name="login" time="0.002" classname="com.externalApi.Dumps"/>
  <testcase name="login" time="0.001" classname="com.externalApi.Dumps"/>
  <testcase name="login" time="0.001" classname="com.externalApi.Dumps"/>
  <testcase name="login" time="0.000" classname="com.externalApi.Dumps"/>
  <testcase name="login" time="0.000" classname="com.externalApi.Dumps"/>
  <testcase name="login" time="0.001" classname="com.externalApi.Dumps"/>
  <testcase name="login" time="0.001" classname="com.externalApi.Dumps"/>
  <testcase name="login" time="0.000" classname="com.externalApi.Dumps"/>
  <testcase name="login" time="0.000" classname="com.externalApi.Dumps"/>
  <testcase name="login" time="0.001" classname="com.externalApi.Dumps"/>
  <testcase name="login" time="0.001" classname="com.externalApi.Dumps"/>
  <testcase name="login" time="0.001" classname="com.externalApi.Dumps"/>
  <testcase name="login" time="0.001" classname="com.externalApi.Dumps"/>
  <testcase name="login" time="0.001" classname="com.externalApi.Dumps"/>
  <testcase name="login" time="0.000" classname="com.externalApi.Dumps"/>
  <testcase name="login" time="0.001" classname="com.externalApi.Dumps"/>
  <testcase name="login" time="0.001" classname="com.externalApi.Dumps"/>
  <testcase name="login" time="0.001" classname="com.externalApi.Dumps"/>
  <testcase name="login" time="0.000" classname="com.externalApi.Dumps"/>
  <testcase name="login" time="0.001" classname="com.externalApi.Dumps"/>
  <testcase name="login" time="0.001" classname="com.externalApi.Dumps"/>
  <testcase name="login" time="0.000" classname="com.externalApi.Dumps"/>
  <testcase name="login" time="0.001" classname="com.externalApi.Dumps"/>
  <testcase name="login" time="0.000" classname="com.externalApi.Dumps"/>
  <testcase name="login" time="0.000" classname="com.externalApi.Dumps"/>
  <testcase name="login" time="0.001" classname="com.externalApi.Dumps"/>
  <testcase name="login" time="0.002" classname="com.externalApi.Dumps"/>
  <testcase name="login" time="0.001" classname="com.externalApi.Dumps"/>
  <testcase name="login" time="0.000" classname="com.externalApi.Dumps"/>
  <testcase name="login" time="0.000" classname="com.externalApi.Dumps"/>
  <testcase name="login" time="0.168" classname="com.externalApi.Dumps"/>
  <testcase name="login" time="0.000" classname="com.externalApi.Dumps"/>
  <testcase name="login" time="0.000" classname="com.externalApi.Dumps"/>
  <testcase name="login" time="0.001" classname="com.externalApi.Dumps"/>
  <testcase name="login" time="0.001" classname="com.externalApi.Dumps"/>
  <testcase name="login" time="0.001" classname="com.externalApi.Dumps"/>
  <testcase name="login" time="0.000" classname="com.externalApi.Dumps"/>
  <testcase name="login" time="0.001" classname="com.externalApi.Dumps"/>
  <testcase name="login" time="0.000" classname="com.externalApi.Dumps"/>
  <testcase name="login" time="0.362" classname="com.externalApi.Dumps"/>
  <testcase name="login" time="0.001" classname="com.externalApi.Dumps"/>
  <testcase name="login" time="0.000" classname="com.externalApi.Dumps"/>
  <testcase name="login" time="0.001" classname="com.externalApi.Dumps"/>
  <testcase name="login" time="0.000" classname="com.externalApi.Dumps"/>
  <testcase name="login" time="0.001" classname="com.externalApi.Dumps"/>
  <testcase name="login" time="0.000" classname="com.externalApi.Dumps"/>
  <testcase name="login" time="0.001" classname="com.externalApi.Dumps"/>
  <testcase name="login" time="0.000" classname="com.externalApi.Dumps"/>
  <testcase name="login" time="0.002" classname="com.externalApi.Dumps"/>
  <testcase name="login" time="0.000" classname="com.externalApi.Dumps"/>
  <testcase name="login" time="0.002" classname="com.externalApi.Dumps"/>
  <testcase name="login" time="0.000" classname="com.externalApi.Dumps"/>
  <testcase name="login" time="0.000" classname="com.externalApi.Dumps"/>
  <testcase name="login" time="0.000" classname="com.externalApi.Dumps"/>
  <testcase name="login" time="0.001" classname="com.externalApi.Dumps"/>
  <testcase name="login" time="0.002" classname="com.externalApi.Dumps"/>
  <testcase name="login" time="0.000" classname="com.externalApi.Dumps"/>
  <testcase name="login" time="0.000" classname="com.externalApi.Dumps"/>
  <testcase name="login" time="0.001" classname="com.externalApi.Dumps"/>
  <testcase name="login" time="0.000" classname="com.externalApi.Dumps"/>
  <testcase name="login" time="0.000" classname="com.externalApi.Dumps"/>
  <testcase name="login" time="0.000" classname="com.externalApi.Dumps"/>
  <testcase name="login" time="0.001" classname="com.externalApi.Dumps"/>
  <testcase name="login" time="0.000" classname="com.externalApi.Dumps"/>
  <testcase name="login" time="0.001" classname="com.externalApi.Dumps"/>
  <testcase name="login" time="0.000" classname="com.externalApi.Dumps"/>
  <testcase name="login" time="0.000" classname="com.externalApi.Dumps"/>
  <testcase name="login" time="0.001" classname="com.externalApi.Dumps"/>
  <testcase name="login" time="0.001" classname="com.externalApi.Dumps"/>
  <testcase name="login" time="0.001" classname="com.externalApi.Dumps"/>
  <testcase name="login" time="0.001" classname="com.externalApi.Dumps"/>
  <testcase name="login" time="0.000" classname="com.externalApi.Dumps"/>
  <testcase name="login" time="0.002" classname="com.externalApi.Dumps"/>
  <testcase name="login" time="0.001" classname="com.externalApi.Dumps"/>
  <testcase name="login" time="0.001" classname="com.externalApi.Dumps"/>
  <testcase name="login" time="0.000" classname="com.externalApi.Dumps"/>
  <testcase name="login" time="0.001" classname="com.externalApi.Dumps"/>
  <testcase name="login" time="0.000" classname="com.externalApi.Dumps"/>
  <testcase name="login" time="0.000" classname="com.externalApi.Dumps"/>
  <testcase name="login" time="0.000" classname="com.externalApi.Dumps"/>
  <testcase name="login" time="0.000" classname="com.externalApi.Dumps"/>
  <testcase name="login" time="0.002" classname="com.externalApi.Dumps"/>
  <testcase name="login" time="0.000" classname="com.externalApi.Dumps"/>
  <testcase name="login" time="0.002" classname="com.externalApi.Dumps"/>
  <testcase name="login" time="0.001" classname="com.externalApi.Dumps"/>
  <testcase name="login" time="0.001" classname="com.externalApi.Dumps"/>
  <testcase name="login" time="0.000" classname="com.externalApi.Dumps"/>
  <testcase name="login" time="0.000" classname="com.externalApi.Dumps"/>
  <testcase name="login" time="0.000" classname="com.externalApi.Dumps"/>
  <testcase name="login" time="0.001" classname="com.externalApi.Dumps"/>
  <testcase name="login" time="0.001" classname="com.externalApi.Dumps"/>
  <testcase name="login" time="0.002" classname="com.externalApi.Dumps"/>
  <testcase name="login" time="0.002" classname="com.externalApi.Dumps"/>
  <testcase name="login" time="0.000" classname="com.externalApi.Dumps"/>
  <testcase name="login" time="0.001" classname="com.externalApi.Dumps"/>
  <testcase name="login" time="0.000" classname="com.externalApi.Dumps"/>
  <testcase name="login" time="0.001" classname="com.externalApi.Dumps"/>
  <testcase name="login" time="0.010" classname="com.externalApi.Dumps"/>
  <testcase name="login" time="0.000" classname="com.externalApi.Dumps"/>
  <testcase name="login" time="0.001" classname="com.externalApi.Dumps"/>
  <testcase name="login" time="0.001" classname="com.externalApi.Dumps"/>
  <testcase name="login" time="0.000" classname="com.externalApi.Dumps"/>
  <testcase name="login" time="0.001" classname="com.externalApi.Dumps"/>
  <testcase name="login" time="0.002" classname="com.externalApi.Dumps"/>
  <testcase name="login" time="0.000" classname="com.externalApi.Dumps"/>
  <testcase name="login" time="0.001" classname="com.externalApi.Dumps"/>
  <testcase name="login" time="0.000" classname="com.externalApi.Dumps"/>
  <testcase name="login" time="0.001" classname="com.externalApi.Dumps"/>
  <testcase name="login" time="0.000" classname="com.externalApi.Dumps"/>
  <testcase name="login" time="0.001" classname="com.externalApi.Dumps"/>
  <testcase name="login" time="0.001" classname="com.externalApi.Dumps"/>
  <testcase name="login" time="0.001" classname="com.externalApi.Dumps"/>
  <testcase name="login" time="0.001" classname="com.externalApi.Dumps"/>
  <testcase name="login" time="0.001" classname="com.externalApi.Dumps"/>
  <testcase name="login" time="0.000" classname="com.externalApi.Dumps"/>
  <testcase name="login" time="0.001" classname="com.externalApi.Dumps"/>
  <testcase name="login" time="0.001" classname="com.externalApi.Dumps"/>
  <testcase name="login" time="0.000" classname="com.externalApi.Dumps"/>
  <testcase name="login" time="0.001" classname="com.externalApi.Dumps"/>
  <testcase name="login" time="0.000" classname="com.externalApi.Dumps"/>
  <testcase name="login" time="0.000" classname="com.externalApi.Dumps"/>
  <testcase name="login" time="0.000" classname="com.externalApi.Dumps"/>
  <testcase name="login" time="0.001" classname="com.externalApi.Dumps"/>
  <testcase name="login" time="0.001" classname="com.externalApi.Dumps"/>
  <testcase name="login" time="0.000" classname="com.externalApi.Dumps"/>
  <testcase name="login" time="0.001" classname="com.externalApi.Dumps"/>
  <testcase name="login" time="0.000" classname="com.externalApi.Dumps"/>
  <testcase name="login" time="0.001" classname="com.externalApi.Dumps"/>
  <testcase name="login" time="0.001" classname="com.externalApi.Dumps"/>
  <testcase name="login" time="0.000" classname="com.externalApi.Dumps"/>
  <testcase name="login" time="0.001" classname="com.externalApi.Dumps"/>
  <testcase name="login" time="0.002" classname="com.externalApi.Dumps"/>
  <testcase name="login" time="0.000" classname="com.externalApi.Dumps"/>
  <testcase name="login" time="0.000" classname="com.externalApi.Dumps"/>
  <testcase name="login" time="0.001" classname="com.externalApi.Dumps"/>
  <testcase name="login" time="0.000" classname="com.externalApi.Dumps"/>
  <testcase name="login" time="0.000" classname="com.externalApi.Dumps"/>
  <testcase name="login" time="0.001" classname="com.externalApi.Dumps"/>
  <testcase name="login" time="0.001" classname="com.externalApi.Dumps"/>
  <testcase name="login" time="0.001" classname="com.externalApi.Dumps"/>
  <testcase name="login" time="0.000" classname="com.externalApi.Dumps"/>
  <testcase name="login" time="0.000" classname="com.externalApi.Dumps"/>
  <testcase name="login" time="0.001" classname="com.externalApi.Dumps"/>
  <testcase name="login" time="0.000" classname="com.externalApi.Dumps"/>
  <testcase name="login" time="0.001" classname="com.externalApi.Dumps"/>
  <testcase name="login" time="0.000" classname="com.externalApi.Dumps"/>
  <testcase name="login" time="0.000" classname="com.externalApi.Dumps"/>
  <testcase name="login" time="0.003" classname="com.externalApi.Dumps"/>
  <testcase name="login" time="0.000" classname="com.externalApi.Dumps"/>
  <testcase name="login" time="0.001" classname="com.externalApi.Dumps"/>
  <testcase name="login" time="0.000" classname="com.externalApi.Dumps"/>
  <testcase name="login" time="0.000" classname="com.externalApi.Dumps"/>
  <testcase name="login" time="0.000" classname="com.externalApi.Dumps"/>
  <testcase name="login" time="0.001" classname="com.externalApi.Dumps"/>
  <testcase name="login" time="0.000" classname="com.externalApi.Dumps"/>
  <testcase name="login" time="0.000" classname="com.externalApi.Dumps"/>
  <testcase name="login" time="0.001" classname="com.externalApi.Dumps"/>
  <testcase name="login" time="0.001" classname="com.externalApi.Dumps"/>
  <testcase name="login" time="0.001" classname="com.externalApi.Dumps"/>
  <testcase name="login" time="0.001" classname="com.externalApi.Dumps"/>
  <testcase name="login" time="0.001" classname="com.externalApi.Dumps"/>
  <testcase name="login" time="0.000" classname="com.externalApi.Dumps"/>
  <testcase name="login" time="0.000" classname="com.externalApi.Dumps"/>
  <testcase name="login" time="0.001" classname="com.externalApi.Dumps"/>
  <testcase name="login" time="0.000" classname="com.externalApi.Dumps"/>
  <testcase name="login" time="0.000" classname="com.externalApi.Dumps"/>
  <testcase name="login" time="0.000" classname="com.externalApi.Dumps"/>
  <testcase name="login" time="0.001" classname="com.externalApi.Dumps"/>
  <testcase name="login" time="0.001" classname="com.externalApi.Dumps"/>
  <testcase name="login" time="0.001" classname="com.externalApi.Dumps"/>
  <testcase name="login" time="0.000" classname="com.externalApi.Dumps"/>
  <testcase name="login" time="0.002" classname="com.externalApi.Dumps"/>
  <testcase name="login" time="0.001" classname="com.externalApi.Dumps"/>
  <testcase name="login" time="0.000" classname="com.externalApi.Dumps"/>
  <testcase name="login" time="0.000" classname="com.externalApi.Dumps"/>
  <testcase name="login" time="0.004" classname="com.externalApi.Dumps"/>
  <testcase name="login" time="0.089" classname="com.externalApi.Dumps"/>
  <testcase name="login" time="0.001" classname="com.externalApi.Dumps"/>
  <testcase name="login" time="0.000" classname="com.externalApi.Dumps"/>
  <testcase name="login" time="0.000" classname="com.externalApi.Dumps"/>
  <testcase name="login" time="0.002" classname="com.externalApi.Dumps"/>
  <testcase name="login" time="0.002" classname="com.externalApi.Dumps"/>
  <testcase name="login" time="0.001" classname="com.externalApi.Dumps"/>
  <testcase name="login" time="0.000" classname="com.externalApi.Dumps"/>
  <testcase name="login" time="0.000" classname="com.externalApi.Dumps"/>
  <testcase name="login" time="0.001" classname="com.externalApi.Dumps"/>
  <testcase name="login" time="0.001" classname="com.externalApi.Dumps"/>
  <testcase name="login" time="0.001" classname="com.externalApi.Dumps"/>
  <testcase name="login" time="0.001" classname="com.externalApi.Dumps"/>
  <testcase name="login" time="0.000" classname="com.externalApi.Dumps"/>
  <testcase name="login" time="0.012" classname="com.externalApi.Dumps"/>
  <testcase name="login" time="0.001" classname="com.externalApi.Dumps"/>
  <testcase name="login" time="0.000" classname="com.externalApi.Dumps"/>
  <testcase name="login" time="0.000" classname="com.externalApi.Dumps"/>
  <testcase name="login" time="0.000" classname="com.externalApi.Dumps"/>
  <testcase name="login" time="0.000" classname="com.externalApi.Dumps"/>
  <testcase name="login" time="0.000" classname="com.externalApi.Dumps"/>
  <testcase name="login" time="0.001" classname="com.externalApi.Dumps"/>
  <testcase name="login" time="0.001" classname="com.externalApi.Dumps"/>
  <testcase name="login" time="0.001" classname="com.externalApi.Dumps"/>
  <testcase name="login" time="0.001" classname="com.externalApi.Dumps"/>
  <testcase name="login" time="0.002" classname="com.externalApi.Dumps"/>
  <testcase name="login" time="0.000" classname="com.externalApi.Dumps"/>
  <testcase name="login" time="0.000" classname="com.externalApi.Dumps"/>
  <testcase name="login" time="0.001" classname="com.externalApi.Dumps"/>
  <testcase name="login" time="0.004" classname="com.externalApi.Dumps"/>
  <testcase name="login" time="0.000" classname="com.externalApi.Dumps"/>
  <testcase name="login" time="0.000" classname="com.externalApi.Dumps"/>
  <testcase name="login" time="0.001" classname="com.externalApi.Dumps"/>
  <testcase name="login" time="0.000" classname="com.externalApi.Dumps"/>
  <testcase name="login" time="0.000" classname="com.externalApi.Dumps"/>
  <testcase name="login" time="0.000" classname="com.externalApi.Dumps"/>
  <testcase name="login" time="0.000" classname="com.externalApi.Dumps"/>
  <testcase name="login" time="0.000" classname="com.externalApi.Dumps"/>
  <testcase name="login" time="0.001" classname="com.externalApi.Dumps"/>
  <testcase name="login" time="0.001" classname="com.externalApi.Dumps"/>
  <testcase name="login" time="0.002" classname="com.externalApi.Dumps"/>
  <testcase name="login" time="0.000" classname="com.externalApi.Dumps"/>
  <testcase name="login" time="0.000" classname="com.externalApi.Dumps"/>
  <testcase name="login" time="0.001" classname="com.externalApi.Dumps"/>
  <testcase name="login" time="0.000" classname="com.externalApi.Dumps"/>
  <testcase name="login" time="0.000" classname="com.externalApi.Dumps"/>
  <testcase name="login" time="0.002" classname="com.externalApi.Dumps"/>
  <testcase name="login" time="0.000" classname="com.externalApi.Dumps"/>
  <testcase name="login" time="0.000" classname="com.externalApi.Dumps"/>
  <testcase name="login" time="0.001" classname="com.externalApi.Dumps"/>
  <testcase name="login" time="0.001" classname="com.externalApi.Dumps"/>
  <testcase name="login" time="0.000" classname="com.externalApi.Dumps"/>
  <testcase name="login" time="0.044" classname="com.externalApi.Dumps"/>
  <testcase name="login" time="0.004" classname="com.externalApi.Dumps"/>
  <testcase name="login" time="0.001" classname="com.externalApi.Dumps"/>
  <testcase name="login" time="0.000" classname="com.externalApi.Dumps"/>
  <testcase name="login" time="0.001" classname="com.externalApi.Dumps"/>
  <testcase name="login" time="0.000" classname="com.externalApi.Dumps"/>
  <testcase name="login" time="0.001" classname="com.externalApi.Dumps"/>
  <testcase name="login" time="0.001" classname="com.externalApi.Dumps"/>
  <testcase name="login" time="0.000" classname="com.externalApi.Dumps"/>
  <testcase name="login" time="0.001" classname="com.externalApi.Dumps"/>
  <testcase name="login" time="0.001" classname="com.externalApi.Dumps"/>
  <testcase name="login" time="0.000" classname="com.externalApi.Dumps"/>
  <testcase name="login" time="0.000" classname="com.externalApi.Dumps"/>
  <testcase name="login" time="0.001" classname="com.externalApi.Dumps"/>
  <testcase name="login" time="0.002" classname="com.externalApi.Dumps"/>
  <testcase name="login" time="0.000" classname="com.externalApi.Dumps"/>
  <testcase name="login" time="0.001" classname="com.externalApi.Dumps"/>
  <testcase name="login" time="0.000" classname="com.externalApi.Dumps"/>
  <testcase name="login" time="0.000" classname="com.externalApi.Dumps"/>
  <testcase name="login" time="0.000" classname="com.externalApi.Dumps"/>
  <testcase name="login" time="0.001" classname="com.externalApi.Dumps"/>
  <testcase name="login" time="0.001" classname="com.externalApi.Dumps"/>
  <testcase name="login" time="0.000" classname="com.externalApi.Dumps"/>
  <testcase name="login" time="0.000" classname="com.externalApi.Dumps"/>
  <testcase name="login" time="0.000" classname="com.externalApi.Dumps"/>
  <testcase name="login" time="0.000" classname="com.externalApi.Dumps"/>
  <testcase name="login" time="0.000" classname="com.externalApi.Dumps"/>
  <testcase name="login" time="0.000" classname="com.externalApi.Dumps"/>
  <testcase name="login" time="0.000" classname="com.externalApi.Dumps"/>
  <testcase name="login" time="0.002" classname="com.externalApi.Dumps"/>
  <testcase name="login" time="0.023" classname="com.externalApi.Dumps"/>
  <testcase name="login" time="0.000" classname="com.externalApi.Dumps"/>
  <testcase name="login" time="0.000" classname="com.externalApi.Dumps"/>
  <testcase name="login" time="0.002" classname="com.externalApi.Dumps"/>
  <testcase name="login" time="0.001" classname="com.externalApi.Dumps"/>
  <testcase name="login" time="0.001" classname="com.externalApi.Dumps"/>
  <testcase name="login" time="0.000" classname="com.externalApi.Dumps"/>
  <testcase name="login" time="0.001" classname="com.externalApi.Dumps"/>
  <testcase name="login" time="0.000" classname="com.externalApi.Dumps"/>
  <testcase name="login" time="0.001" classname="com.externalApi.Dumps"/>
  <testcase name="login" time="0.002" classname="com.externalApi.Dumps"/>
  <testcase name="login" time="0.000" classname="com.externalApi.Dumps"/>
  <testcase name="login" time="0.002" classname="com.externalApi.Dumps"/>
  <testcase name="login" time="0.000" classname="com.externalApi.Dumps"/>
  <testcase name="login" time="0.000" classname="com.externalApi.Dumps"/>
  <testcase name="login" time="0.000" classname="com.externalApi.Dumps"/>
  <testcase name="login" time="0.000" classname="com.externalApi.Dumps"/>
  <testcase name="login" time="0.001" classname="com.externalApi.Dumps"/>
  <testcase name="login" time="0.000" classname="com.externalApi.Dumps"/>
  <testcase name="login" time="0.001" classname="com.externalApi.Dumps"/>
  <testcase name="login" time="0.000" classname="com.externalApi.Dumps"/>
  <testcase name="login" time="0.000" classname="com.externalApi.Dumps"/>
  <testcase name="login" time="0.001" classname="com.externalApi.Dumps"/>
  <testcase name="login" time="0.000" classname="com.externalApi.Dumps"/>
  <testcase name="login" time="0.000" classname="com.externalApi.Dumps"/>
  <testcase name="login" time="0.000" classname="com.externalApi.Dumps"/>
  <testcase name="login" time="0.001" classname="com.externalApi.Dumps"/>
  <testcase name="login" time="0.001" classname="com.externalApi.Dumps"/>
  <testcase name="login" time="0.001" classname="com.externalApi.Dumps"/>
  <testcase name="login" time="0.000" classname="com.externalApi.Dumps"/>
  <testcase name="login" time="0.000" classname="com.externalApi.Dumps"/>
  <testcase name="login" time="0.001" classname="com.externalApi.Dumps"/>
  <testcase name="login" time="0.001" classname="com.externalApi.Dumps"/>
  <testcase name="login" time="0.000" classname="com.externalApi.Dumps"/>
  <testcase name="login" time="0.002" classname="com.externalApi.Dumps"/>
  <testcase name="login" time="0.001" classname="com.externalApi.Dumps"/>
  <testcase name="login" time="0.000" classname="com.externalApi.Dumps"/>
  <testcase name="login" time="0.001" classname="com.externalApi.Dumps"/>
  <testcase name="login" time="0.001" classname="com.externalApi.Dumps"/>
  <testcase name="login" time="0.002" classname="com.externalApi.Dumps"/>
  <testcase name="login" time="0.000" classname="com.externalApi.Dumps"/>
  <testcase name="login" time="0.000" classname="com.externalApi.Dumps"/>
  <testcase name="login" time="0.000" classname="com.externalApi.Dumps"/>
  <testcase name="login" time="0.001" classname="com.externalApi.Dumps"/>
  <testcase name="login" time="0.000" classname="com.externalApi.Dumps"/>
  <testcase name="login" time="0.002" classname="com.externalApi.Dumps"/>
  <testcase name="login" time="0.000" classname="com.externalApi.Dumps"/>
  <testcase name="login" time="0.001" classname="com.externalApi.Dumps"/>
  <testcase name="login" time="0.000" classname="com.externalApi.Dumps"/>
  <testcase name="login" time="0.000" classname="com.externalApi.Dumps"/>
  <testcase name="login" time="0.001" classname="com.externalApi.Dumps"/>
  <testcase name="login" time="0.001" classname="com.externalApi.Dumps"/>
  <testcase name="login" time="0.001" classname="com.externalApi.Dumps"/>
  <testcase name="login" time="0.000" classname="com.externalApi.Dumps"/>
  <testcase name="login" time="0.000" classname="com.externalApi.Dumps"/>
  <testcase name="login" time="0.000" classname="com.externalApi.Dumps"/>
  <testcase name="login" time="0.001" classname="com.externalApi.Dumps"/>
  <testcase name="login" time="0.000" classname="com.externalApi.Dumps"/>
  <testcase name="login" time="0.000" classname="com.externalApi.Dumps"/>
  <testcase name="login" time="0.001" classname="com.externalApi.Dumps"/>
  <testcase name="login" time="0.001" classname="com.externalApi.Dumps"/>
  <testcase name="login" time="0.001" classname="com.externalApi.Dumps"/>
  <testcase name="login" time="0.000" classname="com.externalApi.Dumps"/>
  <testcase name="login" time="0.001" classname="com.externalApi.Dumps"/>
  <testcase name="login" time="0.001" classname="com.externalApi.Dumps"/>
  <testcase name="login" time="0.001" classname="com.externalApi.Dumps"/>
  <testcase name="login" time="0.001" classname="com.externalApi.Dumps"/>
  <testcase name="login" time="0.001" classname="com.externalApi.Dumps"/>
  <testcase name="login" time="0.000" classname="com.externalApi.Dumps"/>
  <testcase name="login" time="0.001" classname="com.externalApi.Dumps"/>
  <testcase name="login" time="0.000" classname="com.externalApi.Dumps"/>
  <testcase name="login" time="0.001" classname="com.externalApi.Dumps"/>
  <testcase name="login" time="0.115" classname="com.externalApi.Dumps"/>
  <testcase name="login" time="0.001" classname="com.externalApi.Dumps"/>
  <testcase name="login" time="0.000" classname="com.externalApi.Dumps"/>
  <testcase name="login" time="0.001" classname="com.externalApi.Dumps"/>
  <testcase name="login" time="0.001" classname="com.externalApi.Dumps"/>
  <testcase name="login" time="0.001" classname="com.externalApi.Dumps"/>
  <testcase name="login" time="0.000" classname="com.externalApi.Dumps"/>
  <testcase name="login" time="0.000" classname="com.externalApi.Dumps"/>
  <testcase name="login" time="0.001" classname="com.externalApi.Dumps"/>
  <testcase name="login" time="0.165" classname="com.externalApi.Dumps"/>
  <testcase name="login" time="0.001" classname="com.externalApi.Dumps"/>
  <testcase name="login" time="0.000" classname="com.externalApi.Dumps"/>
  <testcase name="login" time="0.000" classname="com.externalApi.Dumps"/>
  <testcase name="login" time="0.001" classname="com.externalApi.Dumps"/>
  <testcase name="login" time="0.000" classname="com.externalApi.Dumps"/>
  <testcase name="login" time="0.000" classname="com.externalApi.Dumps"/>
  <testcase name="login" time="0.001" classname="com.externalApi.Dumps"/>
  <testcase name="login" time="0.000" classname="com.externalApi.Dumps"/>
  <testcase name="login" time="0.002" classname="com.externalApi.Dumps"/>
  <testcase name="login" time="0.000" classname="com.externalApi.Dumps"/>
  <testcase name="login" time="0.001" classname="com.externalApi.Dumps"/>
  <testcase name="login" time="0.000" classname="com.externalApi.Dumps"/>
  <testcase name="login" time="0.000" classname="com.externalApi.Dumps"/>
  <testcase name="login" time="0.001" classname="com.externalApi.Dumps"/>
  <testcase name="login" time="0.001" classname="com.externalApi.Dumps"/>
  <testcase name="login" time="0.001" classname="com.externalApi.Dumps"/>
  <testcase name="login" time="0.000" classname="com.externalApi.Dumps"/>
  <testcase name="login" time="0.001" classname="com.externalApi.Dumps"/>
  <testcase name="login" time="0.002" classname="com.externalApi.Dumps"/>
  <testcase name="login" time="0.001" classname="com.externalApi.Dumps"/>
  <testcase name="login" time="0.000" classname="com.externalApi.Dumps"/>
  <testcase name="login" time="0.001" classname="com.externalApi.Dumps"/>
  <testcase name="login" time="0.001" classname="com.externalApi.Dumps"/>
  <testcase name="login" time="0.000" classname="com.externalApi.Dumps"/>
  <testcase name="login" time="0.000" classname="com.externalApi.Dumps"/>
  <testcase name="login" time="0.002" classname="com.externalApi.Dumps"/>
  <testcase name="login" time="0.001" classname="com.externalApi.Dumps"/>
  <testcase name="login" time="0.000" classname="com.externalApi.Dumps"/>
  <testcase name="login" time="0.000" classname="com.externalApi.Dumps"/>
  <testcase name="login" time="0.001" classname="com.externalApi.Dumps"/>
  <testcase name="login" time="0.001" classname="com.externalApi.Dumps"/>
  <testcase name="login" time="0.002" classname="com.externalApi.Dumps"/>
  <testcase name="login" time="0.001" classname="com.externalApi.Dumps"/>
  <testcase name="login" time="0.139" classname="com.externalApi.Dumps"/>
  <testcase name="login" time="0.000" classname="com.externalApi.Dumps"/>
  <testcase name="login" time="0.000" classname="com.externalApi.Dumps"/>
  <testcase name="login" time="0.001" classname="com.externalApi.Dumps"/>
  <testcase name="login" time="0.000" classname="com.externalApi.Dumps"/>
  <testcase name="login" time="0.001" classname="com.externalApi.Dumps"/>
  <testcase name="login" time="0.000" classname="com.externalApi.Dumps"/>
  <testcase name="login" time="0.001" classname="com.externalApi.Dumps"/>
  <testcase name="login" time="0.000" classname="com.externalApi.Dumps"/>
  <testcase name="login" time="0.000" classname="com.externalApi.Dumps"/>
  <testcase name="login" time="0.001" classname="com.externalApi.Dumps"/>
  <testcase name="login" time="0.001" classname="com.externalApi.Dumps"/>
  <testcase name="login" time="0.001" classname="com.externalApi.Dumps"/>
  <testcase name="login" time="0.001" classname="com.externalApi.Dumps"/>
  <testcase name="login" time="0.000" classname="com.externalApi.Dumps"/>
  <testcase name="login" time="0.000" classname="com.externalApi.Dumps"/>
  <testcase name="login" time="0.000" classname="com.externalApi.Dumps"/>
  <testcase name="login" time="0.000" classname="com.externalApi.Dumps"/>
  <testcase name="login" time="0.000" classname="com.externalApi.Dumps"/>
  <testcase name="login" time="0.000" classname="com.externalApi.Dumps"/>
  <testcase name="login" time="0.001" classname="com.externalApi.Dumps"/>
  <testcase name="login" time="0.016" classname="com.externalApi.Dumps"/>
  <testcase name="login" time="0.001" classname="com.externalApi.Dumps"/>
  <testcase name="login" time="0.002" classname="com.externalApi.Dumps"/>
  <testcase name="login" time="0.001" classname="com.externalApi.Dumps"/>
  <testcase name="login" time="0.000" classname="com.externalApi.Dumps"/>
  <testcase name="login" time="0.001" classname="com.externalApi.Dumps"/>
  <testcase name="login" time="0.001" classname="com.externalApi.Dumps"/>
  <testcase name="login" time="0.000" classname="com.externalApi.Dumps"/>
  <testcase name="login" time="0.000" classname="com.externalApi.Dumps"/>
  <testcase name="login" time="0.000" classname="com.externalApi.Dumps"/>
  <testcase name="login" time="0.000" classname="com.externalApi.Dumps"/>
  <testcase name="login" time="0.001" classname="com.externalApi.Dumps"/>
  <testcase name="login" time="0.000" classname="com.externalApi.Dumps"/>
  <testcase name="login" time="0.001" classname="com.externalApi.Dumps"/>
  <testcase name="login" time="0.001" classname="com.externalApi.Dumps"/>
  <testcase name="login" time="0.000" classname="com.externalApi.Dumps"/>
  <testcase name="login" time="0.000" classname="com.externalApi.Dumps"/>
  <testcase name="login" time="0.000" classname="com.externalApi.Dumps"/>
  <testcase name="login" time="0.000" classname="com.externalApi.Dumps"/>
  <testcase name="login" time="0.000" classname="com.externalApi.Dumps"/>
  <testcase name="login" time="0.000" classname="com.externalApi.Dumps"/>
  <testcase name="login" time="0.000" classname="com.externalApi.Dumps"/>
  <testcase name="login" time="0.001" classname="com.externalApi.Dumps"/>
  <testcase name="login" time="0.001" classname="com.externalApi.Dumps"/>
  <testcase name="login" time="0.000" classname="com.externalApi.Dumps"/>
  <testcase name="login" time="0.001" classname="com.externalApi.Dumps"/>
  <testcase name="login" time="0.000" classname="com.externalApi.Dumps"/>
  <testcase name="login" time="0.001" classname="com.externalApi.Dumps"/>
  <testcase name="login" time="0.001" classname="com.externalApi.Dumps"/>
  <testcase name="login" time="0.000" classname="com.externalApi.Dumps"/>
  <testcase name="login" time="0.000" classname="com.externalApi.Dumps"/>
  <testcase name="login" time="0.000" classname="com.externalApi.Dumps"/>
  <testcase name="login" time="0.000" classname="com.externalApi.Dumps"/>
  <testcase name="login" time="0.001" classname="com.externalApi.Dumps"/>
  <testcase name="login" time="0.001" classname="com.externalApi.Dumps"/>
  <testcase name="login" time="0.000" classname="com.externalApi.Dumps"/>
  <testcase name="login" time="0.000" classname="com.externalApi.Dumps"/>
  <testcase name="login" time="0.000" classname="com.externalApi.Dumps"/>
  <testcase name="login" time="0.000" classname="com.externalApi.Dumps"/>
  <testcase name="login" time="0.001" classname="com.externalApi.Dumps"/>
  <testcase name="login" time="0.000" classname="com.externalApi.Dumps"/>
  <testcase name="login" time="0.000" classname="com.externalApi.Dumps"/>
  <testcase name="login" time="0.001" classname="com.externalApi.Dumps"/>
  <testcase name="login" time="0.001" classname="com.externalApi.Dumps"/>
  <testcase name="login" time="0.000" classname="com.externalApi.Dumps"/>
  <testcase name="login" time="0.001" classname="com.externalApi.Dumps"/>
  <testcase name="login" time="0.001" classname="com.externalApi.Dumps"/>
  <testcase name="login" time="0.001" classname="com.externalApi.Dumps"/>
  <testcase name="login" time="0.000" classname="com.externalApi.Dumps"/>
  <testcase name="login" time="0.058" classname="com.externalApi.Dumps"/>
  <testcase name="login" time="0.000" classname="com.externalApi.Dumps"/>
  <testcase name="login" time="0.000" classname="com.externalApi.Dumps"/>
  <testcase name="login" time="0.000" classname="com.externalApi.Dumps"/>
  <testcase name="login" time="0.003" classname="com.externalApi.Dumps"/>
  <testcase name="login" time="0.000" classname="com.externalApi.Dumps"/>
  <testcase name="login" time="0.000" classname="com.externalApi.Dumps"/>
  <testcase name="login" time="0.000" classname="com.externalApi.Dumps"/>
  <testcase name="login" time="0.000" classname="com.externalApi.Dumps"/>
  <testcase name="login" time="0.000" classname="com.externalApi.Dumps"/>
  <testcase name="login" time="0.000" classname="com.externalApi.Dumps"/>
  <testcase name="login" time="0.001" classname="com.externalApi.Dumps"/>
  <testcase name="login" time="0.000" classname="com.externalApi.Dumps"/>
  <testcase name="login" time="0.001" classname="com.externalApi.Dumps"/>
  <testcase name="login" time="0.001" classname="com.externalApi.Dumps"/>
  <testcase name="login" time="0.000" classname="com.externalApi.Dumps"/>
  <testcase name="login" time="0.001" classname="com.externalApi.Dumps"/>
  <testcase name="login" time="0.001" classname="com.externalApi.Dumps"/>
  <testcase name="login" time="0.002" classname="com.externalApi.Dumps"/>
  <testcase name="login" time="0.000" classname="com.externalApi.Dumps"/>
  <testcase name="login" time="0.001" classname="com.externalApi.Dumps"/>
  <testcase name="login" time="0.000" classname="com.externalApi.Dumps"/>
  <testcase name="login" time="0.001" classname="com.externalApi.Dumps"/>
  <testcase name="login" time="0.000" classname="com.externalApi.Dumps"/>
  <testcase name="login" time="0.001" classname="com.externalApi.Dumps"/>
  <testcase name="login" time="0.000" classname="com.externalApi.Dumps"/>
  <testcase name="login" time="0.000" classname="com.externalApi.Dumps"/>
  <testcase name="login" time="0.000" classname="com.externalApi.Dumps"/>
  <testcase name="login" time="0.003" classname="com.externalApi.Dumps"/>
  <testcase name="login" time="0.000" classname="com.externalApi.Dumps"/>
  <testcase name="login" time="0.001" classname="com.externalApi.Dumps"/>
  <testcase name="login" time="0.002" classname="com.externalApi.Dumps"/>
  <testcase name="login" time="0.000" classname="com.externalApi.Dumps"/>
  <testcase name="login" time="0.000" classname="com.externalApi.Dumps"/>
  <testcase name="login" time="0.003" classname="com.externalApi.Dumps"/>
  <testcase name="login" time="0.000" classname="com.externalApi.Dumps"/>
  <testcase name="login" time="0.000" classname="com.externalApi.Dumps"/>
  <testcase name="login" time="0.000" classname="com.externalApi.Dumps"/>
  <testcase name="login" time="0.001" classname="com.externalApi.Dumps"/>
  <testcase name="login" time="0.000" classname="com.externalApi.Dumps"/>
  <testcase name="login" time="0.000" classname="com.externalApi.Dumps"/>
  <testcase name="login" time="0.000" classname="com.externalApi.Dumps"/>
  <testcase name="login" time="0.001" classname="com.externalApi.Dumps"/>
  <testcase name="login" time="0.000" classname="com.externalApi.Dumps"/>
  <testcase name="login" time="0.001" classname="com.externalApi.Dumps"/>
  <testcase name="login" time="0.004" classname="com.externalApi.Dumps"/>
  <testcase name="login" time="0.000" classname="com.externalApi.Dumps"/>
  <testcase name="login" time="0.001" classname="com.externalApi.Dumps"/>
  <testcase name="login" time="0.000" classname="com.externalApi.Dumps"/>
  <testcase name="login" time="0.001" classname="com.externalApi.Dumps"/>
  <testcase name="login" time="0.112" classname="com.externalApi.Dumps"/>
  <testcase name="login" time="0.001" classname="com.externalApi.Dumps"/>
  <testcase name="login" time="0.001" classname="com.externalApi.Dumps"/>
  <testcase name="login" time="0.001" classname="com.externalApi.Dumps"/>
  <testcase name="login" time="0.000" classname="com.externalApi.Dumps"/>
  <testcase name="login" time="0.000" classname="com.externalApi.Dumps"/>
  <testcase name="login" time="0.000" classname="com.externalApi.Dumps"/>
  <testcase name="login" time="0.001" classname="com.externalApi.Dumps"/>
  <testcase name="login" time="0.026" classname="com.externalApi.Dumps"/>
  <testcase name="login" time="0.000" classname="com.externalApi.Dumps"/>
  <testcase name="login" time="0.001" classname="com.externalApi.Dumps"/>
  <testcase name="login" time="0.001" classname="com.externalApi.Dumps"/>
  <testcase name="login" time="0.001" classname="com.externalApi.Dumps"/>
  <testcase name="login" time="0.000" classname="com.externalApi.Dumps"/>
  <testcase name="login" time="0.001" classname="com.externalApi.Dumps"/>
  <testcase name="login" time="0.000" classname="com.externalApi.Dumps"/>
  <testcase name="login" time="0.001" classname="com.externalApi.Dumps"/>
  <testcase name="login" time="0.000" classname="com.externalApi.Dumps"/>
  <testcase name="login" time="0.001" classname="com.externalApi.Dumps"/>
  <testcase name="login" time="0.000" classname="com.externalApi.Dumps"/>
  <testcase name="login" time="0.001" classname="com.externalApi.Dumps"/>
  <testcase name="login" time="0.001" classname="com.externalApi.Dumps"/>
  <testcase name="login" time="0.000" classname="com.externalApi.Dumps"/>
  <testcase name="login" time="0.001" classname="com.externalApi.Dumps"/>
  <testcase name="login" time="0.002" classname="com.externalApi.Dumps"/>
  <testcase name="login" time="0.001" classname="com.externalApi.Dumps"/>
  <testcase name="login" time="0.000" classname="com.externalApi.Dumps"/>
  <testcase name="login" time="0.002" classname="com.externalApi.Dumps"/>
  <testcase name="login" time="0.000" classname="com.externalApi.Dumps"/>
  <testcase name="login" time="0.001" classname="com.externalApi.Dumps"/>
  <testcase name="login" time="0.000" classname="com.externalApi.Dumps"/>
  <testcase name="login" time="0.001" classname="com.externalApi.Dumps"/>
  <testcase name="login" time="0.001" classname="com.externalApi.Dumps"/>
  <testcase name="login" time="0.001" classname="com.externalApi.Dumps"/>
  <testcase name="login" time="0.001" classname="com.externalApi.Dumps"/>
  <testcase name="login" time="0.000" classname="com.externalApi.Dumps"/>
  <testcase name="login" time="0.000" classname="com.externalApi.Dumps"/>
  <testcase name="login" time="0.001" classname="com.externalApi.Dumps"/>
  <testcase name="login" time="0.001" classname="com.externalApi.Dumps"/>
  <testcase name="login" time="0.000" classname="com.externalApi.Dumps"/>
  <testcase name="login" time="0.000" classname="com.externalApi.Dumps"/>
  <testcase name="login" time="0.001" classname="com.externalApi.Dumps"/>
  <testcase name="login" time="0.002" classname="com.externalApi.Dumps"/>
  <testcase name="login" time="0.002" classname="com.externalApi.Dumps"/>
  <testcase name="login" time="0.000" classname="com.externalApi.Dumps"/>
  <testcase name="login" time="0.000" classname="com.externalApi.Dumps"/>
  <testcase name="login" time="0.001" classname="com.externalApi.Dumps"/>
  <testcase name="login" time="0.002" classname="com.externalApi.Dumps"/>
  <testcase name="login" time="0.002" classname="com.externalApi.Dumps"/>
  <testcase name="login" time="0.000" classname="com.externalApi.Dumps"/>
  <testcase name="login" time="0.001" classname="com.externalApi.Dumps"/>
  <testcase name="login" time="0.001" classname="com.externalApi.Dumps"/>
  <testcase name="login" time="0.001" classname="com.externalApi.Dumps"/>
  <testcase name="login" time="0.000" classname="com.externalApi.Dumps"/>
  <testcase name="login" time="0.000" classname="com.externalApi.Dumps"/>
  <testcase name="login" time="0.000" classname="com.externalApi.Dumps"/>
  <testcase name="login" time="0.000" classname="com.externalApi.Dumps"/>
  <testcase name="login" time="0.001" classname="com.externalApi.Dumps"/>
  <testcase name="login" time="0.001" classname="com.externalApi.Dumps"/>
  <testcase name="login" time="0.000" classname="com.externalApi.Dumps"/>
  <testcase name="login" time="0.000" classname="com.externalApi.Dumps"/>
  <testcase name="login" time="0.001" classname="com.externalApi.Dumps"/>
  <testcase name="login" time="0.001" classname="com.externalApi.Dumps"/>
  <testcase name="login" time="0.001" classname="com.externalApi.Dumps"/>
  <testcase name="login" time="0.000" classname="com.externalApi.Dumps"/>
  <testcase name="login" time="0.001" classname="com.externalApi.Dumps"/>
  <testcase name="login" time="0.001" classname="com.externalApi.Dumps"/>
  <testcase name="login" time="0.000" classname="com.externalApi.Dumps"/>
  <testcase name="login" time="0.001" classname="com.externalApi.Dumps"/>
  <testcase name="login" time="0.001" classname="com.externalApi.Dumps"/>
  <testcase name="login" time="0.001" classname="com.externalApi.Dumps"/>
  <testcase name="login" time="0.097" classname="com.externalApi.Dumps"/>
  <testcase name="login" time="0.000" classname="com.externalApi.Dumps"/>
  <testcase name="login" time="0.001" classname="com.externalApi.Dumps"/>
  <testcase name="login" time="0.001" classname="com.externalApi.Dumps"/>
  <testcase name="login" time="0.000" classname="com.externalApi.Dumps"/>
  <testcase name="login" time="0.000" classname="com.externalApi.Dumps"/>
  <testcase name="login" time="0.001" classname="com.externalApi.Dumps"/>
  <testcase name="login" time="0.001" classname="com.externalApi.Dumps"/>
  <testcase name="login" time="0.001" classname="com.externalApi.Dumps"/>
  <testcase name="login" time="0.001" classname="com.externalApi.Dumps"/>
  <testcase name="login" time="0.000" classname="com.externalApi.Dumps"/>
  <testcase name="login" time="0.001" classname="com.externalApi.Dumps"/>
  <testcase name="login" time="0.000" classname="com.externalApi.Dumps"/>
  <testcase name="login" time="0.001" classname="com.externalApi.Dumps"/>
  <testcase name="login" time="0.001" classname="com.externalApi.Dumps"/>
  <testcase name="login" time="0.001" classname="com.externalApi.Dumps"/>
  <testcase name="login" time="0.000" classname="com.externalApi.Dumps"/>
  <testcase name="login" time="0.000" classname="com.externalApi.Dumps"/>
  <testcase name="login" time="0.000" classname="com.externalApi.Dumps"/>
  <testcase name="login" time="0.001" classname="com.externalApi.Dumps"/>
  <testcase name="login" time="0.001" classname="com.externalApi.Dumps"/>
  <testcase name="login" time="0.000" classname="com.externalApi.Dumps"/>
  <testcase name="login" time="0.002" classname="com.externalApi.Dumps"/>
  <testcase name="login" time="0.000" classname="com.externalApi.Dumps"/>
  <testcase name="login" time="0.000" classname="com.externalApi.Dumps"/>
  <testcase name="login" time="0.001" classname="com.externalApi.Dumps"/>
  <testcase name="login" time="0.000" classname="com.externalApi.Dumps"/>
  <testcase name="login" time="0.000" classname="com.externalApi.Dumps"/>
  <testcase name="login" time="0.000" classname="com.externalApi.Dumps"/>
  <testcase name="login" time="0.001" classname="com.externalApi.Dumps"/>
  <testcase name="login" time="0.001" classname="com.externalApi.Dumps"/>
  <testcase name="login" time="0.001" classname="com.externalApi.Dumps"/>
  <testcase name="login" time="0.001" classname="com.externalApi.Dumps"/>
  <testcase name="login" time="0.001" classname="com.externalApi.Dumps"/>
  <testcase name="login" time="0.000" classname="com.externalApi.Dumps"/>
  <testcase name="login" time="0.000" classname="com.externalApi.Dumps"/>
  <testcase name="login" time="0.001" classname="com.externalApi.Dumps"/>
  <testcase name="login" time="0.000" classname="com.externalApi.Dumps"/>
  <testcase name="login" time="0.001" classname="com.externalApi.Dumps"/>
  <testcase name="login" time="0.001" classname="com.externalApi.Dumps"/>
  <testcase name="login" time="0.000" classname="com.externalApi.Dumps"/>
  <testcase name="login" time="0.000" classname="com.externalApi.Dumps"/>
  <testcase name="login" time="0.000" classname="com.externalApi.Dumps"/>
  <testcase name="login" time="0.001" classname="com.externalApi.Dumps"/>
  <testcase name="login" time="0.001" classname="com.externalApi.Dumps"/>
  <testcase name="login" time="0.000" classname="com.externalApi.Dumps"/>
  <testcase name="login" time="0.000" classname="com.externalApi.Dumps"/>
  <testcase name="login" time="0.001" classname="com.externalApi.Dumps"/>
  <testcase name="login" time="0.002" classname="com.externalApi.Dumps"/>
  <testcase name="login" time="0.001" classname="com.externalApi.Dumps"/>
  <testcase name="login" time="0.001" classname="com.externalApi.Dumps"/>
  <testcase name="login" time="0.000" classname="com.externalApi.Dumps"/>
  <testcase name="login" time="0.037" classname="com.externalApi.Dumps"/>
  <testcase name="login" time="0.000" classname="com.externalApi.Dumps"/>
  <testcase name="login" time="0.001" classname="com.externalApi.Dumps"/>
  <testcase name="login" time="0.001" classname="com.externalApi.Dumps"/>
  <testcase name="login" time="0.000" classname="com.externalApi.Dumps"/>
  <testcase name="login" time="0.000" classname="com.externalApi.Dumps"/>
  <testcase name="login" time="0.001" classname="com.externalApi.Dumps"/>
  <testcase name="login" time="0.001" classname="com.externalApi.Dumps"/>
  <testcase name="login" time="0.000" classname="com.externalApi.Dumps"/>
  <testcase name="login" time="0.002" classname="com.externalApi.Dumps"/>
  <testcase name="login" time="0.001" classname="com.externalApi.Dumps"/>
  <testcase name="login" time="0.000" classname="com.externalApi.Dumps"/>
  <testcase name="login" time="0.001" classname="com.externalApi.Dumps"/>
  <testcase name="login" time="0.000" classname="com.externalApi.Dumps"/>
  <testcase name="login" time="0.001" classname="com.externalApi.Dumps"/>
  <testcase name="login" time="0.001" classname="com.externalApi.Dumps"/>
  <testcase name="login" time="0.000" classname="com.externalApi.Dumps"/>
  <testcase name="login" time="0.001" classname="com.externalApi.Dumps"/>
  <testcase name="login" time="0.001" classname="com.externalApi.Dumps"/>
  <testcase name="login" time="0.000" classname="com.externalApi.Dumps"/>
  <testcase name="login" time="0.000" classname="com.externalApi.Dumps"/>
  <testcase name="login" time="0.001" classname="com.externalApi.Dumps"/>
  <testcase name="login" time="0.001" classname="com.externalApi.Dumps"/>
  <testcase name="login" time="0.001" classname="com.externalApi.Dumps"/>
  <testcase name="login" time="0.000" classname="com.externalApi.Dumps"/>
  <testcase name="login" time="0.000" classname="com.externalApi.Dumps"/>
  <testcase name="login" time="0.001" classname="com.externalApi.Dumps"/>
  <testcase name="login" time="0.000" classname="com.externalApi.Dumps"/>
  <testcase name="login" time="0.000" classname="com.externalApi.Dumps"/>
  <testcase name="login" time="0.000" classname="com.externalApi.Dumps"/>
  <testcase name="login" time="0.001" classname="com.externalApi.Dumps"/>
  <testcase name="login" time="0.001" classname="com.externalApi.Dumps"/>
  <testcase name="login" time="0.002" classname="com.externalApi.Dumps"/>
  <testcase name="login" time="0.002" classname="com.externalApi.Dumps"/>
  <testcase name="login" time="0.000" classname="com.externalApi.Dumps"/>
  <testcase name="login" time="0.001" classname="com.externalApi.Dumps"/>
  <testcase name="login" time="0.001" classname="com.externalApi.Dumps"/>
  <testcase name="login" time="0.000" classname="com.externalApi.Dumps"/>
  <testcase name="login" time="0.001" classname="com.externalApi.Dumps"/>
  <testcase name="login" time="0.000" classname="com.externalApi.Dumps"/>
  <testcase name="login" time="0.000" classname="com.externalApi.Dumps"/>
  <testcase name="login" time="0.000" classname="com.externalApi.Dumps"/>
  <testcase name="login" time="0.000" classname="com.externalApi.Dumps"/>
  <testcase name="login" time="0.000" classname="com.externalApi.Dumps"/>
  <testcase name="login" time="0.000" classname="com.externalApi.Dumps"/>
  <testcase name="login" time="0.000" classname="com.externalApi.Dumps"/>
  <testcase name="login" time="0.001" classname="com.externalApi.Dumps"/>
  <testcase name="login" time="0.001" classname="com.externalApi.Dumps"/>
  <testcase name="login" time="0.001" classname="com.externalApi.Dumps"/>
  <testcase name="login" time="0.000" classname="com.externalApi.Dumps"/>
  <testcase name="login" time="0.000" classname="com.externalApi.Dumps"/>
  <testcase name="login" time="0.000" classname="com.externalApi.Dumps"/>
  <testcase name="login" time="0.001" classname="com.externalApi.Dumps"/>
  <testcase name="login" time="0.001" classname="com.externalApi.Dumps"/>
  <testcase name="login" time="0.000" classname="com.externalApi.Dumps"/>
  <testcase name="login" time="0.001" classname="com.externalApi.Dumps"/>
  <testcase name="login" time="0.000" classname="com.externalApi.Dumps"/>
  <testcase name="login" time="0.000" classname="com.externalApi.Dumps"/>
  <testcase name="login" time="0.001" classname="com.externalApi.Dumps"/>
  <testcase name="login" time="0.000" classname="com.externalApi.Dumps"/>
  <testcase name="login" time="0.001" classname="com.externalApi.Dumps"/>
  <testcase name="login" time="0.001" classname="com.externalApi.Dumps"/>
  <testcase name="login" time="0.001" classname="com.externalApi.Dumps"/>
  <testcase name="login" time="0.000" classname="com.externalApi.Dumps"/>
  <testcase name="login" time="0.000" classname="com.externalApi.Dumps"/>
  <testcase name="login" time="0.000" classname="com.externalApi.Dumps"/>
  <testcase name="login" time="0.000" classname="com.externalApi.Dumps"/>
  <testcase name="login" time="0.001" classname="com.externalApi.Dumps"/>
  <testcase name="login" time="0.001" classname="com.externalApi.Dumps"/>
  <testcase name="login" time="0.000" classname="com.externalApi.Dumps"/>
  <testcase name="login" time="0.001" classname="com.externalApi.Dumps"/>
  <testcase name="login" time="0.001" classname="com.externalApi.Dumps"/>
  <testcase name="login" time="0.001" classname="com.externalApi.Dumps"/>
  <testcase name="login" time="0.000" classname="com.externalApi.Dumps"/>
  <testcase name="login" time="0.000" classname="com.externalApi.Dumps"/>
  <testcase name="login" time="0.000" classname="com.externalApi.Dumps"/>
  <testcase name="login" time="0.001" classname="com.externalApi.Dumps"/>
  <testcase name="login" time="0.000" classname="com.externalApi.Dumps"/>
  <testcase name="login" time="0.000" classname="com.externalApi.Dumps"/>
  <testcase name="login" time="0.000" classname="com.externalApi.Dumps"/>
  <testcase name="login" time="0.001" classname="com.externalApi.Dumps"/>
  <testcase name="login" time="0.002" classname="com.externalApi.Dumps"/>
  <testcase name="login" time="0.001" classname="com.externalApi.Dumps"/>
  <testcase name="login" time="0.001" classname="com.externalApi.Dumps"/>
  <testcase name="login" time="0.000" classname="com.externalApi.Dumps"/>
  <testcase name="login" time="0.000" classname="com.externalApi.Dumps"/>
  <testcase name="login" time="0.002" classname="com.externalApi.Dumps"/>
  <testcase name="login" time="0.001" classname="com.externalApi.Dumps"/>
  <testcase name="login" time="0.001" classname="com.externalApi.Dumps"/>
  <testcase name="login" time="0.001" classname="com.externalApi.Dumps"/>
  <testcase name="login" time="0.001" classname="com.externalApi.Dumps"/>
  <testcase name="login" time="0.001" classname="com.externalApi.Dumps"/>
  <testcase name="login" time="0.001" classname="com.externalApi.Dumps"/>
  <testcase name="login" time="0.000" classname="com.externalApi.Dumps"/>
  <testcase name="login" time="0.001" classname="com.externalApi.Dumps"/>
  <testcase name="login" time="0.001" classname="com.externalApi.Dumps"/>
  <testcase name="login" time="0.000" classname="com.externalApi.Dumps"/>
  <testcase name="login" time="0.000" classname="com.externalApi.Dumps"/>
  <testcase name="login" time="0.000" classname="com.externalApi.Dumps"/>
  <testcase name="login" time="0.001" classname="com.externalApi.Dumps"/>
  <testcase name="login" time="0.001" classname="com.externalApi.Dumps"/>
  <testcase name="login" time="0.000" classname="com.externalApi.Dumps"/>
  <testcase name="login" time="0.000" classname="com.externalApi.Dumps"/>
  <testcase name="login" time="0.000" classname="com.externalApi.Dumps"/>
  <testcase name="login" time="0.001" classname="com.externalApi.Dumps"/>
  <testcase name="login" time="0.002" classname="com.externalApi.Dumps"/>
  <testcase name="login" time="0.001" classname="com.externalApi.Dumps"/>
  <testcase name="login" time="0.002" classname="com.externalApi.Dumps"/>
  <testcase name="login" time="0.001" classname="com.externalApi.Dumps"/>
  <testcase name="login" time="0.000" classname="com.externalApi.Dumps"/>
  <testcase name="login" time="0.001" classname="com.externalApi.Dumps"/>
  <testcase name="login" time="0.000" classname="com.externalApi.Dumps"/>
  <testcase name="login" time="0.000" classname="com.externalApi.Dumps"/>
  <testcase name="login" time="0.000" classname="com.externalApi.Dumps"/>
  <testcase name="login" time="0.000" classname="com.externalApi.Dumps"/>
  <testcase name="login" time="0.001" classname="com.externalApi.Dumps"/>
  <testcase name="login" time="0.002" classname="com.externalApi.Dumps"/>
  <testcase name="login" time="0.000" classname="com.externalApi.Dumps"/>
  <testcase name="login" time="0.005" classname="com.externalApi.Dumps"/>
  <testcase name="login" time="0.001" classname="com.externalApi.Dumps"/>
  <testcase name="login" time="0.139" classname="com.externalApi.Dumps"/>
  <testcase name="login" time="0.001" classname="com.externalApi.Dumps"/>
  <testcase name="login" time="0.001" classname="com.externalApi.Dumps"/>
  <testcase name="login" time="0.002" classname="com.externalApi.Dumps"/>
  <testcase name="login" time="0.000" classname="com.externalApi.Dumps"/>
  <testcase name="login" time="0.001" classname="com.externalApi.Dumps"/>
  <testcase name="login" time="0.002" classname="com.externalApi.Dumps"/>
  <testcase name="login" time="0.001" classname="com.externalApi.Dumps"/>
  <testcase name="login" time="0.000" classname="com.externalApi.Dumps"/>
  <testcase name="login" time="0.000" classname="com.externalApi.Dumps"/>
  <testcase name="login" time="0.001" classname="com.externalApi.Dumps"/>
  <testcase name="login" time="0.000" classname="com.externalApi.Dumps"/>
  <testcase name="login" time="0.000" classname="com.externalApi.Dumps"/>
  <testcase name="login" time="0.000" classname="com.externalApi.Dumps"/>
  <testcase name="login" time="0.001" classname="com.externalApi.Dumps"/>
  <testcase name="login" time="0.000" classname="com.externalApi.Dumps"/>
  <testcase name="login" time="0.003" classname="com.externalApi.Dumps"/>
  <testcase name="login" time="0.000" classname="com.externalApi.Dumps"/>
  <testcase name="login" time="0.000" classname="com.externalApi.Dumps"/>
  <testcase name="login" time="0.000" classname="com.externalApi.Dumps"/>
  <testcase name="login" time="0.001" classname="com.externalApi.Dumps"/>
  <testcase name="login" time="0.001" classname="com.externalApi.Dumps"/>
  <testcase name="login" time="0.044" classname="com.externalApi.Dumps"/>
  <testcase name="login" time="0.001" classname="com.externalApi.Dumps"/>
  <testcase name="login" time="0.001" classname="com.externalApi.Dumps"/>
  <testcase name="login" time="0.001" classname="com.externalApi.Dumps"/>
  <testcase name="login" time="0.000" classname="com.externalApi.Dumps"/>
  <testcase name="login" time="0.001" classname="com.externalApi.Dumps"/>
  <testcase name="login" time="0.002" classname="com.externalApi.Dumps"/>
  <testcase name="login" time="0.002" classname="com.externalApi.Dumps"/>
  <testcase name="login" time="0.002" classname="com.externalApi.Dumps"/>
  <testcase name="login" time="0.143" classname="com.externalApi.Dumps"/>
  <testcase name="login" time="0.001" classname="com.externalApi.Dumps"/>
  <testcase name="login" time="0.001" classname="com.externalApi.Dumps"/>
  <testcase name="login" time="0.000" classname="com.externalApi.Dumps"/>
  <testcase name="login" time="0.001" classname="com.externalApi.Dumps"/>
  <testcase name="login" time="0.001" classname="com.externalApi.Dumps"/>
  <testcase name="login" time="0.001" classname="com.externalApi.Dumps"/>
  <testcase name="login" time="0.002" classname="com.externalApi.Dumps"/>
  <testcase name="login" time="0.000" classname="com.externalApi.Dumps"/>
  <testcase name="login" time="0.001" classname="com.externalApi.Dumps"/>
  <testcase name="login" time="0.001" classname="com.externalApi.Dumps"/>
  <testcase name="login" time="0.000" classname="com.externalApi.Dumps"/>
  <testcase name="login" time="0.000" classname="com.externalApi.Dumps"/>
  <testcase name="login" time="0.000" classname="com.externalApi.Dumps"/>
  <testcase name="login" time="0.000" classname="com.externalApi.Dumps"/>
  <testcase name="login" time="0.000" classname="com.externalApi.Dumps"/>
  <testcase name="login" time="0.000" classname="com.externalApi.Dumps"/>
  <testcase name="login" time="0.000" classname="com.externalApi.Dumps"/>
  <testcase name="login" time="0.001" classname="com.externalApi.Dumps"/>
  <testcase name="login" time="0.000" classname="com.externalApi.Dumps"/>
  <testcase name="login" time="0.001" classname="com.externalApi.Dumps"/>
  <testcase name="login" time="0.001" classname="com.externalApi.Dumps"/>
  <testcase name="login" time="0.001" classname="com.externalApi.Dumps"/>
  <testcase name="login" time="0.000" classname="com.externalApi.Dumps"/>
  <testcase name="login" time="0.001" classname="com.externalApi.Dumps"/>
  <testcase name="login" time="0.001" classname="com.externalApi.Dumps"/>
  <testcase name="login" time="0.001" classname="com.externalApi.Dumps"/>
  <testcase name="login" time="0.001" classname="com.externalApi.Dumps"/>
  <testcase name="login" time="0.001" classname="com.externalApi.Dumps"/>
  <testcase name="login" time="0.000" classname="com.externalApi.Dumps"/>
  <testcase name="login" time="0.000" classname="com.externalApi.Dumps"/>
  <testcase name="login" time="0.001" classname="com.externalApi.Dumps"/>
  <testcase name="login" time="0.000" classname="com.externalApi.Dumps"/>
  <testcase name="login" time="0.000" classname="com.externalApi.Dumps"/>
  <testcase name="login" time="0.001" classname="com.externalApi.Dumps"/>
  <testcase name="login" time="0.000" classname="com.externalApi.Dumps"/>
  <testcase name="login" time="0.000" classname="com.externalApi.Dumps"/>
  <testcase name="login" time="0.000" classname="com.externalApi.Dumps"/>
  <testcase name="login" time="0.001" classname="com.externalApi.Dumps"/>
  <testcase name="login" time="0.001" classname="com.externalApi.Dumps"/>
  <testcase name="login" time="0.001" classname="com.externalApi.Dumps"/>
  <testcase name="login" time="0.000" classname="com.externalApi.Dumps"/>
  <testcase name="login" time="0.002" classname="com.externalApi.Dumps"/>
  <testcase name="login" time="0.002" classname="com.externalApi.Dumps"/>
  <testcase name="login" time="0.001" classname="com.externalApi.Dumps"/>
  <testcase name="login" time="0.001" classname="com.externalApi.Dumps"/>
  <testcase name="login" time="0.001" classname="com.externalApi.Dumps"/>
  <testcase name="login" time="0.001" classname="com.externalApi.Dumps"/>
  <testcase name="login" time="0.000" classname="com.externalApi.Dumps"/>
  <testcase name="login" time="0.001" classname="com.externalApi.Dumps"/>
  <testcase name="login" time="0.001" classname="com.externalApi.Dumps"/>
  <testcase name="login" time="0.000" classname="com.externalApi.Dumps"/>
  <testcase name="login" time="0.000" classname="com.externalApi.Dumps"/>
  <testcase name="login" time="0.000" classname="com.externalApi.Dumps"/>
  <testcase name="login" time="0.000" classname="com.externalApi.Dumps"/>
  <testcase name="login" time="0.001" classname="com.externalApi.Dumps"/>
  <testcase name="login" time="0.001" classname="com.externalApi.Dumps"/>
  <testcase name="login" time="0.001" classname="com.externalApi.Dumps"/>
  <testcase name="login" time="0.000" classname="com.externalApi.Dumps"/>
  <testcase name="login" time="0.001" classname="com.externalApi.Dumps"/>
  <testcase name="login" time="0.000" classname="com.externalApi.Dumps"/>
  <testcase name="login" time="0.001" classname="com.externalApi.Dumps"/>
  <testcase name="login" time="0.001" classname="com.externalApi.Dumps"/>
  <testcase name="login" time="0.002" classname="com.externalApi.Dumps"/>
  <testcase name="login" time="0.000" classname="com.externalApi.Dumps"/>
  <testcase name="login" time="0.001" classname="com.externalApi.Dumps"/>
  <testcase name="login" time="0.001" classname="com.externalApi.Dumps"/>
  <testcase name="login" time="0.001" classname="com.externalApi.Dumps"/>
  <testcase name="login" time="0.001" classname="com.externalApi.Dumps"/>
  <testcase name="login" time="0.001" classname="com.externalApi.Dumps"/>
  <testcase name="login" time="0.000" classname="com.externalApi.Dumps"/>
  <testcase name="login" time="0.000" classname="com.externalApi.Dumps"/>
  <testcase name="login" time="0.001" classname="com.externalApi.Dumps"/>
  <testcase name="login" time="0.000" classname="com.externalApi.Dumps"/>
  <testcase name="login" time="0.001" classname="com.externalApi.Dumps"/>
  <testcase name="login" time="0.001" classname="com.externalApi.Dumps"/>
  <testcase name="login" time="0.000" classname="com.externalApi.Dumps"/>
  <testcase name="login" time="0.001" classname="com.externalApi.Dumps"/>
  <testcase name="login" time="0.001" classname="com.externalApi.Dumps"/>
  <testcase name="login" time="0.000" classname="com.externalApi.Dumps"/>
  <testcase name="login" time="0.000" classname="com.externalApi.Dumps"/>
  <testcase name="login" time="0.001" classname="com.externalApi.Dumps"/>
  <testcase name="login" time="0.001" classname="com.externalApi.Dumps"/>
  <testcase name="login" time="0.000" classname="com.externalApi.Dumps"/>
  <testcase name="login" time="0.001" classname="com.externalApi.Dumps"/>
  <testcase name="login" time="0.001" classname="com.externalApi.Dumps"/>
  <testcase name="login" time="0.001" classname="com.externalApi.Dumps"/>
  <testcase name="login" time="0.000" classname="com.externalApi.Dumps"/>
  <testcase name="login" time="0.000" classname="com.externalApi.Dumps"/>
  <testcase name="login" time="0.000" classname="com.externalApi.Dumps"/>
  <testcase name="login" time="0.000" classname="com.externalApi.Dumps"/>
  <testcase name="login" time="0.001" classname="com.externalApi.Dumps"/>
  <testcase name="login" time="0.001" classname="com.externalApi.Dumps"/>
  <testcase name="login" time="0.001" classname="com.externalApi.Dumps"/>
  <testcase name="login" time="0.005" classname="com.externalApi.Dumps"/>
  <testcase name="login" time="0.000" classname="com.externalApi.Dumps"/>
  <testcase name="login" time="0.002" classname="com.externalApi.Dumps"/>
  <testcase name="login" time="0.000" classname="com.externalApi.Dumps"/>
  <testcase name="login" time="0.002" classname="com.externalApi.Dumps"/>
  <testcase name="login" time="0.000" classname="com.externalApi.Dumps"/>
  <testcase name="login" time="0.001" classname="com.externalApi.Dumps"/>
  <testcase name="login" time="0.000" classname="com.externalApi.Dumps"/>
  <testcase name="login" time="0.002" classname="com.externalApi.Dumps"/>
  <testcase name="login" time="0.001" classname="com.externalApi.Dumps"/>
  <testcase name="login" time="0.001" classname="com.externalApi.Dumps"/>
  <testcase name="login" time="0.002" classname="com.externalApi.Dumps"/>
  <testcase name="login" time="0.001" classname="com.externalApi.Dumps"/>
  <testcase name="login" time="0.000" classname="com.externalApi.Dumps"/>
  <testcase name="login" time="0.420" classname="com.externalApi.Dumps"/>
  <testcase name="login" time="0.000" classname="com.externalApi.Dumps"/>
  <testcase name="login" time="0.000" classname="com.externalApi.Dumps"/>
  <testcase name="login" time="0.000" classname="com.externalApi.Dumps"/>
  <testcase name="login" time="0.000" classname="com.externalApi.Dumps"/>
  <testcase name="login" time="0.000" classname="com.externalApi.Dumps"/>
  <testcase name="login" time="0.002" classname="com.externalApi.Dumps"/>
  <testcase name="login" time="0.002" classname="com.externalApi.Dumps"/>
  <testcase name="login" time="0.000" classname="com.externalApi.Dumps"/>
  <testcase name="login" time="0.000" classname="com.externalApi.Dumps"/>
  <testcase name="login" time="0.001" classname="com.externalApi.Dumps"/>
  <testcase name="login" time="0.000" classname="com.externalApi.Dumps"/>
  <testcase name="login" time="0.001" classname="com.externalApi.Dumps"/>
  <testcase name="login" time="0.001" classname="com.externalApi.Dumps"/>
  <testcase name="login" time="0.001" classname="com.externalApi.Dumps"/>
  <testcase name="login" time="0.000" classname="com.externalApi.Dumps"/>
  <testcase name="login" time="0.000" classname="com.externalApi.Dumps"/>
  <testcase name="login" time="0.002" classname="com.externalApi.Dumps"/>
  <testcase name="login" time="0.001" classname="com.externalApi.Dumps"/>
  <testcase name="login" time="0.001" classname="com.externalApi.Dumps"/>
  <testcase name="login" time="0.001" classname="com.externalApi.Dumps"/>
  <testcase name="login" time="0.000" classname="com.externalApi.Dumps"/>
  <testcase name="login" time="0.000" classname="com.externalApi.Dumps"/>
  <testcase name="login" time="0.000" classname="com.externalApi.Dumps"/>
  <testcase name="login" time="0.000" classname="com.externalApi.Dumps"/>
  <testcase name="login" time="0.000" classname="com.externalApi.Dumps"/>
  <testcase name="login" time="0.001" classname="com.externalApi.Dumps"/>
  <testcase name="login" time="0.000" classname="com.externalApi.Dumps"/>
  <testcase name="login" time="0.001" classname="com.externalApi.Dumps"/>
  <testcase name="login" time="0.001" classname="com.externalApi.Dumps"/>
  <testcase name="login" time="0.001" classname="com.externalApi.Dumps"/>
  <testcase name="login" time="0.001" classname="com.externalApi.Dumps"/>
  <testcase name="login" time="0.001" classname="com.externalApi.Dumps"/>
  <testcase name="login" time="0.000" classname="com.externalApi.Dumps"/>
  <testcase name="login" time="0.001" classname="com.externalApi.Dumps"/>
  <testcase name="login" time="0.001" classname="com.externalApi.Dumps"/>
  <testcase name="login" time="0.001" classname="com.externalApi.Dumps"/>
  <testcase name="login" time="0.001" classname="com.externalApi.Dumps"/>
  <testcase name="login" time="0.002" classname="com.externalApi.Dumps"/>
  <testcase name="login" time="0.000" classname="com.externalApi.Dumps"/>
  <testcase name="login" time="0.001" classname="com.externalApi.Dumps"/>
  <testcase name="login" time="0.001" classname="com.externalApi.Dumps"/>
  <testcase name="login" time="0.002" classname="com.externalApi.Dumps"/>
  <testcase name="login" time="0.001" classname="com.externalApi.Dumps"/>
  <testcase name="login" time="0.343" classname="com.externalApi.Dumps"/>
  <testcase name="login" time="0.000" classname="com.externalApi.Dumps"/>
  <testcase name="login" time="0.000" classname="com.externalApi.Dumps"/>
  <testcase name="login" time="0.001" classname="com.externalApi.Dumps"/>
  <testcase name="login" time="0.000" classname="com.externalApi.Dumps"/>
  <testcase name="login" time="0.000" classname="com.externalApi.Dumps"/>
  <testcase name="login" time="0.000" classname="com.externalApi.Dumps"/>
  <testcase name="login" time="0.000" classname="com.externalApi.Dumps"/>
  <testcase name="login" time="0.000" classname="com.externalApi.Dumps"/>
  <testcase name="login" time="0.001" classname="com.externalApi.Dumps"/>
  <testcase name="login" time="0.001" classname="com.externalApi.Dumps"/>
  <testcase name="login" time="0.044" classname="com.externalApi.Dumps"/>
  <testcase name="login" time="0.001" classname="com.externalApi.Dumps"/>
  <testcase name="login" time="0.038" classname="com.externalApi.Dumps"/>
  <testcase name="login" time="0.001" classname="com.externalApi.Dumps"/>
  <testcase name="login" time="0.001" classname="com.externalApi.Dumps"/>
  <testcase name="login" time="0.000" classname="com.externalApi.Dumps"/>
  <testcase name="login" time="0.004" classname="com.externalApi.Dumps"/>
  <testcase name="login" time="0.000" classname="com.externalApi.Dumps"/>
  <testcase name="login" time="0.001" classname="com.externalApi.Dumps"/>
  <testcase name="login" time="0.001" classname="com.externalApi.Dumps"/>
  <testcase name="login" time="0.000" classname="com.externalApi.Dumps"/>
  <testcase name="login" time="0.001" classname="com.externalApi.Dumps"/>
  <testcase name="login" time="0.000" classname="com.externalApi.Dumps"/>
  <testcase name="login" time="0.000" classname="com.externalApi.Dumps"/>
  <testcase name="login" time="0.002" classname="com.externalApi.Dumps"/>
  <testcase name="login" time="0.000" classname="com.externalApi.Dumps"/>
  <testcase name="login" time="0.001" classname="com.externalApi.Dumps"/>
  <testcase name="login" time="0.000" classname="com.externalApi.Dumps"/>
  <testcase name="login" time="0.101" classname="com.externalApi.Dumps"/>
  <testcase name="login" time="0.000" classname="com.externalApi.Dumps"/>
  <testcase name="login" time="0.000" classname="com.externalApi.Dumps"/>
  <testcase name="login" time="0.000" classname="com.externalApi.Dumps"/>
  <testcase name="login" time="0.000" classname="com.externalApi.Dumps"/>
  <testcase name="login" time="0.000" classname="com.externalApi.Dumps"/>
  <testcase name="login" time="0.000" classname="com.externalApi.Dumps"/>
  <testcase name="login" time="0.000" classname="com.externalApi.Dumps"/>
  <testcase name="login" time="0.001" classname="com.externalApi.Dumps"/>
  <testcase name="login" time="0.000" classname="com.externalApi.Dumps"/>
  <testcase name="login" time="0.001" classname="com.externalApi.Dumps"/>
  <testcase name="login" time="0.000" classname="com.externalApi.Dumps"/>
  <testcase name="login" time="0.000" classname="com.externalApi.Dumps"/>
  <testcase name="login" time="0.000" classname="com.externalApi.Dumps"/>
  <testcase name="login" time="0.000" classname="com.externalApi.Dumps"/>
  <testcase name="login" time="0.001" classname="com.externalApi.Dumps"/>
  <testcase name="login" time="0.000" classname="com.externalApi.Dumps"/>
  <testcase name="login" time="0.000" classname="com.externalApi.Dumps"/>
  <testcase name="login" time="0.000" classname="com.externalApi.Dumps"/>
  <testcase name="login" time="0.000" classname="com.externalApi.Dumps"/>
  <testcase name="login" time="0.000" classname="com.externalApi.Dumps"/>
  <testcase name="login" time="0.000" classname="com.externalApi.Dumps"/>
  <testcase name="login" time="0.001" classname="com.externalApi.Dumps"/>
  <testcase name="login" time="0.001" classname="com.externalApi.Dumps"/>
  <testcase name="login" time="0.001" classname="com.externalApi.Dumps"/>
  <testcase name="login" time="0.001" classname="com.externalApi.Dumps"/>
  <testcase name="login" time="0.000" classname="com.externalApi.Dumps"/>
  <testcase name="login" time="0.000" classname="com.externalApi.Dumps"/>
  <testcase name="login" time="0.001" classname="com.externalApi.Dumps"/>
  <testcase name="login" time="0.001" classname="com.externalApi.Dumps"/>
  <testcase name="login" time="0.000" classname="com.externalApi.Dumps"/>
  <testcase name="login" time="0.000" classname="com.externalApi.Dumps"/>
  <testcase name="login" time="0.000" classname="com.externalApi.Dumps"/>
  <testcase name="login" time="0.001" classname="com.externalApi.Dumps"/>
  <testcase name="login" time="0.000" classname="com.externalApi.Dumps"/>
  <testcase name="login" time="0.001" classname="com.externalApi.Dumps"/>
  <testcase name="login" time="0.001" classname="com.externalApi.Dumps"/>
  <testcase name="login" time="0.000" classname="com.externalApi.Dumps"/>
  <testcase name="login" time="0.256" classname="com.externalApi.Dumps"/>
  <testcase name="login" time="0.001" classname="com.externalApi.Dumps"/>
  <testcase name="login" time="0.000" classname="com.externalApi.Dumps"/>
  <testcase name="login" time="0.001" classname="com.externalApi.Dumps"/>
  <testcase name="login" time="0.000" classname="com.externalApi.Dumps"/>
  <testcase name="login" time="0.000" classname="com.externalApi.Dumps"/>
  <testcase name="login" time="0.001" classname="com.externalApi.Dumps"/>
  <testcase name="login" time="0.001" classname="com.externalApi.Dumps"/>
  <testcase name="login" time="0.003" classname="com.externalApi.Dumps"/>
  <testcase name="login" time="0.000" classname="com.externalApi.Dumps"/>
  <testcase name="login" time="0.000" classname="com.externalApi.Dumps"/>
  <testcase name="login" time="0.000" classname="com.externalApi.Dumps"/>
  <testcase name="login" time="0.000" classname="com.externalApi.Dumps"/>
  <testcase name="login" time="0.001" classname="com.externalApi.Dumps"/>
  <testcase name="login" time="0.116" classname="com.externalApi.Dumps"/>
  <testcase name="login" time="0.000" classname="com.externalApi.Dumps"/>
  <testcase name="login" time="0.001" classname="com.externalApi.Dumps"/>
  <testcase name="login" time="0.000" classname="com.externalApi.Dumps"/>
  <testcase name="login" time="0.000" classname="com.externalApi.Dumps"/>
  <testcase name="login" time="0.002" classname="com.externalApi.Dumps"/>
  <testcase name="login" time="0.000" classname="com.externalApi.Dumps"/>
  <testcase name="login" time="0.001" classname="com.externalApi.Dumps"/>
  <testcase name="login" time="0.001" classname="com.externalApi.Dumps"/>
  <testcase name="login" time="0.000" classname="com.externalApi.Dumps"/>
  <testcase name="login" time="0.002" classname="com.externalApi.Dumps"/>
  <testcase name="login" time="0.002" classname="com.externalApi.Dumps"/>
  <testcase name="login" time="0.001" classname="com.externalApi.Dumps"/>
  <testcase name="login" time="0.000" classname="com.externalApi.Dumps"/>
  <testcase name="login" time="0.001" classname="com.externalApi.Dumps"/>
  <testcase name="login" time="0.001" classname="com.externalApi.Dumps"/>
  <testcase name="login" time="0.000" classname="com.externalApi.Dumps"/>
  <testcase name="login" time="0.001" classname="com.externalApi.Dumps"/>
  <testcase name="login" time="0.000" classname="com.externalApi.Dumps"/>
  <testcase name="login" time="0.001" classname="com.externalApi.Dumps"/>
  <testcase name="login" time="0.001" classname="com.externalApi.Dumps"/>
  <testcase name="login" time="0.001" classname="com.externalApi.Dumps"/>
  <testcase name="login" time="0.000" classname="com.externalApi.Dumps"/>
  <testcase name="login" time="0.000" classname="com.externalApi.Dumps"/>
  <testcase name="login" time="0.001" classname="com.externalApi.Dumps"/>
  <testcase name="login" time="0.000" classname="com.externalApi.Dumps"/>
  <testcase name="login" time="0.001" classname="com.externalApi.Dumps"/>
  <testcase name="login" time="0.001" classname="com.externalApi.Dumps"/>
  <testcase name="login" time="0.000" classname="com.externalApi.Dumps"/>
  <testcase name="login" time="0.001" classname="com.externalApi.Dumps"/>
  <testcase name="login" time="0.000" classname="com.externalApi.Dumps"/>
  <testcase name="login" time="0.001" classname="com.externalApi.Dumps"/>
  <testcase name="login" time="0.000" classname="com.externalApi.Dumps"/>
  <testcase name="login" time="0.001" classname="com.externalApi.Dumps"/>
  <testcase name="login" time="0.000" classname="com.externalApi.Dumps"/>
  <testcase name="login" time="0.001" classname="com.externalApi.Dumps"/>
  <testcase name="login" time="0.001" classname="com.externalApi.Dumps"/>
  <testcase name="login" time="0.000" classname="com.externalApi.Dumps"/>
  <testcase name="login" time="0.000" classname="com.externalApi.Dumps"/>
  <testcase name="login" time="0.000" classname="com.externalApi.Dumps"/>
  <testcase name="login" time="0.000" classname="com.externalApi.Dumps"/>
  <testcase name="login" time="0.000" classname="com.externalApi.Dumps"/>
  <testcase name="login" time="0.000" classname="com.externalApi.Dumps"/>
  <testcase name="login" time="0.001" classname="com.externalApi.Dumps"/>
  <testcase name="login" time="0.001" classname="com.externalApi.Dumps"/>
  <testcase name="login" time="0.000" classname="com.externalApi.Dumps"/>
  <testcase name="login" time="0.001" classname="com.externalApi.Dumps"/>
  <testcase name="login" time="0.002" classname="com.externalApi.Dumps"/>
  <testcase name="login" time="0.000" classname="com.externalApi.Dumps"/>
  <testcase name="login" time="0.000" classname="com.externalApi.Dumps"/>
  <testcase name="login" time="0.002" classname="com.externalApi.Dumps"/>
  <testcase name="login" time="0.000" classname="com.externalApi.Dumps"/>
  <testcase name="login" time="0.001" classname="com.externalApi.Dumps"/>
  <testcase name="login" time="0.002" classname="com.externalApi.Dumps"/>
  <testcase name="login" time="0.001" classname="com.externalApi.Dumps"/>
  <testcase name="login" time="0.000" classname="com.externalApi.Dumps"/>
  <testcase name="login" time="0.001" classname="com.externalApi.Dumps"/>
  <testcase name="login" time="0.071" classname="com.externalApi.Dumps"/>
  <testcase name="login" time="0.000" classname="com.externalApi.Dumps"/>
  <testcase name="login" time="0.001" classname="com.externalApi.Dumps"/>
  <testcase name="login" time="0.001" classname="com.externalApi.Dumps"/>
  <testcase name="login" time="0.000" classname="com.externalApi.Dumps"/>
  <testcase name="login" time="0.000" classname="com.externalApi.Dumps"/>
  <testcase name="login" time="0.000" classname="com.externalApi.Dumps"/>
  <testcase name="login" time="0.001" classname="com.externalApi.Dumps"/>
  <testcase name="login" time="0.001" classname="com.externalApi.Dumps"/>
  <testcase name="login" time="0.001" classname="com.externalApi.Dumps"/>
  <testcase name="login" time="0.001" classname="com.externalApi.Dumps"/>
  <testcase name="login" time="0.002" classname="com.externalApi.Dumps"/>
  <testcase name="login" time="0.001" classname="com.externalApi.Dumps"/>
  <testcase name="login" time="0.000" classname="com.externalApi.Dumps"/>
  <testcase name="login" time="0.001" classname="com.externalApi.Dumps"/>
  <testcase name="login" time="0.000" classname="com.externalApi.Dumps"/>
  <testcase name="login" time="0.002" classname="com.externalApi.Dumps"/>
  <testcase name="login" time="0.000" classname="com.externalApi.Dumps"/>
  <testcase name="login" time="0.000" classname="com.externalApi.Dumps"/>
  <testcase name="login" time="0.001" classname="com.externalApi.Dumps"/>
  <testcase name="login" time="0.001" classname="com.externalApi.Dumps"/>
  <testcase name="login" time="0.000" classname="com.externalApi.Dumps"/>
  <testcase name="login" time="0.000" classname="com.externalApi.Dumps"/>
  <testcase name="login" time="0.000" classname="com.externalApi.Dumps"/>
  <testcase name="login" time="0.000" classname="com.externalApi.Dumps"/>
  <testcase name="login" time="0.000" classname="com.externalApi.Dumps"/>
  <testcase name="login" time="0.001" classname="com.externalApi.Dumps"/>
  <testcase name="login" time="0.000" classname="com.externalApi.Dumps"/>
  <testcase name="login" time="0.000" classname="com.externalApi.Dumps"/>
  <testcase name="login" time="0.001" classname="com.externalApi.Dumps"/>
  <testcase name="login" time="0.000" classname="com.externalApi.Dumps"/>
  <testcase name="login" time="0.000" classname="com.externalApi.Dumps"/>
  <testcase name="login" time="0.001" classname="com.externalApi.Dumps"/>
  <testcase name="login" time="0.000" classname="com.externalApi.Dumps"/>
  <testcase name="login" time="0.000" classname="com.externalApi.Dumps"/>
  <testcase name="login" time="0.002" classname="com.externalApi.Dumps"/>
  <testcase name="login" time="0.001" classname="com.externalApi.Dumps"/>
  <testcase name="login" time="0.001" classname="com.externalApi.Dumps"/>
  <testcase name="login" time="0.000" classname="com.externalApi.Dumps"/>
  <testcase name="login" time="0.000" classname="com.externalApi.Dumps"/>
  <testcase name="login" time="0.000" classname="com.externalApi.Dumps"/>
  <testcase name="login" time="0.001" classname="com.externalApi.Dumps"/>
  <testcase name="login" time="0.000" classname="com.externalApi.Dumps"/>
  <testcase name="login" time="0.001" classname="com.externalApi.Dumps"/>
  <testcase name="login" time="0.001" classname="com.externalApi.Dumps"/>
  <testcase name="login" time="0.000" classname="com.externalApi.Dumps"/>
  <testcase name="login" time="0.000" classname="com.externalApi.Dumps"/>
  <testcase name="login" time="0.001" classname="com.externalApi.Dumps"/>
  <testcase name="login" time="0.000" classname="com.externalApi.Dumps"/>
  <testcase name="login" time="0.000" classname="com.externalApi.Dumps"/>
  <testcase name="login" time="0.000" classname="com.externalApi.Dumps"/>
  <testcase name="login" time="0.000" classname="com.externalApi.Dumps"/>
  <testcase name="login" time="0.001" classname="com.externalApi.Dumps"/>
  <testcase name="login" time="0.001" classname="com.externalApi.Dumps"/>
  <testcase name="login" time="0.001" classname="com.externalApi.Dumps"/>
  <testcase name="login" time="0.001" classname="com.externalApi.Dumps"/>
  <testcase name="login" time="0.001" classname="com.externalApi.Dumps"/>
  <testcase name="login" time="0.000" classname="com.externalApi.Dumps"/>
  <testcase name="login" time="0.002" classname="com.externalApi.Dumps"/>
  <testcase name="login" time="0.001" classname="com.externalApi.Dumps"/>
  <testcase name="login" time="0.000" classname="com.externalApi.Dumps"/>
  <testcase name="login" time="0.000" classname="com.externalApi.Dumps"/>
  <testcase name="login" time="0.000" classname="com.externalApi.Dumps"/>
  <testcase name="login" time="0.000" classname="com.externalApi.Dumps"/>
  <testcase name="login" time="0.001" classname="com.externalApi.Dumps"/>
  <testcase name="login" time="0.002" classname="com.externalApi.Dumps"/>
  <testcase name="login" time="0.001" classname="com.externalApi.Dumps"/>
  <testcase name="login" time="0.000" classname="com.externalApi.Dumps"/>
  <testcase name="login" time="0.001" classname="com.externalApi.Dumps"/>
  <testcase name="login" time="0.001" classname="com.externalApi.Dumps"/>
  <testcase name="login" time="0.000" classname="com.externalApi.Dumps"/>
  <testcase name="login" time="0.002" classname="com.externalApi.Dumps"/>
  <testcase name="login" time="0.001" classname="com.externalApi.Dumps"/>
  <testcase name="login" time="0.001" classname="com.externalApi.Dumps"/>
  <testcase name="login" time="0.001" classname="com.externalApi.Dumps"/>
  <testcase name="login" time="0.000" classname="com.externalApi.Dumps"/>
  <testcase name="login" time="0.001" classname="com.externalApi.Dumps"/>
  <testcase name="login" time="0.000" classname="com.externalApi.Dumps"/>
  <testcase name="login" time="0.000" classname="com.externalApi.Dumps"/>
  <testcase name="login" time="0.000" classname="com.externalApi.Dumps"/>
  <testcase name="login" time="0.001" classname="com.externalApi.Dumps"/>
  <testcase name="login" time="0.002" classname="com.externalApi.Dumps"/>
  <testcase name="login" time="0.001" classname="com.externalApi.Dumps"/>
  <testcase name="login" time="0.000" classname="com.externalApi.Dumps"/>
  <testcase name="login" time="0.001" classname="com.externalApi.Dumps"/>
  <testcase name="login" time="0.000" classname="com.externalApi.Dumps"/>
  <testcase name="login" time="0.001" classname="com.externalApi.Dumps"/>
  <testcase name="login" time="0.001" classname="com.externalApi.Dumps"/>
  <testcase name="login" time="0.000" classname="com.externalApi.Dumps"/>
  <testcase name="login" time="0.000" classname="com.externalApi.Dumps"/>
  <testcase name="login" time="0.000" classname="com.externalApi.Dumps"/>
  <testcase name="login" time="0.001" classname="com.externalApi.Dumps"/>
  <testcase name="login" time="0.001" classname="com.externalApi.Dumps"/>
  <testcase name="login" time="0.001" classname="com.externalApi.Dumps"/>
  <testcase name="login" time="0.002" classname="com.externalApi.Dumps"/>
  <testcase name="login" time="0.000" classname="com.externalApi.Dumps"/>
  <testcase name="login" time="0.001" classname="com.externalApi.Dumps"/>
  <testcase name="login" time="0.000" classname="com.externalApi.Dumps"/>
  <testcase name="login" time="0.000" classname="com.externalApi.Dumps"/>
  <testcase name="login" time="0.000" classname="com.externalApi.Dumps"/>
  <testcase name="login" time="0.001" classname="com.externalApi.Dumps"/>
  <testcase name="login" time="0.000" classname="com.externalApi.Dumps"/>
  <testcase name="login" time="0.001" classname="com.externalApi.Dumps"/>
  <testcase name="login" time="0.000" classname="com.externalApi.Dumps"/>
  <testcase name="login" time="0.000" classname="com.externalApi.Dumps"/>
  <testcase name="login" time="0.000" classname="com.externalApi.Dumps"/>
  <testcase name="login" time="0.000" classname="com.externalApi.Dumps"/>
  <testcase name="login" time="0.000" classname="com.externalApi.Dumps"/>
  <testcase name="login" time="0.120" classname="com.externalApi.Dumps"/>
  <testcase name="login" time="0.000" classname="com.externalApi.Dumps"/>
  <testcase name="login" time="0.001" classname="com.externalApi.Dumps"/>
  <testcase name="login" time="0.000" classname="com.externalApi.Dumps"/>
  <testcase name="login" time="0.001" classname="com.externalApi.Dumps"/>
  <testcase name="login" time="0.000" classname="com.externalApi.Dumps"/>
  <testcase name="login" time="0.000" classname="com.externalApi.Dumps"/>
  <testcase name="login" time="0.000" classname="com.externalApi.Dumps"/>
  <testcase name="login" time="0.001" classname="com.externalApi.Dumps"/>
  <testcase name="login" time="0.001" classname="com.externalApi.Dumps"/>
  <testcase name="login" time="0.001" classname="com.externalApi.Dumps"/>
  <testcase name="login" time="0.000" classname="com.externalApi.Dumps"/>
  <testcase name="login" time="0.000" classname="com.externalApi.Dumps"/>
  <testcase name="login" time="0.001" classname="com.externalApi.Dumps"/>
  <testcase name="login" time="0.001" classname="com.externalApi.Dumps"/>
  <testcase name="login" time="0.001" classname="com.externalApi.Dumps"/>
  <testcase name="login" time="0.000" classname="com.externalApi.Dumps"/>
  <testcase name="login" time="0.000" classname="com.externalApi.Dumps"/>
  <testcase name="login" time="0.001" classname="com.externalApi.Dumps"/>
  <testcase name="login" time="0.001" classname="com.externalApi.Dumps"/>
  <testcase name="login" time="0.000" classname="com.externalApi.Dumps"/>
  <testcase name="login" time="0.001" classname="com.externalApi.Dumps"/>
  <testcase name="login" time="0.001" classname="com.externalApi.Dumps"/>
  <testcase name="login" time="0.001" classname="com.externalApi.Dumps"/>
  <testcase name="login" time="0.000" classname="com.externalApi.Dumps"/>
  <testcase name="login" time="0.002" classname="com.externalApi.Dumps"/>
  <testcase name="login" time="0.001" classname="com.externalApi.Dumps"/>
  <testcase name="login" time="0.000" classname="com.externalApi.Dumps"/>
  <testcase name="login" time="0.001" classname="com.externalApi.Dumps"/>
  <testcase name="login" time="0.001" classname="com.externalApi.Dumps"/>
  <testcase name="login" time="0.000" classname="com.externalApi.Dumps"/>
  <testcase name="login" time="0.001" classname="com.externalApi.Dumps"/>
  <testcase name="login" time="0.001" classname="com.externalApi.Dumps"/>
  <testcase name="login" time="0.001" classname="com.externalApi.Dumps"/>
  <testcase name="login" time="0.001" classname="com.externalApi.Dumps"/>
  <testcase name="login" time="0.001" classname="com.externalApi.Dumps"/>
  <testcase name="login" time="0.001" classname="com.externalApi.Dumps"/>
  <testcase name="login" time="0.001" classname="com.externalApi.Dumps"/>
  <testcase name="login" time="0.000" classname="com.externalApi.Dumps"/>
  <testcase name="login" time="0.000" classname="com.externalApi.Dumps"/>
  <testcase name="login" time="0.001" classname="com.externalApi.Dumps"/>
  <testcase name="login" time="0.001" classname="com.externalApi.Dumps"/>
  <testcase name="login" time="0.000" classname="com.externalApi.Dumps"/>
  <testcase name="login" time="0.000" classname="com.externalApi.Dumps"/>
  <testcase name="login" time="0.001" classname="com.externalApi.Dumps"/>
  <testcase name="login" time="0.001" classname="com.externalApi.Dumps"/>
  <testcase name="login" time="0.001" classname="com.externalApi.Dumps"/>
  <testcase name="login" time="0.000" classname="com.externalApi.Dumps"/>
  <testcase name="login" time="0.001" classname="com.externalApi.Dumps"/>
  <testcase name="login" time="0.000" classname="com.externalApi.Dumps"/>
  <testcase name="login" time="0.000" classname="com.externalApi.Dumps"/>
  <testcase name="login" time="0.001" classname="com.externalApi.Dumps"/>
  <testcase name="login" time="0.000" classname="com.externalApi.Dumps"/>
  <testcase name="login" time="0.001" classname="com.externalApi.Dumps"/>
  <testcase name="login" time="0.001" classname="com.externalApi.Dumps"/>
  <testcase name="login" time="0.001" classname="com.externalApi.Dumps"/>
  <testcase name="login" time="0.000" classname="com.externalApi.Dumps"/>
  <testcase name="login" time="0.000" classname="com.externalApi.Dumps"/>
  <testcase name="login" time="0.001" classname="com.externalApi.Dumps"/>
  <testcase name="login" time="0.252" classname="com.externalApi.Dumps"/>
  <testcase name="login" time="0.001" classname="com.externalApi.Dumps"/>
  <testcase name="login" time="0.002" classname="com.externalApi.Dumps"/>
  <testcase name="login" time="0.000" classname="com.externalApi.Dumps"/>
  <testcase name="login" time="0.001" classname="com.externalApi.Dumps"/>
  <testcase name="login" time="0.001" classname="com.externalApi.Dumps"/>
  <testcase name="login" time="0.001" classname="com.externalApi.Dumps"/>
  <testcase name="login" time="0.002" classname="com.externalApi.Dumps"/>
  <testcase name="login" time="0.000" classname="com.externalApi.Dumps"/>
  <testcase name="login" time="0.000" classname="com.externalApi.Dumps"/>
  <testcase name="login" time="0.001" classname="com.externalApi.Dumps"/>
  <testcase name="login" time="0.002" classname="com.externalApi.Dumps"/>
  <testcase name="login" time="0.000" classname="com.externalApi.Dumps"/>
  <testcase name="login" time="0.000" classname="com.externalApi.Dumps"/>
  <testcase name="login" time="0.000" classname="com.externalApi.Dumps"/>
  <testcase name="login" time="0.000" classname="com.externalApi.Dumps"/>
  <testcase name="login" time="0.000" classname="com.externalApi.Dumps"/>
  <testcase name="login" time="0.001" classname="com.externalApi.Dumps"/>
  <testcase name="login" time="0.000" classname="com.externalApi.Dumps"/>
  <testcase name="login" time="0.000" classname="com.externalApi.Dumps"/>
  <testcase name="login" time="0.000" classname="com.externalApi.Dumps"/>
  <testcase name="login" time="0.001" classname="com.externalApi.Dumps"/>
  <testcase name="login" time="0.001" classname="com.externalApi.Dumps"/>
  <testcase name="login" time="0.000" classname="com.externalApi.Dumps"/>
  <testcase name="login" time="0.001" classname="com.externalApi.Dumps"/>
  <testcase name="login" time="0.000" classname="com.externalApi.Dumps"/>
  <testcase name="login" time="0.001" classname="com.externalApi.Dumps"/>
  <testcase name="login" time="0.000" classname="com.externalApi.Dumps"/>
  <testcase name="login" time="0.000" classname="com.externalApi.Dumps"/>
  <testcase name="login" time="0.001" classname="com.externalApi.Dumps"/>
  <testcase name="login" time="0.000" classname="com.externalApi.Dumps"/>
  <testcase name="login" time="0.000" classname="com.externalApi.Dumps"/>
  <testcase name="login" time="0.001" classname="com.externalApi.Dumps"/>
  <testcase name="login" time="0.000" classname="com.externalApi.Dumps"/>
  <testcase name="login" time="0.000" classname="com.externalApi.Dumps"/>
  <testcase name="login" time="0.001" classname="com.externalApi.Dumps"/>
  <testcase name="login" time="0.000" classname="com.externalApi.Dumps"/>
  <testcase name="login" time="0.001" classname="com.externalApi.Dumps"/>
  <testcase name="login" time="0.001" classname="com.externalApi.Dumps"/>
  <testcase name="login" time="0.000" classname="com.externalApi.Dumps"/>
  <testcase name="login" time="0.000" classname="com.externalApi.Dumps"/>
  <testcase name="login" time="0.001" classname="com.externalApi.Dumps"/>
  <testcase name="login" time="0.001" classname="com.externalApi.Dumps"/>
  <testcase name="login" time="0.000" classname="com.externalApi.Dumps"/>
  <testcase name="login" time="0.001" classname="com.externalApi.Dumps"/>
  <testcase name="login" time="0.000" classname="com.externalApi.Dumps"/>
  <testcase name="login" time="0.001" classname="com.externalApi.Dumps"/>
  <testcase name="login" time="0.002" classname="com.externalApi.Dumps"/>
  <testcase name="login" time="0.002" classname="com.externalApi.Dumps"/>
  <testcase name="login" time="0.000" classname="com.externalApi.Dumps"/>
  <testcase name="login" time="0.000" classname="com.externalApi.Dumps"/>
  <testcase name="login" time="0.000" classname="com.externalApi.Dumps"/>
  <testcase name="login" time="0.001" classname="com.externalApi.Dumps"/>
  <testcase name="login" time="0.000" classname="com.externalApi.Dumps"/>
  <testcase name="login" time="0.000" classname="com.externalApi.Dumps"/>
  <testcase name="login" time="0.000" classname="com.externalApi.Dumps"/>
  <testcase name="login" time="0.001" classname="com.externalApi.Dumps"/>
  <testcase name="login" time="0.000" classname="com.externalApi.Dumps"/>
  <testcase name="login" time="0.000" classname="com.externalApi.Dumps"/>
  <testcase name="login" time="0.001" classname="com.externalApi.Dumps"/>
  <testcase name="login" time="0.000" classname="com.externalApi.Dumps"/>
  <testcase name="login" time="0.000" classname="com.externalApi.Dumps"/>
  <testcase name="login" time="0.001" classname="com.externalApi.Dumps"/>
  <testcase name="login" time="0.000" classname="com.externalApi.Dumps"/>
  <testcase name="login" time="0.000" classname="com.externalApi.Dumps"/>
  <testcase name="login" time="0.000" classname="com.externalApi.Dumps"/>
  <testcase name="login" time="0.000" classname="com.externalApi.Dumps"/>
  <testcase name="login" time="0.002" classname="com.externalApi.Dumps"/>
  <testcase name="login" time="0.002" classname="com.externalApi.Dumps"/>
  <testcase name="login" time="0.000" classname="com.externalApi.Dumps"/>
  <testcase name="login" time="0.001" classname="com.externalApi.Dumps"/>
  <testcase name="login" time="0.001" classname="com.externalApi.Dumps"/>
  <testcase name="login" time="0.000" classname="com.externalApi.Dumps"/>
  <testcase name="login" time="0.001" classname="com.externalApi.Dumps"/>
  <testcase name="login" time="0.000" classname="com.externalApi.Dumps"/>
  <testcase name="login" time="0.001" classname="com.externalApi.Dumps"/>
  <testcase name="login" time="0.000" classname="com.externalApi.Dumps"/>
  <testcase name="login" time="0.000" classname="com.externalApi.Dumps"/>
  <testcase name="login" time="0.000" classname="com.externalApi.Dumps"/>
  <testcase name="login" time="0.002" classname="com.externalApi.Dumps"/>
  <testcase name="login" time="0.001" classname="com.externalApi.Dumps"/>
  <testcase name="login" time="0.000" classname="com.externalApi.Dumps"/>
  <testcase name="login" time="0.000" classname="com.externalApi.Dumps"/>
  <testcase name="login" time="0.001" classname="com.externalApi.Dumps"/>
  <testcase name="login" time="0.000" classname="com.externalApi.Dumps"/>
  <testcase name="login" time="0.000" classname="com.externalApi.Dumps"/>
  <testcase name="login" time="0.000" classname="com.externalApi.Dumps"/>
  <testcase name="login" time="0.000" classname="com.externalApi.Dumps"/>
  <testcase name="login" time="0.000" classname="com.externalApi.Dumps"/>
  <testcase name="login" time="0.001" classname="com.externalApi.Dumps"/>
  <testcase name="login" time="0.001" classname="com.externalApi.Dumps"/>
  <testcase name="login" time="0.000" classname="com.externalApi.Dumps"/>
  <testcase name="login" time="0.000" classname="com.externalApi.Dumps"/>
  <testcase name="login" time="0.000" classname="com.externalApi.Dumps"/>
  <testcase name="login" time="0.000" classname="com.externalApi.Dumps"/>
  <testcase name="login" time="0.000" classname="com.externalApi.Dumps"/>
  <testcase name="login" time="0.002" classname="com.externalApi.Dumps"/>
  <testcase name="login" time="0.000" classname="com.externalApi.Dumps"/>
  <testcase name="login" time="0.008" classname="com.externalApi.Dumps"/>
  <testcase name="login" time="0.001" classname="com.externalApi.Dumps"/>
  <testcase name="login" time="0.001" classname="com.externalApi.Dumps"/>
  <testcase name="login" time="0.002" classname="com.externalApi.Dumps"/>
  <testcase name="login" time="0.002" classname="com.externalApi.Dumps"/>
  <testcase name="login" time="0.000" classname="com.externalApi.Dumps"/>
  <testcase name="login" time="0.002" classname="com.externalApi.Dumps"/>
  <testcase name="login" time="0.000" classname="com.externalApi.Dumps"/>
  <testcase name="login" time="0.002" classname="com.externalApi.Dumps"/>
  <testcase name="login" time="0.000" classname="com.externalApi.Dumps"/>
  <testcase name="login" time="0.000" classname="com.externalApi.Dumps"/>
  <testcase name="login" time="0.000" classname="com.externalApi.Dumps"/>
  <testcase name="login" time="0.001" classname="com.externalApi.Dumps"/>
  <testcase name="login" time="0.000" classname="com.externalApi.Dumps"/>
  <testcase name="login" time="0.000" classname="com.externalApi.Dumps"/>
  <testcase name="login" time="0.001" classname="com.externalApi.Dumps"/>
  <testcase name="login" time="0.001" classname="com.externalApi.Dumps"/>
  <testcase name="login" time="0.000" classname="com.externalApi.Dumps"/>
  <testcase name="login" time="0.001" classname="com.externalApi.Dumps"/>
  <testcase name="login" time="0.000" classname="com.externalApi.Dumps"/>
  <testcase name="login" time="0.001" classname="com.externalApi.Dumps"/>
  <testcase name="login" time="0.000" classname="com.externalApi.Dumps"/>
  <testcase name="login" time="0.000" classname="com.externalApi.Dumps"/>
  <testcase name="login" time="0.001" classname="com.externalApi.Dumps"/>
  <testcase name="login" time="0.001" classname="com.externalApi.Dumps"/>
  <testcase name="login" time="0.001" classname="com.externalApi.Dumps"/>
  <testcase name="login" time="0.000" classname="com.externalApi.Dumps"/>
  <testcase name="login" time="0.000" classname="com.externalApi.Dumps"/>
  <testcase name="login" time="0.000" classname="com.externalApi.Dumps"/>
  <testcase name="login" time="0.001" classname="com.externalApi.Dumps"/>
  <testcase name="login" time="0.000" classname="com.externalApi.Dumps"/>
  <testcase name="login" time="0.001" classname="com.externalApi.Dumps"/>
  <testcase name="login" time="0.001" classname="com.externalApi.Dumps"/>
  <testcase name="login" time="0.002" classname="com.externalApi.Dumps"/>
  <testcase name="login" time="0.000" classname="com.externalApi.Dumps"/>
  <testcase name="login" time="0.001" classname="com.externalApi.Dumps"/>
  <testcase name="login" time="0.000" classname="com.externalApi.Dumps"/>
  <testcase name="login" time="0.001" classname="com.externalApi.Dumps"/>
  <testcase name="login" time="0.001" classname="com.externalApi.Dumps"/>
  <testcase name="login" time="0.000" classname="com.externalApi.Dumps"/>
  <testcase name="login" time="0.001" classname="com.externalApi.Dumps"/>
  <testcase name="login" time="0.000" classname="com.externalApi.Dumps"/>
  <testcase name="login" time="0.001" classname="com.externalApi.Dumps"/>
  <testcase name="login" time="0.000" classname="com.externalApi.Dumps"/>
  <testcase name="login" time="0.001" classname="com.externalApi.Dumps"/>
  <testcase name="login" time="0.001" classname="com.externalApi.Dumps"/>
  <testcase name="login" time="0.001" classname="com.externalApi.Dumps"/>
  <testcase name="login" time="0.001" classname="com.externalApi.Dumps"/>
  <testcase name="login" time="0.001" classname="com.externalApi.Dumps"/>
  <testcase name="login" time="0.000" classname="com.externalApi.Dumps"/>
  <testcase name="login" time="0.005" classname="com.externalApi.Dumps"/>
  <testcase name="login" time="0.000" classname="com.externalApi.Dumps"/>
  <testcase name="login" time="0.001" classname="com.externalApi.Dumps"/>
  <testcase name="login" time="0.000" classname="com.externalApi.Dumps"/>
  <testcase name="login" time="0.001" classname="com.externalApi.Dumps"/>
  <testcase name="login" time="0.001" classname="com.externalApi.Dumps"/>
  <testcase name="login" time="0.000" classname="com.externalApi.Dumps"/>
  <testcase name="login" time="0.001" classname="com.externalApi.Dumps"/>
  <testcase name="login" time="0.000" classname="com.externalApi.Dumps"/>
  <testcase name="login" time="0.001" classname="com.externalApi.Dumps"/>
  <testcase name="login" time="0.001" classname="com.externalApi.Dumps"/>
  <testcase name="login" time="0.000" classname="com.externalApi.Dumps"/>
  <testcase name="login" time="0.000" classname="com.externalApi.Dumps"/>
  <testcase name="login" time="0.001" classname="com.externalApi.Dumps"/>
  <testcase name="login" time="0.000" classname="com.externalApi.Dumps"/>
  <testcase name="login" time="0.000" classname="com.externalApi.Dumps"/>
  <testcase name="login" time="0.146" classname="com.externalApi.Dumps"/>
  <testcase name="login" time="0.000" classname="com.externalApi.Dumps"/>
  <testcase name="login" time="0.000" classname="com.externalApi.Dumps"/>
  <testcase name="login" time="0.001" classname="com.externalApi.Dumps"/>
  <testcase name="login" time="0.001" classname="com.externalApi.Dumps"/>
  <testcase name="login" time="0.001" classname="com.externalApi.Dumps"/>
  <testcase name="login" time="0.001" classname="com.externalApi.Dumps"/>
  <testcase name="login" time="0.000" classname="com.externalApi.Dumps"/>
  <testcase name="login" time="0.001" classname="com.externalApi.Dumps"/>
  <testcase name="login" time="0.000" classname="com.externalApi.Dumps"/>
  <testcase name="login" time="0.000" classname="com.externalApi.Dumps"/>
  <testcase name="login" time="0.001" classname="com.externalApi.Dumps"/>
  <testcase name="login" time="0.001" classname="com.externalApi.Dumps"/>
  <testcase name="login" time="0.018" classname="com.externalApi.Dumps"/>
  <testcase name="login" time="0.001" classname="com.externalApi.Dumps"/>
  <testcase name="login" time="0.000" classname="com.externalApi.Dumps"/>
  <testcase name="login" time="0.002" classname="com.externalApi.Dumps"/>
  <testcase name="login" time="0.001" classname="com.externalApi.Dumps"/>
  <testcase name="login" time="0.000" classname="com.externalApi.Dumps"/>
  <testcase name="login" time="0.000" classname="com.externalApi.Dumps"/>
  <testcase name="login" time="0.000" classname="com.externalApi.Dumps"/>
  <testcase name="login" time="0.000" classname="com.externalApi.Dumps"/>
  <testcase name="login" time="0.000" classname="com.externalApi.Dumps"/>
  <testcase name="login" time="0.001" classname="com.externalApi.Dumps"/>
  <testcase name="login" time="0.000" classname="com.externalApi.Dumps"/>
  <testcase name="login" time="0.000" classname="com.externalApi.Dumps"/>
  <testcase name="login" time="0.000" classname="com.externalApi.Dumps"/>
  <testcase name="login" time="0.001" classname="com.externalApi.Dumps"/>
  <testcase name="login" time="0.001" classname="com.externalApi.Dumps"/>
  <testcase name="login" time="0.000" classname="com.externalApi.Dumps"/>
  <testcase name="login" time="0.000" classname="com.externalApi.Dumps"/>
  <testcase name="login" time="0.001" classname="com.externalApi.Dumps"/>
  <testcase name="login" time="0.001" classname="com.externalApi.Dumps"/>
  <testcase name="login" time="0.001" classname="com.externalApi.Dumps"/>
  <testcase name="login" time="0.001" classname="com.externalApi.Dumps"/>
  <testcase name="login" time="0.001" classname="com.externalApi.Dumps"/>
  <testcase name="login" time="0.002" classname="com.externalApi.Dumps"/>
  <testcase name="login" time="0.001" classname="com.externalApi.Dumps"/>
  <testcase name="login" time="0.001" classname="com.externalApi.Dumps"/>
  <testcase name="login" time="0.000" classname="com.externalApi.Dumps"/>
  <testcase name="login" time="0.000" classname="com.externalApi.Dumps"/>
  <testcase name="login" time="0.074" classname="com.externalApi.Dumps"/>
  <testcase name="login" time="0.000" classname="com.externalApi.Dumps"/>
  <testcase name="login" time="0.002" classname="com.externalApi.Dumps"/>
  <testcase name="login" time="0.001" classname="com.externalApi.Dumps"/>
  <testcase name="login" time="0.000" classname="com.externalApi.Dumps"/>
  <testcase name="login" time="0.000" classname="com.externalApi.Dumps"/>
  <testcase name="login" time="0.000" classname="com.externalApi.Dumps"/>
  <testcase name="login" time="0.000" classname="com.externalApi.Dumps"/>
  <testcase name="login" time="0.001" classname="com.externalApi.Dumps"/>
  <testcase name="login" time="0.001" classname="com.externalApi.Dumps"/>
  <testcase name="login" time="0.000" classname="com.externalApi.Dumps"/>
  <testcase name="login" time="0.000" classname="com.externalApi.Dumps"/>
  <testcase name="login" time="0.000" classname="com.externalApi.Dumps"/>
  <testcase name="login" time="0.001" classname="com.externalApi.Dumps"/>
  <testcase name="login" time="0.000" classname="com.externalApi.Dumps"/>
  <testcase name="login" time="0.001" classname="com.externalApi.Dumps"/>
  <testcase name="login" time="0.002" classname="com.externalApi.Dumps"/>
  <testcase name="login" time="0.000" classname="com.externalApi.Dumps"/>
  <testcase name="login" time="0.001" classname="com.externalApi.Dumps"/>
  <testcase name="login" time="0.000" classname="com.externalApi.Dumps"/>
  <testcase name="login" time="0.001" classname="com.externalApi.Dumps"/>
  <testcase name="login" time="0.001" classname="com.externalApi.Dumps"/>
  <testcase name="login" time="0.000" classname="com.externalApi.Dumps"/>
  <testcase name="login" time="0.005" classname="com.externalApi.Dumps"/>
  <testcase name="login" time="0.001" classname="com.externalApi.Dumps"/>
  <testcase name="login" time="0.001" classname="com.externalApi.Dumps"/>
  <testcase name="login" time="0.000" classname="com.externalApi.Dumps"/>
  <testcase name="login" time="0.000" classname="com.externalApi.Dumps"/>
  <testcase name="login" time="0.001" classname="com.externalApi.Dumps"/>
  <testcase name="login" time="0.001" classname="com.externalApi.Dumps"/>
  <testcase name="login" time="0.000" classname="com.externalApi.Dumps"/>
  <testcase name="login" time="0.002" classname="com.externalApi.Dumps"/>
  <testcase name="login" time="0.000" classname="com.externalApi.Dumps"/>
  <testcase name="login" time="0.001" classname="com.externalApi.Dumps"/>
  <testcase name="login" time="0.001" classname="com.externalApi.Dumps"/>
  <testcase name="login" time="0.001" classname="com.externalApi.Dumps"/>
  <testcase name="login" time="0.001" classname="com.externalApi.Dumps"/>
  <testcase name="login" time="0.002" classname="com.externalApi.Dumps"/>
  <testcase name="login" time="0.001" classname="com.externalApi.Dumps"/>
  <testcase name="login" time="0.000" classname="com.externalApi.Dumps"/>
  <testcase name="login" time="0.000" classname="com.externalApi.Dumps"/>
  <testcase name="login" time="0.000" classname="com.externalApi.Dumps"/>
  <testcase name="login" time="0.000" classname="com.externalApi.Dumps"/>
  <testcase name="login" time="0.001" classname="com.externalApi.Dumps"/>
  <testcase name="login" time="0.000" classname="com.externalApi.Dumps"/>
  <testcase name="login" time="0.000" classname="com.externalApi.Dumps"/>
  <testcase name="login" time="0.000" classname="com.externalApi.Dumps"/>
  <testcase name="login" time="0.001" classname="com.externalApi.Dumps"/>
  <testcase name="login" time="0.000" classname="com.externalApi.Dumps"/>
  <testcase name="login" time="0.000" classname="com.externalApi.Dumps"/>
  <testcase name="login" time="0.010" classname="com.externalApi.Dumps"/>
  <testcase name="login" time="0.000" classname="com.externalApi.Dumps"/>
  <testcase name="login" time="0.000" classname="com.externalApi.Dumps"/>
  <testcase name="login" time="0.001" classname="com.externalApi.Dumps"/>
  <testcase name="login" time="0.000" classname="com.externalApi.Dumps"/>
  <testcase name="login" time="0.000" classname="com.externalApi.Dumps"/>
  <testcase name="login" time="0.001" classname="com.externalApi.Dumps"/>
  <testcase name="login" time="0.000" classname="com.externalApi.Dumps"/>
  <testcase name="login" time="0.001" classname="com.externalApi.Dumps"/>
  <testcase name="login" time="0.001" classname="com.externalApi.Dumps"/>
  <testcase name="login" time="0.001" classname="com.externalApi.Dumps"/>
  <testcase name="login" time="0.001" classname="com.externalApi.Dumps"/>
  <testcase name="login" time="0.001" classname="com.externalApi.Dumps"/>
  <testcase name="login" time="0.020" classname="com.externalApi.Dumps"/>
  <testcase name="login" time="0.000" classname="com.externalApi.Dumps"/>
  <testcase name="login" time="0.000" classname="com.externalApi.Dumps"/>
  <testcase name="login" time="0.002" classname="com.externalApi.Dumps"/>
  <testcase name="login" time="0.000" classname="com.externalApi.Dumps"/>
  <testcase name="login" time="0.001" classname="com.externalApi.Dumps"/>
  <testcase name="login" time="0.000" classname="com.externalApi.Dumps"/>
  <testcase name="login" time="0.002" classname="com.externalApi.Dumps"/>
  <testcase name="login" time="0.000" classname="com.externalApi.Dumps"/>
  <testcase name="login" time="0.001" classname="com.externalApi.Dumps"/>
  <testcase name="login" time="0.001" classname="com.externalApi.Dumps"/>
  <testcase name="login" time="0.001" classname="com.externalApi.Dumps"/>
  <testcase name="login" time="0.001" classname="com.externalApi.Dumps"/>
  <testcase name="login" time="0.001" classname="com.externalApi.Dumps"/>
  <testcase name="login" time="0.000" classname="com.externalApi.Dumps"/>
  <testcase name="login" time="0.001" classname="com.externalApi.Dumps"/>
  <testcase name="login" time="0.000" classname="com.externalApi.Dumps"/>
  <testcase name="login" time="0.000" classname="com.externalApi.Dumps"/>
  <testcase name="login" time="0.784" classname="com.externalApi.Dumps"/>
  <testcase name="login" time="0.001" classname="com.externalApi.Dumps"/>
  <testcase name="login" time="0.001" classname="com.externalApi.Dumps"/>
  <testcase name="login" time="0.001" classname="com.externalApi.Dumps"/>
  <testcase name="login" time="0.001" classname="com.externalApi.Dumps"/>
  <testcase name="login" time="0.001" classname="com.externalApi.Dumps"/>
  <testcase name="login" time="0.001" classname="com.externalApi.Dumps"/>
  <testcase name="login" time="0.000" classname="com.externalApi.Dumps"/>
  <testcase name="login" time="0.001" classname="com.externalApi.Dumps"/>
  <testcase name="login" time="0.000" classname="com.externalApi.Dumps"/>
  <testcase name="login" time="0.001" classname="com.externalApi.Dumps"/>
  <testcase name="login" time="0.001" classname="com.externalApi.Dumps"/>
  <testcase name="login" time="0.001" classname="com.externalApi.Dumps"/>
  <testcase name="login" time="0.000" classname="com.externalApi.Dumps"/>
  <testcase name="login" time="0.000" classname="com.externalApi.Dumps"/>
  <testcase name="login" time="0.002" classname="com.externalApi.Dumps"/>
  <testcase name="login" time="0.001" classname="com.externalApi.Dumps"/>
  <testcase name="login" time="0.000" classname="com.externalApi.Dumps"/>
  <testcase name="login" time="0.007" classname="com.externalApi.Dumps"/>
  <testcase name="login" time="0.000" classname="com.externalApi.Dumps"/>
  <testcase name="login" time="0.001" classname="com.externalApi.Dumps"/>
  <testcase name="login" time="0.001" classname="com.externalApi.Dumps"/>
  <testcase name="login" time="0.000" classname="com.externalApi.Dumps"/>
  <testcase name="login" time="0.000" classname="com.externalApi.Dumps"/>
  <testcase name="login" time="0.000" classname="com.externalApi.Dumps"/>
  <testcase name="login" time="0.000" classname="com.externalApi.Dumps"/>
  <testcase name="login" time="0.000" classname="com.externalApi.Dumps"/>
  <testcase name="login" time="0.001" classname="com.externalApi.Dumps"/>
  <testcase name="login" time="0.001" classname="com.externalApi.Dumps"/>
  <testcase name="login" time="0.001" classname="com.externalApi.Dumps"/>
  <testcase name="login" time="0.001" classname="com.externalApi.Dumps"/>
  <testcase name="login" time="0.001" classname="com.externalApi.Dumps"/>
  <testcase name="login" time="0.001" classname="com.externalApi.Dumps"/>
  <testcase name="login" time="0.002" classname="com.externalApi.Dumps"/>
  <testcase name="login" time="0.000" classname="com.externalApi.Dumps"/>
  <testcase name="login" time="0.000" classname="com.externalApi.Dumps"/>
  <testcase name="login" time="0.000" classname="com.externalApi.Dumps"/>
  <testcase name="login" time="0.000" classname="com.externalApi.Dumps"/>
  <testcase name="login" time="0.000" classname="com.externalApi.Dumps"/>
  <testcase name="login" time="0.000" classname="com.externalApi.Dumps"/>
  <testcase name="login" time="0.000" classname="com.externalApi.Dumps"/>
  <testcase name="login" time="0.000" classname="com.externalApi.Dumps"/>
  <testcase name="login" time="0.000" classname="com.externalApi.Dumps"/>
  <testcase name="login" time="0.001" classname="com.externalApi.Dumps"/>
  <testcase name="login" time="0.000" classname="com.externalApi.Dumps"/>
  <testcase name="login" time="0.000" classname="com.externalApi.Dumps"/>
  <testcase name="login" time="0.000" classname="com.externalApi.Dumps"/>
  <testcase name="login" time="0.000" classname="com.externalApi.Dumps"/>
  <testcase name="login" time="0.001" classname="com.externalApi.Dumps"/>
  <testcase name="login" time="0.001" classname="com.externalApi.Dumps"/>
  <testcase name="login" time="0.001" classname="com.externalApi.Dumps"/>
  <testcase name="login" time="0.000" classname="com.externalApi.Dumps"/>
  <testcase name="login" time="0.000" classname="com.externalApi.Dumps"/>
  <testcase name="login" time="0.001" classname="com.externalApi.Dumps"/>
  <testcase name="login" time="0.000" classname="com.externalApi.Dumps"/>
  <testcase name="login" time="0.000" classname="com.externalApi.Dumps"/>
  <testcase name="login" time="0.001" classname="com.externalApi.Dumps"/>
  <testcase name="login" time="0.000" classname="com.externalApi.Dumps"/>
  <testcase name="login" time="0.001" classname="com.externalApi.Dumps"/>
  <testcase name="login" time="0.002" classname="com.externalApi.Dumps"/>
  <testcase name="login" time="0.000" classname="com.externalApi.Dumps"/>
  <testcase name="login" time="0.000" classname="com.externalApi.Dumps"/>
  <testcase name="login" time="0.000" classname="com.externalApi.Dumps"/>
  <testcase name="login" time="0.000" classname="com.externalApi.Dumps"/>
  <testcase name="login" time="0.000" classname="com.externalApi.Dumps"/>
  <testcase name="login" time="0.001" classname="com.externalApi.Dumps"/>
  <testcase name="login" time="0.000" classname="com.externalApi.Dumps"/>
  <testcase name="login" time="0.001" classname="com.externalApi.Dumps"/>
  <testcase name="login" time="0.000" classname="com.externalApi.Dumps"/>
  <testcase name="login" time="0.001" classname="com.externalApi.Dumps"/>
  <testcase name="login" time="0.000" classname="com.externalApi.Dumps"/>
  <testcase name="login" time="0.000" classname="com.externalApi.Dumps"/>
  <testcase name="login" time="0.001" classname="com.externalApi.Dumps"/>
  <testcase name="login" time="0.001" classname="com.externalApi.Dumps"/>
  <testcase name="login" time="0.000" classname="com.externalApi.Dumps"/>
  <testcase name="login" time="0.000" classname="com.externalApi.Dumps"/>
  <testcase name="login" time="0.000" classname="com.externalApi.Dumps"/>
  <testcase name="login" time="0.001" classname="com.externalApi.Dumps"/>
  <testcase name="login" time="0.001" classname="com.externalApi.Dumps"/>
  <testcase name="login" time="0.000" classname="com.externalApi.Dumps"/>
  <testcase name="login" time="0.001" classname="com.externalApi.Dumps"/>
  <testcase name="login" time="0.000" classname="com.externalApi.Dumps"/>
  <testcase name="login" time="0.000" classname="com.externalApi.Dumps"/>
  <testcase name="login" time="0.001" classname="com.externalApi.Dumps"/>
  <testcase name="login" time="0.001" classname="com.externalApi.Dumps"/>
  <testcase name="login" time="0.000" classname="com.externalApi.Dumps"/>
  <testcase name="login" time="0.001" classname="com.externalApi.Dumps"/>
  <testcase name="login" time="0.000" classname="com.externalApi.Dumps"/>
  <testcase name="login" time="0.000" classname="com.externalApi.Dumps"/>
  <testcase name="login" time="0.000" classname="com.externalApi.Dumps"/>
  <testcase name="login" time="0.000" classname="com.externalApi.Dumps"/>
  <testcase name="login" time="0.000" classname="com.externalApi.Dumps"/>
  <testcase name="login" time="0.000" classname="com.externalApi.Dumps"/>
  <testcase name="login" time="0.000" classname="com.externalApi.Dumps"/>
  <testcase name="login" time="0.001" classname="com.externalApi.Dumps"/>
  <testcase name="login" time="0.001" classname="com.externalApi.Dumps"/>
  <testcase name="login" time="0.000" classname="com.externalApi.Dumps"/>
  <testcase name="login" time="0.000" classname="com.externalApi.Dumps"/>
  <testcase name="login" time="0.001" classname="com.externalApi.Dumps"/>
  <testcase name="login" time="0.002" classname="com.externalApi.Dumps"/>
  <testcase name="login" time="0.001" classname="com.externalApi.Dumps"/>
  <testcase name="login" time="0.000" classname="com.externalApi.Dumps"/>
  <testcase name="login" time="0.000" classname="com.externalApi.Dumps"/>
  <testcase name="login" time="0.046" classname="com.externalApi.Dumps"/>
  <testcase name="login" time="0.001" classname="com.externalApi.Dumps"/>
  <testcase name="login" time="0.001" classname="com.externalApi.Dumps"/>
  <testcase name="login" time="0.001" classname="com.externalApi.Dumps"/>
  <testcase name="login" time="0.001" classname="com.externalApi.Dumps"/>
  <testcase name="login" time="0.000" classname="com.externalApi.Dumps"/>
  <testcase name="login" time="0.000" classname="com.externalApi.Dumps"/>
  <testcase name="login" time="0.000" classname="com.externalApi.Dumps"/>
  <testcase name="login" time="0.000" classname="com.externalApi.Dumps"/>
  <testcase name="login" time="0.000" classname="com.externalApi.Dumps"/>
  <testcase name="login" time="0.000" classname="com.externalApi.Dumps"/>
  <testcase name="login" time="0.001" classname="com.externalApi.Dumps"/>
  <testcase name="login" time="0.001" classname="com.externalApi.Dumps"/>
  <testcase name="login" time="0.001" classname="com.externalApi.Dumps"/>
  <testcase name="login" time="0.000" classname="com.externalApi.Dumps"/>
  <testcase name="login" time="0.000" classname="com.externalApi.Dumps"/>
  <testcase name="login" time="0.000" classname="com.externalApi.Dumps"/>
  <testcase name="login" time="0.000" classname="com.externalApi.Dumps"/>
  <testcase name="login" time="0.001" classname="com.externalApi.Dumps"/>
  <testcase name="login" time="0.001" classname="com.externalApi.Dumps"/>
  <testcase name="login" time="0.000" classname="com.externalApi.Dumps"/>
  <testcase name="login" time="0.000" classname="com.externalApi.Dumps"/>
  <testcase name="login" time="0.001" classname="com.externalApi.Dumps"/>
  <testcase name="login" time="0.001" classname="com.externalApi.Dumps"/>
  <testcase name="login" time="0.001" classname="com.externalApi.Dumps"/>
  <testcase name="login" time="0.001" classname="com.externalApi.Dumps"/>
  <testcase name="login" time="0.002" classname="com.externalApi.Dumps"/>
  <testcase name="login" time="0.000" classname="com.externalApi.Dumps"/>
  <testcase name="login" time="0.000" classname="com.externalApi.Dumps"/>
  <testcase name="login" time="0.003" classname="com.externalApi.Dumps"/>
  <testcase name="login" time="0.000" classname="com.externalApi.Dumps"/>
  <testcase name="login" time="0.000" classname="com.externalApi.Dumps"/>
  <testcase name="login" time="0.002" classname="com.externalApi.Dumps"/>
  <testcase name="login" time="0.000" classname="com.externalApi.Dumps"/>
  <testcase name="login" time="0.134" classname="com.externalApi.Dumps"/>
  <testcase name="login" time="0.002" classname="com.externalApi.Dumps"/>
  <testcase name="login" time="0.000" classname="com.externalApi.Dumps"/>
  <testcase name="login" time="0.001" classname="com.externalApi.Dumps"/>
  <testcase name="login" time="0.000" classname="com.externalApi.Dumps"/>
  <testcase name="login" time="0.000" classname="com.externalApi.Dumps"/>
  <testcase name="login" time="0.000" classname="com.externalApi.Dumps"/>
  <testcase name="login" time="0.001" classname="com.externalApi.Dumps"/>
  <testcase name="login" time="0.000" classname="com.externalApi.Dumps"/>
  <testcase name="login" time="0.001" classname="com.externalApi.Dumps"/>
  <testcase name="login" time="0.001" classname="com.externalApi.Dumps"/>
  <testcase name="login" time="0.001" classname="com.externalApi.Dumps"/>
  <testcase name="login" time="0.000" classname="com.externalApi.Dumps"/>
  <testcase name="login" time="0.001" classname="com.externalApi.Dumps"/>
  <testcase name="login" time="0.000" classname="com.externalApi.Dumps"/>
  <testcase name="login" time="0.000" classname="com.externalApi.Dumps"/>
  <testcase name="login" time="0.000" classname="com.externalApi.Dumps"/>
  <testcase name="login" time="0.000" classname="com.externalApi.Dumps"/>
  <testcase name="login" time="0.001" classname="com.externalApi.Dumps"/>
  <testcase name="login" time="0.000" classname="com.externalApi.Dumps"/>
  <testcase name="login" time="0.001" classname="com.externalApi.Dumps"/>
  <testcase name="login" time="0.001" classname="com.externalApi.Dumps"/>
  <testcase name="login" time="0.000" classname="com.externalApi.Dumps"/>
  <testcase name="login" time="0.001" classname="com.externalApi.Dumps"/>
  <testcase name="login" time="0.000" classname="com.externalApi.Dumps"/>
  <testcase name="login" time="0.001" classname="com.externalApi.Dumps"/>
  <testcase name="login" time="0.001" classname="com.externalApi.Dumps"/>
  <testcase name="login" time="0.000" classname="com.externalApi.Dumps"/>
  <testcase name="login" time="0.000" classname="com.externalApi.Dumps"/>
  <testcase name="login" time="0.001" classname="com.externalApi.Dumps"/>
  <testcase name="login" time="0.001" classname="com.externalApi.Dumps"/>
  <testcase name="login" time="0.001" classname="com.externalApi.Dumps"/>
  <testcase name="login" time="0.001" classname="com.externalApi.Dumps"/>
  <testcase name="login" time="0.003" classname="com.externalApi.Dumps"/>
  <testcase name="login" time="0.000" classname="com.externalApi.Dumps"/>
  <testcase name="login" time="0.000" classname="com.externalApi.Dumps"/>
  <testcase name="login" time="0.000" classname="com.externalApi.Dumps"/>
  <testcase name="login" time="0.000" classname="com.externalApi.Dumps"/>
  <testcase name="login" time="0.001" classname="com.externalApi.Dumps"/>
  <testcase name="login" time="0.002" classname="com.externalApi.Dumps"/>
  <testcase name="login" time="0.001" classname="com.externalApi.Dumps"/>
  <testcase name="login" time="0.000" classname="com.externalApi.Dumps"/>
  <testcase name="login" time="0.005" classname="com.externalApi.Dumps"/>
  <testcase name="login" time="0.000" classname="com.externalApi.Dumps"/>
  <testcase name="login" time="0.001" classname="com.externalApi.Dumps"/>
  <testcase name="login" time="0.001" classname="com.externalApi.Dumps"/>
  <testcase name="login" time="0.000" classname="com.externalApi.Dumps"/>
  <testcase name="login" time="0.000" classname="com.externalApi.Dumps"/>
  <testcase name="login" time="0.001" classname="com.externalApi.Dumps"/>
  <testcase name="login" time="0.000" classname="com.externalApi.Dumps"/>
  <testcase name="login" time="0.007" classname="com.externalApi.Dumps"/>
  <testcase name="login" time="0.000" classname="com.externalApi.Dumps"/>
  <testcase name="login" time="0.001" classname="com.externalApi.Dumps"/>
  <testcase name="login" time="0.001" classname="com.externalApi.Dumps"/>
  <testcase name="login" time="0.001" classname="com.externalApi.Dumps"/>
  <testcase name="login" time="0.000" classname="com.externalApi.Dumps"/>
  <testcase name="login" time="0.001" classname="com.externalApi.Dumps"/>
  <testcase name="login" time="0.000" classname="com.externalApi.Dumps"/>
  <testcase name="login" time="0.003" classname="com.externalApi.Dumps"/>
  <testcase name="login" time="0.001" classname="com.externalApi.Dumps"/>
  <testcase name="login" time="0.000" classname="com.externalApi.Dumps"/>
  <testcase name="login" time="0.001" classname="com.externalApi.Dumps"/>
  <testcase name="login" time="0.001" classname="com.externalApi.Dumps"/>
  <testcase name="login" time="0.000" classname="com.externalApi.Dumps"/>
  <testcase name="login" time="0.003" classname="com.externalApi.Dumps"/>
  <testcase name="login" time="0.000" classname="com.externalApi.Dumps"/>
  <testcase name="login" time="0.001" classname="com.externalApi.Dumps"/>
  <testcase name="login" time="0.000" classname="com.externalApi.Dumps"/>
  <testcase name="login" time="0.001" classname="com.externalApi.Dumps"/>
  <testcase name="login" time="0.001" classname="com.externalApi.Dumps"/>
  <testcase name="login" time="0.001" classname="com.externalApi.Dumps"/>
  <testcase name="login" time="0.001" classname="com.externalApi.Dumps"/>
  <testcase name="login" time="0.000" classname="com.externalApi.Dumps"/>
  <testcase name="login" time="0.000" classname="com.externalApi.Dumps"/>
  <testcase name="login" time="0.001" classname="com.externalApi.Dumps"/>
  <testcase name="login" time="0.000" classname="com.externalApi.Dumps"/>
  <testcase name="login" time="0.001" classname="com.externalApi.Dumps"/>
  <testcase name="login" time="0.001" classname="com.externalApi.Dumps"/>
  <testcase name="login" time="0.001" classname="com.externalApi.Dumps"/>
  <testcase name="login" time="0.001" classname="com.externalApi.Dumps"/>
  <testcase name="login" time="0.003" classname="com.externalApi.Dumps"/>
  <testcase name="login" time="0.001" classname="com.externalApi.Dumps"/>
  <testcase name="login" time="0.001" classname="com.externalApi.Dumps"/>
  <testcase name="login" time="0.000" classname="com.externalApi.Dumps"/>
  <testcase name="login" time="0.000" classname="com.externalApi.Dumps"/>
  <testcase name="login" time="0.001" classname="com.externalApi.Dumps"/>
  <testcase name="login" time="0.000" classname="com.externalApi.Dumps"/>
  <testcase name="login" time="0.002" classname="com.externalApi.Dumps"/>
  <testcase name="login" time="0.001" classname="com.externalApi.Dumps"/>
  <testcase name="login" time="0.001" classname="com.externalApi.Dumps"/>
  <testcase name="login" time="0.000" classname="com.externalApi.Dumps"/>
  <testcase name="login" time="0.001" classname="com.externalApi.Dumps"/>
  <testcase name="login" time="0.001" classname="com.externalApi.Dumps"/>
  <testcase name="login" time="0.001" classname="com.externalApi.Dumps"/>
  <testcase name="login" time="0.138" classname="com.externalApi.Dumps"/>
  <testcase name="login" time="0.000" classname="com.externalApi.Dumps"/>
  <testcase name="login" time="0.001" classname="com.externalApi.Dumps"/>
  <testcase name="login" time="0.000" classname="com.externalApi.Dumps"/>
  <testcase name="login" time="0.001" classname="com.externalApi.Dumps"/>
  <testcase name="login" time="0.002" classname="com.externalApi.Dumps"/>
  <testcase name="login" time="0.000" classname="com.externalApi.Dumps"/>
  <testcase name="login" time="0.001" classname="com.externalApi.Dumps"/>
  <testcase name="login" time="0.000" classname="com.externalApi.Dumps"/>
  <testcase name="login" time="0.001" classname="com.externalApi.Dumps"/>
  <testcase name="login" time="0.001" classname="com.externalApi.Dumps"/>
  <testcase name="login" time="0.001" classname="com.externalApi.Dumps"/>
  <testcase name="login" time="0.000" classname="com.externalApi.Dumps"/>
  <testcase name="login" time="0.001" classname="com.externalApi.Dumps"/>
  <testcase name="login" time="0.000" classname="com.externalApi.Dumps"/>
  <testcase name="login" time="0.000" classname="com.externalApi.Dumps"/>
  <testcase name="login" time="0.002" classname="com.externalApi.Dumps"/>
  <testcase name="login" time="0.000" classname="com.externalApi.Dumps"/>
  <testcase name="login" time="0.001" classname="com.externalApi.Dumps"/>
  <testcase name="login" time="0.000" classname="com.externalApi.Dumps"/>
  <testcase name="login" time="0.000" classname="com.externalApi.Dumps"/>
  <testcase name="login" time="0.001" classname="com.externalApi.Dumps"/>
  <testcase name="login" time="0.001" classname="com.externalApi.Dumps"/>
  <testcase name="login" time="0.001" classname="com.externalApi.Dumps"/>
  <testcase name="login" time="0.001" classname="com.externalApi.Dumps"/>
  <testcase name="login" time="0.000" classname="com.externalApi.Dumps"/>
  <testcase name="login" time="0.001" classname="com.externalApi.Dumps"/>
  <testcase name="login" time="0.000" classname="com.externalApi.Dumps"/>
  <testcase name="login" time="0.000" classname="com.externalApi.Dumps"/>
  <testcase name="login" time="0.002" classname="com.externalApi.Dumps"/>
  <testcase name="login" time="0.002" classname="com.externalApi.Dumps"/>
  <testcase name="login" time="0.001" classname="com.externalApi.Dumps"/>
  <testcase name="login" time="0.000" classname="com.externalApi.Dumps"/>
  <testcase name="login" time="0.000" classname="com.externalApi.Dumps"/>
  <testcase name="login" time="0.000" classname="com.externalApi.Dumps"/>
  <testcase name="login" time="0.001" classname="com.externalApi.Dumps"/>
  <testcase name="login" time="0.000" classname="com.externalApi.Dumps"/>
  <testcase name="login" time="0.001" classname="com.externalApi.Dumps"/>
  <testcase name="login" time="0.001" classname="com.externalApi.Dumps"/>
  <testcase name="login" time="0.001" classname="com.externalApi.Dumps"/>
  <testcase name="login" time="0.000" classname="com.externalApi.Dumps"/>
  <testcase name="login" time="0.000" classname="com.externalApi.Dumps"/>
  <testcase name="login" time="0.000" classname="com.externalApi.Dumps"/>
  <testcase name="login" time="0.001" classname="com.externalApi.Dumps"/>
  <testcase name="login" time="0.000" classname="com.externalApi.Dumps"/>
  <testcase name="login" time="0.000" classname="com.externalApi.Dumps"/>
  <testcase name="login" time="0.001" classname="com.externalApi.Dumps"/>
  <testcase name="login" time="0.000" classname="com.externalApi.Dumps"/>
  <testcase name="login" time="0.001" classname="com.externalApi.Dumps"/>
  <testcase name="login" time="0.000" classname="com.externalApi.Dumps"/>
  <testcase name="login" time="0.002" classname="com.externalApi.Dumps"/>
  <testcase name="login" time="0.000" classname="com.externalApi.Dumps"/>
  <testcase name="login" time="0.000" classname="com.externalApi.Dumps"/>
  <testcase name="login" time="0.001" classname="com.externalApi.Dumps"/>
  <testcase name="login" time="0.000" classname="com.externalApi.Dumps"/>
  <testcase name="login" time="0.001" classname="com.externalApi.Dumps"/>
  <testcase name="login" time="0.000" classname="com.externalApi.Dumps"/>
  <testcase name="login" time="0.000" classname="com.externalApi.Dumps"/>
  <testcase name="login" time="0.001" classname="com.externalApi.Dumps"/>
  <testcase name="login" time="0.000" classname="com.externalApi.Dumps"/>
  <testcase name="login" time="0.000" classname="com.externalApi.Dumps"/>
  <testcase name="login" time="0.000" classname="com.externalApi.Dumps"/>
  <testcase name="login" time="0.000" classname="com.externalApi.Dumps"/>
  <testcase name="login" time="0.000" classname="com.externalApi.Dumps"/>
  <testcase name="login" time="0.000" classname="com.externalApi.Dumps"/>
  <testcase name="login" time="0.000" classname="com.externalApi.Dumps"/>
  <testcase name="login" time="0.000" classname="com.externalApi.Dumps"/>
  <testcase name="login" time="0.003" classname="com.externalApi.Dumps"/>
  <testcase name="login" time="0.001" classname="com.externalApi.Dumps"/>
  <testcase name="login" time="0.001" classname="com.externalApi.Dumps"/>
  <testcase name="login" time="0.001" classname="com.externalApi.Dumps"/>
  <testcase name="login" time="0.000" classname="com.externalApi.Dumps"/>
  <testcase name="login" time="0.001" classname="com.externalApi.Dumps"/>
  <testcase name="login" time="0.000" classname="com.externalApi.Dumps"/>
  <testcase name="login" time="0.001" classname="com.externalApi.Dumps"/>
  <testcase name="login" time="0.001" classname="com.externalApi.Dumps"/>
  <testcase name="login" time="0.000" classname="com.externalApi.Dumps"/>
  <testcase name="login" time="0.001" classname="com.externalApi.Dumps"/>
  <testcase name="login" time="0.000" classname="com.externalApi.Dumps"/>
  <testcase name="login" time="0.043" classname="com.externalApi.Dumps"/>
  <testcase name="login" time="0.000" classname="com.externalApi.Dumps"/>
  <testcase name="login" time="0.000" classname="com.externalApi.Dumps"/>
  <testcase name="login" time="0.000" classname="com.externalApi.Dumps"/>
  <testcase name="login" time="0.001" classname="com.externalApi.Dumps"/>
  <testcase name="login" time="0.000" classname="com.externalApi.Dumps"/>
  <testcase name="login" time="0.000" classname="com.externalApi.Dumps"/>
  <testcase name="login" time="0.002" classname="com.externalApi.Dumps"/>
  <testcase name="login" time="0.001" classname="com.externalApi.Dumps"/>
  <testcase name="login" time="0.000" classname="com.externalApi.Dumps"/>
  <testcase name="login" time="0.000" classname="com.externalApi.Dumps"/>
  <testcase name="login" time="0.001" classname="com.externalApi.Dumps"/>
  <testcase name="login" time="0.000" classname="com.externalApi.Dumps"/>
  <testcase name="login" time="0.001" classname="com.externalApi.Dumps"/>
  <testcase name="login" time="0.002" classname="com.externalApi.Dumps"/>
  <testcase name="login" time="0.001" classname="com.externalApi.Dumps"/>
  <testcase name="login" time="0.001" classname="com.externalApi.Dumps"/>
  <testcase name="login" time="0.000" classname="com.externalApi.Dumps"/>
  <testcase name="login" time="0.000" classname="com.externalApi.Dumps"/>
  <testcase name="login" time="0.001" classname="com.externalApi.Dumps"/>
  <testcase name="login" time="0.001" classname="com.externalApi.Dumps"/>
  <testcase name="login" time="0.001" classname="com.externalApi.Dumps"/>
  <testcase name="login" time="0.001" classname="com.externalApi.Dumps"/>
  <testcase name="login" time="0.000" classname="com.externalApi.Dumps"/>
  <testcase name="login" time="0.001" classname="com.externalApi.Dumps"/>
  <testcase name="login" time="0.001" classname="com.externalApi.Dumps"/>
  <testcase name="login" time="0.000" classname="com.externalApi.Dumps"/>
  <testcase name="login" time="0.002" classname="com.externalApi.Dumps"/>
  <testcase name="login" time="0.000" classname="com.externalApi.Dumps"/>
  <testcase name="login" time="0.001" classname="com.externalApi.Dumps"/>
  <testcase name="login" time="0.000" classname="com.externalApi.Dumps"/>
  <testcase name="login" time="0.001" classname="com.externalApi.Dumps"/>
  <testcase name="login" time="0.001" classname="com.externalApi.Dumps"/>
  <testcase name="login" time="0.000" classname="com.externalApi.Dumps"/>
  <testcase name="login" time="0.000" classname="com.externalApi.Dumps"/>
  <testcase name="login" time="0.000" classname="com.externalApi.Dumps"/>
  <testcase name="login" time="0.001" classname="com.externalApi.Dumps"/>
  <testcase name="login" time="0.001" classname="com.externalApi.Dumps"/>
  <testcase name="login" time="0.000" classname="com.externalApi.Dumps"/>
  <testcase name="login" time="0.000" classname="com.externalApi.Dumps"/>
  <testcase name="login" time="0.000" classname="com.externalApi.Dumps"/>
  <testcase name="login" time="0.001" classname="com.externalApi.Dumps"/>
  <testcase name="login" time="0.001" classname="com.externalApi.Dumps"/>
  <testcase name="login" time="0.000" classname="com.externalApi.Dumps"/>
  <testcase name="login" time="0.001" classname="com.externalApi.Dumps"/>
  <testcase name="login" time="0.000" classname="com.externalApi.Dumps"/>
  <testcase name="login" time="0.000" classname="com.externalApi.Dumps"/>
  <testcase name="login" time="0.001" classname="com.externalApi.Dumps"/>
  <testcase name="login" time="0.001" classname="com.externalApi.Dumps"/>
  <testcase name="login" time="0.001" classname="com.externalApi.Dumps"/>
  <testcase name="login" time="0.001" classname="com.externalApi.Dumps"/>
  <testcase name="login" time="0.002" classname="com.externalApi.Dumps"/>
  <testcase name="login" time="0.001" classname="com.externalApi.Dumps"/>
  <testcase name="login" time="0.000" classname="com.externalApi.Dumps"/>
  <testcase name="login" time="0.001" classname="com.externalApi.Dumps"/>
  <testcase name="login" time="0.000" classname="com.externalApi.Dumps"/>
  <testcase name="login" time="0.001" classname="com.externalApi.Dumps"/>
  <testcase name="login" time="0.000" classname="com.externalApi.Dumps"/>
  <testcase name="login" time="0.000" classname="com.externalApi.Dumps"/>
  <testcase name="login" time="0.001" classname="com.externalApi.Dumps"/>
  <testcase name="login" time="0.001" classname="com.externalApi.Dumps"/>
  <testcase name="login" time="0.001" classname="com.externalApi.Dumps"/>
  <testcase name="login" time="0.001" classname="com.externalApi.Dumps"/>
  <testcase name="login" time="0.001" classname="com.externalApi.Dumps"/>
  <testcase name="login" time="0.001" classname="com.externalApi.Dumps"/>
  <testcase name="login" time="0.001" classname="com.externalApi.Dumps"/>
  <testcase name="login" time="0.002" classname="com.externalApi.Dumps"/>
  <testcase name="login" time="0.000" classname="com.externalApi.Dumps"/>
  <testcase name="login" time="0.000" classname="com.externalApi.Dumps"/>
  <testcase name="login" time="0.001" classname="com.externalApi.Dumps"/>
  <testcase name="login" time="0.000" classname="com.externalApi.Dumps"/>
  <testcase name="login" time="0.001" classname="com.externalApi.Dumps"/>
  <testcase name="login" time="0.000" classname="com.externalApi.Dumps"/>
  <testcase name="login" time="0.001" classname="com.externalApi.Dumps"/>
  <testcase name="login" time="0.000" classname="com.externalApi.Dumps"/>
  <testcase name="login" time="0.000" classname="com.externalApi.Dumps"/>
  <testcase name="login" time="0.000" classname="com.externalApi.Dumps"/>
  <testcase name="login" time="0.001" classname="com.externalApi.Dumps"/>
  <testcase name="login" time="0.001" classname="com.externalApi.Dumps"/>
  <testcase name="login" time="0.000" classname="com.externalApi.Dumps"/>
  <testcase name="login" time="0.000" classname="com.externalApi.Dumps"/>
  <testcase name="login" time="0.000" classname="com.externalApi.Dumps"/>
  <testcase name="login" time="0.001" classname="com.externalApi.Dumps"/>
  <testcase name="login" time="0.000" classname="com.externalApi.Dumps"/>
  <testcase name="login" time="0.000" classname="com.externalApi.Dumps"/>
  <testcase name="login" time="0.000" classname="com.externalApi.Dumps"/>
  <testcase name="login" time="0.000" classname="com.externalApi.Dumps"/>
  <testcase name="login" time="0.001" classname="com.externalApi.Dumps"/>
  <testcase name="login" time="0.000" classname="com.externalApi.Dumps"/>
  <testcase name="login" time="0.002" classname="com.externalApi.Dumps"/>
  <testcase name="login" time="0.002" classname="com.externalApi.Dumps"/>
  <testcase name="login" time="0.002" classname="com.externalApi.Dumps"/>
  <testcase name="login" time="0.002" classname="com.externalApi.Dumps"/>
  <testcase name="login" time="0.000" classname="com.externalApi.Dumps"/>
  <testcase name="login" time="0.000" classname="com.externalApi.Dumps"/>
  <testcase name="login" time="0.001" classname="com.externalApi.Dumps"/>
  <testcase name="login" time="0.002" classname="com.externalApi.Dumps"/>
  <testcase name="login" time="0.000" classname="com.externalApi.Dumps"/>
  <testcase name="login" time="0.001" classname="com.externalApi.Dumps"/>
  <testcase name="login" time="0.000" classname="com.externalApi.Dumps"/>
  <testcase name="login" time="0.001" classname="com.externalApi.Dumps"/>
  <testcase name="login" time="0.001" classname="com.externalApi.Dumps"/>
  <testcase name="login" time="0.001" classname="com.externalApi.Dumps"/>
  <testcase name="login" time="0.000" classname="com.externalApi.Dumps"/>
  <testcase name="login" time="0.000" classname="com.externalApi.Dumps"/>
  <testcase name="login" time="0.000" classname="com.externalApi.Dumps"/>
  <testcase name="login" time="0.000" classname="com.externalApi.Dumps"/>
  <testcase name="login" time="0.000" classname="com.externalApi.Dumps"/>
  <testcase name="login" time="0.000" classname="com.externalApi.Dumps"/>
  <testcase name="login" time="0.001" classname="com.externalApi.Dumps"/>
  <testcase name="login" time="0.000" classname="com.externalApi.Dumps"/>
  <testcase name="login" time="0.001" classname="com.externalApi.Dumps"/>
  <testcase name="login" time="0.001" classname="com.externalApi.Dumps"/>
  <testcase name="login" time="0.001" classname="com.externalApi.Dumps"/>
  <testcase name="login" time="0.002" classname="com.externalApi.Dumps"/>
  <testcase name="login" time="0.000" classname="com.externalApi.Dumps"/>
  <testcase name="login" time="0.001" classname="com.externalApi.Dumps"/>
  <testcase name="login" time="0.000" classname="com.externalApi.Dumps"/>
  <testcase name="login" time="0.000" classname="com.externalApi.Dumps"/>
  <testcase name="login" time="0.002" classname="com.externalApi.Dumps"/>
  <testcase name="login" time="0.000" classname="com.externalApi.Dumps"/>
  <testcase name="login" time="0.000" classname="com.externalApi.Dumps"/>
  <testcase name="login" time="0.000" classname="com.externalApi.Dumps"/>
  <testcase name="login" time="0.000" classname="com.externalApi.Dumps"/>
  <testcase name="login" time="0.000" classname="com.externalApi.Dumps"/>
  <testcase name="login" time="0.001" classname="com.externalApi.Dumps"/>
  <testcase name="login" time="0.001" classname="com.externalApi.Dumps"/>
  <testcase name="login" time="0.000" classname="com.externalApi.Dumps"/>
  <testcase name="login" time="0.001" classname="com.externalApi.Dumps"/>
  <testcase name="login" time="0.001" classname="com.externalApi.Dumps"/>
  <testcase name="login" time="0.000" classname="com.externalApi.Dumps"/>
  <testcase name="login" time="0.002" classname="com.externalApi.Dumps"/>
  <testcase name="login" time="0.001" classname="com.externalApi.Dumps"/>
  <testcase name="login" time="0.004" classname="com.externalApi.Dumps"/>
  <testcase name="login" time="0.001" classname="com.externalApi.Dumps"/>
  <testcase name="login" time="0.000" classname="com.externalApi.Dumps"/>
  <testcase name="login" time="0.001" classname="com.externalApi.Dumps"/>
  <testcase name="login" time="0.000" classname="com.externalApi.Dumps"/>
  <testcase name="login" time="0.001" classname="com.externalApi.Dumps"/>
  <testcase name="login" time="0.000" classname="com.externalApi.Dumps"/>
  <testcase name="login" time="0.001" classname="com.externalApi.Dumps"/>
  <testcase name="login" time="0.002" classname="com.externalApi.Dumps"/>
  <testcase name="login" time="0.001" classname="com.externalApi.Dumps"/>
  <testcase name="login" time="0.000" classname="com.externalApi.Dumps"/>
  <testcase name="login" time="0.001" classname="com.externalApi.Dumps"/>
  <testcase name="login" time="0.000" classname="com.externalApi.Dumps"/>
  <testcase name="login" time="0.000" classname="com.externalApi.Dumps"/>
  <testcase name="login" time="0.001" classname="com.externalApi.Dumps"/>
  <testcase name="login" time="0.001" classname="com.externalApi.Dumps"/>
  <testcase name="login" time="0.000" classname="com.externalApi.Dumps"/>
  <testcase name="login" time="0.001" classname="com.externalApi.Dumps"/>
  <testcase name="login" time="0.001" classname="com.externalApi.Dumps"/>
  <testcase name="login" time="0.000" classname="com.externalApi.Dumps"/>
  <testcase name="login" time="0.001" classname="com.externalApi.Dumps"/>
  <testcase name="login" time="0.093" classname="com.externalApi.Dumps"/>
  <testcase name="login" time="0.000" classname="com.externalApi.Dumps"/>
  <testcase name="login" time="0.001" classname="com.externalApi.Dumps"/>
  <testcase name="login" time="0.000" classname="com.externalApi.Dumps"/>
  <testcase name="login" time="0.001" classname="com.externalApi.Dumps"/>
  <testcase name="login" time="0.000" classname="com.externalApi.Dumps"/>
  <testcase name="login" time="0.000" classname="com.externalApi.Dumps"/>
  <testcase name="login" time="0.001" classname="com.externalApi.Dumps"/>
  <testcase name="login" time="0.001" classname="com.externalApi.Dumps"/>
  <testcase name="login" time="0.001" classname="com.externalApi.Dumps"/>
  <testcase name="login" time="0.001" classname="com.externalApi.Dumps"/>
  <testcase name="login" time="0.000" classname="com.externalApi.Dumps"/>
  <testcase name="login" time="0.000" classname="com.externalApi.Dumps"/>
  <testcase name="login" time="0.000" classname="com.externalApi.Dumps"/>
  <testcase name="login" time="0.001" classname="com.externalApi.Dumps"/>
  <testcase name="login" time="0.001" classname="com.externalApi.Dumps"/>
  <testcase name="login" time="0.001" classname="com.externalApi.Dumps"/>
  <testcase name="login" time="0.001" classname="com.externalApi.Dumps"/>
  <testcase name="login" time="0.000" classname="com.externalApi.Dumps"/>
  <testcase name="login" time="0.001" classname="com.externalApi.Dumps"/>
  <testcase name="login" time="0.000" classname="com.externalApi.Dumps"/>
  <testcase name="login" time="0.000" classname="com.externalApi.Dumps"/>
  <testcase name="login" time="0.001" classname="com.externalApi.Dumps"/>
  <testcase name="login" time="0.000" classname="com.externalApi.Dumps"/>
  <testcase name="login" time="0.000" classname="com.externalApi.Dumps"/>
  <testcase name="login" time="0.000" classname="com.externalApi.Dumps"/>
  <testcase name="login" time="0.000" classname="com.externalApi.Dumps"/>
  <testcase name="login" time="0.001" classname="com.externalApi.Dumps"/>
  <testcase name="login" time="0.004" classname="com.externalApi.Dumps"/>
  <testcase name="login" time="0.001" classname="com.externalApi.Dumps"/>
  <testcase name="login" time="0.000" classname="com.externalApi.Dumps"/>
  <testcase name="login" time="0.000" classname="com.externalApi.Dumps"/>
  <testcase name="login" time="0.001" classname="com.externalApi.Dumps"/>
  <testcase name="login" time="0.001" classname="com.externalApi.Dumps"/>
  <testcase name="login" time="0.001" classname="com.externalApi.Dumps"/>
  <testcase name="login" time="0.000" classname="com.externalApi.Dumps"/>
  <testcase name="login" time="0.001" classname="com.externalApi.Dumps"/>
  <testcase name="login" time="0.001" classname="com.externalApi.Dumps"/>
  <testcase name="login" time="0.000" classname="com.externalApi.Dumps"/>
  <testcase name="login" time="0.000" classname="com.externalApi.Dumps"/>
  <testcase name="login" time="0.000" classname="com.externalApi.Dumps"/>
  <testcase name="login" time="0.135" classname="com.externalApi.Dumps"/>
  <testcase name="login" time="0.001" classname="com.externalApi.Dumps"/>
  <testcase name="login" time="0.001" classname="com.externalApi.Dumps"/>
  <testcase name="login" time="0.000" classname="com.externalApi.Dumps"/>
  <testcase name="login" time="0.000" classname="com.externalApi.Dumps"/>
  <testcase name="login" time="0.001" classname="com.externalApi.Dumps"/>
  <testcase name="login" time="0.000" classname="com.externalApi.Dumps"/>
  <testcase name="login" time="0.000" classname="com.externalApi.Dumps"/>
  <testcase name="login" time="0.001" classname="com.externalApi.Dumps"/>
  <testcase name="login" time="0.000" classname="com.externalApi.Dumps"/>
  <testcase name="login" time="0.001" classname="com.externalApi.Dumps"/>
  <testcase name="login" time="0.000" classname="com.externalApi.Dumps"/>
  <testcase name="login" time="0.000" classname="com.externalApi.Dumps"/>
  <testcase name="login" time="0.001" classname="com.externalApi.Dumps"/>
  <testcase name="login" time="0.001" classname="com.externalApi.Dumps"/>
  <testcase name="login" time="0.001" classname="com.externalApi.Dumps"/>
  <testcase name="login" time="0.001" classname="com.externalApi.Dumps"/>
  <testcase name="login" time="0.003" classname="com.externalApi.Dumps"/>
  <testcase name="login" time="0.001" classname="com.externalApi.Dumps"/>
  <testcase name="login" time="0.001" classname="com.externalApi.Dumps"/>
  <testcase name="login" time="0.001" classname="com.externalApi.Dumps"/>
  <testcase name="login" time="0.001" classname="com.externalApi.Dumps"/>
  <testcase name="login" time="0.000" classname="com.externalApi.Dumps"/>
  <testcase name="login" time="0.001" classname="com.externalApi.Dumps"/>
  <testcase name="login" time="0.021" classname="com.externalApi.Dumps"/>
  <testcase name="login" time="0.001" classname="com.externalApi.Dumps"/>
  <testcase name="login" time="0.000" classname="com.externalApi.Dumps"/>
  <testcase name="login" time="0.000" classname="com.externalApi.Dumps"/>
  <testcase name="login" time="0.001" classname="com.externalApi.Dumps"/>
  <testcase name="login" time="0.000" classname="com.externalApi.Dumps"/>
  <testcase name="login" time="0.000" classname="com.externalApi.Dumps"/>
  <testcase name="login" time="0.000" classname="com.externalApi.Dumps"/>
  <testcase name="login" time="0.001" classname="com.externalApi.Dumps"/>
  <testcase name="login" time="0.001" classname="com.externalApi.Dumps"/>
  <testcase name="login" time="0.000" classname="com.externalApi.Dumps"/>
  <testcase name="login" time="0.000" classname="com.externalApi.Dumps"/>
  <testcase name="login" time="0.001" classname="com.externalApi.Dumps"/>
  <testcase name="login" time="0.000" classname="com.externalApi.Dumps"/>
  <testcase name="login" time="0.000" classname="com.externalApi.Dumps"/>
  <testcase name="login" time="0.000" classname="com.externalApi.Dumps"/>
  <testcase name="login" time="0.001" classname="com.externalApi.Dumps"/>
  <testcase name="login" time="0.000" classname="com.externalApi.Dumps"/>
  <testcase name="login" time="0.001" classname="com.externalApi.Dumps"/>
  <testcase name="login" time="0.000" classname="com.externalApi.Dumps"/>
  <testcase name="login" time="0.000" classname="com.externalApi.Dumps"/>
  <testcase name="login" time="0.000" classname="com.externalApi.Dumps"/>
  <testcase name="login" time="0.002" classname="com.externalApi.Dumps"/>
  <testcase name="login" time="0.001" classname="com.externalApi.Dumps"/>
  <testcase name="login" time="0.001" classname="com.externalApi.Dumps"/>
  <testcase name="login" time="0.001" classname="com.externalApi.Dumps"/>
  <testcase name="login" time="0.000" classname="com.externalApi.Dumps"/>
  <testcase name="login" time="0.000" classname="com.externalApi.Dumps"/>
  <testcase name="login" time="0.000" classname="com.externalApi.Dumps"/>
  <testcase name="login" time="0.002" classname="com.externalApi.Dumps"/>
  <testcase name="login" time="0.001" classname="com.externalApi.Dumps"/>
  <testcase name="login" time="0.000" classname="com.externalApi.Dumps"/>
  <testcase name="login" time="0.002" classname="com.externalApi.Dumps"/>
  <testcase name="login" time="0.000" classname="com.externalApi.Dumps"/>
  <testcase name="login" time="0.001" classname="com.externalApi.Dumps"/>
  <testcase name="login" time="0.001" classname="com.externalApi.Dumps"/>
  <testcase name="login" time="0.002" classname="com.externalApi.Dumps"/>
  <testcase name="login" time="0.001" classname="com.externalApi.Dumps"/>
  <testcase name="login" time="0.000" classname="com.externalApi.Dumps"/>
  <testcase name="login" time="0.000" classname="com.externalApi.Dumps"/>
  <testcase name="login" time="0.000" classname="com.externalApi.Dumps"/>
  <testcase name="login" time="0.000" classname="com.externalApi.Dumps"/>
  <testcase name="login" time="0.001" classname="com.externalApi.Dumps"/>
  <testcase name="login" time="0.001" classname="com.externalApi.Dumps"/>
  <testcase name="login" time="0.001" classname="com.externalApi.Dumps"/>
  <testcase name="login" time="0.001" classname="com.externalApi.Dumps"/>
  <testcase name="login" time="0.002" classname="com.externalApi.Dumps"/>
  <testcase name="login" time="0.000" classname="com.externalApi.Dumps"/>
  <testcase name="login" time="0.001" classname="com.externalApi.Dumps"/>
  <testcase name="login" time="0.000" classname="com.externalApi.Dumps"/>
  <testcase name="login" time="0.000" classname="com.externalApi.Dumps"/>
  <testcase name="login" time="0.000" classname="com.externalApi.Dumps"/>
  <testcase name="login" time="0.001" classname="com.externalApi.Dumps"/>
  <testcase name="login" time="0.000" classname="com.externalApi.Dumps"/>
  <testcase name="login" time="0.001" classname="com.externalApi.Dumps"/>
  <testcase name="login" time="0.000" classname="com.externalApi.Dumps"/>
  <testcase name="login" time="0.002" classname="com.externalApi.Dumps"/>
  <testcase name="login" time="0.001" classname="com.externalApi.Dumps"/>
  <testcase name="login" time="0.001" classname="com.externalApi.Dumps"/>
  <testcase name="login" time="0.001" classname="com.externalApi.Dumps"/>
  <testcase name="login" time="0.000" classname="com.externalApi.Dumps"/>
  <testcase name="login" time="0.000" classname="com.externalApi.Dumps"/>
  <testcase name="login" time="0.001" classname="com.externalApi.Dumps"/>
  <testcase name="login" time="0.001" classname="com.externalApi.Dumps"/>
  <testcase name="login" time="0.001" classname="com.externalApi.Dumps"/>
  <testcase name="login" time="0.000" classname="com.externalApi.Dumps"/>
  <testcase name="login" time="0.000" classname="com.externalApi.Dumps"/>
  <testcase name="login" time="0.001" classname="com.externalApi.Dumps"/>
  <testcase name="login" time="0.001" classname="com.externalApi.Dumps"/>
  <testcase name="login" time="0.001" classname="com.externalApi.Dumps"/>
  <testcase name="login" time="0.001" classname="com.externalApi.Dumps"/>
  <testcase name="login" time="0.001" classname="com.externalApi.Dumps"/>
  <testcase name="login" time="0.000" classname="com.externalApi.Dumps"/>
  <testcase name="login" time="0.002" classname="com.externalApi.Dumps"/>
  <testcase name="login" time="0.000" classname="com.externalApi.Dumps"/>
  <testcase name="login" time="0.000" classname="com.externalApi.Dumps"/>
  <testcase name="login" time="0.000" classname="com.externalApi.Dumps"/>
  <testcase name="login" time="0.000" classname="com.externalApi.Dumps"/>
  <testcase name="login" time="0.002" classname="com.externalApi.Dumps"/>
  <testcase name="login" time="0.000" classname="com.externalApi.Dumps"/>
  <testcase name="login" time="0.000" classname="com.externalApi.Dumps"/>
  <testcase name="login" time="0.001" classname="com.externalApi.Dumps"/>
  <testcase name="login" time="0.002" classname="com.externalApi.Dumps"/>
  <testcase name="login" time="0.001" classname="com.externalApi.Dumps"/>
  <testcase name="login" time="0.002" classname="com.externalApi.Dumps"/>
  <testcase name="login" time="0.002" classname="com.externalApi.Dumps"/>
  <testcase name="login" time="0.001" classname="com.externalApi.Dumps"/>
  <testcase name="login" time="0.000" classname="com.externalApi.Dumps"/>
  <testcase name="login" time="0.001" classname="com.externalApi.Dumps"/>
  <testcase name="login" time="0.001" classname="com.externalApi.Dumps"/>
  <testcase name="login" time="0.000" classname="com.externalApi.Dumps"/>
  <testcase name="login" time="0.000" classname="com.externalApi.Dumps"/>
  <testcase name="login" time="0.003" classname="com.externalApi.Dumps"/>
  <testcase name="login" time="0.000" classname="com.externalApi.Dumps"/>
  <testcase name="login" time="0.000" classname="com.externalApi.Dumps"/>
  <testcase name="login" time="0.000" classname="com.externalApi.Dumps"/>
  <testcase name="login" time="0.000" classname="com.externalApi.Dumps"/>
  <testcase name="login" time="0.000" classname="com.externalApi.Dumps"/>
  <testcase name="login" time="0.002" classname="com.externalApi.Dumps"/>
  <testcase name="login" time="0.000" classname="com.externalApi.Dumps"/>
  <testcase name="login" time="0.001" classname="com.externalApi.Dumps"/>
  <testcase name="login" time="0.000" classname="com.externalApi.Dumps"/>
  <testcase name="login" time="0.001" classname="com.externalApi.Dumps"/>
  <testcase name="login" time="0.000" classname="com.externalApi.Dumps"/>
  <testcase name="login" time="0.001" classname="com.externalApi.Dumps"/>
  <testcase name="login" time="0.001" classname="com.externalApi.Dumps"/>
  <testcase name="login" time="0.001" classname="com.externalApi.Dumps"/>
  <testcase name="login" time="0.000" classname="com.externalApi.Dumps"/>
  <testcase name="login" time="0.001" classname="com.externalApi.Dumps"/>
  <testcase name="login" time="0.001" classname="com.externalApi.Dumps"/>
  <testcase name="login" time="0.000" classname="com.externalApi.Dumps"/>
  <testcase name="login" time="0.000" classname="com.externalApi.Dumps"/>
  <testcase name="login" time="0.000" classname="com.externalApi.Dumps"/>
  <testcase name="login" time="0.001" classname="com.externalApi.Dumps"/>
  <testcase name="login" time="0.000" classname="com.externalApi.Dumps"/>
  <testcase name="login" time="0.001" classname="com.externalApi.Dumps"/>
  <testcase name="login" time="0.000" classname="com.externalApi.Dumps"/>
  <testcase name="login" time="0.000" classname="com.externalApi.Dumps"/>
  <testcase name="login" time="0.000" classname="com.externalApi.Dumps"/>
  <testcase name="login" time="0.000" classname="com.externalApi.Dumps"/>
  <testcase name="login" time="0.001" classname="com.externalApi.Dumps"/>
  <testcase name="login" time="0.000" classname="com.externalApi.Dumps"/>
  <testcase name="login" time="0.000" classname="com.externalApi.Dumps"/>
  <testcase name="login" time="0.000" classname="com.externalApi.Dumps"/>
  <testcase name="login" time="0.001" classname="com.externalApi.Dumps"/>
  <testcase name="login" time="0.000" classname="com.externalApi.Dumps"/>
  <testcase name="login" time="0.001" classname="com.externalApi.Dumps"/>
  <testcase name="login" time="0.001" classname="com.externalApi.Dumps"/>
  <testcase name="login" time="0.002" classname="com.externalApi.Dumps"/>
  <testcase name="login" time="0.001" classname="com.externalApi.Dumps"/>
  <testcase name="login" time="0.001" classname="com.externalApi.Dumps"/>
  <testcase name="login" time="0.000" classname="com.externalApi.Dumps"/>
  <testcase name="login" time="0.001" classname="com.externalApi.Dumps"/>
  <testcase name="login" time="0.000" classname="com.externalApi.Dumps"/>
  <testcase name="login" time="0.000" classname="com.externalApi.Dumps"/>
  <testcase name="login" time="0.000" classname="com.externalApi.Dumps"/>
  <testcase name="login" time="0.000" classname="com.externalApi.Dumps"/>
  <testcase name="login" time="0.001" classname="com.externalApi.Dumps"/>
  <testcase name="login" time="0.001" classname="com.externalApi.Dumps"/>
  <testcase name="login" time="0.001" classname="com.externalApi.Dumps"/>
  <testcase name="login" time="0.002" classname="com.externalApi.Dumps"/>
  <testcase name="login" time="0.001" classname="com.externalApi.Dumps"/>
  <testcase name="login" time="0.000" classname="com.externalApi.Dumps"/>
  <testcase name="login" time="0.000" classname="com.externalApi.Dumps"/>
  <testcase name="login" time="0.002" classname="com.externalApi.Dumps"/>
  <testcase name="login" time="0.000" classname="com.externalApi.Dumps"/>
  <testcase name="login" time="0.001" classname="com.externalApi.Dumps"/>
  <testcase name="login" time="0.001" classname="com.externalApi.Dumps"/>
  <testcase name="login" time="0.001" classname="com.externalApi.Dumps"/>
  <testcase name="login" time="0.001" classname="com.externalApi.Dumps"/>
  <testcase name="login" time="0.004" classname="com.externalApi.Dumps"/>
  <testcase name="login" time="0.002" classname="com.externalApi.Dumps"/>
  <testcase name="login" time="0.001" classname="com.externalApi.Dumps"/>
  <testcase name="login" time="0.000" classname="com.externalApi.Dumps"/>
  <testcase name="login" time="0.002" classname="com.externalApi.Dumps"/>
  <testcase name="login" time="0.001" classname="com.externalApi.Dumps"/>
  <testcase name="login" time="0.001" classname="com.externalApi.Dumps"/>
  <testcase name="login" time="0.000" classname="com.externalApi.Dumps"/>
  <testcase name="login" time="0.001" classname="com.externalApi.Dumps"/>
  <testcase name="login" time="0.001" classname="com.externalApi.Dumps"/>
  <testcase name="login" time="0.000" classname="com.externalApi.Dumps"/>
  <testcase name="login" time="0.001" classname="com.externalApi.Dumps"/>
  <testcase name="login" time="0.001" classname="com.externalApi.Dumps"/>
  <testcase name="login" time="0.001" classname="com.externalApi.Dumps"/>
  <testcase name="login" time="0.002" classname="com.externalApi.Dumps"/>
  <testcase name="login" time="0.000" classname="com.externalApi.Dumps"/>
  <testcase name="login" time="0.005" classname="com.externalApi.Dumps"/>
  <testcase name="login" time="0.001" classname="com.externalApi.Dumps"/>
  <testcase name="login" time="0.002" classname="com.externalApi.Dumps"/>
  <testcase name="login" time="0.001" classname="com.externalApi.Dumps"/>
  <testcase name="login" time="0.000" classname="com.externalApi.Dumps"/>
  <testcase name="login" time="0.245" classname="com.externalApi.Dumps"/>
  <testcase name="login" time="0.001" classname="com.externalApi.Dumps"/>
  <testcase name="login" time="0.000" classname="com.externalApi.Dumps"/>
  <testcase name="login" time="0.001" classname="com.externalApi.Dumps"/>
  <testcase name="login" time="0.000" classname="com.externalApi.Dumps"/>
  <testcase name="login" time="0.000" classname="com.externalApi.Dumps"/>
  <testcase name="login" time="0.000" classname="com.externalApi.Dumps"/>
  <testcase name="login" time="0.000" classname="com.externalApi.Dumps"/>
  <testcase name="login" time="0.001" classname="com.externalApi.Dumps"/>
  <testcase name="login" time="0.001" classname="com.externalApi.Dumps"/>
  <testcase name="login" time="0.000" classname="com.externalApi.Dumps"/>
  <testcase name="login" time="0.000" classname="com.externalApi.Dumps"/>
  <testcase name="login" time="0.001" classname="com.externalApi.Dumps"/>
  <testcase name="login" time="0.000" classname="com.externalApi.Dumps"/>
  <testcase name="login" time="0.001" classname="com.externalApi.Dumps"/>
  <testcase name="login" time="0.000" classname="com.externalApi.Dumps"/>
  <testcase name="login" time="0.001" classname="com.externalApi.Dumps"/>
  <testcase name="login" time="0.001" classname="com.externalApi.Dumps"/>
  <testcase name="login" time="0.000" classname="com.externalApi.Dumps"/>
  <testcase name="login" time="0.001" classname="com.externalApi.Dumps"/>
  <testcase name="login" time="0.001" classname="com.externalApi.Dumps"/>
  <testcase name="login" time="0.000" classname="com.externalApi.Dumps"/>
  <testcase name="login" time="0.000" classname="com.externalApi.Dumps"/>
  <testcase name="login" time="0.001" classname="com.externalApi.Dumps"/>
  <testcase name="login" time="0.001" classname="com.externalApi.Dumps"/>
  <testcase name="login" time="0.000" classname="com.externalApi.Dumps"/>
  <testcase name="login" time="0.001" classname="com.externalApi.Dumps"/>
  <testcase name="login" time="0.001" classname="com.externalApi.Dumps"/>
  <testcase name="login" time="0.000" classname="com.externalApi.Dumps"/>
  <testcase name="login" time="0.001" classname="com.externalApi.Dumps"/>
  <testcase name="login" time="0.000" classname="com.externalApi.Dumps"/>
  <testcase name="login" time="0.000" classname="com.externalApi.Dumps"/>
  <testcase name="login" time="0.002" classname="com.externalApi.Dumps"/>
  <testcase name="login" time="0.001" classname="com.externalApi.Dumps"/>
  <testcase name="login" time="0.001" classname="com.externalApi.Dumps"/>
  <testcase name="login" time="0.001" classname="com.externalApi.Dumps"/>
  <testcase name="login" time="0.000" classname="com.externalApi.Dumps"/>
  <testcase name="login" time="0.000" classname="com.externalApi.Dumps"/>
  <testcase name="login" time="0.001" classname="com.externalApi.Dumps"/>
  <testcase name="login" time="0.001" classname="com.externalApi.Dumps"/>
  <testcase name="login" time="0.000" classname="com.externalApi.Dumps"/>
  <testcase name="login" time="0.001" classname="com.externalApi.Dumps"/>
  <testcase name="login" time="0.001" classname="com.externalApi.Dumps"/>
  <testcase name="login" time="0.000" classname="com.externalApi.Dumps"/>
  <testcase name="login" time="0.000" classname="com.externalApi.Dumps"/>
  <testcase name="login" time="0.001" classname="com.externalApi.Dumps"/>
  <testcase name="login" time="0.001" classname="com.externalApi.Dumps"/>
  <testcase name="login" time="0.000" classname="com.externalApi.Dumps"/>
  <testcase name="login" time="0.001" classname="com.externalApi.Dumps"/>
  <testcase name="login" time="0.001" classname="com.externalApi.Dumps"/>
  <testcase name="login" time="0.001" classname="com.externalApi.Dumps"/>
  <testcase name="login" time="0.001" classname="com.externalApi.Dumps"/>
  <testcase name="login" time="0.000" classname="com.externalApi.Dumps"/>
  <testcase name="login" time="0.001" classname="com.externalApi.Dumps"/>
  <testcase name="login" time="0.000" classname="com.externalApi.Dumps"/>
  <testcase name="login" time="0.001" classname="com.externalApi.Dumps"/>
  <testcase name="login" time="0.000" classname="com.externalApi.Dumps"/>
  <testcase name="login" time="0.000" classname="com.externalApi.Dumps"/>
  <testcase name="login" time="0.000" classname="com.externalApi.Dumps"/>
  <testcase name="login" time="0.000" classname="com.externalApi.Dumps"/>
  <testcase name="login" time="0.000" classname="com.externalApi.Dumps"/>
  <testcase name="login" time="0.001" classname="com.externalApi.Dumps"/>
  <testcase name="login" time="0.000" classname="com.externalApi.Dumps"/>
  <testcase name="login" time="0.001" classname="com.externalApi.Dumps"/>
  <testcase name="login" time="0.000" classname="com.externalApi.Dumps"/>
  <testcase name="login" time="0.002" classname="com.externalApi.Dumps"/>
  <testcase name="login" time="0.000" classname="com.externalApi.Dumps"/>
  <testcase name="login" time="0.000" classname="com.externalApi.Dumps"/>
  <testcase name="login" time="0.002" classname="com.externalApi.Dumps"/>
  <testcase name="login" time="0.001" classname="com.externalApi.Dumps"/>
  <testcase name="login" time="0.001" classname="com.externalApi.Dumps"/>
  <testcase name="login" time="0.149" classname="com.externalApi.Dumps"/>
  <testcase name="login" time="0.001" classname="com.externalApi.Dumps"/>
  <testcase name="login" time="0.000" classname="com.externalApi.Dumps"/>
  <testcase name="login" time="0.000" classname="com.externalApi.Dumps"/>
  <testcase name="login" time="0.001" classname="com.externalApi.Dumps"/>
  <testcase name="login" time="0.002" classname="com.externalApi.Dumps"/>
  <testcase name="login" time="0.001" classname="com.externalApi.Dumps"/>
  <testcase name="login" time="0.001" classname="com.externalApi.Dumps"/>
  <testcase name="login" time="0.000" classname="com.externalApi.Dumps"/>
  <testcase name="login" time="0.001" classname="com.externalApi.Dumps"/>
  <testcase name="login" time="0.001" classname="com.externalApi.Dumps"/>
  <testcase name="login" time="0.001" classname="com.externalApi.Dumps"/>
  <testcase name="login" time="0.000" classname="com.externalApi.Dumps"/>
  <testcase name="login" time="0.001" classname="com.externalApi.Dumps"/>
  <testcase name="login" time="0.001" classname="com.externalApi.Dumps"/>
  <testcase name="login" time="0.001" classname="com.externalApi.Dumps"/>
  <testcase name="login" time="0.000" classname="com.externalApi.Dumps"/>
  <testcase name="login" time="0.019" classname="com.externalApi.Dumps"/>
  <testcase name="login" time="0.000" classname="com.externalApi.Dumps"/>
  <testcase name="login" time="0.001" classname="com.externalApi.Dumps"/>
  <testcase name="login" time="0.000" classname="com.externalApi.Dumps"/>
  <testcase name="login" time="0.001" classname="com.externalApi.Dumps"/>
  <testcase name="login" time="0.001" classname="com.externalApi.Dumps"/>
  <testcase name="login" time="0.000" classname="com.externalApi.Dumps"/>
  <testcase name="login" time="0.001" classname="com.externalApi.Dumps"/>
  <testcase name="login" time="0.000" classname="com.externalApi.Dumps"/>
  <testcase name="login" time="0.000" classname="com.externalApi.Dumps"/>
  <testcase name="login" time="0.001" classname="com.externalApi.Dumps"/>
  <testcase name="login" time="0.001" classname="com.externalApi.Dumps"/>
  <testcase name="login" time="0.001" classname="com.externalApi.Dumps"/>
  <testcase name="login" time="0.000" classname="com.externalApi.Dumps"/>
  <testcase name="login" time="0.000" classname="com.externalApi.Dumps"/>
  <testcase name="login" time="0.000" classname="com.externalApi.Dumps"/>
  <testcase name="login" time="0.000" classname="com.externalApi.Dumps"/>
  <testcase name="login" time="0.000" classname="com.externalApi.Dumps"/>
  <testcase name="login" time="0.000" classname="com.externalApi.Dumps"/>
  <testcase name="login" time="0.001" classname="com.externalApi.Dumps"/>
  <testcase name="login" time="0.003" classname="com.externalApi.Dumps"/>
  <testcase name="login" time="0.001" classname="com.externalApi.Dumps"/>
  <testcase name="login" time="0.001" classname="com.externalApi.Dumps"/>
  <testcase name="login" time="0.000" classname="com.externalApi.Dumps"/>
  <testcase name="login" time="0.000" classname="com.externalApi.Dumps"/>
  <testcase name="login" time="0.000" classname="com.externalApi.Dumps"/>
  <testcase name="login" time="0.000" classname="com.externalApi.Dumps"/>
  <testcase name="login" time="0.001" classname="com.externalApi.Dumps"/>
  <testcase name="login" time="0.000" classname="com.externalApi.Dumps"/>
  <testcase name="login" time="0.000" classname="com.externalApi.Dumps"/>
  <testcase name="login" time="0.000" classname="com.externalApi.Dumps"/>
  <testcase name="login" time="0.000" classname="com.externalApi.Dumps"/>
  <testcase name="login" time="0.001" classname="com.externalApi.Dumps"/>
  <testcase name="login" time="0.001" classname="com.externalApi.Dumps"/>
  <testcase name="login" time="0.001" classname="com.externalApi.Dumps"/>
  <testcase name="login" time="0.001" classname="com.externalApi.Dumps"/>
  <testcase name="login" time="0.001" classname="com.externalApi.Dumps"/>
  <testcase name="login" time="0.000" classname="com.externalApi.Dumps"/>
  <testcase name="login" time="0.001" classname="com.externalApi.Dumps"/>
  <testcase name="login" time="0.001" classname="com.externalApi.Dumps"/>
  <testcase name="login" time="0.002" classname="com.externalApi.Dumps"/>
  <testcase name="login" time="0.001" classname="com.externalApi.Dumps"/>
  <testcase name="login" time="0.001" classname="com.externalApi.Dumps"/>
  <testcase name="login" time="0.002" classname="com.externalApi.Dumps"/>
  <testcase name="login" time="0.001" classname="com.externalApi.Dumps"/>
  <testcase name="login" time="0.001" classname="com.externalApi.Dumps"/>
  <testcase name="login" time="0.001" classname="com.externalApi.Dumps"/>
  <testcase name="login" time="0.000" classname="com.externalApi.Dumps"/>
  <testcase name="login" time="0.000" classname="com.externalApi.Dumps"/>
  <testcase name="login" time="0.000" classname="com.externalApi.Dumps"/>
  <testcase name="login" time="0.002" classname="com.externalApi.Dumps"/>
  <testcase name="login" time="0.001" classname="com.externalApi.Dumps"/>
  <testcase name="login" time="0.000" classname="com.externalApi.Dumps"/>
  <testcase name="login" time="0.000" classname="com.externalApi.Dumps"/>
  <testcase name="login" time="0.000" classname="com.externalApi.Dumps"/>
  <testcase name="login" time="0.000" classname="com.externalApi.Dumps"/>
  <testcase name="login" time="0.001" classname="com.externalApi.Dumps"/>
  <testcase name="login" time="0.001" classname="com.externalApi.Dumps"/>
  <testcase name="login" time="0.002" classname="com.externalApi.Dumps"/>
  <testcase name="login" time="0.001" classname="com.externalApi.Dumps"/>
  <testcase name="login" time="0.001" classname="com.externalApi.Dumps"/>
  <testcase name="login" time="0.001" classname="com.externalApi.Dumps"/>
  <testcase name="login" time="0.002" classname="com.externalApi.Dumps"/>
  <testcase name="login" time="0.000" classname="com.externalApi.Dumps"/>
  <testcase name="login" time="0.000" classname="com.externalApi.Dumps"/>
  <testcase name="login" time="0.001" classname="com.externalApi.Dumps"/>
  <testcase name="login" time="0.001" classname="com.externalApi.Dumps"/>
  <testcase name="login" time="0.001" classname="com.externalApi.Dumps"/>
  <testcase name="login" time="0.002" classname="com.externalApi.Dumps"/>
  <testcase name="login" time="0.000" classname="com.externalApi.Dumps"/>
  <testcase name="login" time="0.002" classname="com.externalApi.Dumps"/>
  <testcase name="login" time="0.001" classname="com.externalApi.Dumps"/>
  <testcase name="login" time="0.001" classname="com.externalApi.Dumps"/>
  <testcase name="login" time="0.001" classname="com.externalApi.Dumps"/>
  <testcase name="login" time="0.001" classname="com.externalApi.Dumps"/>
  <testcase name="login" time="0.001" classname="com.externalApi.Dumps"/>
  <testcase name="login" time="0.000" classname="com.externalApi.Dumps"/>
  <testcase name="login" time="0.000" classname="com.externalApi.Dumps"/>
  <testcase name="login" time="0.001" classname="com.externalApi.Dumps"/>
  <testcase name="login" time="0.000" classname="com.externalApi.Dumps"/>
  <testcase name="login" time="0.000" classname="com.externalApi.Dumps"/>
  <testcase name="login" time="0.000" classname="com.externalApi.Dumps"/>
  <testcase name="login" time="0.000" classname="com.externalApi.Dumps"/>
  <testcase name="login" time="0.000" classname="com.externalApi.Dumps"/>
  <testcase name="login" time="0.000" classname="com.externalApi.Dumps"/>
  <testcase name="login" time="0.001" classname="com.externalApi.Dumps"/>
  <testcase name="login" time="0.001" classname="com.externalApi.Dumps"/>
  <testcase name="login" time="0.001" classname="com.externalApi.Dumps"/>
  <testcase name="login" time="0.000" classname="com.externalApi.Dumps"/>
  <testcase name="login" time="0.000" classname="com.externalApi.Dumps"/>
  <testcase name="login" time="0.001" classname="com.externalApi.Dumps"/>
  <testcase name="login" time="0.000" classname="com.externalApi.Dumps"/>
  <testcase name="login" time="0.001" classname="com.externalApi.Dumps"/>
  <testcase name="login" time="0.000" classname="com.externalApi.Dumps"/>
  <testcase name="login" time="0.000" classname="com.externalApi.Dumps"/>
  <testcase name="login" time="0.002" classname="com.externalApi.Dumps"/>
  <testcase name="login" time="0.000" classname="com.externalApi.Dumps"/>
  <testcase name="login" time="0.000" classname="com.externalApi.Dumps"/>
  <testcase name="login" time="0.000" classname="com.externalApi.Dumps"/>
  <testcase name="login" time="0.000" classname="com.externalApi.Dumps"/>
  <testcase name="login" time="0.000" classname="com.externalApi.Dumps"/>
  <testcase name="login" time="0.000" classname="com.externalApi.Dumps"/>
  <testcase name="login" time="0.001" classname="com.externalApi.Dumps"/>
  <testcase name="login" time="0.001" classname="com.externalApi.Dumps"/>
  <testcase name="login" time="0.001" classname="com.externalApi.Dumps"/>
  <testcase name="login" time="0.000" classname="com.externalApi.Dumps"/>
  <testcase name="login" time="0.001" classname="com.externalApi.Dumps"/>
  <testcase name="login" time="0.000" classname="com.externalApi.Dumps"/>
  <testcase name="login" time="0.000" classname="com.externalApi.Dumps"/>
  <testcase name="login" time="0.001" classname="com.externalApi.Dumps"/>
  <testcase name="login" time="0.001" classname="com.externalApi.Dumps"/>
  <testcase name="login" time="0.001" classname="com.externalApi.Dumps"/>
  <testcase name="login" time="0.000" classname="com.externalApi.Dumps"/>
  <testcase name="login" time="0.000" classname="com.externalApi.Dumps"/>
  <testcase name="login" time="0.051" classname="com.externalApi.Dumps"/>
  <testcase name="login" time="0.000" classname="com.externalApi.Dumps"/>
  <testcase name="login" time="0.001" classname="com.externalApi.Dumps"/>
  <testcase name="login" time="0.000" classname="com.externalApi.Dumps"/>
  <testcase name="login" time="0.000" classname="com.externalApi.Dumps"/>
  <testcase name="login" time="0.000" classname="com.externalApi.Dumps"/>
  <testcase name="login" time="0.001" classname="com.externalApi.Dumps"/>
  <testcase name="login" time="0.001" classname="com.externalApi.Dumps"/>
  <testcase name="login" time="0.000" classname="com.externalApi.Dumps"/>
  <testcase name="login" time="0.000" classname="com.externalApi.Dumps"/>
  <testcase name="login" time="0.000" classname="com.externalApi.Dumps"/>
  <testcase name="login" time="0.000" classname="com.externalApi.Dumps"/>
  <testcase name="login" time="0.000" classname="com.externalApi.Dumps"/>
  <testcase name="login" time="0.000" classname="com.externalApi.Dumps"/>
  <testcase name="login" time="0.000" classname="com.externalApi.Dumps"/>
  <testcase name="login" time="0.001" classname="com.externalApi.Dumps"/>
  <testcase name="login" time="0.001" classname="com.externalApi.Dumps"/>
  <testcase name="login" time="0.001" classname="com.externalApi.Dumps"/>
  <testcase name="login" time="0.001" classname="com.externalApi.Dumps"/>
  <testcase name="login" time="0.001" classname="com.externalApi.Dumps"/>
  <testcase name="login" time="0.001" classname="com.externalApi.Dumps"/>
  <testcase name="login" time="0.001" classname="com.externalApi.Dumps"/>
  <testcase name="login" time="0.000" classname="com.externalApi.Dumps"/>
  <testcase name="login" time="0.001" classname="com.externalApi.Dumps"/>
  <testcase name="login" time="0.000" classname="com.externalApi.Dumps"/>
  <testcase name="login" time="0.001" classname="com.externalApi.Dumps"/>
  <testcase name="login" time="0.001" classname="com.externalApi.Dumps"/>
  <testcase name="login" time="0.001" classname="com.externalApi.Dumps"/>
  <testcase name="login" time="0.000" classname="com.externalApi.Dumps"/>
  <testcase name="login" time="0.000" classname="com.externalApi.Dumps"/>
  <testcase name="login" time="0.001" classname="com.externalApi.Dumps"/>
  <testcase name="login" time="0.000" classname="com.externalApi.Dumps"/>
  <testcase name="login" time="0.000" classname="com.externalApi.Dumps"/>
  <testcase name="login" time="0.001" classname="com.externalApi.Dumps"/>
  <testcase name="login" time="0.001" classname="com.externalApi.Dumps"/>
  <testcase name="login" time="0.000" classname="com.externalApi.Dumps"/>
  <testcase name="login" time="0.000" classname="com.externalApi.Dumps"/>
  <testcase name="login" time="0.001" classname="com.externalApi.Dumps"/>
  <testcase name="login" time="0.000" classname="com.externalApi.Dumps"/>
  <testcase name="login" time="0.000" classname="com.externalApi.Dumps"/>
  <testcase name="login" time="0.001" classname="com.externalApi.Dumps"/>
  <testcase name="login" time="0.001" classname="com.externalApi.Dumps"/>
  <testcase name="login" time="0.000" classname="com.externalApi.Dumps"/>
  <testcase name="login" time="0.000" classname="com.externalApi.Dumps"/>
  <testcase name="login" time="0.000" classname="com.externalApi.Dumps"/>
  <testcase name="login" time="0.000" classname="com.externalApi.Dumps"/>
  <testcase name="login" time="0.000" classname="com.externalApi.Dumps"/>
  <testcase name="login" time="0.000" classname="com.externalApi.Dumps"/>
  <testcase name="login" time="0.001" classname="com.externalApi.Dumps"/>
  <testcase name="login" time="0.001" classname="com.externalApi.Dumps"/>
  <testcase name="login" time="0.000" classname="com.externalApi.Dumps"/>
  <testcase name="login" time="0.001" classname="com.externalApi.Dumps"/>
  <testcase name="login" time="0.000" classname="com.externalApi.Dumps"/>
  <testcase name="login" time="0.001" classname="com.externalApi.Dumps"/>
  <testcase name="login" time="0.000" classname="com.externalApi.Dumps"/>
  <testcase name="login" time="0.010" classname="com.externalApi.Dumps"/>
  <testcase name="login" time="0.001" classname="com.externalApi.Dumps"/>
  <testcase name="login" time="0.001" classname="com.externalApi.Dumps"/>
  <testcase name="login" time="0.001" classname="com.externalApi.Dumps"/>
  <testcase name="login" time="0.000" classname="com.externalApi.Dumps"/>
  <testcase name="login" time="0.001" classname="com.externalApi.Dumps"/>
  <testcase name="login" time="0.000" classname="com.externalApi.Dumps"/>
  <testcase name="login" time="0.001" classname="com.externalApi.Dumps"/>
  <testcase name="login" time="0.000" classname="com.externalApi.Dumps"/>
  <testcase name="login" time="0.001" classname="com.externalApi.Dumps"/>
  <testcase name="login" time="0.002" classname="com.externalApi.Dumps"/>
  <testcase name="login" time="0.000" classname="com.externalApi.Dumps"/>
  <testcase name="login" time="0.000" classname="com.externalApi.Dumps"/>
  <testcase name="login" time="0.000" classname="com.externalApi.Dumps"/>
  <testcase name="login" time="0.001" classname="com.externalApi.Dumps"/>
  <testcase name="login" time="0.001" classname="com.externalApi.Dumps"/>
  <testcase name="login" time="0.000" classname="com.externalApi.Dumps"/>
  <testcase name="login" time="0.000" classname="com.externalApi.Dumps"/>
  <testcase name="login" time="0.001" classname="com.externalApi.Dumps"/>
  <testcase name="login" time="0.001" classname="com.externalApi.Dumps"/>
  <testcase name="login" time="0.002" classname="com.externalApi.Dumps"/>
  <testcase name="login" time="0.000" classname="com.externalApi.Dumps"/>
  <testcase name="login" time="0.002" classname="com.externalApi.Dumps"/>
  <testcase name="login" time="0.001" classname="com.externalApi.Dumps"/>
  <testcase name="login" time="0.002" classname="com.externalApi.Dumps"/>
  <testcase name="login" time="0.000" classname="com.externalApi.Dumps"/>
  <testcase name="login" time="0.001" classname="com.externalApi.Dumps"/>
  <testcase name="login" time="0.002" classname="com.externalApi.Dumps"/>
  <testcase name="login" time="0.001" classname="com.externalApi.Dumps"/>
  <testcase name="login" time="0.001" classname="com.externalApi.Dumps"/>
  <testcase name="login" time="0.001" classname="com.externalApi.Dumps"/>
  <testcase name="login" time="0.001" classname="com.externalApi.Dumps"/>
  <testcase name="login" time="0.000" classname="com.externalApi.Dumps"/>
  <testcase name="login" time="0.000" classname="com.externalApi.Dumps"/>
  <testcase name="login" time="0.003" classname="com.externalApi.Dumps"/>
  <testcase name="login" time="0.000" classname="com.externalApi.Dumps"/>
  <testcase name="login" time="0.000" classname="com.externalApi.Dumps"/>
  <testcase name="login" time="0.000" classname="com.externalApi.Dumps"/>
  <testcase name="login" time="0.000" classname="com.externalApi.Dumps"/>
  <testcase name="login" time="0.002" classname="com.externalApi.Dumps"/>
  <testcase name="login" time="0.001" classname="com.externalApi.Dumps"/>
  <testcase name="login" time="0.000" classname="com.externalApi.Dumps"/>
  <testcase name="login" time="0.001" classname="com.externalApi.Dumps"/>
  <testcase name="login" time="0.002" classname="com.externalApi.Dumps"/>
  <testcase name="login" time="0.001" classname="com.externalApi.Dumps"/>
  <testcase name="login" time="0.001" classname="com.externalApi.Dumps"/>
  <testcase name="login" time="0.001" classname="com.externalApi.Dumps"/>
  <testcase name="login" time="0.001" classname="com.externalApi.Dumps"/>
  <testcase name="login" time="0.001" classname="com.externalApi.Dumps"/>
  <testcase name="login" time="0.001" classname="com.externalApi.Dumps"/>
  <testcase name="login" time="0.001" classname="com.externalApi.Dumps"/>
  <testcase name="login" time="0.001" classname="com.externalApi.Dumps"/>
  <testcase name="login" time="0.000" classname="com.externalApi.Dumps"/>
  <testcase name="login" time="0.001" classname="com.externalApi.Dumps"/>
  <testcase name="login" time="0.000" classname="com.externalApi.Dumps"/>
  <testcase name="login" time="0.001" classname="com.externalApi.Dumps"/>
  <testcase name="login" time="0.002" classname="com.externalApi.Dumps"/>
  <testcase name="login" time="0.001" classname="com.externalApi.Dumps"/>
  <testcase name="login" time="0.001" classname="com.externalApi.Dumps"/>
  <testcase name="login" time="0.000" classname="com.externalApi.Dumps"/>
  <testcase name="login" time="0.000" classname="com.externalApi.Dumps"/>
  <testcase name="login" time="0.000" classname="com.externalApi.Dumps"/>
  <testcase name="login" time="0.001" classname="com.externalApi.Dumps"/>
  <testcase name="login" time="0.000" classname="com.externalApi.Dumps"/>
  <testcase name="login" time="0.000" classname="com.externalApi.Dumps"/>
  <testcase name="login" time="0.000" classname="com.externalApi.Dumps"/>
  <testcase name="login" time="0.001" classname="com.externalApi.Dumps"/>
  <testcase name="login" time="0.000" classname="com.externalApi.Dumps"/>
  <testcase name="login" time="0.000" classname="com.externalApi.Dumps"/>
  <testcase name="login" time="0.001" classname="com.externalApi.Dumps"/>
  <testcase name="login" time="0.001" classname="com.externalApi.Dumps"/>
  <testcase name="login" time="0.001" classname="com.externalApi.Dumps"/>
  <testcase name="login" time="0.038" classname="com.externalApi.Dumps"/>
  <testcase name="login" time="0.001" classname="com.externalApi.Dumps"/>
  <testcase name="login" time="0.122" classname="com.externalApi.Dumps"/>
  <testcase name="login" time="0.001" classname="com.externalApi.Dumps"/>
  <testcase name="login" time="0.000" classname="com.externalApi.Dumps"/>
  <testcase name="login" time="0.000" classname="com.externalApi.Dumps"/>
  <testcase name="login" time="0.000" classname="com.externalApi.Dumps"/>
  <testcase name="login" time="0.000" classname="com.externalApi.Dumps"/>
  <testcase name="login" time="0.000" classname="com.externalApi.Dumps"/>
  <testcase name="login" time="0.002" classname="com.externalApi.Dumps"/>
  <testcase name="login" time="0.000" classname="com.externalApi.Dumps"/>
  <testcase name="login" time="0.000" classname="com.externalApi.Dumps"/>
  <testcase name="login" time="0.000" classname="com.externalApi.Dumps"/>
  <testcase name="login" time="0.000" classname="com.externalApi.Dumps"/>
  <testcase name="login" time="0.001" classname="com.externalApi.Dumps"/>
  <testcase name="login" time="0.001" classname="com.externalApi.Dumps"/>
  <testcase name="login" time="0.000" classname="com.externalApi.Dumps"/>
  <testcase name="login" time="0.001" classname="com.externalApi.Dumps"/>
  <testcase name="login" time="0.000" classname="com.externalApi.Dumps"/>
  <testcase name="login" time="0.001" classname="com.externalApi.Dumps"/>
  <testcase name="login" time="0.001" classname="com.externalApi.Dumps"/>
  <testcase name="login" time="0.001" classname="com.externalApi.Dumps"/>
  <testcase name="login" time="0.001" classname="com.externalApi.Dumps"/>
  <testcase name="login" time="0.000" classname="com.externalApi.Dumps"/>
  <testcase name="login" time="0.000" classname="com.externalApi.Dumps"/>
  <testcase name="login" time="0.001" classname="com.externalApi.Dumps"/>
  <testcase name="login" time="0.000" classname="com.externalApi.Dumps"/>
  <testcase name="login" time="0.001" classname="com.externalApi.Dumps"/>
  <testcase name="login" time="0.001" classname="com.externalApi.Dumps"/>
  <testcase name="login" time="0.000" classname="com.externalApi.Dumps"/>
  <testcase name="login" time="0.000" classname="com.externalApi.Dumps"/>
  <testcase name="login" time="0.002" classname="com.externalApi.Dumps"/>
  <testcase name="login" time="0.000" classname="com.externalApi.Dumps"/>
  <testcase name="login" time="0.000" classname="com.externalApi.Dumps"/>
  <testcase name="login" time="0.001" classname="com.externalApi.Dumps"/>
  <testcase name="login" time="0.001" classname="com.externalApi.Dumps"/>
  <testcase name="login" time="0.000" classname="com.externalApi.Dumps"/>
  <testcase name="login" time="0.001" classname="com.externalApi.Dumps"/>
  <testcase name="login" time="0.000" classname="com.externalApi.Dumps"/>
  <testcase name="login" time="0.000" classname="com.externalApi.Dumps"/>
  <testcase name="login" time="0.000" classname="com.externalApi.Dumps"/>
  <testcase name="login" time="0.000" classname="com.externalApi.Dumps"/>
  <testcase name="login" time="0.001" classname="com.externalApi.Dumps"/>
  <testcase name="login" time="0.000" classname="com.externalApi.Dumps"/>
  <testcase name="login" time="0.002" classname="com.externalApi.Dumps"/>
  <testcase name="login" time="0.000" classname="com.externalApi.Dumps"/>
  <testcase name="login" time="0.001" classname="com.externalApi.Dumps"/>
  <testcase name="login" time="0.000" classname="com.externalApi.Dumps"/>
  <testcase name="login" time="0.001" classname="com.externalApi.Dumps"/>
  <testcase name="login" time="0.000" classname="com.externalApi.Dumps"/>
  <testcase name="login" time="0.001" classname="com.externalApi.Dumps"/>
  <testcase name="login" time="0.000" classname="com.externalApi.Dumps"/>
  <testcase name="login" time="0.001" classname="com.externalApi.Dumps"/>
  <testcase name="login" time="0.075" classname="com.externalApi.Dumps"/>
  <testcase name="login" time="0.000" classname="com.externalApi.Dumps"/>
  <testcase name="login" time="0.000" classname="com.externalApi.Dumps"/>
  <testcase name="login" time="0.000" classname="com.externalApi.Dumps"/>
  <testcase name="login" time="0.001" classname="com.externalApi.Dumps"/>
  <testcase name="login" time="0.000" classname="com.externalApi.Dumps"/>
  <testcase name="login" time="0.002" classname="com.externalApi.Dumps"/>
  <testcase name="login" time="0.000" classname="com.externalApi.Dumps"/>
  <testcase name="login" time="0.000" classname="com.externalApi.Dumps"/>
  <testcase name="login" time="0.001" classname="com.externalApi.Dumps"/>
  <testcase name="login" time="0.000" classname="com.externalApi.Dumps"/>
  <testcase name="login" time="0.001" classname="com.externalApi.Dumps"/>
  <testcase name="login" time="0.001" classname="com.externalApi.Dumps"/>
  <testcase name="login" time="0.000" classname="com.externalApi.Dumps"/>
  <testcase name="login" time="0.001" classname="com.externalApi.Dumps"/>
  <testcase name="login" time="0.001" classname="com.externalApi.Dumps"/>
  <testcase name="login" time="0.001" classname="com.externalApi.Dumps"/>
  <testcase name="login" time="0.000" classname="com.externalApi.Dumps"/>
  <testcase name="login" time="0.001" classname="com.externalApi.Dumps"/>
  <testcase name="login" time="0.000" classname="com.externalApi.Dumps"/>
  <testcase name="login" time="0.000" classname="com.externalApi.Dumps"/>
  <testcase name="login" time="0.000" classname="com.externalApi.Dumps"/>
  <testcase name="login" time="0.001" classname="com.externalApi.Dumps"/>
  <testcase name="login" time="0.000" classname="com.externalApi.Dumps"/>
  <testcase name="login" time="0.000" classname="com.externalApi.Dumps"/>
  <testcase name="login" time="0.001" classname="com.externalApi.Dumps"/>
  <testcase name="login" time="0.000" classname="com.externalApi.Dumps"/>
  <testcase name="login" time="0.001" classname="com.externalApi.Dumps"/>
  <testcase name="login" time="0.000" classname="com.externalApi.Dumps"/>
  <testcase name="login" time="0.001" classname="com.externalApi.Dumps"/>
  <testcase name="login" time="0.001" classname="com.externalApi.Dumps"/>
  <testcase name="login" time="0.000" classname="com.externalApi.Dumps"/>
  <testcase name="login" time="0.001" classname="com.externalApi.Dumps"/>
  <testcase name="login" time="0.001" classname="com.externalApi.Dumps"/>
  <testcase name="login" time="0.000" classname="com.externalApi.Dumps"/>
  <testcase name="login" time="0.001" classname="com.externalApi.Dumps"/>
  <testcase name="login" time="0.001" classname="com.externalApi.Dumps"/>
  <testcase name="login" time="0.001" classname="com.externalApi.Dumps"/>
  <testcase name="login" time="0.000" classname="com.externalApi.Dumps"/>
  <testcase name="login" time="0.001" classname="com.externalApi.Dumps"/>
  <testcase name="login" time="0.001" classname="com.externalApi.Dumps"/>
  <testcase name="login" time="0.000" classname="com.externalApi.Dumps"/>
  <testcase name="login" time="0.000" classname="com.externalApi.Dumps"/>
  <testcase name="login" time="0.004" classname="com.externalApi.Dumps"/>
  <testcase name="login" time="0.001" classname="com.externalApi.Dumps"/>
  <testcase name="login" time="0.001" classname="com.externalApi.Dumps"/>
  <testcase name="login" time="0.001" classname="com.externalApi.Dumps"/>
  <testcase name="login" time="0.000" classname="com.externalApi.Dumps"/>
  <testcase name="login" time="0.001" classname="com.externalApi.Dumps"/>
  <testcase name="login" time="0.000" classname="com.externalApi.Dumps"/>
  <testcase name="login" time="0.000" classname="com.externalApi.Dumps"/>
  <testcase name="login" time="0.001" classname="com.externalApi.Dumps"/>
  <testcase name="login" time="0.000" classname="com.externalApi.Dumps"/>
  <testcase name="login" time="0.000" classname="com.externalApi.Dumps"/>
  <testcase name="login" time="0.001" classname="com.externalApi.Dumps"/>
  <testcase name="login" time="0.000" classname="com.externalApi.Dumps"/>
  <testcase name="login" time="0.001" classname="com.externalApi.Dumps"/>
  <testcase name="login" time="0.000" classname="com.externalApi.Dumps"/>
  <testcase name="login" time="0.000" classname="com.externalApi.Dumps"/>
  <testcase name="login" time="0.000" classname="com.externalApi.Dumps"/>
  <testcase name="login" time="0.000" classname="com.externalApi.Dumps"/>
  <testcase name="login" time="0.001" classname="com.externalApi.Dumps"/>
  <testcase name="login" time="0.001" classname="com.externalApi.Dumps"/>
  <testcase name="login" time="0.000" classname="com.externalApi.Dumps"/>
  <testcase name="login" time="0.001" classname="com.externalApi.Dumps"/>
  <testcase name="login" time="0.001" classname="com.externalApi.Dumps"/>
  <testcase name="login" time="0.000" classname="com.externalApi.Dumps"/>
  <testcase name="login" time="0.000" classname="com.externalApi.Dumps"/>
  <testcase name="login" time="0.001" classname="com.externalApi.Dumps"/>
  <testcase name="login" time="0.000" classname="com.externalApi.Dumps"/>
  <testcase name="login" time="0.001" classname="com.externalApi.Dumps"/>
  <testcase name="login" time="0.000" classname="com.externalApi.Dumps"/>
  <testcase name="login" time="0.000" classname="com.externalApi.Dumps"/>
  <testcase name="login" time="0.001" classname="com.externalApi.Dumps"/>
  <testcase name="login" time="0.000" classname="com.externalApi.Dumps"/>
  <testcase name="login" time="0.001" classname="com.externalApi.Dumps"/>
  <testcase name="login" time="0.000" classname="com.externalApi.Dumps"/>
  <testcase name="login" time="0.001" classname="com.externalApi.Dumps"/>
  <testcase name="login" time="0.000" classname="com.externalApi.Dumps"/>
  <testcase name="login" time="0.002" classname="com.externalApi.Dumps"/>
  <testcase name="login" time="0.000" classname="com.externalApi.Dumps"/>
  <testcase name="login" time="0.000" classname="com.externalApi.Dumps"/>
  <testcase name="login" time="0.001" classname="com.externalApi.Dumps"/>
  <testcase name="login" time="0.001" classname="com.externalApi.Dumps"/>
  <testcase name="login" time="0.000" classname="com.externalApi.Dumps"/>
  <testcase name="login" time="0.000" classname="com.externalApi.Dumps"/>
  <testcase name="login" time="0.000" classname="com.externalApi.Dumps"/>
  <testcase name="login" time="0.000" classname="com.externalApi.Dumps"/>
  <testcase name="login" time="0.004" classname="com.externalApi.Dumps"/>
  <testcase name="login" time="0.000" classname="com.externalApi.Dumps"/>
  <testcase name="login" time="0.002" classname="com.externalApi.Dumps"/>
  <testcase name="login" time="0.001" classname="com.externalApi.Dumps"/>
  <testcase name="login" time="0.001" classname="com.externalApi.Dumps"/>
  <testcase name="login" time="0.001" classname="com.externalApi.Dumps"/>
  <testcase name="login" time="0.001" classname="com.externalApi.Dumps"/>
  <testcase name="login" time="0.000" classname="com.externalApi.Dumps"/>
  <testcase name="login" time="0.000" classname="com.externalApi.Dumps"/>
  <testcase name="login" time="0.001" classname="com.externalApi.Dumps"/>
  <testcase name="login" time="0.000" classname="com.externalApi.Dumps"/>
  <testcase name="login" time="0.000" classname="com.externalApi.Dumps"/>
  <testcase name="login" time="0.001" classname="com.externalApi.Dumps"/>
  <testcase name="login" time="0.000" classname="com.externalApi.Dumps"/>
  <testcase name="login" time="0.000" classname="com.externalApi.Dumps"/>
  <testcase name="login" time="0.000" classname="com.externalApi.Dumps"/>
  <testcase name="login" time="0.001" classname="com.externalApi.Dumps"/>
  <testcase name="login" time="0.000" classname="com.externalApi.Dumps"/>
  <testcase name="login" time="0.001" classname="com.externalApi.Dumps"/>
  <testcase name="login" time="0.000" classname="com.externalApi.Dumps"/>
  <testcase name="login" time="0.001" classname="com.externalApi.Dumps"/>
  <testcase name="login" time="0.001" classname="com.externalApi.Dumps"/>
  <testcase name="login" time="0.000" classname="com.externalApi.Dumps"/>
  <testcase name="login" time="0.000" classname="com.externalApi.Dumps"/>
  <testcase name="login" time="0.000" classname="com.externalApi.Dumps"/>
  <testcase name="login" time="0.001" classname="com.externalApi.Dumps"/>
  <testcase name="login" time="0.000" classname="com.externalApi.Dumps"/>
  <testcase name="login" time="0.001" classname="com.externalApi.Dumps"/>
  <testcase name="login" time="0.000" classname="com.externalApi.Dumps"/>
  <testcase name="login" time="0.000" classname="com.externalApi.Dumps"/>
  <testcase name="login" time="0.000" classname="com.externalApi.Dumps"/>
  <testcase name="login" time="0.002" classname="com.externalApi.Dumps"/>
  <testcase name="login" time="0.000" classname="com.externalApi.Dumps"/>
  <testcase name="login" time="0.000" classname="com.externalApi.Dumps"/>
  <testcase name="login" time="0.000" classname="com.externalApi.Dumps"/>
  <testcase name="login" time="0.001" classname="com.externalApi.Dumps"/>
  <testcase name="login" time="0.000" classname="com.externalApi.Dumps"/>
  <testcase name="login" time="0.000" classname="com.externalApi.Dumps"/>
  <testcase name="login" time="0.002" classname="com.externalApi.Dumps"/>
  <testcase name="login" time="0.001" classname="com.externalApi.Dumps"/>
  <testcase name="login" time="0.001" classname="com.externalApi.Dumps"/>
  <testcase name="login" time="0.000" classname="com.externalApi.Dumps"/>
  <testcase name="login" time="0.002" classname="com.externalApi.Dumps"/>
  <testcase name="login" time="0.001" classname="com.externalApi.Dumps"/>
  <testcase name="login" time="0.000" classname="com.externalApi.Dumps"/>
  <testcase name="login" time="0.001" classname="com.externalApi.Dumps"/>
  <testcase name="login" time="0.000" classname="com.externalApi.Dumps"/>
  <testcase name="login" time="0.001" classname="com.externalApi.Dumps"/>
  <testcase name="login" time="0.001" classname="com.externalApi.Dumps"/>
  <testcase name="login" time="0.000" classname="com.externalApi.Dumps"/>
  <testcase name="login" time="0.001" classname="com.externalApi.Dumps"/>
  <testcase name="login" time="0.000" classname="com.externalApi.Dumps"/>
  <testcase name="login" time="0.000" classname="com.externalApi.Dumps"/>
  <testcase name="login" time="0.001" classname="com.externalApi.Dumps"/>
  <testcase name="login" time="0.001" classname="com.externalApi.Dumps"/>
  <testcase name="login" time="0.003" classname="com.externalApi.Dumps"/>
  <testcase name="login" time="0.001" classname="com.externalApi.Dumps"/>
  <testcase name="login" time="0.000" classname="com.externalApi.Dumps"/>
  <testcase name="login" time="0.001" classname="com.externalApi.Dumps"/>
  <testcase name="login" time="0.000" classname="com.externalApi.Dumps"/>
  <testcase name="login" time="0.000" classname="com.externalApi.Dumps"/>
  <testcase name="login" time="0.000" classname="com.externalApi.Dumps"/>
  <testcase name="login" time="0.000" classname="com.externalApi.Dumps"/>
  <testcase name="login" time="0.000" classname="com.externalApi.Dumps"/>
  <testcase name="login" time="0.000" classname="com.externalApi.Dumps"/>
  <testcase name="login" time="0.000" classname="com.externalApi.Dumps"/>
  <testcase name="login" time="0.001" classname="com.externalApi.Dumps"/>
  <testcase name="login" time="0.000" classname="com.externalApi.Dumps"/>
  <testcase name="login" time="0.001" classname="com.externalApi.Dumps"/>
  <testcase name="login" time="0.002" classname="com.externalApi.Dumps"/>
  <testcase name="login" time="0.000" classname="com.externalApi.Dumps"/>
  <testcase name="login" time="0.001" classname="com.externalApi.Dumps"/>
  <testcase name="login" time="0.000" classname="com.externalApi.Dumps"/>
  <testcase name="login" time="0.001" classname="com.externalApi.Dumps"/>
  <testcase name="login" time="0.000" classname="com.externalApi.Dumps"/>
  <testcase name="login" time="0.001" classname="com.externalApi.Dumps"/>
  <testcase name="login" time="0.000" classname="com.externalApi.Dumps"/>
  <testcase name="login" time="0.000" classname="com.externalApi.Dumps"/>
  <testcase name="login" time="0.001" classname="com.externalApi.Dumps"/>
  <testcase name="login" time="0.001" classname="com.externalApi.Dumps"/>
  <testcase name="login" time="0.001" classname="com.externalApi.Dumps"/>
  <testcase name="login" time="0.002" classname="com.externalApi.Dumps"/>
  <testcase name="login" time="0.001" classname="com.externalApi.Dumps"/>
  <testcase name="login" time="0.000" classname="com.externalApi.Dumps"/>
  <testcase name="login" time="0.000" classname="com.externalApi.Dumps"/>
  <testcase name="login" time="0.000" classname="com.externalApi.Dumps"/>
  <testcase name="login" time="0.000" classname="com.externalApi.Dumps"/>
  <testcase name="login" time="0.000" classname="com.externalApi.Dumps"/>
  <testcase name="login" time="0.000" classname="com.externalApi.Dumps"/>
  <testcase name="login" time="0.000" classname="com.externalApi.Dumps"/>
  <testcase name="login" time="0.000" classname="com.externalApi.Dumps"/>
  <testcase name="login" time="0.000" classname="com.externalApi.Dumps"/>
  <testcase name="login" time="0.001" classname="com.externalApi.Dumps"/>
  <testcase name="login" time="0.001" classname="com.externalApi.Dumps"/>
  <testcase name="login" time="0.039" classname="com.externalApi.Dumps"/>
  <testcase name="login" time="0.000" classname="com.externalApi.Dumps"/>
  <testcase name="login" time="0.000" classname="com.externalApi.Dumps"/>
  <testcase name="login" time="0.001" classname="com.externalApi.Dumps"/>
  <testcase name="login" time="0.001" classname="com.externalApi.Dumps"/>
  <testcase name="login" time="0.002" classname="com.externalApi.Dumps"/>
  <testcase name="login" time="0.001" classname="com.externalApi.Dumps"/>
  <testcase name="login" time="0.001" classname="com.externalApi.Dumps"/>
  <testcase name="login" time="0.000" classname="com.externalApi.Dumps"/>
  <testcase name="login" time="0.000" classname="com.externalApi.Dumps"/>
  <testcase name="login" time="0.000" classname="com.externalApi.Dumps"/>
  <testcase name="login" time="0.139" classname="com.externalApi.Dumps"/>
  <testcase name="login" time="0.000" classname="com.externalApi.Dumps"/>
  <testcase name="login" time="0.002" classname="com.externalApi.Dumps"/>
  <testcase name="login" time="0.000" classname="com.externalApi.Dumps"/>
  <testcase name="login" time="0.000" classname="com.externalApi.Dumps"/>
  <testcase name="login" time="0.000" classname="com.externalApi.Dumps"/>
  <testcase name="login" time="0.000" classname="com.externalApi.Dumps"/>
  <testcase name="login" time="0.000" classname="com.externalApi.Dumps"/>
  <testcase name="login" time="0.001" classname="com.externalApi.Dumps"/>
  <testcase name="login" time="0.000" classname="com.externalApi.Dumps"/>
  <testcase name="login" time="0.002" classname="com.externalApi.Dumps"/>
  <testcase name="login" time="0.001" classname="com.externalApi.Dumps"/>
  <testcase name="login" time="0.000" classname="com.externalApi.Dumps"/>
  <testcase name="login" time="0.001" classname="com.externalApi.Dumps"/>
  <testcase name="login" time="0.001" classname="com.externalApi.Dumps"/>
  <testcase name="login" time="0.002" classname="com.externalApi.Dumps"/>
  <testcase name="login" time="0.001" classname="com.externalApi.Dumps"/>
  <testcase name="login" time="0.325" classname="com.externalApi.Dumps"/>
  <testcase name="login" time="0.000" classname="com.externalApi.Dumps"/>
  <testcase name="login" time="0.000" classname="com.externalApi.Dumps"/>
  <testcase name="login" time="0.000" classname="com.externalApi.Dumps"/>
  <testcase name="login" time="0.000" classname="com.externalApi.Dumps"/>
  <testcase name="login" time="0.001" classname="com.externalApi.Dumps"/>
  <testcase name="login" time="0.001" classname="com.externalApi.Dumps"/>
  <testcase name="login" time="0.000" classname="com.externalApi.Dumps"/>
  <testcase name="login" time="0.000" classname="com.externalApi.Dumps"/>
  <testcase name="login" time="0.001" classname="com.externalApi.Dumps"/>
  <testcase name="login" time="0.001" classname="com.externalApi.Dumps"/>
  <testcase name="login" time="0.000" classname="com.externalApi.Dumps"/>
  <testcase name="login" time="0.000" classname="com.externalApi.Dumps"/>
  <testcase name="login" time="0.000" classname="com.externalApi.Dumps"/>
  <testcase name="login" time="0.001" classname="com.externalApi.Dumps"/>
  <testcase name="login" time="0.000" classname="com.externalApi.Dumps"/>
  <testcase name="login" time="0.307" classname="com.externalApi.Dumps"/>
  <testcase name="login" time="0.000" classname="com.externalApi.Dumps"/>
  <testcase name="login" time="0.001" classname="com.externalApi.Dumps"/>
  <testcase name="login" time="0.000" classname="com.externalApi.Dumps"/>
  <testcase name="login" time="0.001" classname="com.externalApi.Dumps"/>
  <testcase name="login" time="0.001" classname="com.externalApi.Dumps"/>
  <testcase name="login" time="0.001" classname="com.externalApi.Dumps"/>
  <testcase name="login" time="0.000" classname="com.externalApi.Dumps"/>
  <testcase name="login" time="0.000" classname="com.externalApi.Dumps"/>
  <testcase name="login" time="0.001" classname="com.externalApi.Dumps"/>
  <testcase name="login" time="0.004" classname="com.externalApi.Dumps"/>
  <testcase name="login" time="0.001" classname="com.externalApi.Dumps"/>
  <testcase name="login" time="0.001" classname="com.externalApi.Dumps"/>
  <testcase name="login" time="0.001" classname="com.externalApi.Dumps"/>
  <testcase name="login" time="0.000" classname="com.externalApi.Dumps"/>
  <testcase name="login" time="0.000" classname="com.externalApi.Dumps"/>
  <testcase name="login" time="0.001" classname="com.externalApi.Dumps"/>
  <testcase name="login" time="0.000" classname="com.externalApi.Dumps"/>
  <testcase name="login" time="0.000" classname="com.externalApi.Dumps"/>
  <testcase name="login" time="0.000" classname="com.externalApi.Dumps"/>
  <testcase name="login" time="0.002" classname="com.externalApi.Dumps"/>
  <testcase name="login" time="0.000" classname="com.externalApi.Dumps"/>
  <testcase name="login" time="0.001" classname="com.externalApi.Dumps"/>
  <testcase name="login" time="0.000" classname="com.externalApi.Dumps"/>
  <testcase name="login" time="0.001" classname="com.externalApi.Dumps"/>
  <testcase name="login" time="0.000" classname="com.externalApi.Dumps"/>
  <testcase name="login" time="0.000" classname="com.externalApi.Dumps"/>
  <testcase name="login" time="0.002" classname="com.externalApi.Dumps"/>
  <testcase name="login" time="0.001" classname="com.externalApi.Dumps"/>
  <testcase name="login" time="0.001" classname="com.externalApi.Dumps"/>
  <testcase name="login" time="0.000" classname="com.externalApi.Dumps"/>
  <testcase name="login" time="0.001" classname="com.externalApi.Dumps"/>
  <testcase name="login" time="0.000" classname="com.externalApi.Dumps"/>
  <testcase name="login" time="0.000" classname="com.externalApi.Dumps"/>
  <testcase name="login" time="0.000" classname="com.externalApi.Dumps"/>
  <testcase name="login" time="0.001" classname="com.externalApi.Dumps"/>
  <testcase name="login" time="0.001" classname="com.externalApi.Dumps"/>
  <testcase name="login" time="0.001" classname="com.externalApi.Dumps"/>
  <testcase name="login" time="0.001" classname="com.externalApi.Dumps"/>
  <testcase name="login" time="0.001" classname="com.externalApi.Dumps"/>
  <testcase name="login" time="0.000" classname="com.externalApi.Dumps"/>
  <testcase name="login" time="0.001" classname="com.externalApi.Dumps"/>
  <testcase name="login" time="0.000" classname="com.externalApi.Dumps"/>
  <testcase name="login" time="0.001" classname="com.externalApi.Dumps"/>
  <testcase name="login" time="0.001" classname="com.externalApi.Dumps"/>
  <testcase name="login" time="0.000" classname="com.externalApi.Dumps"/>
  <testcase name="login" time="0.000" classname="com.externalApi.Dumps"/>
  <testcase name="login" time="0.001" classname="com.externalApi.Dumps"/>
  <testcase name="login" time="0.001" classname="com.externalApi.Dumps"/>
  <testcase name="login" time="0.001" classname="com.externalApi.Dumps"/>
  <testcase name="login" time="0.000" classname="com.externalApi.Dumps"/>
  <testcase name="login" time="0.001" classname="com.externalApi.Dumps"/>
  <testcase name="login" time="0.000" classname="com.externalApi.Dumps"/>
  <testcase name="login" time="0.002" classname="com.externalApi.Dumps"/>
  <testcase name="login" time="0.001" classname="com.externalApi.Dumps"/>
  <testcase name="login" time="0.002" classname="com.externalApi.Dumps"/>
  <testcase name="login" time="0.001" classname="com.externalApi.Dumps"/>
  <testcase name="login" time="0.000" classname="com.externalApi.Dumps"/>
  <testcase name="login" time="0.001" classname="com.externalApi.Dumps"/>
  <testcase name="login" time="0.001" classname="com.externalApi.Dumps"/>
  <testcase name="login" time="0.001" classname="com.externalApi.Dumps"/>
  <testcase name="login" time="0.000" classname="com.externalApi.Dumps"/>
  <testcase name="login" time="0.000" classname="com.externalApi.Dumps"/>
  <testcase name="login" time="0.001" classname="com.externalApi.Dumps"/>
  <testcase name="login" time="0.000" classname="com.externalApi.Dumps"/>
  <testcase name="login" time="0.001" classname="com.externalApi.Dumps"/>
  <testcase name="login" time="0.002" classname="com.externalApi.Dumps"/>
  <testcase name="login" time="0.001" classname="com.externalApi.Dumps"/>
  <testcase name="login" time="0.001" classname="com.externalApi.Dumps"/>
  <testcase name="login" time="0.290" classname="com.externalApi.Dumps"/>
  <testcase name="login" time="0.000" classname="com.externalApi.Dumps"/>
  <testcase name="login" time="0.000" classname="com.externalApi.Dumps"/>
  <testcase name="login" time="0.000" classname="com.externalApi.Dumps"/>
  <testcase name="login" time="0.001" classname="com.externalApi.Dumps"/>
  <testcase name="login" time="0.000" classname="com.externalApi.Dumps"/>
  <testcase name="login" time="0.000" classname="com.externalApi.Dumps"/>
  <testcase name="login" time="0.002" classname="com.externalApi.Dumps"/>
  <testcase name="login" time="0.001" classname="com.externalApi.Dumps"/>
  <testcase name="login" time="0.001" classname="com.externalApi.Dumps"/>
  <testcase name="login" time="0.001" classname="com.externalApi.Dumps"/>
  <testcase name="login" time="0.000" classname="com.externalApi.Dumps"/>
  <testcase name="login" time="0.000" classname="com.externalApi.Dumps"/>
  <testcase name="login" time="0.001" classname="com.externalApi.Dumps"/>
  <testcase name="login" time="0.000" classname="com.externalApi.Dumps"/>
  <testcase name="login" time="0.001" classname="com.externalApi.Dumps"/>
  <testcase name="login" time="0.002" classname="com.externalApi.Dumps"/>
  <testcase name="login" time="0.001" classname="com.externalApi.Dumps"/>
  <testcase name="login" time="0.000" classname="com.externalApi.Dumps"/>
  <testcase name="login" time="0.000" classname="com.externalApi.Dumps"/>
  <testcase name="login" time="0.001" classname="com.externalApi.Dumps"/>
  <testcase name="login" time="0.001" classname="com.externalApi.Dumps"/>
  <testcase name="login" time="0.001" classname="com.externalApi.Dumps"/>
  <testcase name="login" time="0.000" classname="com.externalApi.Dumps"/>
  <testcase name="login" time="0.002" classname="com.externalApi.Dumps"/>
  <testcase name="login" time="0.001" classname="com.externalApi.Dumps"/>
  <testcase name="login" time="0.001" classname="com.externalApi.Dumps"/>
  <testcase name="login" time="0.000" classname="com.externalApi.Dumps"/>
  <testcase name="login" time="0.001" classname="com.externalApi.Dumps"/>
  <testcase name="login" time="0.001" classname="com.externalApi.Dumps"/>
  <testcase name="login" time="0.000" classname="com.externalApi.Dumps"/>
  <testcase name="login" time="0.000" classname="com.externalApi.Dumps"/>
  <testcase name="login" time="0.001" classname="com.externalApi.Dumps"/>
  <testcase name="login" time="0.001" classname="com.externalApi.Dumps"/>
  <testcase name="login" time="0.002" classname="com.externalApi.Dumps"/>
  <testcase name="login" time="0.000" classname="com.externalApi.Dumps"/>
  <testcase name="login" time="0.000" classname="com.externalApi.Dumps"/>
  <testcase name="login" time="0.000" classname="com.externalApi.Dumps"/>
  <testcase name="login" time="0.002" classname="com.externalApi.Dumps"/>
  <testcase name="login" time="0.002" classname="com.externalApi.Dumps"/>
  <testcase name="login" time="0.003" classname="com.externalApi.Dumps"/>
  <testcase name="login" time="0.000" classname="com.externalApi.Dumps"/>
  <testcase name="login" time="0.001" classname="com.externalApi.Dumps"/>
  <testcase name="login" time="0.001" classname="com.externalApi.Dumps"/>
  <testcase name="login" time="0.001" classname="com.externalApi.Dumps"/>
  <testcase name="login" time="0.001" classname="com.externalApi.Dumps"/>
  <testcase name="login" time="0.001" classname="com.externalApi.Dumps"/>
  <testcase name="login" time="0.000" classname="com.externalApi.Dumps"/>
  <testcase name="login" time="0.000" classname="com.externalApi.Dumps"/>
  <testcase name="login" time="0.002" classname="com.externalApi.Dumps"/>
  <testcase name="login" time="0.001" classname="com.externalApi.Dumps"/>
  <testcase name="login" time="0.001" classname="com.externalApi.Dumps"/>
  <testcase name="login" time="0.001" classname="com.externalApi.Dumps"/>
  <testcase name="login" time="0.000" classname="com.externalApi.Dumps"/>
  <testcase name="login" time="0.000" classname="com.externalApi.Dumps"/>
  <testcase name="login" time="0.000" classname="com.externalApi.Dumps"/>
  <testcase name="login" time="0.000" classname="com.externalApi.Dumps"/>
  <testcase name="login" time="0.001" classname="com.externalApi.Dumps"/>
  <testcase name="login" time="0.001" classname="com.externalApi.Dumps"/>
  <testcase name="login" time="0.000" classname="com.externalApi.Dumps"/>
  <testcase name="login" time="0.000" classname="com.externalApi.Dumps"/>
  <testcase name="login" time="0.001" classname="com.externalApi.Dumps"/>
  <testcase name="login" time="0.000" classname="com.externalApi.Dumps"/>
  <testcase name="login" time="0.000" classname="com.externalApi.Dumps"/>
  <testcase name="login" time="0.000" classname="com.externalApi.Dumps"/>
  <testcase name="login" time="0.001" classname="com.externalApi.Dumps"/>
  <testcase name="login" time="0.001" classname="com.externalApi.Dumps"/>
  <testcase name="login" time="0.002" classname="com.externalApi.Dumps"/>
  <testcase name="login" time="0.001" classname="com.externalApi.Dumps"/>
  <testcase name="login" time="0.000" classname="com.externalApi.Dumps"/>
  <testcase name="login" time="0.001" classname="com.externalApi.Dumps"/>
  <testcase name="login" time="0.001" classname="com.externalApi.Dumps"/>
  <testcase name="login" time="0.000" classname="com.externalApi.Dumps"/>
  <testcase name="login" time="0.001" classname="com.externalApi.Dumps"/>
  <testcase name="login" time="0.002" classname="com.externalApi.Dumps"/>
  <testcase name="login" time="0.001" classname="com.externalApi.Dumps"/>
  <testcase name="login" time="0.001" classname="com.externalApi.Dumps"/>
  <testcase name="login" time="0.000" classname="com.externalApi.Dumps"/>
  <testcase name="login" time="0.001" classname="com.externalApi.Dumps"/>
  <testcase name="login" time="0.000" classname="com.externalApi.Dumps"/>
  <testcase name="login" time="0.001" classname="com.externalApi.Dumps"/>
  <testcase name="login" time="0.001" classname="com.externalApi.Dumps"/>
  <testcase name="login" time="0.000" classname="com.externalApi.Dumps"/>
  <testcase name="login" time="0.072" classname="com.externalApi.Dumps"/>
  <testcase name="login" time="0.001" classname="com.externalApi.Dumps"/>
  <testcase name="login" time="0.001" classname="com.externalApi.Dumps"/>
  <testcase name="login" time="0.002" classname="com.externalApi.Dumps"/>
  <testcase name="login" time="0.001" classname="com.externalApi.Dumps"/>
  <testcase name="login" time="0.000" classname="com.externalApi.Dumps"/>
  <testcase name="login" time="0.001" classname="com.externalApi.Dumps"/>
  <testcase name="login" time="0.001" classname="com.externalApi.Dumps"/>
  <testcase name="login" time="0.001" classname="com.externalApi.Dumps"/>
  <testcase name="login" time="0.001" classname="com.externalApi.Dumps"/>
  <testcase name="login" time="0.000" classname="com.externalApi.Dumps"/>
  <testcase name="login" time="0.000" classname="com.externalApi.Dumps"/>
  <testcase name="login" time="0.001" classname="com.externalApi.Dumps"/>
  <testcase name="login" time="0.000" classname="com.externalApi.Dumps"/>
  <testcase name="login" time="0.001" classname="com.externalApi.Dumps"/>
  <testcase name="login" time="0.000" classname="com.externalApi.Dumps"/>
  <testcase name="login" time="0.001" classname="com.externalApi.Dumps"/>
  <testcase name="login" time="0.000" classname="com.externalApi.Dumps"/>
  <testcase name="login" time="0.000" classname="com.externalApi.Dumps"/>
  <testcase name="login" time="0.001" classname="com.externalApi.Dumps"/>
  <testcase name="login" time="0.000" classname="com.externalApi.Dumps"/>
  <testcase name="login" time="0.000" classname="com.externalApi.Dumps"/>
  <testcase name="login" time="0.035" classname="com.externalApi.Dumps"/>
  <testcase name="login" time="0.001" classname="com.externalApi.Dumps"/>
  <testcase name="login" time="0.000" classname="com.externalApi.Dumps"/>
  <testcase name="login" time="0.000" classname="com.externalApi.Dumps"/>
  <testcase name="login" time="0.000" classname="com.externalApi.Dumps"/>
  <testcase name="login" time="0.001" classname="com.externalApi.Dumps"/>
  <testcase name="login" time="0.001" classname="com.externalApi.Dumps"/>
  <testcase name="login" time="0.002" classname="com.externalApi.Dumps"/>
  <testcase name="login" time="0.000" classname="com.externalApi.Dumps"/>
  <testcase name="login" time="0.001" classname="com.externalApi.Dumps"/>
  <testcase name="login" time="0.000" classname="com.externalApi.Dumps"/>
  <testcase name="login" time="0.000" classname="com.externalApi.Dumps"/>
  <testcase name="login" time="0.001" classname="com.externalApi.Dumps"/>
  <testcase name="login" time="0.000" classname="com.externalApi.Dumps"/>
  <testcase name="login" time="0.001" classname="com.externalApi.Dumps"/>
  <testcase name="login" time="0.001" classname="com.externalApi.Dumps"/>
  <testcase name="login" time="0.001" classname="com.externalApi.Dumps"/>
  <testcase name="login" time="0.000" classname="com.externalApi.Dumps"/>
  <testcase name="login" time="0.000" classname="com.externalApi.Dumps"/>
  <testcase name="login" time="0.000" classname="com.externalApi.Dumps"/>
  <testcase name="login" time="0.000" classname="com.externalApi.Dumps"/>
  <testcase name="login" time="0.000" classname="com.externalApi.Dumps"/>
  <testcase name="login" time="0.001" classname="com.externalApi.Dumps"/>
  <testcase name="login" time="0.000" classname="com.externalApi.Dumps"/>
  <testcase name="login" time="0.000" classname="com.externalApi.Dumps"/>
  <testcase name="login" time="0.001" classname="com.externalApi.Dumps"/>
  <testcase name="login" time="0.000" classname="com.externalApi.Dumps"/>
  <testcase name="login" time="0.001" classname="com.externalApi.Dumps"/>
  <testcase name="login" time="0.001" classname="com.externalApi.Dumps"/>
  <testcase name="login" time="0.001" classname="com.externalApi.Dumps"/>
  <testcase name="login" time="0.001" classname="com.externalApi.Dumps"/>
  <testcase name="login" time="0.001" classname="com.externalApi.Dumps"/>
  <testcase name="login" time="0.000" classname="com.externalApi.Dumps"/>
  <testcase name="login" time="0.001" classname="com.externalApi.Dumps"/>
  <testcase name="login" time="0.001" classname="com.externalApi.Dumps"/>
  <testcase name="login" time="0.000" classname="com.externalApi.Dumps"/>
  <testcase name="login" time="0.000" classname="com.externalApi.Dumps"/>
  <testcase name="login" time="0.001" classname="com.externalApi.Dumps"/>
  <testcase name="login" time="0.002" classname="com.externalApi.Dumps"/>
  <testcase name="login" time="0.000" classname="com.externalApi.Dumps"/>
  <testcase name="login" time="0.000" classname="com.externalApi.Dumps"/>
  <testcase name="login" time="0.000" classname="com.externalApi.Dumps"/>
  <testcase name="login" time="0.000" classname="com.externalApi.Dumps"/>
  <testcase name="login" time="0.000" classname="com.externalApi.Dumps"/>
  <testcase name="login" time="0.001" classname="com.externalApi.Dumps"/>
  <testcase name="login" time="0.000" classname="com.externalApi.Dumps"/>
  <testcase name="login" time="0.002" classname="com.externalApi.Dumps"/>
  <testcase name="login" time="0.001" classname="com.externalApi.Dumps"/>
  <testcase name="login" time="0.001" classname="com.externalApi.Dumps"/>
  <testcase name="login" time="0.000" classname="com.externalApi.Dumps"/>
  <testcase name="login" time="0.000" classname="com.externalApi.Dumps"/>
  <testcase name="login" time="0.000" classname="com.externalApi.Dumps"/>
  <testcase name="login" time="0.000" classname="com.externalApi.Dumps"/>
  <testcase name="login" time="0.001" classname="com.externalApi.Dumps"/>
  <testcase name="login" time="0.001" classname="com.externalApi.Dumps"/>
  <testcase name="login" time="0.002" classname="com.externalApi.Dumps"/>
  <testcase name="login" time="0.001" classname="com.externalApi.Dumps"/>
  <testcase name="login" time="0.000" classname="com.externalApi.Dumps"/>
  <testcase name="login" time="0.000" classname="com.externalApi.Dumps"/>
  <testcase name="login" time="0.001" classname="com.externalApi.Dumps"/>
  <testcase name="login" time="0.001" classname="com.externalApi.Dumps"/>
  <testcase name="login" time="0.001" classname="com.externalApi.Dumps"/>
  <testcase name="login" time="0.000" classname="com.externalApi.Dumps"/>
  <testcase name="login" time="0.001" classname="com.externalApi.Dumps"/>
  <testcase name="login" time="0.001" classname="com.externalApi.Dumps"/>
  <testcase name="login" time="0.000" classname="com.externalApi.Dumps"/>
  <testcase name="login" time="0.001" classname="com.externalApi.Dumps"/>
  <testcase name="login" time="0.001" classname="com.externalApi.Dumps"/>
  <testcase name="login" time="0.000" classname="com.externalApi.Dumps"/>
  <testcase name="login" time="0.001" classname="com.externalApi.Dumps"/>
  <testcase name="login" time="0.001" classname="com.externalApi.Dumps"/>
  <testcase name="login" time="0.001" classname="com.externalApi.Dumps"/>
  <testcase name="login" time="0.002" classname="com.externalApi.Dumps"/>
  <testcase name="login" time="0.001" classname="com.externalApi.Dumps"/>
  <testcase name="login" time="0.000" classname="com.externalApi.Dumps"/>
  <testcase name="login" time="0.000" classname="com.externalApi.Dumps"/>
  <testcase name="login" time="0.001" classname="com.externalApi.Dumps"/>
  <testcase name="login" time="0.001" classname="com.externalApi.Dumps"/>
  <testcase name="login" time="0.000" classname="com.externalApi.Dumps"/>
  <testcase name="login" time="0.001" classname="com.externalApi.Dumps"/>
  <testcase name="login" time="0.002" classname="com.externalApi.Dumps"/>
  <testcase name="login" time="0.001" classname="com.externalApi.Dumps"/>
  <testcase name="login" time="0.000" classname="com.externalApi.Dumps"/>
  <testcase name="login" time="0.000" classname="com.externalApi.Dumps"/>
  <testcase name="login" time="0.001" classname="com.externalApi.Dumps"/>
  <testcase name="login" time="0.000" classname="com.externalApi.Dumps"/>
  <testcase name="login" time="0.001" classname="com.externalApi.Dumps"/>
  <testcase name="login" time="0.002" classname="com.externalApi.Dumps"/>
  <testcase name="login" time="0.000" classname="com.externalApi.Dumps"/>
  <testcase name="login" time="0.000" classname="com.externalApi.Dumps"/>
  <testcase name="login" time="0.001" classname="com.externalApi.Dumps"/>
  <testcase name="login" time="0.001" classname="com.externalApi.Dumps"/>
  <testcase name="login" time="0.000" classname="com.externalApi.Dumps"/>
  <testcase name="login" time="0.000" classname="com.externalApi.Dumps"/>
  <testcase name="login" time="0.001" classname="com.externalApi.Dumps"/>
  <testcase name="login" time="0.000" classname="com.externalApi.Dumps"/>
  <testcase name="login" time="0.000" classname="com.externalApi.Dumps"/>
  <testcase name="login" time="0.002" classname="com.externalApi.Dumps"/>
  <testcase name="login" time="0.002" classname="com.externalApi.Dumps"/>
  <testcase name="login" time="0.000" classname="com.externalApi.Dumps"/>
  <testcase name="login" time="0.001" classname="com.externalApi.Dumps"/>
  <testcase name="login" time="0.000" classname="com.externalApi.Dumps"/>
  <testcase name="login" time="0.000" classname="com.externalApi.Dumps"/>
  <testcase name="login" time="0.001" classname="com.externalApi.Dumps"/>
  <testcase name="login" time="0.000" classname="com.externalApi.Dumps"/>
  <testcase name="login" time="0.001" classname="com.externalApi.Dumps"/>
  <testcase name="login" time="0.286" classname="com.externalApi.Dumps"/>
  <testcase name="login" time="0.002" classname="com.externalApi.Dumps"/>
  <testcase name="login" time="0.001" classname="com.externalApi.Dumps"/>
  <testcase name="login" time="0.274" classname="com.externalApi.Dumps"/>
  <testcase name="login" time="0.001" classname="com.externalApi.Dumps"/>
  <testcase name="login" time="0.001" classname="com.externalApi.Dumps"/>
  <testcase name="login" time="0.000" classname="com.externalApi.Dumps"/>
  <testcase name="login" time="0.001" classname="com.externalApi.Dumps"/>
  <testcase name="login" time="0.000" classname="com.externalApi.Dumps"/>
  <testcase name="login" time="0.000" classname="com.externalApi.Dumps"/>
  <testcase name="login" time="0.001" classname="com.externalApi.Dumps"/>
  <testcase name="login" time="0.000" classname="com.externalApi.Dumps"/>
  <testcase name="login" time="0.000" classname="com.externalApi.Dumps"/>
  <testcase name="login" time="0.002" classname="com.externalApi.Dumps"/>
  <testcase name="login" time="0.002" classname="com.externalApi.Dumps"/>
  <testcase name="login" time="0.001" classname="com.externalApi.Dumps"/>
  <testcase name="login" time="0.000" classname="com.externalApi.Dumps"/>
  <testcase name="login" time="0.001" classname="com.externalApi.Dumps"/>
  <testcase name="login" time="0.001" classname="com.externalApi.Dumps"/>
  <testcase name="login" time="0.000" classname="com.externalApi.Dumps"/>
  <testcase name="login" time="0.000" classname="com.externalApi.Dumps"/>
  <testcase name="login" time="0.000" classname="com.externalApi.Dumps"/>
  <testcase name="login" time="0.000" classname="com.externalApi.Dumps"/>
  <testcase name="login" time="0.000" classname="com.externalApi.Dumps"/>
  <testcase name="login" time="0.000" classname="com.externalApi.Dumps"/>
  <testcase name="login" time="0.001" classname="com.externalApi.Dumps"/>
  <testcase name="login" time="0.000" classname="com.externalApi.Dumps"/>
  <testcase name="login" time="0.000" classname="com.externalApi.Dumps"/>
  <testcase name="login" time="0.000" classname="com.externalApi.Dumps"/>
  <testcase name="login" time="0.002" classname="com.externalApi.Dumps"/>
  <testcase name="login" time="0.001" classname="com.externalApi.Dumps"/>
  <testcase name="login" time="0.001" classname="com.externalApi.Dumps"/>
  <testcase name="login" time="0.000" classname="com.externalApi.Dumps"/>
  <testcase name="login" time="0.001" classname="com.externalApi.Dumps"/>
  <testcase name="login" time="0.000" classname="com.externalApi.Dumps"/>
  <testcase name="login" time="0.000" classname="com.externalApi.Dumps"/>
  <testcase name="login" time="0.000" classname="com.externalApi.Dumps"/>
  <testcase name="login" time="0.000" classname="com.externalApi.Dumps"/>
  <testcase name="login" time="0.001" classname="com.externalApi.Dumps"/>
  <testcase name="login" time="0.001" classname="com.externalApi.Dumps"/>
  <testcase name="login" time="0.031" classname="com.externalApi.Dumps"/>
  <testcase name="login" time="0.001" classname="com.externalApi.Dumps"/>
  <testcase name="login" time="0.000" classname="com.externalApi.Dumps"/>
  <testcase name="login" time="0.000" classname="com.externalApi.Dumps"/>
  <testcase name="login" time="0.003" classname="com.externalApi.Dumps"/>
  <testcase name="login" time="0.000" classname="com.externalApi.Dumps"/>
  <testcase name="login" time="0.000" classname="com.externalApi.Dumps"/>
  <testcase name="login" time="0.000" classname="com.externalApi.Dumps"/>
  <testcase name="login" time="0.001" classname="com.externalApi.Dumps"/>
  <testcase name="login" time="0.000" classname="com.externalApi.Dumps"/>
  <testcase name="login" time="0.001" classname="com.externalApi.Dumps"/>
  <testcase name="login" time="0.000" classname="com.externalApi.Dumps"/>
  <testcase name="login" time="0.001" classname="com.externalApi.Dumps"/>
  <testcase name="login" time="0.001" classname="com.externalApi.Dumps"/>
  <testcase name="login" time="0.000" classname="com.externalApi.Dumps"/>
  <testcase name="login" time="0.000" classname="com.externalApi.Dumps"/>
  <testcase name="login" time="0.000" classname="com.externalApi.Dumps"/>
  <testcase name="login" time="0.000" classname="com.externalApi.Dumps"/>
  <testcase name="login" time="0.000" classname="com.externalApi.Dumps"/>
  <testcase name="login" time="0.001" classname="com.externalApi.Dumps"/>
  <testcase name="login" time="0.001" classname="com.externalApi.Dumps"/>
  <testcase name="login" time="0.001" classname="com.externalApi.Dumps"/>
  <testcase name="login" time="0.000" classname="com.externalApi.Dumps"/>
  <testcase name="login" time="0.001" classname="com.externalApi.Dumps"/>
  <testcase name="login" time="0.001" classname="com.externalApi.Dumps"/>
  <testcase name="login" time="0.001" classname="com.externalApi.Dumps"/>
  <testcase name="login" time="0.003" classname="com.externalApi.Dumps"/>
  <testcase name="login" time="0.001" classname="com.externalApi.Dumps"/>
  <testcase name="login" time="0.001" classname="com.externalApi.Dumps"/>
  <testcase name="login" time="0.000" classname="com.externalApi.Dumps"/>
  <testcase name="login" time="0.001" classname="com.externalApi.Dumps"/>
  <testcase name="login" time="0.002" classname="com.externalApi.Dumps"/>
  <testcase name="login" time="0.001" classname="com.externalApi.Dumps"/>
  <testcase name="login" time="0.000" classname="com.externalApi.Dumps"/>
  <testcase name="login" time="0.001" classname="com.externalApi.Dumps"/>
  <testcase name="login" time="0.000" classname="com.externalApi.Dumps"/>
  <testcase name="login" time="0.001" classname="com.externalApi.Dumps"/>
  <testcase name="login" time="0.001" classname="com.externalApi.Dumps"/>
  <testcase name="login" time="0.001" classname="com.externalApi.Dumps"/>
  <testcase name="login" time="0.001" classname="com.externalApi.Dumps"/>
  <testcase name="login" time="0.001" classname="com.externalApi.Dumps"/>
  <testcase name="login" time="0.001" classname="com.externalApi.Dumps"/>
  <testcase name="login" time="0.000" classname="com.externalApi.Dumps"/>
  <testcase name="login" time="0.000" classname="com.externalApi.Dumps"/>
  <testcase name="login" time="0.001" classname="com.externalApi.Dumps"/>
  <testcase name="login" time="0.001" classname="com.externalApi.Dumps"/>
  <testcase name="login" time="0.000" classname="com.externalApi.Dumps"/>
  <testcase name="login" time="0.000" classname="com.externalApi.Dumps"/>
  <testcase name="login" time="0.001" classname="com.externalApi.Dumps"/>
  <testcase name="login" time="0.000" classname="com.externalApi.Dumps"/>
  <testcase name="login" time="0.001" classname="com.externalApi.Dumps"/>
  <testcase name="login" time="0.001" classname="com.externalApi.Dumps"/>
  <testcase name="login" time="0.001" classname="com.externalApi.Dumps"/>
  <testcase name="login" time="0.000" classname="com.externalApi.Dumps"/>
  <testcase name="login" time="0.001" classname="com.externalApi.Dumps"/>
  <testcase name="login" time="0.000" classname="com.externalApi.Dumps"/>
  <testcase name="login" time="0.000" classname="com.externalApi.Dumps"/>
  <testcase name="login" time="0.000" classname="com.externalApi.Dumps"/>
  <testcase name="login" time="0.001" classname="com.externalApi.Dumps"/>
  <testcase name="login" time="0.000" classname="com.externalApi.Dumps"/>
  <testcase name="login" time="0.000" classname="com.externalApi.Dumps"/>
  <testcase name="login" time="0.001" classname="com.externalApi.Dumps"/>
  <testcase name="login" time="0.001" classname="com.externalApi.Dumps"/>
  <testcase name="login" time="0.000" classname="com.externalApi.Dumps"/>
  <testcase name="login" time="0.001" classname="com.externalApi.Dumps"/>
  <testcase name="login" time="0.001" classname="com.externalApi.Dumps"/>
  <testcase name="login" time="0.000" classname="com.externalApi.Dumps"/>
  <testcase name="login" time="0.000" classname="com.externalApi.Dumps"/>
  <testcase name="login" time="0.000" classname="com.externalApi.Dumps"/>
  <testcase name="login" time="0.001" classname="com.externalApi.Dumps"/>
  <testcase name="login" time="0.000" classname="com.externalApi.Dumps"/>
  <testcase name="login" time="0.001" classname="com.externalApi.Dumps"/>
  <testcase name="login" time="0.000" classname="com.externalApi.Dumps"/>
  <testcase name="login" time="0.000" classname="com.externalApi.Dumps"/>
  <testcase name="login" time="0.001" classname="com.externalApi.Dumps"/>
  <testcase name="login" time="0.000" classname="com.externalApi.Dumps"/>
  <testcase name="login" time="0.001" classname="com.externalApi.Dumps"/>
  <testcase name="login" time="0.000" classname="com.externalApi.Dumps"/>
  <testcase name="login" time="0.000" classname="com.externalApi.Dumps"/>
  <testcase name="login" time="0.001" classname="com.externalApi.Dumps"/>
  <testcase name="login" time="0.000" classname="com.externalApi.Dumps"/>
  <testcase name="login" time="0.000" classname="com.externalApi.Dumps"/>
  <testcase name="login" time="0.001" classname="com.externalApi.Dumps"/>
  <testcase name="login" time="0.001" classname="com.externalApi.Dumps"/>
  <testcase name="login" time="0.000" classname="com.externalApi.Dumps"/>
  <testcase name="login" time="0.000" classname="com.externalApi.Dumps"/>
  <testcase name="login" time="0.011" classname="com.externalApi.Dumps"/>
  <testcase name="login" time="0.000" classname="com.externalApi.Dumps"/>
  <testcase name="login" time="0.000" classname="com.externalApi.Dumps"/>
  <testcase name="login" time="0.002" classname="com.externalApi.Dumps"/>
  <testcase name="login" time="0.001" classname="com.externalApi.Dumps"/>
  <testcase name="login" time="0.001" classname="com.externalApi.Dumps"/>
  <testcase name="login" time="0.001" classname="com.externalApi.Dumps"/>
  <testcase name="login" time="0.000" classname="com.externalApi.Dumps"/>
  <testcase name="login" time="0.000" classname="com.externalApi.Dumps"/>
  <testcase name="login" time="0.000" classname="com.externalApi.Dumps"/>
  <testcase name="login" time="0.001" classname="com.externalApi.Dumps"/>
  <testcase name="login" time="0.000" classname="com.externalApi.Dumps"/>
  <testcase name="login" time="0.001" classname="com.externalApi.Dumps"/>
  <testcase name="login" time="0.000" classname="com.externalApi.Dumps"/>
  <testcase name="login" time="0.000" classname="com.externalApi.Dumps"/>
  <testcase name="login" time="0.000" classname="com.externalApi.Dumps"/>
  <testcase name="login" time="0.000" classname="com.externalApi.Dumps"/>
  <testcase name="login" time="0.001" classname="com.externalApi.Dumps"/>
  <testcase name="login" time="0.000" classname="com.externalApi.Dumps"/>
  <testcase name="login" time="0.001" classname="com.externalApi.Dumps"/>
  <testcase name="login" time="0.002" classname="com.externalApi.Dumps"/>
  <testcase name="login" time="0.001" classname="com.externalApi.Dumps"/>
  <testcase name="login" time="0.000" classname="com.externalApi.Dumps"/>
  <testcase name="login" time="0.001" classname="com.externalApi.Dumps"/>
  <testcase name="login" time="0.001" classname="com.externalApi.Dumps"/>
  <testcase name="login" time="0.000" classname="com.externalApi.Dumps"/>
  <testcase name="login" time="0.000" classname="com.externalApi.Dumps"/>
  <testcase name="login" time="0.000" classname="com.externalApi.Dumps"/>
  <testcase name="login" time="0.000" classname="com.externalApi.Dumps"/>
  <testcase name="login" time="0.001" classname="com.externalApi.Dumps"/>
  <testcase name="login" time="0.003" classname="com.externalApi.Dumps"/>
  <testcase name="login" time="0.002" classname="com.externalApi.Dumps"/>
  <testcase name="login" time="0.000" classname="com.externalApi.Dumps"/>
  <testcase name="login" time="0.000" classname="com.externalApi.Dumps"/>
  <testcase name="login" time="0.001" classname="com.externalApi.Dumps"/>
  <testcase name="login" time="0.001" classname="com.externalApi.Dumps"/>
  <testcase name="login" time="0.000" classname="com.externalApi.Dumps"/>
  <testcase name="login" time="0.000" classname="com.externalApi.Dumps"/>
  <testcase name="login" time="0.001" classname="com.externalApi.Dumps"/>
  <testcase name="login" time="0.000" classname="com.externalApi.Dumps"/>
  <testcase name="login" time="0.001" classname="com.externalApi.Dumps"/>
  <testcase name="login" time="0.068" classname="com.externalApi.Dumps"/>
  <testcase name="login" time="0.000" classname="com.externalApi.Dumps"/>
  <testcase name="login" time="0.000" classname="com.externalApi.Dumps"/>
  <testcase name="login" time="0.001" classname="com.externalApi.Dumps"/>
  <testcase name="login" time="0.001" classname="com.externalApi.Dumps"/>
  <testcase name="login" time="0.000" classname="com.externalApi.Dumps"/>
  <testcase name="login" time="0.001" classname="com.externalApi.Dumps"/>
  <testcase name="login" time="0.000" classname="com.externalApi.Dumps"/>
  <testcase name="login" time="0.001" classname="com.externalApi.Dumps"/>
  <testcase name="login" time="0.001" classname="com.externalApi.Dumps"/>
  <testcase name="login" time="0.001" classname="com.externalApi.Dumps"/>
  <testcase name="login" time="0.000" classname="com.externalApi.Dumps"/>
  <testcase name="login" time="0.002" classname="com.externalApi.Dumps"/>
  <testcase name="login" time="0.000" classname="com.externalApi.Dumps"/>
  <testcase name="login" time="0.002" classname="com.externalApi.Dumps"/>
  <testcase name="login" time="0.000" classname="com.externalApi.Dumps"/>
  <testcase name="login" time="0.000" classname="com.externalApi.Dumps"/>
  <testcase name="login" time="0.001" classname="com.externalApi.Dumps"/>
  <testcase name="login" time="0.000" classname="com.externalApi.Dumps"/>
  <testcase name="login" time="0.000" classname="com.externalApi.Dumps"/>
  <testcase name="login" time="0.002" classname="com.externalApi.Dumps"/>
  <testcase name="login" time="0.000" classname="com.externalApi.Dumps"/>
  <testcase name="login" time="0.001" classname="com.externalApi.Dumps"/>
  <testcase name="login" time="0.000" classname="com.externalApi.Dumps"/>
  <testcase name="login" time="0.000" classname="com.externalApi.Dumps"/>
  <testcase name="login" time="0.000" classname="com.externalApi.Dumps"/>
  <testcase name="login" time="0.001" classname="com.externalApi.Dumps"/>
  <testcase name="login" time="0.001" classname="com.externalApi.Dumps"/>
  <testcase name="login" time="0.001" classname="com.externalApi.Dumps"/>
  <testcase name="login" time="0.001" classname="com.externalApi.Dumps"/>
  <testcase name="login" time="0.000" classname="com.externalApi.Dumps"/>
  <testcase name="login" time="0.000" classname="com.externalApi.Dumps"/>
  <testcase name="login" time="0.000" classname="com.externalApi.Dumps"/>
  <testcase name="login" time="0.000" classname="com.externalApi.Dumps"/>
  <testcase name="login" time="0.001" classname="com.externalApi.Dumps"/>
  <testcase name="login" time="0.000" classname="com.externalApi.Dumps"/>
  <testcase name="login" time="0.001" classname="com.externalApi.Dumps"/>
  <testcase name="login" time="0.001" classname="com.externalApi.Dumps"/>
  <testcase name="login" time="0.000" classname="com.externalApi.Dumps"/>
  <testcase name="login" time="0.004" classname="com.externalApi.Dumps"/>
  <testcase name="login" time="0.001" classname="com.externalApi.Dumps"/>
  <testcase name="login" time="0.000" classname="com.externalApi.Dumps"/>
  <testcase name="login" time="0.004" classname="com.externalApi.Dumps"/>
  <testcase name="login" time="0.000" classname="com.externalApi.Dumps"/>
  <testcase name="login" time="0.000" classname="com.externalApi.Dumps"/>
  <testcase name="login" time="0.001" classname="com.externalApi.Dumps"/>
  <testcase name="login" time="0.000" classname="com.externalApi.Dumps"/>
  <testcase name="login" time="0.000" classname="com.externalApi.Dumps"/>
  <testcase name="login" time="0.000" classname="com.externalApi.Dumps"/>
  <testcase name="login" time="0.001" classname="com.externalApi.Dumps"/>
  <testcase name="login" time="0.001" classname="com.externalApi.Dumps"/>
  <testcase name="login" time="0.000" classname="com.externalApi.Dumps"/>
  <testcase name="login" time="0.000" classname="com.externalApi.Dumps"/>
  <testcase name="login" time="0.053" classname="com.externalApi.Dumps"/>
  <testcase name="login" time="0.000" classname="com.externalApi.Dumps"/>
  <testcase name="login" time="0.004" classname="com.externalApi.Dumps"/>
  <testcase name="login" time="0.000" classname="com.externalApi.Dumps"/>
  <testcase name="login" time="0.001" classname="com.externalApi.Dumps"/>
  <testcase name="login" time="0.001" classname="com.externalApi.Dumps"/>
  <testcase name="login" time="0.000" classname="com.externalApi.Dumps"/>
  <testcase name="login" time="0.001" classname="com.externalApi.Dumps"/>
  <testcase name="login" time="0.000" classname="com.externalApi.Dumps"/>
  <testcase name="login" time="0.001" classname="com.externalApi.Dumps"/>
  <testcase name="login" time="0.001" classname="com.externalApi.Dumps"/>
  <testcase name="login" time="0.001" classname="com.externalApi.Dumps"/>
  <testcase name="login" time="0.001" classname="com.externalApi.Dumps"/>
  <testcase name="login" time="0.001" classname="com.externalApi.Dumps"/>
  <testcase name="login" time="0.001" classname="com.externalApi.Dumps"/>
  <testcase name="login" time="0.001" classname="com.externalApi.Dumps"/>
  <testcase name="login" time="0.001" classname="com.externalApi.Dumps"/>
  <testcase name="login" time="0.000" classname="com.externalApi.Dumps"/>
  <testcase name="login" time="0.000" classname="com.externalApi.Dumps"/>
  <testcase name="login" time="0.000" classname="com.externalApi.Dumps"/>
  <testcase name="login" time="0.002" classname="com.externalApi.Dumps"/>
  <testcase name="login" time="0.000" classname="com.externalApi.Dumps"/>
  <testcase name="login" time="0.001" classname="com.externalApi.Dumps"/>
  <testcase name="login" time="0.000" classname="com.externalApi.Dumps"/>
  <testcase name="login" time="0.001" classname="com.externalApi.Dumps"/>
  <testcase name="login" time="0.001" classname="com.externalApi.Dumps"/>
  <testcase name="login" time="0.000" classname="com.externalApi.Dumps"/>
  <testcase name="login" time="0.000" classname="com.externalApi.Dumps"/>
  <testcase name="login" time="0.001" classname="com.externalApi.Dumps"/>
  <testcase name="login" time="0.001" classname="com.externalApi.Dumps"/>
  <testcase name="login" time="0.001" classname="com.externalApi.Dumps"/>
  <testcase name="login" time="0.001" classname="com.externalApi.Dumps"/>
  <testcase name="login" time="0.000" classname="com.externalApi.Dumps"/>
  <testcase name="login" time="0.000" classname="com.externalApi.Dumps"/>
  <testcase name="login" time="0.000" classname="com.externalApi.Dumps"/>
  <testcase name="login" time="0.003" classname="com.externalApi.Dumps"/>
  <testcase name="login" time="0.000" classname="com.externalApi.Dumps"/>
  <testcase name="login" time="0.001" classname="com.externalApi.Dumps"/>
  <testcase name="login" time="0.000" classname="com.externalApi.Dumps"/>
  <testcase name="login" time="0.000" classname="com.externalApi.Dumps"/>
  <testcase name="login" time="0.002" classname="com.externalApi.Dumps"/>
  <testcase name="login" time="0.001" classname="com.externalApi.Dumps"/>
  <testcase name="login" time="0.072" classname="com.externalApi.Dumps"/>
  <testcase name="login" time="0.001" classname="com.externalApi.Dumps"/>
  <testcase name="login" time="0.000" classname="com.externalApi.Dumps"/>
  <testcase name="login" time="0.001" classname="com.externalApi.Dumps"/>
  <testcase name="login" time="0.000" classname="com.externalApi.Dumps"/>
  <testcase name="login" time="0.000" classname="com.externalApi.Dumps"/>
  <testcase name="login" time="0.001" classname="com.externalApi.Dumps"/>
  <testcase name="login" time="0.001" classname="com.externalApi.Dumps"/>
  <testcase name="login" time="0.001" classname="com.externalApi.Dumps"/>
  <testcase name="login" time="0.005" classname="com.externalApi.Dumps"/>
  <testcase name="login" time="0.000" classname="com.externalApi.Dumps"/>
  <testcase name="login" time="0.000" classname="com.externalApi.Dumps"/>
  <testcase name="login" time="0.002" classname="com.externalApi.Dumps"/>
  <testcase name="login" time="0.000" classname="com.externalApi.Dumps"/>
  <testcase name="login" time="0.001" classname="com.externalApi.Dumps"/>
  <testcase name="login" time="0.000" classname="com.externalApi.Dumps"/>
  <testcase name="login" time="0.001" classname="com.externalApi.Dumps"/>
  <testcase name="login" time="0.001" classname="com.externalApi.Dumps"/>
  <testcase name="login" time="0.001" classname="com.externalApi.Dumps"/>
  <testcase name="login" time="0.000" classname="com.externalApi.Dumps"/>
  <testcase name="login" time="0.001" classname="com.externalApi.Dumps"/>
  <testcase name="login" time="0.000" classname="com.externalApi.Dumps"/>
  <testcase name="login" time="0.000" classname="com.externalApi.Dumps"/>
  <testcase name="login" time="0.001" classname="com.externalApi.Dumps"/>
  <testcase name="login" time="0.000" classname="com.externalApi.Dumps"/>
  <testcase name="login" time="0.004" classname="com.externalApi.Dumps"/>
  <testcase name="login" time="0.000" classname="com.externalApi.Dumps"/>
  <testcase name="login" time="0.000" classname="com.externalApi.Dumps"/>
  <testcase name="login" time="0.000" classname="com.externalApi.Dumps"/>
  <testcase name="login" time="0.015" classname="com.externalApi.Dumps"/>
  <testcase name="login" time="0.000" classname="com.externalApi.Dumps"/>
  <testcase name="login" time="0.001" classname="com.externalApi.Dumps"/>
  <testcase name="login" time="0.002" classname="com.externalApi.Dumps"/>
  <testcase name="login" time="0.000" classname="com.externalApi.Dumps"/>
  <testcase name="login" time="0.002" classname="com.externalApi.Dumps"/>
  <testcase name="login" time="0.001" classname="com.externalApi.Dumps"/>
  <testcase name="login" time="0.000" classname="com.externalApi.Dumps"/>
  <testcase name="login" time="0.000" classname="com.externalApi.Dumps"/>
  <testcase name="login" time="0.000" classname="com.externalApi.Dumps"/>
  <testcase name="login" time="0.001" classname="com.externalApi.Dumps"/>
  <testcase name="login" time="0.000" classname="com.externalApi.Dumps"/>
  <testcase name="login" time="0.000" classname="com.externalApi.Dumps"/>
  <testcase name="login" time="0.001" classname="com.externalApi.Dumps"/>
  <testcase name="login" time="0.000" classname="com.externalApi.Dumps"/>
  <testcase name="login" time="0.001" classname="com.externalApi.Dumps"/>
  <testcase name="login" time="0.001" classname="com.externalApi.Dumps"/>
  <testcase name="login" time="0.001" classname="com.externalApi.Dumps"/>
  <testcase name="login" time="0.000" classname="com.externalApi.Dumps"/>
  <testcase name="login" time="0.040" classname="com.externalApi.Dumps"/>
  <testcase name="login" time="0.000" classname="com.externalApi.Dumps"/>
  <testcase name="login" time="0.000" classname="com.externalApi.Dumps"/>
  <testcase name="login" time="0.002" classname="com.externalApi.Dumps"/>
  <testcase name="login" time="0.001" classname="com.externalApi.Dumps"/>
  <testcase name="login" time="0.001" classname="com.externalApi.Dumps"/>
  <testcase name="login" time="0.001" classname="com.externalApi.Dumps"/>
  <testcase name="login" time="0.001" classname="com.externalApi.Dumps"/>
  <testcase name="login" time="0.096" classname="com.externalApi.Dumps"/>
  <testcase name="login" time="0.000" classname="com.externalApi.Dumps"/>
  <testcase name="login" time="0.000" classname="com.externalApi.Dumps"/>
  <testcase name="login" time="0.000" classname="com.externalApi.Dumps"/>
  <testcase name="login" time="0.000" classname="com.externalApi.Dumps"/>
  <testcase name="login" time="0.001" classname="com.externalApi.Dumps"/>
  <testcase name="login" time="0.000" classname="com.externalApi.Dumps"/>
  <testcase name="login" time="0.001" classname="com.externalApi.Dumps"/>
  <testcase name="login" time="0.001" classname="com.externalApi.Dumps"/>
  <testcase name="login" time="0.000" classname="com.externalApi.Dumps"/>
  <testcase name="login" time="0.000" classname="com.externalApi.Dumps"/>
  <testcase name="login" time="0.000" classname="com.externalApi.Dumps"/>
  <testcase name="login" time="0.000" classname="com.externalApi.Dumps"/>
  <testcase name="login" time="0.004" classname="com.externalApi.Dumps"/>
  <testcase name="login" time="0.001" classname="com.externalApi.Dumps"/>
  <testcase name="login" time="0.001" classname="com.externalApi.Dumps"/>
  <testcase name="login" time="0.000" classname="com.externalApi.Dumps"/>
  <testcase name="login" time="0.019" classname="com.externalApi.Dumps"/>
  <testcase name="login" time="0.001" classname="com.externalApi.Dumps"/>
  <testcase name="login" time="0.001" classname="com.externalApi.Dumps"/>
  <testcase name="login" time="0.001" classname="com.externalApi.Dumps"/>
  <testcase name="login" time="0.000" classname="com.externalApi.Dumps"/>
  <testcase name="login" time="0.001" classname="com.externalApi.Dumps"/>
  <testcase name="login" time="0.001" classname="com.externalApi.Dumps"/>
  <testcase name="login" time="0.000" classname="com.externalApi.Dumps"/>
  <testcase name="login" time="0.000" classname="com.externalApi.Dumps"/>
  <testcase name="login" time="0.001" classname="com.externalApi.Dumps"/>
  <testcase name="login" time="0.001" classname="com.externalApi.Dumps"/>
  <testcase name="login" time="0.002" classname="com.externalApi.Dumps"/>
  <testcase name="login" time="0.000" classname="com.externalApi.Dumps"/>
  <testcase name="login" time="0.000" classname="com.externalApi.Dumps"/>
  <testcase name="login" time="0.000" classname="com.externalApi.Dumps"/>
  <testcase name="login" time="0.001" classname="com.externalApi.Dumps"/>
  <testcase name="login" time="0.001" classname="com.externalApi.Dumps"/>
  <testcase name="login" time="0.000" classname="com.externalApi.Dumps"/>
  <testcase name="login" time="0.001" classname="com.externalApi.Dumps"/>
  <testcase name="login" time="0.001" classname="com.externalApi.Dumps"/>
  <testcase name="login" time="0.001" classname="com.externalApi.Dumps"/>
  <testcase name="login" time="0.000" classname="com.externalApi.Dumps"/>
  <testcase name="login" time="0.000" classname="com.externalApi.Dumps"/>
  <testcase name="login" time="0.001" classname="com.externalApi.Dumps"/>
  <testcase name="login" time="0.000" classname="com.externalApi.Dumps"/>
  <testcase name="login" time="0.001" classname="com.externalApi.Dumps"/>
  <testcase name="login" time="0.001" classname="com.externalApi.Dumps"/>
  <testcase name="login" time="0.001" classname="com.externalApi.Dumps"/>
  <testcase name="login" time="0.002" classname="com.externalApi.Dumps"/>
  <testcase name="login" time="0.001" classname="com.externalApi.Dumps"/>
  <testcase name="login" time="0.002" classname="com.externalApi.Dumps"/>
  <testcase name="login" time="0.000" classname="com.externalApi.Dumps"/>
  <testcase name="login" time="0.001" classname="com.externalApi.Dumps"/>
  <testcase name="login" time="0.000" classname="com.externalApi.Dumps"/>
  <testcase name="login" time="0.000" classname="com.externalApi.Dumps"/>
  <testcase name="login" time="0.000" classname="com.externalApi.Dumps"/>
  <testcase name="login" time="0.002" classname="com.externalApi.Dumps"/>
  <testcase name="login" time="0.001" classname="com.externalApi.Dumps"/>
  <testcase name="login" time="0.002" classname="com.externalApi.Dumps"/>
  <testcase name="login" time="0.000" classname="com.externalApi.Dumps"/>
  <testcase name="login" time="0.001" classname="com.externalApi.Dumps"/>
  <testcase name="login" time="0.001" classname="com.externalApi.Dumps"/>
  <testcase name="login" time="0.000" classname="com.externalApi.Dumps"/>
  <testcase name="login" time="0.000" classname="com.externalApi.Dumps"/>
  <testcase name="login" time="0.000" classname="com.externalApi.Dumps"/>
  <testcase name="login" time="0.001" classname="com.externalApi.Dumps"/>
  <testcase name="login" time="0.000" classname="com.externalApi.Dumps"/>
  <testcase name="login" time="0.000" classname="com.externalApi.Dumps"/>
  <testcase name="login" time="0.000" classname="com.externalApi.Dumps"/>
  <testcase name="login" time="0.002" classname="com.externalApi.Dumps"/>
  <testcase name="login" time="0.001" classname="com.externalApi.Dumps"/>
  <testcase name="login" time="0.001" classname="com.externalApi.Dumps"/>
  <testcase name="login" time="0.000" classname="com.externalApi.Dumps"/>
  <testcase name="login" time="0.001" classname="com.externalApi.Dumps"/>
  <testcase name="login" time="0.001" classname="com.externalApi.Dumps"/>
  <testcase name="login" time="0.001" classname="com.externalApi.Dumps"/>
  <testcase name="login" time="0.002" classname="com.externalApi.Dumps"/>
  <testcase name="login" time="0.000" classname="com.externalApi.Dumps"/>
  <testcase name="login" time="0.001" classname="com.externalApi.Dumps"/>
  <testcase name="login" time="0.000" classname="com.externalApi.Dumps"/>
  <testcase name="login" time="0.001" classname="com.externalApi.Dumps"/>
  <testcase name="login" time="0.000" classname="com.externalApi.Dumps"/>
  <testcase name="login" time="0.000" classname="com.externalApi.Dumps"/>
  <testcase name="login" time="0.000" classname="com.externalApi.Dumps"/>
  <testcase name="login" time="0.000" classname="com.externalApi.Dumps"/>
  <testcase name="login" time="0.001" classname="com.externalApi.Dumps"/>
  <testcase name="login" time="0.001" classname="com.externalApi.Dumps"/>
  <testcase name="login" time="0.000" classname="com.externalApi.Dumps"/>
  <testcase name="login" time="0.001" classname="com.externalApi.Dumps"/>
  <testcase name="login" time="0.000" classname="com.externalApi.Dumps"/>
  <testcase name="login" time="0.268" classname="com.externalApi.Dumps"/>
  <testcase name="login" time="0.000" classname="com.externalApi.Dumps"/>
  <testcase name="login" time="0.001" classname="com.externalApi.Dumps"/>
  <testcase name="login" time="0.000" classname="com.externalApi.Dumps"/>
  <testcase name="login" time="0.002" classname="com.externalApi.Dumps"/>
  <testcase name="login" time="0.000" classname="com.externalApi.Dumps"/>
  <testcase name="login" time="0.001" classname="com.externalApi.Dumps"/>
  <testcase name="login" time="0.000" classname="com.externalApi.Dumps"/>
  <testcase name="login" time="0.002" classname="com.externalApi.Dumps"/>
  <testcase name="login" time="0.001" classname="com.externalApi.Dumps"/>
  <testcase name="login" time="0.000" classname="com.externalApi.Dumps"/>
  <testcase name="login" time="0.001" classname="com.externalApi.Dumps"/>
  <testcase name="login" time="0.001" classname="com.externalApi.Dumps"/>
  <testcase name="login" time="0.001" classname="com.externalApi.Dumps"/>
  <testcase name="login" time="0.001" classname="com.externalApi.Dumps"/>
  <testcase name="login" time="0.001" classname="com.externalApi.Dumps"/>
  <testcase name="login" time="0.000" classname="com.externalApi.Dumps"/>
  <testcase name="login" time="0.001" classname="com.externalApi.Dumps"/>
  <testcase name="login" time="0.001" classname="com.externalApi.Dumps"/>
  <testcase name="login" time="0.000" classname="com.externalApi.Dumps"/>
  <testcase name="login" time="0.001" classname="com.externalApi.Dumps"/>
  <testcase name="login" time="0.002" classname="com.externalApi.Dumps"/>
  <testcase name="login" time="0.001" classname="com.externalApi.Dumps"/>
  <testcase name="login" time="0.001" classname="com.externalApi.Dumps"/>
  <testcase name="login" time="0.001" classname="com.externalApi.Dumps"/>
  <testcase name="login" time="0.001" classname="com.externalApi.Dumps"/>
  <testcase name="login" time="0.002" classname="com.externalApi.Dumps"/>
  <testcase name="login" time="0.000" classname="com.externalApi.Dumps"/>
  <testcase name="login" time="0.000" classname="com.externalApi.Dumps"/>
  <testcase name="login" time="0.001" classname="com.externalApi.Dumps"/>
  <testcase name="login" time="0.000" classname="com.externalApi.Dumps"/>
  <testcase name="login" time="0.001" classname="com.externalApi.Dumps"/>
  <testcase name="login" time="0.006" classname="com.externalApi.Dumps"/>
  <testcase name="login" time="0.000" classname="com.externalApi.Dumps"/>
  <testcase name="login" time="0.001" classname="com.externalApi.Dumps"/>
  <testcase name="login" time="0.002" classname="com.externalApi.Dumps"/>
  <testcase name="login" time="0.001" classname="com.externalApi.Dumps"/>
  <testcase name="login" time="0.001" classname="com.externalApi.Dumps"/>
  <testcase name="login" time="0.001" classname="com.externalApi.Dumps"/>
  <testcase name="login" time="0.000" classname="com.externalApi.Dumps"/>
  <testcase name="login" time="0.000" classname="com.externalApi.Dumps"/>
  <testcase name="login" time="0.001" classname="com.externalApi.Dumps"/>
  <testcase name="login" time="0.001" classname="com.externalApi.Dumps"/>
  <testcase name="login" time="0.001" classname="com.externalApi.Dumps"/>
  <testcase name="login" time="0.003" classname="com.externalApi.Dumps"/>
  <testcase name="login" time="0.002" classname="com.externalApi.Dumps"/>
  <testcase name="login" time="0.009" classname="com.externalApi.Dumps"/>
  <testcase name="login" time="0.001" classname="com.externalApi.Dumps"/>
  <testcase name="login" time="0.000" classname="com.externalApi.Dumps"/>
  <testcase name="login" time="0.001" classname="com.externalApi.Dumps"/>
  <testcase name="login" time="0.001" classname="com.externalApi.Dumps"/>
  <testcase name="login" time="0.000" classname="com.externalApi.Dumps"/>
  <testcase name="login" time="0.000" classname="com.externalApi.Dumps"/>
  <testcase name="login" time="0.001" classname="com.externalApi.Dumps"/>
  <testcase name="login" time="0.000" classname="com.externalApi.Dumps"/>
  <testcase name="login" time="0.000" classname="com.externalApi.Dumps"/>
  <testcase name="login" time="0.002" classname="com.externalApi.Dumps"/>
  <testcase name="login" time="0.000" classname="com.externalApi.Dumps"/>
  <testcase name="login" time="0.000" classname="com.externalApi.Dumps"/>
  <testcase name="login" time="0.000" classname="com.externalApi.Dumps"/>
  <testcase name="login" time="0.000" classname="com.externalApi.Dumps"/>
  <testcase name="login" time="0.000" classname="com.externalApi.Dumps"/>
  <testcase name="login" time="0.000" classname="com.externalApi.Dumps"/>
  <testcase name="login" time="0.002" classname="com.externalApi.Dumps"/>
  <testcase name="login" time="0.001" classname="com.externalApi.Dumps"/>
  <testcase name="login" time="0.000" classname="com.externalApi.Dumps"/>
  <testcase name="login" time="0.000" classname="com.externalApi.Dumps"/>
  <testcase name="login" time="0.001" classname="com.externalApi.Dumps"/>
  <testcase name="login" time="0.001" classname="com.externalApi.Dumps"/>
  <testcase name="login" time="0.001" classname="com.externalApi.Dumps"/>
  <testcase name="login" time="0.001" classname="com.externalApi.Dumps"/>
  <testcase name="login" time="0.001" classname="com.externalApi.Dumps"/>
  <testcase name="login" time="0.001" classname="com.externalApi.Dumps"/>
  <testcase name="login" time="0.000" classname="com.externalApi.Dumps"/>
  <testcase name="login" time="0.000" classname="com.externalApi.Dumps"/>
  <testcase name="login" time="0.001" classname="com.externalApi.Dumps"/>
  <testcase name="login" time="0.001" classname="com.externalApi.Dumps"/>
  <testcase name="login" time="0.001" classname="com.externalApi.Dumps"/>
  <testcase name="login" time="0.001" classname="com.externalApi.Dumps"/>
  <testcase name="login" time="0.000" classname="com.externalApi.Dumps"/>
  <testcase name="login" time="0.000" classname="com.externalApi.Dumps"/>
  <testcase name="login" time="0.000" classname="com.externalApi.Dumps"/>
  <testcase name="login" time="0.001" classname="com.externalApi.Dumps"/>
  <testcase name="login" time="0.000" classname="com.externalApi.Dumps"/>
  <testcase name="login" time="0.000" classname="com.externalApi.Dumps"/>
  <testcase name="login" time="0.001" classname="com.externalApi.Dumps"/>
  <testcase name="login" time="0.001" classname="com.externalApi.Dumps"/>
  <testcase name="login" time="0.001" classname="com.externalApi.Dumps"/>
  <testcase name="login" time="0.000" classname="com.externalApi.Dumps"/>
  <testcase name="login" time="0.003" classname="com.externalApi.Dumps"/>
  <testcase name="login" time="0.001" classname="com.externalApi.Dumps"/>
  <testcase name="login" time="0.000" classname="com.externalApi.Dumps"/>
  <testcase name="login" time="0.001" classname="com.externalApi.Dumps"/>
  <testcase name="login" time="0.002" classname="com.externalApi.Dumps"/>
  <testcase name="login" time="0.000" classname="com.externalApi.Dumps"/>
  <testcase name="login" time="0.000" classname="com.externalApi.Dumps"/>
  <testcase name="login" time="0.000" classname="com.externalApi.Dumps"/>
  <testcase name="login" time="0.000" classname="com.externalApi.Dumps"/>
  <testcase name="login" time="0.000" classname="com.externalApi.Dumps"/>
  <testcase name="login" time="0.001" classname="com.externalApi.Dumps"/>
  <testcase name="login" time="0.000" classname="com.externalApi.Dumps"/>
  <testcase name="login" time="0.000" classname="com.externalApi.Dumps"/>
  <testcase name="login" time="0.000" classname="com.externalApi.Dumps"/>
  <testcase name="login" time="0.002" classname="com.externalApi.Dumps"/>
  <testcase name="login" time="0.000" classname="com.externalApi.Dumps"/>
  <testcase name="login" time="0.000" classname="com.externalApi.Dumps"/>
  <testcase name="login" time="0.000" classname="com.externalApi.Dumps"/>
  <testcase name="login" time="0.001" classname="com.externalApi.Dumps"/>
  <testcase name="login" time="0.000" classname="com.externalApi.Dumps"/>
  <testcase name="login" time="0.000" classname="com.externalApi.Dumps"/>
  <testcase name="login" time="0.001" classname="com.externalApi.Dumps"/>
  <testcase name="login" time="0.000" classname="com.externalApi.Dumps"/>
  <testcase name="login" time="0.014" classname="com.externalApi.Dumps"/>
  <testcase name="login" time="0.001" classname="com.externalApi.Dumps"/>
  <testcase name="login" time="0.001" classname="com.externalApi.Dumps"/>
  <testcase name="login" time="0.000" classname="com.externalApi.Dumps"/>
  <testcase name="login" time="0.000" classname="com.externalApi.Dumps"/>
  <testcase name="login" time="0.001" classname="com.externalApi.Dumps"/>
  <testcase name="login" time="0.000" classname="com.externalApi.Dumps"/>
  <testcase name="login" time="0.001" classname="com.externalApi.Dumps"/>
  <testcase name="login" time="0.001" classname="com.externalApi.Dumps"/>
  <testcase name="login" time="0.001" classname="com.externalApi.Dumps"/>
  <testcase name="login" time="0.001" classname="com.externalApi.Dumps"/>
  <testcase name="login" time="0.000" classname="com.externalApi.Dumps"/>
  <testcase name="login" time="0.000" classname="com.externalApi.Dumps"/>
  <testcase name="login" time="0.001" classname="com.externalApi.Dumps"/>
  <testcase name="login" time="0.001" classname="com.externalApi.Dumps"/>
  <testcase name="login" time="0.000" classname="com.externalApi.Dumps"/>
  <testcase name="login" time="0.000" classname="com.externalApi.Dumps"/>
  <testcase name="login" time="0.000" classname="com.externalApi.Dumps"/>
  <testcase name="login" time="0.000" classname="com.externalApi.Dumps"/>
  <testcase name="login" time="0.001" classname="com.externalApi.Dumps"/>
  <testcase name="login" time="0.001" classname="com.externalApi.Dumps"/>
  <testcase name="login" time="0.000" classname="com.externalApi.Dumps"/>
  <testcase name="login" time="0.001" classname="com.externalApi.Dumps"/>
  <testcase name="login" time="0.002" classname="com.externalApi.Dumps"/>
  <testcase name="login" time="0.000" classname="com.externalApi.Dumps"/>
  <testcase name="login" time="0.001" classname="com.externalApi.Dumps"/>
  <testcase name="login" time="0.001" classname="com.externalApi.Dumps"/>
  <testcase name="login" time="0.001" classname="com.externalApi.Dumps"/>
  <testcase name="login" time="0.000" classname="com.externalApi.Dumps"/>
  <testcase name="login" time="0.000" classname="com.externalApi.Dumps"/>
  <testcase name="login" time="0.000" classname="com.externalApi.Dumps"/>
  <testcase name="login" time="0.001" classname="com.externalApi.Dumps"/>
  <testcase name="login" time="0.001" classname="com.externalApi.Dumps"/>
  <testcase name="login" time="0.001" classname="com.externalApi.Dumps"/>
  <testcase name="login" time="0.001" classname="com.externalApi.Dumps"/>
  <testcase name="login" time="0.001" classname="com.externalApi.Dumps"/>
  <testcase name="login" time="0.000" classname="com.externalApi.Dumps"/>
  <testcase name="login" time="0.000" classname="com.externalApi.Dumps"/>
  <testcase name="login" time="0.001" classname="com.externalApi.Dumps"/>
  <testcase name="login" time="0.000" classname="com.externalApi.Dumps"/>
  <testcase name="login" time="0.001" classname="com.externalApi.Dumps"/>
  <testcase name="login" time="0.001" classname="com.externalApi.Dumps"/>
  <testcase name="login" time="0.001" classname="com.externalApi.Dumps"/>
  <testcase name="login" time="0.001" classname="com.externalApi.Dumps"/>
  <testcase name="login" time="0.001" classname="com.externalApi.Dumps"/>
  <testcase name="login" time="0.001" classname="com.externalApi.Dumps"/>
  <testcase name="login" time="0.000" classname="com.externalApi.Dumps"/>
  <testcase name="login" time="0.001" classname="com.externalApi.Dumps"/>
  <testcase name="login" time="0.000" classname="com.externalApi.Dumps"/>
  <testcase name="login" time="0.001" classname="com.externalApi.Dumps"/>
  <testcase name="login" time="0.001" classname="com.externalApi.Dumps"/>
  <testcase name="login" time="0.000" classname="com.externalApi.Dumps"/>
  <testcase name="login" time="0.000" classname="com.externalApi.Dumps"/>
  <testcase name="login" time="0.001" classname="com.externalApi.Dumps"/>
  <testcase name="login" time="0.000" classname="com.externalApi.Dumps"/>
  <testcase name="login" time="0.001" classname="com.externalApi.Dumps"/>
  <testcase name="login" time="0.001" classname="com.externalApi.Dumps"/>
  <testcase name="login" time="0.000" classname="com.externalApi.Dumps"/>
  <testcase name="login" time="0.002" classname="com.externalApi.Dumps"/>
  <testcase name="login" time="0.000" classname="com.externalApi.Dumps"/>
  <testcase name="login" time="0.001" classname="com.externalApi.Dumps"/>
  <testcase name="login" time="0.000" classname="com.externalApi.Dumps"/>
  <testcase name="login" time="0.000" classname="com.externalApi.Dumps"/>
  <testcase name="login" time="0.001" classname="com.externalApi.Dumps"/>
  <testcase name="login" time="0.001" classname="com.externalApi.Dumps"/>
  <testcase name="login" time="0.000" classname="com.externalApi.Dumps"/>
  <testcase name="login" time="0.000" classname="com.externalApi.Dumps"/>
  <testcase name="login" time="0.001" classname="com.externalApi.Dumps"/>
  <testcase name="login" time="0.002" classname="com.externalApi.Dumps"/>
  <testcase name="login" time="0.001" classname="com.externalApi.Dumps"/>
  <testcase name="login" time="0.001" classname="com.externalApi.Dumps"/>
  <testcase name="login" time="0.001" classname="com.externalApi.Dumps"/>
  <testcase name="login" time="0.001" classname="com.externalApi.Dumps"/>
  <testcase name="login" time="0.000" classname="com.externalApi.Dumps"/>
  <testcase name="login" time="0.000" classname="com.externalApi.Dumps"/>
  <testcase name="login" time="0.001" classname="com.externalApi.Dumps"/>
  <testcase name="login" time="0.000" classname="com.externalApi.Dumps"/>
  <testcase name="login" time="0.001" classname="com.externalApi.Dumps"/>
  <testcase name="login" time="0.000" classname="com.externalApi.Dumps"/>
  <testcase name="login" time="0.001" classname="com.externalApi.Dumps"/>
  <testcase name="login" time="0.001" classname="com.externalApi.Dumps"/>
  <testcase name="login" time="0.001" classname="com.externalApi.Dumps"/>
  <testcase name="login" time="0.001" classname="com.externalApi.Dumps"/>
  <testcase name="login" time="0.001" classname="com.externalApi.Dumps"/>
  <testcase name="login" time="0.003" classname="com.externalApi.Dumps"/>
  <testcase name="login" time="0.001" classname="com.externalApi.Dumps"/>
  <testcase name="login" time="0.000" classname="com.externalApi.Dumps"/>
  <testcase name="login" time="0.000" classname="com.externalApi.Dumps"/>
  <testcase name="login" time="0.255" classname="com.externalApi.Dumps"/>
  <testcase name="login" time="0.000" classname="com.externalApi.Dumps"/>
  <testcase name="login" time="0.000" classname="com.externalApi.Dumps"/>
  <testcase name="login" time="0.001" classname="com.externalApi.Dumps"/>
  <testcase name="login" time="0.000" classname="com.externalApi.Dumps"/>
  <testcase name="login" time="0.002" classname="com.externalApi.Dumps"/>
  <testcase name="login" time="0.001" classname="com.externalApi.Dumps"/>
  <testcase name="login" time="0.000" classname="com.externalApi.Dumps"/>
  <testcase name="login" time="0.000" classname="com.externalApi.Dumps"/>
  <testcase name="login" time="0.000" classname="com.externalApi.Dumps"/>
  <testcase name="login" time="0.000" classname="com.externalApi.Dumps"/>
  <testcase name="login" time="0.000" classname="com.externalApi.Dumps"/>
  <testcase name="login" time="0.001" classname="com.externalApi.Dumps"/>
  <testcase name="login" time="0.000" classname="com.externalApi.Dumps"/>
  <testcase name="login" time="0.000" classname="com.externalApi.Dumps"/>
  <testcase name="login" time="0.001" classname="com.externalApi.Dumps"/>
  <testcase name="login" time="0.000" classname="com.externalApi.Dumps"/>
  <testcase name="login" time="0.001" classname="com.externalApi.Dumps"/>
  <testcase name="login" time="0.000" classname="com.externalApi.Dumps"/>
  <testcase name="login" time="0.001" classname="com.externalApi.Dumps"/>
  <testcase name="login" time="0.001" classname="com.externalApi.Dumps"/>
  <testcase name="login" time="0.001" classname="com.externalApi.Dumps"/>
  <testcase name="login" time="0.001" classname="com.externalApi.Dumps"/>
  <testcase name="login" time="0.000" classname="com.externalApi.Dumps"/>
  <testcase name="login" time="0.000" classname="com.externalApi.Dumps"/>
  <testcase name="login" time="0.000" classname="com.externalApi.Dumps"/>
  <testcase name="login" time="0.000" classname="com.externalApi.Dumps"/>
  <testcase name="login" time="0.000" classname="com.externalApi.Dumps"/>
  <testcase name="login" time="0.000" classname="com.externalApi.Dumps"/>
  <testcase name="login" time="0.000" classname="com.externalApi.Dumps"/>
  <testcase name="login" time="0.001" classname="com.externalApi.Dumps"/>
  <testcase name="login" time="0.000" classname="com.externalApi.Dumps"/>
  <testcase name="login" time="0.000" classname="com.externalApi.Dumps"/>
  <testcase name="login" time="0.001" classname="com.externalApi.Dumps"/>
  <testcase name="login" time="0.000" classname="com.externalApi.Dumps"/>
  <testcase name="login" time="0.000" classname="com.externalApi.Dumps"/>
  <testcase name="login" time="0.001" classname="com.externalApi.Dumps"/>
  <testcase name="login" time="0.000" classname="com.externalApi.Dumps"/>
  <testcase name="login" time="0.001" classname="com.externalApi.Dumps"/>
  <testcase name="login" time="0.000" classname="com.externalApi.Dumps"/>
  <testcase name="login" time="0.000" classname="com.externalApi.Dumps"/>
  <testcase name="login" time="0.001" classname="com.externalApi.Dumps"/>
  <testcase name="login" time="0.001" classname="com.externalApi.Dumps"/>
  <testcase name="login" time="0.001" classname="com.externalApi.Dumps"/>
  <testcase name="login" time="0.000" classname="com.externalApi.Dumps"/>
  <testcase name="login" time="0.001" classname="com.externalApi.Dumps"/>
  <testcase name="login" time="0.000" classname="com.externalApi.Dumps"/>
  <testcase name="login" time="0.002" classname="com.externalApi.Dumps"/>
  <testcase name="login" time="0.001" classname="com.externalApi.Dumps"/>
  <testcase name="login" time="0.032" classname="com.externalApi.Dumps"/>
  <testcase name="login" time="0.001" classname="com.externalApi.Dumps"/>
  <testcase name="login" time="0.000" classname="com.externalApi.Dumps"/>
  <testcase name="login" time="0.001" classname="com.externalApi.Dumps"/>
  <testcase name="login" time="0.002" classname="com.externalApi.Dumps"/>
  <testcase name="login" time="0.001" classname="com.externalApi.Dumps"/>
  <testcase name="login" time="0.000" classname="com.externalApi.Dumps"/>
  <testcase name="login" time="0.000" classname="com.externalApi.Dumps"/>
  <testcase name="login" time="0.001" classname="com.externalApi.Dumps"/>
  <testcase name="login" time="0.001" classname="com.externalApi.Dumps"/>
  <testcase name="login" time="0.001" classname="com.externalApi.Dumps"/>
  <testcase name="login" time="0.001" classname="com.externalApi.Dumps"/>
  <testcase name="login" time="0.001" classname="com.externalApi.Dumps"/>
  <testcase name="login" time="0.000" classname="com.externalApi.Dumps"/>
  <testcase name="login" time="0.000" classname="com.externalApi.Dumps"/>
  <testcase name="login" time="0.000" classname="com.externalApi.Dumps"/>
  <testcase name="login" time="0.000" classname="com.externalApi.Dumps"/>
  <testcase name="login" time="0.000" classname="com.externalApi.Dumps"/>
  <testcase name="login" time="0.001" classname="com.externalApi.Dumps"/>
  <testcase name="login" time="0.000" classname="com.externalApi.Dumps"/>
  <testcase name="login" time="0.000" classname="com.externalApi.Dumps"/>
  <testcase name="login" time="0.000" classname="com.externalApi.Dumps"/>
  <testcase name="login" time="0.001" classname="com.externalApi.Dumps"/>
  <testcase name="login" time="0.001" classname="com.externalApi.Dumps"/>
  <testcase name="login" time="0.001" classname="com.externalApi.Dumps"/>
  <testcase name="login" time="0.000" classname="com.externalApi.Dumps"/>
  <testcase name="login" time="0.001" classname="com.externalApi.Dumps"/>
  <testcase name="login" time="0.001" classname="com.externalApi.Dumps"/>
  <testcase name="login" time="0.001" classname="com.externalApi.Dumps"/>
  <testcase name="login" time="0.000" classname="com.externalApi.Dumps"/>
  <testcase name="login" time="0.000" classname="com.externalApi.Dumps"/>
  <testcase name="login" time="0.001" classname="com.externalApi.Dumps"/>
  <testcase name="login" time="0.115" classname="com.externalApi.Dumps"/>
  <testcase name="login" time="0.000" classname="com.externalApi.Dumps"/>
  <testcase name="login" time="0.000" classname="com.externalApi.Dumps"/>
  <testcase name="login" time="0.001" classname="com.externalApi.Dumps"/>
  <testcase name="login" time="0.001" classname="com.externalApi.Dumps"/>
  <testcase name="login" time="0.000" classname="com.externalApi.Dumps"/>
  <testcase name="login" time="0.000" classname="com.externalApi.Dumps"/>
  <testcase name="login" time="0.001" classname="com.externalApi.Dumps"/>
  <testcase name="login" time="0.000" classname="com.externalApi.Dumps"/>
  <testcase name="login" time="0.000" classname="com.externalApi.Dumps"/>
  <testcase name="login" time="0.000" classname="com.externalApi.Dumps"/>
  <testcase name="login" time="0.000" classname="com.externalApi.Dumps"/>
  <testcase name="login" time="0.000" classname="com.externalApi.Dumps"/>
  <testcase name="login" time="0.001" classname="com.externalApi.Dumps"/>
  <testcase name="login" time="0.000" classname="com.externalApi.Dumps"/>
  <testcase name="login" time="0.000" classname="com.externalApi.Dumps"/>
  <testcase name="login" time="0.000" classname="com.externalApi.Dumps"/>
  <testcase name="login" time="0.000" classname="com.externalApi.Dumps"/>
  <testcase name="login" time="0.001" classname="com.externalApi.Dumps"/>
  <testcase name="login" time="0.001" classname="com.externalApi.Dumps"/>
  <testcase name="login" time="0.000" classname="com.externalApi.Dumps"/>
  <testcase name="login" time="0.000" classname="com.externalApi.Dumps"/>
  <testcase name="login" time="0.001" classname="com.externalApi.Dumps"/>
  <testcase name="login" time="0.003" classname="com.externalApi.Dumps"/>
  <testcase name="login" time="0.000" classname="com.externalApi.Dumps"/>
  <testcase name="login" time="0.001" classname="com.externalApi.Dumps"/>
  <testcase name="login" time="0.001" classname="com.externalApi.Dumps"/>
  <testcase name="login" time="0.001" classname="com.externalApi.Dumps"/>
  <testcase name="login" time="0.001" classname="com.externalApi.Dumps"/>
  <testcase name="login" time="0.003" classname="com.externalApi.Dumps"/>
  <testcase name="login" time="0.000" classname="com.externalApi.Dumps"/>
  <testcase name="login" time="0.000" classname="com.externalApi.Dumps"/>
  <testcase name="login" time="0.001" classname="com.externalApi.Dumps"/>
  <testcase name="login" time="0.001" classname="com.externalApi.Dumps"/>
  <testcase name="login" time="0.001" classname="com.externalApi.Dumps"/>
  <testcase name="login" time="0.001" classname="com.externalApi.Dumps"/>
  <testcase name="login" time="0.000" classname="com.externalApi.Dumps"/>
  <testcase name="login" time="0.002" classname="com.externalApi.Dumps"/>
  <testcase name="login" time="0.000" classname="com.externalApi.Dumps"/>
  <testcase name="login" time="0.001" classname="com.externalApi.Dumps"/>
  <testcase name="login" time="0.001" classname="com.externalApi.Dumps"/>
  <testcase name="login" time="0.000" classname="com.externalApi.Dumps"/>
  <testcase name="login" time="0.000" classname="com.externalApi.Dumps"/>
  <testcase name="login" time="0.000" classname="com.externalApi.Dumps"/>
  <testcase name="login" time="0.000" classname="com.externalApi.Dumps"/>
  <testcase name="login" time="0.001" classname="com.externalApi.Dumps"/>
  <testcase name="login" time="0.001" classname="com.externalApi.Dumps"/>
  <testcase name="login" time="0.001" classname="com.externalApi.Dumps"/>
  <testcase name="login" time="0.001" classname="com.externalApi.Dumps"/>
  <testcase name="login" time="0.001" classname="com.externalApi.Dumps"/>
  <testcase name="login" time="0.000" classname="com.externalApi.Dumps"/>
  <testcase name="login" time="0.000" classname="com.externalApi.Dumps"/>
  <testcase name="login" time="0.000" classname="com.externalApi.Dumps"/>
  <testcase name="login" time="0.001" classname="com.externalApi.Dumps"/>
  <testcase name="login" time="0.001" classname="com.externalApi.Dumps"/>
  <testcase name="login" time="0.001" classname="com.externalApi.Dumps"/>
  <testcase name="login" time="0.001" classname="com.externalApi.Dumps"/>
  <testcase name="login" time="0.001" classname="com.externalApi.Dumps"/>
  <testcase name="login" time="0.000" classname="com.externalApi.Dumps"/>
  <testcase name="login" time="0.001" classname="com.externalApi.Dumps"/>
  <testcase name="login" time="0.001" classname="com.externalApi.Dumps"/>
  <testcase name="login" time="0.001" classname="com.externalApi.Dumps"/>
  <testcase name="login" time="0.000" classname="com.externalApi.Dumps"/>
  <testcase name="login" time="0.001" classname="com.externalApi.Dumps"/>
  <testcase name="login" time="0.000" classname="com.externalApi.Dumps"/>
  <testcase name="login" time="0.000" classname="com.externalApi.Dumps"/>
  <testcase name="login" time="0.002" classname="com.externalApi.Dumps"/>
  <testcase name="login" time="0.001" classname="com.externalApi.Dumps"/>
  <testcase name="login" time="0.019" classname="com.externalApi.Dumps"/>
  <testcase name="login" time="0.000" classname="com.externalApi.Dumps"/>
  <testcase name="login" time="0.000" classname="com.externalApi.Dumps"/>
  <testcase name="login" time="0.001" classname="com.externalApi.Dumps"/>
  <testcase name="login" time="0.001" classname="com.externalApi.Dumps"/>
  <testcase name="login" time="0.001" classname="com.externalApi.Dumps"/>
  <testcase name="login" time="0.000" classname="com.externalApi.Dumps"/>
  <testcase name="login" time="0.001" classname="com.externalApi.Dumps"/>
  <testcase name="login" time="0.001" classname="com.externalApi.Dumps"/>
  <testcase name="login" time="0.000" classname="com.externalApi.Dumps"/>
  <testcase name="login" time="0.000" classname="com.externalApi.Dumps"/>
  <testcase name="login" time="0.002" classname="com.externalApi.Dumps"/>
  <testcase name="login" time="0.001" classname="com.externalApi.Dumps"/>
  <testcase name="login" time="0.001" classname="com.externalApi.Dumps"/>
  <testcase name="login" time="0.001" classname="com.externalApi.Dumps"/>
  <testcase name="login" time="0.001" classname="com.externalApi.Dumps"/>
  <testcase name="login" time="0.000" classname="com.externalApi.Dumps"/>
  <testcase name="login" time="0.001" classname="com.externalApi.Dumps"/>
  <testcase name="login" time="0.001" classname="com.externalApi.Dumps"/>
  <testcase name="login" time="0.001" classname="com.externalApi.Dumps"/>
  <testcase name="login" time="0.000" classname="com.externalApi.Dumps"/>
  <testcase name="login" time="0.000" classname="com.externalApi.Dumps"/>
  <testcase name="login" time="0.001" classname="com.externalApi.Dumps"/>
  <testcase name="login" time="0.001" classname="com.externalApi.Dumps"/>
  <testcase name="login" time="0.000" classname="com.externalApi.Dumps"/>
  <testcase name="login" time="0.000" classname="com.externalApi.Dumps"/>
  <testcase name="login" time="0.000" classname="com.externalApi.Dumps"/>
  <testcase name="login" time="0.002" classname="com.externalApi.Dumps"/>
  <testcase name="login" time="0.001" classname="com.externalApi.Dumps"/>
  <testcase name="login" time="0.001" classname="com.externalApi.Dumps"/>
  <testcase name="login" time="0.001" classname="com.externalApi.Dumps"/>
  <testcase name="login" time="0.000" classname="com.externalApi.Dumps"/>
  <testcase name="login" time="0.000" classname="com.externalApi.Dumps"/>
  <testcase name="login" time="0.000" classname="com.externalApi.Dumps"/>
  <testcase name="login" time="0.001" classname="com.externalApi.Dumps"/>
  <testcase name="login" time="0.000" classname="com.externalApi.Dumps"/>
  <testcase name="login" time="0.001" classname="com.externalApi.Dumps"/>
  <testcase name="login" time="0.001" classname="com.externalApi.Dumps"/>
  <testcase name="login" time="0.002" classname="com.externalApi.Dumps"/>
  <testcase name="login" time="0.000" classname="com.externalApi.Dumps"/>
  <testcase name="login" time="0.000" classname="com.externalApi.Dumps"/>
  <testcase name="login" time="0.001" classname="com.externalApi.Dumps"/>
  <testcase name="login" time="0.001" classname="com.externalApi.Dumps"/>
  <testcase name="login" time="0.000" classname="com.externalApi.Dumps"/>
  <testcase name="login" time="0.000" classname="com.externalApi.Dumps"/>
  <testcase name="login" time="0.000" classname="com.externalApi.Dumps"/>
  <testcase name="login" time="0.000" classname="com.externalApi.Dumps"/>
  <testcase name="login" time="0.000" classname="com.externalApi.Dumps"/>
  <testcase name="login" time="0.000" classname="com.externalApi.Dumps"/>
  <testcase name="login" time="0.001" classname="com.externalApi.Dumps"/>
  <testcase name="login" time="0.000" classname="com.externalApi.Dumps"/>
  <testcase name="login" time="0.001" classname="com.externalApi.Dumps"/>
  <testcase name="login" time="0.001" classname="com.externalApi.Dumps"/>
  <testcase name="login" time="0.001" classname="com.externalApi.Dumps"/>
  <testcase name="login" time="0.001" classname="com.externalApi.Dumps"/>
  <testcase name="login" time="0.002" classname="com.externalApi.Dumps"/>
  <testcase name="login" time="0.001" classname="com.externalApi.Dumps"/>
  <testcase name="login" time="0.001" classname="com.externalApi.Dumps"/>
  <testcase name="login" time="0.032" classname="com.externalApi.Dumps"/>
  <testcase name="login" time="0.002" classname="com.externalApi.Dumps"/>
  <testcase name="login" time="0.000" classname="com.externalApi.Dumps"/>
  <testcase name="login" time="0.000" classname="com.externalApi.Dumps"/>
  <testcase name="login" time="0.000" classname="com.externalApi.Dumps"/>
  <testcase name="login" time="0.001" classname="com.externalApi.Dumps"/>
  <testcase name="login" time="0.000" classname="com.externalApi.Dumps"/>
  <testcase name="login" time="0.000" classname="com.externalApi.Dumps"/>
  <testcase name="login" time="0.000" classname="com.externalApi.Dumps"/>
  <testcase name="login" time="0.001" classname="com.externalApi.Dumps"/>
  <testcase name="login" time="0.001" classname="com.externalApi.Dumps"/>
  <testcase name="login" time="0.001" classname="com.externalApi.Dumps"/>
  <testcase name="login" time="0.004" classname="com.externalApi.Dumps"/>
  <testcase name="login" time="0.001" classname="com.externalApi.Dumps"/>
  <testcase name="login" time="0.000" classname="com.externalApi.Dumps"/>
  <testcase name="login" time="0.000" classname="com.externalApi.Dumps"/>
  <testcase name="login" time="0.001" classname="com.externalApi.Dumps"/>
  <testcase name="login" time="0.000" classname="com.externalApi.Dumps"/>
  <testcase name="login" time="0.001" classname="com.externalApi.Dumps"/>
  <testcase name="login" time="0.001" classname="com.externalApi.Dumps"/>
  <testcase name="login" time="0.001" classname="com.externalApi.Dumps"/>
  <testcase name="login" time="0.000" classname="com.externalApi.Dumps"/>
  <testcase name="login" time="0.001" classname="com.externalApi.Dumps"/>
  <testcase name="login" time="0.001" classname="com.externalApi.Dumps"/>
  <testcase name="login" time="0.002" classname="com.externalApi.Dumps"/>
  <testcase name="login" time="0.000" classname="com.externalApi.Dumps"/>
  <testcase name="login" time="0.001" classname="com.externalApi.Dumps"/>
  <testcase name="login" time="0.000" classname="com.externalApi.Dumps"/>
  <testcase name="login" time="0.000" classname="com.externalApi.Dumps"/>
  <testcase name="login" time="0.001" classname="com.externalApi.Dumps"/>
  <testcase name="login" time="0.001" classname="com.externalApi.Dumps"/>
  <testcase name="login" time="0.001" classname="com.externalApi.Dumps"/>
  <testcase name="login" time="0.000" classname="com.externalApi.Dumps"/>
  <testcase name="login" time="0.001" classname="com.externalApi.Dumps"/>
  <testcase name="login" time="0.000" classname="com.externalApi.Dumps"/>
  <testcase name="login" time="0.000" classname="com.externalApi.Dumps"/>
  <testcase name="login" time="0.001" classname="com.externalApi.Dumps"/>
  <testcase name="login" time="0.001" classname="com.externalApi.Dumps"/>
  <testcase name="login" time="0.000" classname="com.externalApi.Dumps"/>
  <testcase name="login" time="0.001" classname="com.externalApi.Dumps"/>
  <testcase name="login" time="0.001" classname="com.externalApi.Dumps"/>
  <testcase name="login" time="0.001" classname="com.externalApi.Dumps"/>
  <testcase name="login" time="0.001" classname="com.externalApi.Dumps"/>
  <testcase name="login" time="0.001" classname="com.externalApi.Dumps"/>
  <testcase name="login" time="0.001" classname="com.externalApi.Dumps"/>
  <testcase name="login" time="0.001" classname="com.externalApi.Dumps"/>
  <testcase name="login" time="0.001" classname="com.externalApi.Dumps"/>
  <testcase name="login" time="0.002" classname="com.externalApi.Dumps"/>
  <testcase name="login" time="0.000" classname="com.externalApi.Dumps"/>
  <testcase name="login" time="0.000" classname="com.externalApi.Dumps"/>
  <testcase name="login" time="0.000" classname="com.externalApi.Dumps"/>
  <testcase name="login" time="0.000" classname="com.externalApi.Dumps"/>
  <testcase name="login" time="0.000" classname="com.externalApi.Dumps"/>
  <testcase name="login" time="0.001" classname="com.externalApi.Dumps"/>
  <testcase name="login" time="0.000" classname="com.externalApi.Dumps"/>
  <testcase name="login" time="0.000" classname="com.externalApi.Dumps"/>
  <testcase name="login" time="0.001" classname="com.externalApi.Dumps"/>
  <testcase name="login" time="0.001" classname="com.externalApi.Dumps"/>
  <testcase name="login" time="0.000" classname="com.externalApi.Dumps"/>
  <testcase name="login" time="0.000" classname="com.externalApi.Dumps"/>
  <testcase name="login" time="0.001" classname="com.externalApi.Dumps"/>
  <testcase name="login" time="0.001" classname="com.externalApi.Dumps"/>
  <testcase name="login" time="0.000" classname="com.externalApi.Dumps"/>
  <testcase name="login" time="0.001" classname="com.externalApi.Dumps"/>
  <testcase name="login" time="0.001" classname="com.externalApi.Dumps"/>
  <testcase name="login" time="0.001" classname="com.externalApi.Dumps"/>
  <testcase name="login" time="0.001" classname="com.externalApi.Dumps"/>
  <testcase name="login" time="0.002" classname="com.externalApi.Dumps"/>
  <testcase name="login" time="0.002" classname="com.externalApi.Dumps"/>
  <testcase name="login" time="0.000" classname="com.externalApi.Dumps"/>
  <testcase name="login" time="0.002" classname="com.externalApi.Dumps"/>
  <testcase name="login" time="0.001" classname="com.externalApi.Dumps"/>
  <testcase name="login" time="0.002" classname="com.externalApi.Dumps"/>
  <testcase name="login" time="0.001" classname="com.externalApi.Dumps"/>
  <testcase name="login" time="0.000" classname="com.externalApi.Dumps"/>
  <testcase name="login" time="0.001" classname="com.externalApi.Dumps"/>
  <testcase name="login" time="0.001" classname="com.externalApi.Dumps"/>
  <testcase name="login" time="0.001" classname="com.externalApi.Dumps"/>
  <testcase name="login" time="0.000" classname="com.externalApi.Dumps"/>
  <testcase name="login" time="0.000" classname="com.externalApi.Dumps"/>
  <testcase name="login" time="0.000" classname="com.externalApi.Dumps"/>
  <testcase name="login" time="0.006" classname="com.externalApi.Dumps"/>
  <testcase name="login" time="0.000" classname="com.externalApi.Dumps"/>
  <testcase name="login" time="0.001" classname="com.externalApi.Dumps"/>
  <testcase name="login" time="0.000" classname="com.externalApi.Dumps"/>
  <testcase name="login" time="0.000" classname="com.externalApi.Dumps"/>
  <testcase name="login" time="0.000" classname="com.externalApi.Dumps"/>
  <testcase name="login" time="0.001" classname="com.externalApi.Dumps"/>
  <testcase name="login" time="0.000" classname="com.externalApi.Dumps"/>
  <testcase name="login" time="0.000" classname="com.externalApi.Dumps"/>
  <testcase name="login" time="0.000" classname="com.externalApi.Dumps"/>
  <testcase name="login" time="0.002" classname="com.externalApi.Dumps"/>
  <testcase name="login" time="0.000" classname="com.externalApi.Dumps"/>
  <testcase name="login" time="0.000" classname="com.externalApi.Dumps"/>
  <testcase name="login" time="0.000" classname="com.externalApi.Dumps"/>
  <testcase name="login" time="0.001" classname="com.externalApi.Dumps"/>
  <testcase name="login" time="0.000" classname="com.externalApi.Dumps"/>
  <testcase name="login" time="0.001" classname="com.externalApi.Dumps"/>
  <testcase name="login" time="0.001" classname="com.externalApi.Dumps"/>
  <testcase name="login" time="0.001" classname="com.externalApi.Dumps"/>
  <testcase name="login" time="0.001" classname="com.externalApi.Dumps"/>
  <testcase name="login" time="0.001" classname="com.externalApi.Dumps"/>
  <testcase name="login" time="0.001" classname="com.externalApi.Dumps"/>
  <testcase name="login" time="0.000" classname="com.externalApi.Dumps"/>
  <testcase name="login" time="0.000" classname="com.externalApi.Dumps"/>
  <testcase name="login" time="0.001" classname="com.externalApi.Dumps"/>
  <testcase name="login" time="0.000" classname="com.externalApi.Dumps"/>
  <testcase name="login" time="0.001" classname="com.externalApi.Dumps"/>
  <testcase name="login" time="0.001" classname="com.externalApi.Dumps"/>
  <testcase name="login" time="0.000" classname="com.externalApi.Dumps"/>
  <testcase name="login" time="0.000" classname="com.externalApi.Dumps"/>
  <testcase name="login" time="0.001" classname="com.externalApi.Dumps"/>
  <testcase name="login" time="0.003" classname="com.externalApi.Dumps"/>
  <testcase name="login" time="0.001" classname="com.externalApi.Dumps"/>
  <testcase name="login" time="0.001" classname="com.externalApi.Dumps"/>
  <testcase name="login" time="0.001" classname="com.externalApi.Dumps"/>
  <testcase name="login" time="0.002" classname="com.externalApi.Dumps"/>
  <testcase name="login" time="0.001" classname="com.externalApi.Dumps"/>
  <testcase name="login" time="0.000" classname="com.externalApi.Dumps"/>
  <testcase name="login" time="0.000" classname="com.externalApi.Dumps"/>
  <testcase name="login" time="0.001" classname="com.externalApi.Dumps"/>
  <testcase name="login" time="0.000" classname="com.externalApi.Dumps"/>
  <testcase name="login" time="0.001" classname="com.externalApi.Dumps"/>
  <testcase name="login" time="0.000" classname="com.externalApi.Dumps"/>
  <testcase name="login" time="0.002" classname="com.externalApi.Dumps"/>
  <testcase name="login" time="0.001" classname="com.externalApi.Dumps"/>
  <testcase name="login" time="0.001" classname="com.externalApi.Dumps"/>
  <testcase name="login" time="0.001" classname="com.externalApi.Dumps"/>
  <testcase name="login" time="0.002" classname="com.externalApi.Dumps"/>
  <testcase name="login" time="0.001" classname="com.externalApi.Dumps"/>
  <testcase name="login" time="0.000" classname="com.externalApi.Dumps"/>
  <testcase name="login" time="0.000" classname="com.externalApi.Dumps"/>
  <testcase name="login" time="0.001" classname="com.externalApi.Dumps"/>
  <testcase name="login" time="0.001" classname="com.externalApi.Dumps"/>
  <testcase name="login" time="0.000" classname="com.externalApi.Dumps"/>
  <testcase name="login" time="0.001" classname="com.externalApi.Dumps"/>
  <testcase name="login" time="0.000" classname="com.externalApi.Dumps"/>
  <testcase name="login" time="0.001" classname="com.externalApi.Dumps"/>
  <testcase name="login" time="0.001" classname="com.externalApi.Dumps"/>
  <testcase name="login" time="0.000" classname="com.externalApi.Dumps"/>
  <testcase name="login" time="0.001" classname="com.externalApi.Dumps"/>
  <testcase name="login" time="0.000" classname="com.externalApi.Dumps"/>
  <testcase name="login" time="0.000" classname="com.externalApi.Dumps"/>
  <testcase name="login" time="0.081" classname="com.externalApi.Dumps"/>
  <testcase name="login" time="0.001" classname="com.externalApi.Dumps"/>
  <testcase name="login" time="0.001" classname="com.externalApi.Dumps"/>
  <testcase name="login" time="0.000" classname="com.externalApi.Dumps"/>
  <testcase name="login" time="0.000" classname="com.externalApi.Dumps"/>
  <testcase name="login" time="0.000" classname="com.externalApi.Dumps"/>
  <testcase name="login" time="0.001" classname="com.externalApi.Dumps"/>
  <testcase name="login" time="0.000" classname="com.externalApi.Dumps"/>
  <testcase name="login" time="0.000" classname="com.externalApi.Dumps"/>
  <testcase name="login" time="0.001" classname="com.externalApi.Dumps"/>
  <testcase name="login" time="0.001" classname="com.externalApi.Dumps"/>
  <testcase name="login" time="0.402" classname="com.externalApi.Dumps"/>
  <testcase name="login" time="0.002" classname="com.externalApi.Dumps"/>
  <testcase name="login" time="0.001" classname="com.externalApi.Dumps"/>
  <testcase name="login" time="0.005" classname="com.externalApi.Dumps"/>
  <testcase name="login" time="0.001" classname="com.externalApi.Dumps"/>
  <testcase name="login" time="0.000" classname="com.externalApi.Dumps"/>
  <testcase name="login" time="0.001" classname="com.externalApi.Dumps"/>
  <testcase name="login" time="0.001" classname="com.externalApi.Dumps"/>
  <testcase name="login" time="0.001" classname="com.externalApi.Dumps"/>
  <testcase name="login" time="0.001" classname="com.externalApi.Dumps"/>
  <testcase name="login" time="0.000" classname="com.externalApi.Dumps"/>
  <testcase name="login" time="0.001" classname="com.externalApi.Dumps"/>
  <testcase name="login" time="0.002" classname="com.externalApi.Dumps"/>
  <testcase name="login" time="0.001" classname="com.externalApi.Dumps"/>
  <testcase name="login" time="0.000" classname="com.externalApi.Dumps"/>
  <testcase name="login" time="0.001" classname="com.externalApi.Dumps"/>
  <testcase name="login" time="0.000" classname="com.externalApi.Dumps"/>
  <testcase name="login" time="0.001" classname="com.externalApi.Dumps"/>
  <testcase name="login" time="0.000" classname="com.externalApi.Dumps"/>
  <testcase name="login" time="0.001" classname="com.externalApi.Dumps"/>
  <testcase name="login" time="0.001" classname="com.externalApi.Dumps"/>
  <testcase name="login" time="0.000" classname="com.externalApi.Dumps"/>
  <testcase name="login" time="0.000" classname="com.externalApi.Dumps"/>
  <testcase name="login" time="0.000" classname="com.externalApi.Dumps"/>
  <testcase name="login" time="0.000" classname="com.externalApi.Dumps"/>
  <testcase name="login" time="0.001" classname="com.externalApi.Dumps"/>
  <testcase name="login" time="0.000" classname="com.externalApi.Dumps"/>
  <testcase name="login" time="0.001" classname="com.externalApi.Dumps"/>
  <testcase name="login" time="0.000" classname="com.externalApi.Dumps"/>
  <testcase name="login" time="0.001" classname="com.externalApi.Dumps"/>
  <testcase name="login" time="0.000" classname="com.externalApi.Dumps"/>
  <testcase name="login" time="0.001" classname="com.externalApi.Dumps"/>
  <testcase name="login" time="0.001" classname="com.externalApi.Dumps"/>
  <testcase name="login" time="0.002" classname="com.externalApi.Dumps"/>
  <testcase name="login" time="0.000" classname="com.externalApi.Dumps"/>
  <testcase name="login" time="0.001" classname="com.externalApi.Dumps"/>
  <testcase name="login" time="0.001" classname="com.externalApi.Dumps"/>
  <testcase name="login" time="0.001" classname="com.externalApi.Dumps"/>
  <testcase name="login" time="0.001" classname="com.externalApi.Dumps"/>
  <testcase name="login" time="0.000" classname="com.externalApi.Dumps"/>
  <testcase name="login" time="0.001" classname="com.externalApi.Dumps"/>
  <testcase name="login" time="0.002" classname="com.externalApi.Dumps"/>
  <testcase name="login" time="0.001" classname="com.externalApi.Dumps"/>
  <testcase name="login" time="0.002" classname="com.externalApi.Dumps"/>
  <testcase name="login" time="0.002" classname="com.externalApi.Dumps"/>
  <testcase name="login" time="0.001" classname="com.externalApi.Dumps"/>
  <testcase name="login" time="0.002" classname="com.externalApi.Dumps"/>
  <testcase name="login" time="0.011" classname="com.externalApi.Dumps"/>
  <testcase name="login" time="0.001" classname="com.externalApi.Dumps"/>
  <testcase name="login" time="0.001" classname="com.externalApi.Dumps"/>
  <testcase name="login" time="0.000" classname="com.externalApi.Dumps"/>
  <testcase name="login" time="0.001" classname="com.externalApi.Dumps"/>
  <testcase name="login" time="0.001" classname="com.externalApi.Dumps"/>
  <testcase name="login" time="0.000" classname="com.externalApi.Dumps"/>
  <testcase name="login" time="0.002" classname="com.externalApi.Dumps"/>
  <testcase name="login" time="0.001" classname="com.externalApi.Dumps"/>
  <testcase name="login" time="0.002" classname="com.externalApi.Dumps"/>
  <testcase name="login" time="0.001" classname="com.externalApi.Dumps"/>
  <testcase name="login" time="0.000" classname="com.externalApi.Dumps"/>
  <testcase name="login" time="0.000" classname="com.externalApi.Dumps"/>
  <testcase name="login" time="0.000" classname="com.externalApi.Dumps"/>
  <testcase name="login" time="0.000" classname="com.externalApi.Dumps"/>
  <testcase name="login" time="0.001" classname="com.externalApi.Dumps"/>
  <testcase name="login" time="0.000" classname="com.externalApi.Dumps"/>
  <testcase name="login" time="0.001" classname="com.externalApi.Dumps"/>
  <testcase name="login" time="0.000" classname="com.externalApi.Dumps"/>
  <testcase name="login" time="0.001" classname="com.externalApi.Dumps"/>
  <testcase name="login" time="0.001" classname="com.externalApi.Dumps"/>
  <testcase name="login" time="0.129" classname="com.externalApi.Dumps"/>
  <testcase name="login" time="0.001" classname="com.externalApi.Dumps"/>
  <testcase name="login" time="0.000" classname="com.externalApi.Dumps"/>
  <testcase name="login" time="0.001" classname="com.externalApi.Dumps"/>
  <testcase name="login" time="0.001" classname="com.externalApi.Dumps"/>
  <testcase name="login" time="0.000" classname="com.externalApi.Dumps"/>
  <testcase name="login" time="0.000" classname="com.externalApi.Dumps"/>
  <testcase name="login" time="0.001" classname="com.externalApi.Dumps"/>
  <testcase name="login" time="0.000" classname="com.externalApi.Dumps"/>
  <testcase name="login" time="0.000" classname="com.externalApi.Dumps"/>
  <testcase name="login" time="0.040" classname="com.externalApi.Dumps"/>
  <testcase name="login" time="0.000" classname="com.externalApi.Dumps"/>
  <testcase name="login" time="0.001" classname="com.externalApi.Dumps"/>
  <testcase name="login" time="0.001" classname="com.externalApi.Dumps"/>
  <testcase name="login" time="0.000" classname="com.externalApi.Dumps"/>
  <testcase name="login" time="0.002" classname="com.externalApi.Dumps"/>
  <testcase name="login" time="0.000" classname="com.externalApi.Dumps"/>
  <testcase name="login" time="0.000" classname="com.externalApi.Dumps"/>
  <testcase name="login" time="0.002" classname="com.externalApi.Dumps"/>
  <testcase name="login" time="0.001" classname="com.externalApi.Dumps"/>
  <testcase name="login" time="0.001" classname="com.externalApi.Dumps"/>
  <testcase name="login" time="0.001" classname="com.externalApi.Dumps"/>
  <testcase name="login" time="0.001" classname="com.externalApi.Dumps"/>
  <testcase name="login" time="0.001" classname="com.externalApi.Dumps"/>
  <testcase name="login" time="0.000" classname="com.externalApi.Dumps"/>
  <testcase name="login" time="0.002" classname="com.externalApi.Dumps"/>
  <testcase name="login" time="0.001" classname="com.externalApi.Dumps"/>
  <testcase name="login" time="0.000" classname="com.externalApi.Dumps"/>
  <testcase name="login" time="0.001" classname="com.externalApi.Dumps"/>
  <testcase name="login" time="0.000" classname="com.externalApi.Dumps"/>
  <testcase name="login" time="0.000" classname="com.externalApi.Dumps"/>
  <testcase name="login" time="0.000" classname="com.externalApi.Dumps"/>
  <testcase name="login" time="0.000" classname="com.externalApi.Dumps"/>
  <testcase name="login" time="0.001" classname="com.externalApi.Dumps"/>
  <testcase name="login" time="0.000" classname="com.externalApi.Dumps"/>
  <testcase name="login" time="0.001" classname="com.externalApi.Dumps"/>
  <testcase name="login" time="0.001" classname="com.externalApi.Dumps"/>
  <testcase name="login" time="0.001" classname="com.externalApi.Dumps"/>
  <testcase name="login" time="0.001" classname="com.externalApi.Dumps"/>
  <testcase name="login" time="0.000" classname="com.externalApi.Dumps"/>
  <testcase name="login" time="0.000" classname="com.externalApi.Dumps"/>
  <testcase name="login" time="0.000" classname="com.externalApi.Dumps"/>
  <testcase name="login" time="0.001" classname="com.externalApi.Dumps"/>
  <testcase name="login" time="0.001" classname="com.externalApi.Dumps"/>
  <testcase name="login" time="0.001" classname="com.externalApi.Dumps"/>
  <testcase name="login" time="0.001" classname="com.externalApi.Dumps"/>
  <testcase name="login" time="0.142" classname="com.externalApi.Dumps"/>
  <testcase name="login" time="0.000" classname="com.externalApi.Dumps"/>
  <testcase name="login" time="0.001" classname="com.externalApi.Dumps"/>
  <testcase name="login" time="0.001" classname="com.externalApi.Dumps"/>
  <testcase name="login" time="0.000" classname="com.externalApi.Dumps"/>
  <testcase name="login" time="0.000" classname="com.externalApi.Dumps"/>
  <testcase name="login" time="0.000" classname="com.externalApi.Dumps"/>
  <testcase name="login" time="0.001" classname="com.externalApi.Dumps"/>
  <testcase name="login" time="0.001" classname="com.externalApi.Dumps"/>
  <testcase name="login" time="0.001" classname="com.externalApi.Dumps"/>
  <testcase name="login" time="0.002" classname="com.externalApi.Dumps"/>
  <testcase name="login" time="0.002" classname="com.externalApi.Dumps"/>
  <testcase name="login" time="0.000" classname="com.externalApi.Dumps"/>
  <testcase name="login" time="0.000" classname="com.externalApi.Dumps"/>
  <testcase name="login" time="0.002" classname="com.externalApi.Dumps"/>
  <testcase name="login" time="0.001" classname="com.externalApi.Dumps"/>
  <testcase name="login" time="0.001" classname="com.externalApi.Dumps"/>
  <testcase name="login" time="0.000" classname="com.externalApi.Dumps"/>
  <testcase name="login" time="0.000" classname="com.externalApi.Dumps"/>
  <testcase name="login" time="0.001" classname="com.externalApi.Dumps"/>
  <testcase name="login" time="0.001" classname="com.externalApi.Dumps"/>
  <testcase name="login" time="0.000" classname="com.externalApi.Dumps"/>
  <testcase name="login" time="0.000" classname="com.externalApi.Dumps"/>
  <testcase name="login" time="0.001" classname="com.externalApi.Dumps"/>
  <testcase name="login" time="0.001" classname="com.externalApi.Dumps"/>
  <testcase name="login" time="0.001" classname="com.externalApi.Dumps"/>
  <testcase name="login" time="0.000" classname="com.externalApi.Dumps"/>
  <testcase name="login" time="0.001" classname="com.externalApi.Dumps"/>
  <testcase name="login" time="0.001" classname="com.externalApi.Dumps"/>
  <testcase name="login" time="0.001" classname="com.externalApi.Dumps"/>
  <testcase name="login" time="0.000" classname="com.externalApi.Dumps"/>
  <testcase name="login" time="0.002" classname="com.externalApi.Dumps"/>
  <testcase name="login" time="0.000" classname="com.externalApi.Dumps"/>
  <testcase name="login" time="0.001" classname="com.externalApi.Dumps"/>
  <testcase name="login" time="0.001" classname="com.externalApi.Dumps"/>
  <testcase name="login" time="0.000" classname="com.externalApi.Dumps"/>
  <testcase name="login" time="0.000" classname="com.externalApi.Dumps"/>
  <testcase name="login" time="0.001" classname="com.externalApi.Dumps"/>
  <testcase name="login" time="0.001" classname="com.externalApi.Dumps"/>
  <testcase name="login" time="0.001" classname="com.externalApi.Dumps"/>
  <testcase name="login" time="0.000" classname="com.externalApi.Dumps"/>
  <testcase name="login" time="0.001" classname="com.externalApi.Dumps"/>
  <testcase name="login" time="0.002" classname="com.externalApi.Dumps"/>
  <testcase name="login" time="0.001" classname="com.externalApi.Dumps"/>
  <testcase name="login" time="0.001" classname="com.externalApi.Dumps"/>
  <testcase name="login" time="0.000" classname="com.externalApi.Dumps"/>
  <testcase name="login" time="0.001" classname="com.externalApi.Dumps"/>
  <testcase name="login" time="0.001" classname="com.externalApi.Dumps"/>
  <testcase name="login" time="0.001" classname="com.externalApi.Dumps"/>
  <testcase name="login" time="0.000" classname="com.externalApi.Dumps"/>
  <testcase name="login" time="0.001" classname="com.externalApi.Dumps"/>
  <testcase name="login" time="0.001" classname="com.externalApi.Dumps"/>
  <testcase name="login" time="0.000" classname="com.externalApi.Dumps"/>
  <testcase name="login" time="0.001" classname="com.externalApi.Dumps"/>
  <testcase name="login" time="0.001" classname="com.externalApi.Dumps"/>
  <testcase name="login" time="0.000" classname="com.externalApi.Dumps"/>
  <testcase name="login" time="0.000" classname="com.externalApi.Dumps"/>
  <testcase name="login" time="0.001" classname="com.externalApi.Dumps"/>
  <testcase name="login" time="0.000" classname="com.externalApi.Dumps"/>
  <testcase name="login" time="0.001" classname="com.externalApi.Dumps"/>
  <testcase name="login" time="0.000" classname="com.externalApi.Dumps"/>
  <testcase name="login" time="0.000" classname="com.externalApi.Dumps"/>
  <testcase name="login" time="0.000" classname="com.externalApi.Dumps"/>
  <testcase name="login" time="0.000" classname="com.externalApi.Dumps"/>
  <testcase name="login" time="0.000" classname="com.externalApi.Dumps"/>
  <testcase name="login" time="0.001" classname="com.externalApi.Dumps"/>
  <testcase name="login" time="0.001" classname="com.externalApi.Dumps"/>
  <testcase name="login" time="0.001" classname="com.externalApi.Dumps"/>
  <testcase name="login" time="0.001" classname="com.externalApi.Dumps"/>
  <testcase name="login" time="0.004" classname="com.externalApi.Dumps"/>
  <testcase name="login" time="0.001" classname="com.externalApi.Dumps"/>
  <testcase name="login" time="0.000" classname="com.externalApi.Dumps"/>
  <testcase name="login" time="0.001" classname="com.externalApi.Dumps"/>
  <testcase name="login" time="0.000" classname="com.externalApi.Dumps"/>
  <testcase name="login" time="0.000" classname="com.externalApi.Dumps"/>
  <testcase name="login" time="0.002" classname="com.externalApi.Dumps"/>
  <testcase name="login" time="0.000" classname="com.externalApi.Dumps"/>
  <testcase name="login" time="0.001" classname="com.externalApi.Dumps"/>
  <testcase name="login" time="0.001" classname="com.externalApi.Dumps"/>
  <testcase name="login" time="0.000" classname="com.externalApi.Dumps"/>
  <testcase name="login" time="0.000" classname="com.externalApi.Dumps"/>
  <testcase name="login" time="0.001" classname="com.externalApi.Dumps"/>
  <testcase name="login" time="0.000" classname="com.externalApi.Dumps"/>
  <testcase name="login" time="0.000" classname="com.externalApi.Dumps"/>
  <testcase name="login" time="0.002" classname="com.externalApi.Dumps"/>
  <testcase name="login" time="0.000" classname="com.externalApi.Dumps"/>
  <testcase name="login" time="0.001" classname="com.externalApi.Dumps"/>
  <testcase name="login" time="0.002" classname="com.externalApi.Dumps"/>
  <testcase name="login" time="0.000" classname="com.externalApi.Dumps"/>
  <testcase name="login" time="0.000" classname="com.externalApi.Dumps"/>
  <testcase name="login" time="0.000" classname="com.externalApi.Dumps"/>
  <testcase name="login" time="0.001" classname="com.externalApi.Dumps"/>
  <testcase name="login" time="0.000" classname="com.externalApi.Dumps"/>
  <testcase name="login" time="0.001" classname="com.externalApi.Dumps"/>
  <testcase name="login" time="0.000" classname="com.externalApi.Dumps"/>
  <testcase name="login" time="0.001" classname="com.externalApi.Dumps"/>
  <testcase name="login" time="0.001" classname="com.externalApi.Dumps"/>
  <testcase name="login" time="0.000" classname="com.externalApi.Dumps"/>
  <testcase name="login" time="0.001" classname="com.externalApi.Dumps"/>
  <testcase name="login" time="0.001" classname="com.externalApi.Dumps"/>
  <testcase name="login" time="0.001" classname="com.externalApi.Dumps"/>
  <testcase name="login" time="0.001" classname="com.externalApi.Dumps"/>
  <testcase name="login" time="0.000" classname="com.externalApi.Dumps"/>
  <testcase name="login" time="0.001" classname="com.externalApi.Dumps"/>
  <testcase name="login" time="0.000" classname="com.externalApi.Dumps"/>
  <testcase name="login" time="0.000" classname="com.externalApi.Dumps"/>
  <testcase name="login" time="0.001" classname="com.externalApi.Dumps"/>
  <testcase name="login" time="0.001" classname="com.externalApi.Dumps"/>
  <testcase name="login" time="0.000" classname="com.externalApi.Dumps"/>
  <testcase name="login" time="0.001" classname="com.externalApi.Dumps"/>
  <testcase name="login" time="0.000" classname="com.externalApi.Dumps"/>
  <testcase name="login" time="0.000" classname="com.externalApi.Dumps"/>
  <testcase name="login" time="0.001" classname="com.externalApi.Dumps"/>
  <testcase name="login" time="0.000" classname="com.externalApi.Dumps"/>
  <testcase name="login" time="0.007" classname="com.externalApi.Dumps"/>
  <testcase name="login" time="0.002" classname="com.externalApi.Dumps"/>
  <testcase name="login" time="0.000" classname="com.externalApi.Dumps"/>
  <testcase name="login" time="0.001" classname="com.externalApi.Dumps"/>
  <testcase name="login" time="0.001" classname="com.externalApi.Dumps"/>
  <testcase name="login" time="0.001" classname="com.externalApi.Dumps"/>
  <testcase name="login" time="0.001" classname="com.externalApi.Dumps"/>
  <testcase name="login" time="0.002" classname="com.externalApi.Dumps"/>
  <testcase name="login" time="0.000" classname="com.externalApi.Dumps"/>
  <testcase name="login" time="0.001" classname="com.externalApi.Dumps"/>
  <testcase name="login" time="0.001" classname="com.externalApi.Dumps"/>
  <testcase name="login" time="0.001" classname="com.externalApi.Dumps"/>
  <testcase name="login" time="0.001" classname="com.externalApi.Dumps"/>
  <testcase name="login" time="0.001" classname="com.externalApi.Dumps"/>
  <testcase name="login" time="0.000" classname="com.externalApi.Dumps"/>
  <testcase name="login" time="0.000" classname="com.externalApi.Dumps"/>
  <testcase name="login" time="0.000" classname="com.externalApi.Dumps"/>
  <testcase name="login" time="0.002" classname="com.externalApi.Dumps"/>
  <testcase name="login" time="0.001" classname="com.externalApi.Dumps"/>
  <testcase name="login" time="0.044" classname="com.externalApi.Dumps"/>
  <testcase name="login" time="0.007" classname="com.externalApi.Dumps"/>
  <testcase name="login" time="0.001" classname="com.externalApi.Dumps"/>
  <testcase name="login" time="0.001" classname="com.externalApi.Dumps"/>
  <testcase name="login" time="0.000" classname="com.externalApi.Dumps"/>
  <testcase name="login" time="0.001" classname="com.externalApi.Dumps"/>
  <testcase name="login" time="0.000" classname="com.externalApi.Dumps"/>
  <testcase name="login" time="0.001" classname="com.externalApi.Dumps"/>
  <testcase name="login" time="0.000" classname="com.externalApi.Dumps"/>
  <testcase name="login" time="0.000" classname="com.externalApi.Dumps"/>
  <testcase name="login" time="0.000" classname="com.externalApi.Dumps"/>
  <testcase name="login" time="0.000" classname="com.externalApi.Dumps"/>
  <testcase name="login" time="0.000" classname="com.externalApi.Dumps"/>
  <testcase name="login" time="0.002" classname="com.externalApi.Dumps"/>
  <testcase name="login" time="0.000" classname="com.externalApi.Dumps"/>
  <testcase name="login" time="0.000" classname="com.externalApi.Dumps"/>
  <testcase name="login" time="0.000" classname="com.externalApi.Dumps"/>
  <testcase name="login" time="0.002" classname="com.externalApi.Dumps"/>
  <testcase name="login" time="0.000" classname="com.externalApi.Dumps"/>
  <testcase name="login" time="0.000" classname="com.externalApi.Dumps"/>
  <testcase name="login" time="0.001" classname="com.externalApi.Dumps"/>
  <testcase name="login" time="0.000" classname="com.externalApi.Dumps"/>
  <testcase name="login" time="0.000" classname="com.externalApi.Dumps"/>
  <testcase name="login" time="0.002" classname="com.externalApi.Dumps"/>
  <testcase name="login" time="0.001" classname="com.externalApi.Dumps"/>
  <testcase name="login" time="0.000" classname="com.externalApi.Dumps"/>
  <testcase name="login" time="0.001" classname="com.externalApi.Dumps"/>
  <testcase name="login" time="0.001" classname="com.externalApi.Dumps"/>
  <testcase name="login" time="0.001" classname="com.externalApi.Dumps"/>
  <testcase name="login" time="0.001" classname="com.externalApi.Dumps"/>
  <testcase name="login" time="0.001" classname="com.externalApi.Dumps"/>
  <testcase name="login" time="0.000" classname="com.externalApi.Dumps"/>
  <testcase name="login" time="0.001" classname="com.externalApi.Dumps"/>
  <testcase name="login" time="0.001" classname="com.externalApi.Dumps"/>
  <testcase name="login" time="0.001" classname="com.externalApi.Dumps"/>
  <testcase name="login" time="0.001" classname="com.externalApi.Dumps"/>
  <testcase name="login" time="0.000" classname="com.externalApi.Dumps"/>
  <testcase name="login" time="0.001" classname="com.externalApi.Dumps"/>
  <testcase name="login" time="0.000" classname="com.externalApi.Dumps"/>
  <testcase name="login" time="0.001" classname="com.externalApi.Dumps"/>
  <testcase name="login" time="0.000" classname="com.externalApi.Dumps"/>
  <testcase name="login" time="0.001" classname="com.externalApi.Dumps"/>
  <testcase name="login" time="0.000" classname="com.externalApi.Dumps"/>
  <testcase name="login" time="0.000" classname="com.externalApi.Dumps"/>
  <testcase name="login" time="0.001" classname="com.externalApi.Dumps"/>
  <testcase name="login" time="0.000" classname="com.externalApi.Dumps"/>
  <testcase name="login" time="0.294" classname="com.externalApi.Dumps"/>
  <testcase name="login" time="0.000" classname="com.externalApi.Dumps"/>
  <testcase name="login" time="0.000" classname="com.externalApi.Dumps"/>
  <testcase name="login" time="0.000" classname="com.externalApi.Dumps"/>
  <testcase name="login" time="0.001" classname="com.externalApi.Dumps"/>
  <testcase name="login" time="0.002" classname="com.externalApi.Dumps"/>
  <testcase name="login" time="0.001" classname="com.externalApi.Dumps"/>
  <testcase name="login" time="0.000" classname="com.externalApi.Dumps"/>
  <testcase name="login" time="0.000" classname="com.externalApi.Dumps"/>
  <testcase name="login" time="0.002" classname="com.externalApi.Dumps"/>
  <testcase name="login" time="0.001" classname="com.externalApi.Dumps"/>
  <testcase name="login" time="0.001" classname="com.externalApi.Dumps"/>
  <testcase name="login" time="0.000" classname="com.externalApi.Dumps"/>
  <testcase name="login" time="0.000" classname="com.externalApi.Dumps"/>
  <testcase name="login" time="0.001" classname="com.externalApi.Dumps"/>
  <testcase name="login" time="0.001" classname="com.externalApi.Dumps"/>
  <testcase name="login" time="0.000" classname="com.externalApi.Dumps"/>
  <testcase name="login" time="0.001" classname="com.externalApi.Dumps"/>
  <testcase name="login" time="0.002" classname="com.externalApi.Dumps"/>
  <testcase name="login" time="0.002" classname="com.externalApi.Dumps"/>
  <testcase name="login" time="0.000" classname="com.externalApi.Dumps"/>
  <testcase name="login" time="0.000" classname="com.externalApi.Dumps"/>
  <testcase name="login" time="0.001" classname="com.externalApi.Dumps"/>
  <testcase name="login" time="0.000" classname="com.externalApi.Dumps"/>
  <testcase name="login" time="0.000" classname="com.externalApi.Dumps"/>
  <testcase name="login" time="0.002" classname="com.externalApi.Dumps"/>
  <testcase name="login" time="0.002" classname="com.externalApi.Dumps"/>
  <testcase name="login" time="0.001" classname="com.externalApi.Dumps"/>
  <testcase name="login" time="0.001" classname="com.externalApi.Dumps"/>
  <testcase name="login" time="0.002" classname="com.externalApi.Dumps"/>
  <testcase name="login" time="0.000" classname="com.externalApi.Dumps"/>
  <testcase name="login" time="0.001" classname="com.externalApi.Dumps"/>
  <testcase name="login" time="0.001" classname="com.externalApi.Dumps"/>
  <testcase name="login" time="0.001" classname="com.externalApi.Dumps"/>
  <testcase name="login" time="0.001" classname="com.externalApi.Dumps"/>
  <testcase name="login" time="0.001" classname="com.externalApi.Dumps"/>
  <testcase name="login" time="0.001" classname="com.externalApi.Dumps"/>
  <testcase name="login" time="0.000" classname="com.externalApi.Dumps"/>
  <testcase name="login" time="0.001" classname="com.externalApi.Dumps"/>
  <testcase name="login" time="0.001" classname="com.externalApi.Dumps"/>
  <testcase name="login" time="0.001" classname="com.externalApi.Dumps"/>
  <testcase name="login" time="0.001" classname="com.externalApi.Dumps"/>
  <testcase name="login" time="0.000" classname="com.externalApi.Dumps"/>
  <testcase name="login" time="0.001" classname="com.externalApi.Dumps"/>
  <testcase name="login" time="0.000" classname="com.externalApi.Dumps"/>
  <testcase name="login" time="0.001" classname="com.externalApi.Dumps"/>
  <testcase name="login" time="0.000" classname="com.externalApi.Dumps"/>
  <testcase name="login" time="0.000" classname="com.externalApi.Dumps"/>
  <testcase name="login" time="0.001" classname="com.externalApi.Dumps"/>
  <testcase name="login" time="0.001" classname="com.externalApi.Dumps"/>
  <testcase name="login" time="0.001" classname="com.externalApi.Dumps"/>
  <testcase name="login" time="0.001" classname="com.externalApi.Dumps"/>
  <testcase name="login" time="0.000" classname="com.externalApi.Dumps"/>
  <testcase name="login" time="0.000" classname="com.externalApi.Dumps"/>
  <testcase name="login" time="0.001" classname="com.externalApi.Dumps"/>
  <testcase name="login" time="0.000" classname="com.externalApi.Dumps"/>
  <testcase name="login" time="0.002" classname="com.externalApi.Dumps"/>
  <testcase name="login" time="0.001" classname="com.externalApi.Dumps"/>
  <testcase name="login" time="0.001" classname="com.externalApi.Dumps"/>
  <testcase name="login" time="0.000" classname="com.externalApi.Dumps"/>
  <testcase name="login" time="0.123" classname="com.externalApi.Dumps"/>
  <testcase name="login" time="0.000" classname="com.externalApi.Dumps"/>
  <testcase name="login" time="0.000" classname="com.externalApi.Dumps"/>
  <testcase name="login" time="0.000" classname="com.externalApi.Dumps"/>
  <testcase name="login" time="0.000" classname="com.externalApi.Dumps"/>
  <testcase name="login" time="0.002" classname="com.externalApi.Dumps"/>
  <testcase name="login" time="0.000" classname="com.externalApi.Dumps"/>
  <testcase name="login" time="0.000" classname="com.externalApi.Dumps"/>
  <testcase name="login" time="0.001" classname="com.externalApi.Dumps"/>
  <testcase name="login" time="0.001" classname="com.externalApi.Dumps"/>
  <testcase name="login" time="0.001" classname="com.externalApi.Dumps"/>
  <testcase name="login" time="0.001" classname="com.externalApi.Dumps"/>
  <testcase name="login" time="0.001" classname="com.externalApi.Dumps"/>
  <testcase name="login" time="0.001" classname="com.externalApi.Dumps"/>
  <testcase name="login" time="0.001" classname="com.externalApi.Dumps"/>
  <testcase name="login" time="0.000" classname="com.externalApi.Dumps"/>
  <testcase name="login" time="0.001" classname="com.externalApi.Dumps"/>
  <testcase name="login" time="0.001" classname="com.externalApi.Dumps"/>
  <testcase name="login" time="0.000" classname="com.externalApi.Dumps"/>
  <testcase name="login" time="0.004" classname="com.externalApi.Dumps"/>
  <testcase name="login" time="0.000" classname="com.externalApi.Dumps"/>
  <testcase name="login" time="0.000" classname="com.externalApi.Dumps"/>
  <testcase name="login" time="0.000" classname="com.externalApi.Dumps"/>
  <testcase name="login" time="0.000" classname="com.externalApi.Dumps"/>
  <testcase name="login" time="0.001" classname="com.externalApi.Dumps"/>
  <testcase name="login" time="0.000" classname="com.externalApi.Dumps"/>
  <testcase name="login" time="0.001" classname="com.externalApi.Dumps"/>
  <testcase name="login" time="0.000" classname="com.externalApi.Dumps"/>
  <testcase name="login" time="0.000" classname="com.externalApi.Dumps"/>
  <testcase name="login" time="0.001" classname="com.externalApi.Dumps"/>
  <testcase name="login" time="0.000" classname="com.externalApi.Dumps"/>
  <testcase name="login" time="0.000" classname="com.externalApi.Dumps"/>
  <testcase name="login" time="0.001" classname="com.externalApi.Dumps"/>
  <testcase name="login" time="0.002" classname="com.externalApi.Dumps"/>
  <testcase name="login" time="0.001" classname="com.externalApi.Dumps"/>
  <testcase name="login" time="0.001" classname="com.externalApi.Dumps"/>
  <testcase name="login" time="0.000" classname="com.externalApi.Dumps"/>
  <testcase name="login" time="0.000" classname="com.externalApi.Dumps"/>
  <testcase name="login" time="0.000" classname="com.externalApi.Dumps"/>
  <testcase name="login" time="0.000" classname="com.externalApi.Dumps"/>
  <testcase name="login" time="0.001" classname="com.externalApi.Dumps"/>
  <testcase name="login" time="0.001" classname="com.externalApi.Dumps"/>
  <testcase name="login" time="0.000" classname="com.externalApi.Dumps"/>
  <testcase name="login" time="0.001" classname="com.externalApi.Dumps"/>
  <testcase name="login" time="0.000" classname="com.externalApi.Dumps"/>
  <testcase name="login" time="0.000" classname="com.externalApi.Dumps"/>
  <testcase name="login" time="0.001" classname="com.externalApi.Dumps"/>
  <testcase name="login" time="0.000" classname="com.externalApi.Dumps"/>
  <testcase name="login" time="0.002" classname="com.externalApi.Dumps"/>
  <testcase name="login" time="0.000" classname="com.externalApi.Dumps"/>
  <testcase name="login" time="0.000" classname="com.externalApi.Dumps"/>
  <testcase name="login" time="0.002" classname="com.externalApi.Dumps"/>
  <testcase name="login" time="0.000" classname="com.externalApi.Dumps"/>
  <testcase name="login" time="0.001" classname="com.externalApi.Dumps"/>
  <testcase name="login" time="0.000" classname="com.externalApi.Dumps"/>
  <testcase name="login" time="0.000" classname="com.externalApi.Dumps"/>
  <testcase name="login" time="0.002" classname="com.externalApi.Dumps"/>
  <testcase name="login" time="0.001" classname="com.externalApi.Dumps"/>
  <testcase name="login" time="0.000" classname="com.externalApi.Dumps"/>
  <testcase name="login" time="0.000" classname="com.externalApi.Dumps"/>
  <testcase name="login" time="0.000" classname="com.externalApi.Dumps"/>
  <testcase name="login" time="0.000" classname="com.externalApi.Dumps"/>
  <testcase name="login" time="0.000" classname="com.externalApi.Dumps"/>
  <testcase name="login" time="0.000" classname="com.externalApi.Dumps"/>
  <testcase name="login" time="0.001" classname="com.externalApi.Dumps"/>
  <testcase name="login" time="0.001" classname="com.externalApi.Dumps"/>
  <testcase name="login" time="0.001" classname="com.externalApi.Dumps"/>
  <testcase name="login" time="0.000" classname="com.externalApi.Dumps"/>
  <testcase name="login" time="0.000" classname="com.externalApi.Dumps"/>
  <testcase name="login" time="0.001" classname="com.externalApi.Dumps"/>
  <testcase name="login" time="0.000" classname="com.externalApi.Dumps"/>
  <testcase name="login" time="0.001" classname="com.externalApi.Dumps"/>
  <testcase name="login" time="0.001" classname="com.externalApi.Dumps"/>
  <testcase name="login" time="0.000" classname="com.externalApi.Dumps"/>
  <testcase name="login" time="0.001" classname="com.externalApi.Dumps"/>
  <testcase name="login" time="0.000" classname="com.externalApi.Dumps"/>
  <testcase name="login" time="0.000" classname="com.externalApi.Dumps"/>
  <testcase name="login" time="0.000" classname="com.externalApi.Dumps"/>
  <testcase name="login" time="0.001" classname="com.externalApi.Dumps"/>
  <testcase name="login" time="0.001" classname="com.externalApi.Dumps"/>
  <testcase name="login" time="0.002" classname="com.externalApi.Dumps"/>
  <testcase name="login" time="0.002" classname="com.externalApi.Dumps"/>
  <testcase name="login" time="0.000" classname="com.externalApi.Dumps"/>
  <testcase name="login" time="0.000" classname="com.externalApi.Dumps"/>
  <testcase name="login" time="0.000" classname="com.externalApi.Dumps"/>
  <testcase name="login" time="0.000" classname="com.externalApi.Dumps"/>
  <testcase name="login" time="0.000" classname="com.externalApi.Dumps"/>
  <testcase name="login" time="0.001" classname="com.externalApi.Dumps"/>
  <testcase name="login" time="0.000" classname="com.externalApi.Dumps"/>
  <testcase name="login" time="0.002" classname="com.externalApi.Dumps"/>
  <testcase name="login" time="0.001" classname="com.externalApi.Dumps"/>
  <testcase name="login" time="0.000" classname="com.externalApi.Dumps"/>
  <testcase name="login" time="0.002" classname="com.externalApi.Dumps"/>
  <testcase name="login" time="0.000" classname="com.externalApi.Dumps"/>
  <testcase name="login" time="0.001" classname="com.externalApi.Dumps"/>
  <testcase name="login" time="0.000" classname="com.externalApi.Dumps"/>
  <testcase name="login" time="0.000" classname="com.externalApi.Dumps"/>
  <testcase name="login" time="0.000" classname="com.externalApi.Dumps"/>
  <testcase name="login" time="0.001" classname="com.externalApi.Dumps"/>
  <testcase name="login" time="0.000" classname="com.externalApi.Dumps"/>
  <testcase name="login" time="0.001" classname="com.externalApi.Dumps"/>
  <testcase name="login" time="0.000" classname="com.externalApi.Dumps"/>
  <testcase name="login" time="0.001" classname="com.externalApi.Dumps"/>
  <testcase name="login" time="0.244" classname="com.externalApi.Dumps"/>
  <testcase name="login" time="0.001" classname="com.externalApi.Dumps"/>
  <testcase name="login" time="0.000" classname="com.externalApi.Dumps"/>
  <testcase name="login" time="0.001" classname="com.externalApi.Dumps"/>
  <testcase name="login" time="0.000" classname="com.externalApi.Dumps"/>
  <testcase name="login" time="0.000" classname="com.externalApi.Dumps"/>
  <testcase name="login" time="0.000" classname="com.externalApi.Dumps"/>
  <testcase name="login" time="0.001" classname="com.externalApi.Dumps"/>
  <testcase name="login" time="0.001" classname="com.externalApi.Dumps"/>
  <testcase name="login" time="0.001" classname="com.externalApi.Dumps"/>
  <testcase name="login" time="0.000" classname="com.externalApi.Dumps"/>
  <testcase name="login" time="0.001" classname="com.externalApi.Dumps"/>
  <testcase name="login" time="0.013" classname="com.externalApi.Dumps"/>
  <testcase name="login" time="0.000" classname="com.externalApi.Dumps"/>
  <testcase name="login" time="0.001" classname="com.externalApi.Dumps"/>
  <testcase name="login" time="0.001" classname="com.externalApi.Dumps"/>
  <testcase name="login" time="0.001" classname="com.externalApi.Dumps"/>
  <testcase name="login" time="0.001" classname="com.externalApi.Dumps"/>
  <testcase name="login" time="0.000" classname="com.externalApi.Dumps"/>
  <testcase name="login" time="0.001" classname="com.externalApi.Dumps"/>
  <testcase name="login" time="0.000" classname="com.externalApi.Dumps"/>
  <testcase name="login" time="0.212" classname="com.externalApi.Dumps"/>
  <testcase name="login" time="0.001" classname="com.externalApi.Dumps"/>
  <testcase name="login" time="0.000" classname="com.externalApi.Dumps"/>
  <testcase name="login" time="0.001" classname="com.externalApi.Dumps"/>
  <testcase name="login" time="0.000" classname="com.externalApi.Dumps"/>
  <testcase name="login" time="0.000" classname="com.externalApi.Dumps"/>
  <testcase name="login" time="0.000" classname="com.externalApi.Dumps"/>
  <testcase name="login" time="0.000" classname="com.externalApi.Dumps"/>
  <testcase name="login" time="0.000" classname="com.externalApi.Dumps"/>
  <testcase name="login" time="0.001" classname="com.externalApi.Dumps"/>
  <testcase name="login" time="0.000" classname="com.externalApi.Dumps"/>
  <testcase name="login" time="0.001" classname="com.externalApi.Dumps"/>
  <testcase name="login" time="0.001" classname="com.externalApi.Dumps"/>
  <testcase name="login" time="0.001" classname="com.externalApi.Dumps"/>
  <testcase name="login" time="0.001" classname="com.externalApi.Dumps"/>
  <testcase name="login" time="0.001" classname="com.externalApi.Dumps"/>
  <testcase name="login" time="0.000" classname="com.externalApi.Dumps"/>
  <testcase name="login" time="0.001" classname="com.externalApi.Dumps"/>
  <testcase name="login" time="0.001" classname="com.externalApi.Dumps"/>
  <testcase name="login" time="0.001" classname="com.externalApi.Dumps"/>
  <testcase name="login" time="0.000" classname="com.externalApi.Dumps"/>
  <testcase name="login" time="0.001" classname="com.externalApi.Dumps"/>
  <testcase name="login" time="0.000" classname="com.externalApi.Dumps"/>
  <testcase name="login" time="0.000" classname="com.externalApi.Dumps"/>
  <testcase name="login" time="0.000" classname="com.externalApi.Dumps"/>
  <testcase name="login" time="0.001" classname="com.externalApi.Dumps"/>
  <testcase name="login" time="0.001" classname="com.externalApi.Dumps"/>
  <testcase name="login" time="0.000" classname="com.externalApi.Dumps"/>
  <testcase name="login" time="0.000" classname="com.externalApi.Dumps"/>
  <testcase name="login" time="0.001" classname="com.externalApi.Dumps"/>
  <testcase name="login" time="0.001" classname="com.externalApi.Dumps"/>
  <testcase name="login" time="0.001" classname="com.externalApi.Dumps"/>
  <testcase name="login" time="0.001" classname="com.externalApi.Dumps"/>
  <testcase name="login" time="0.000" classname="com.externalApi.Dumps"/>
  <testcase name="login" time="0.005" classname="com.externalApi.Dumps"/>
  <testcase name="login" time="0.001" classname="com.externalApi.Dumps"/>
  <testcase name="login" time="0.001" classname="com.externalApi.Dumps"/>
  <testcase name="login" time="0.000" classname="com.externalApi.Dumps"/>
  <testcase name="login" time="0.003" classname="com.externalApi.Dumps"/>
  <testcase name="login" time="0.000" classname="com.externalApi.Dumps"/>
  <testcase name="login" time="0.000" classname="com.externalApi.Dumps"/>
  <testcase name="login" time="0.001" classname="com.externalApi.Dumps"/>
  <testcase name="login" time="0.000" classname="com.externalApi.Dumps"/>
  <testcase name="login" time="0.000" classname="com.externalApi.Dumps"/>
  <testcase name="login" time="0.002" classname="com.externalApi.Dumps"/>
  <testcase name="login" time="0.000" classname="com.externalApi.Dumps"/>
  <testcase name="login" time="0.001" classname="com.externalApi.Dumps"/>
  <testcase name="login" time="0.000" classname="com.externalApi.Dumps"/>
  <testcase name="login" time="0.001" classname="com.externalApi.Dumps"/>
  <testcase name="login" time="0.001" classname="com.externalApi.Dumps"/>
  <testcase name="login" time="0.000" classname="com.externalApi.Dumps"/>
  <testcase name="login" time="0.000" classname="com.externalApi.Dumps"/>
  <testcase name="login" time="0.001" classname="com.externalApi.Dumps"/>
  <testcase name="login" time="0.002" classname="com.externalApi.Dumps"/>
  <testcase name="login" time="0.000" classname="com.externalApi.Dumps"/>
  <testcase name="login" time="0.001" classname="com.externalApi.Dumps"/>
  <testcase name="login" time="0.001" classname="com.externalApi.Dumps"/>
  <testcase name="login" time="0.000" classname="com.externalApi.Dumps"/>
  <testcase name="login" time="0.000" classname="com.externalApi.Dumps"/>
  <testcase name="login" time="0.001" classname="com.externalApi.Dumps"/>
  <testcase name="login" time="0.001" classname="com.externalApi.Dumps"/>
  <testcase name="login" time="0.000" classname="com.externalApi.Dumps"/>
  <testcase name="login" time="0.000" classname="com.externalApi.Dumps"/>
  <testcase name="login" time="0.001" classname="com.externalApi.Dumps"/>
  <testcase name="login" time="0.001" classname="com.externalApi.Dumps"/>
  <testcase name="login" time="0.001" classname="com.externalApi.Dumps"/>
  <testcase name="login" time="0.001" classname="com.externalApi.Dumps"/>
  <testcase name="login" time="0.000" classname="com.externalApi.Dumps"/>
  <testcase name="login" time="0.000" classname="com.externalApi.Dumps"/>
  <testcase name="login" time="0.000" classname="com.externalApi.Dumps"/>
  <testcase name="login" time="0.003" classname="com.externalApi.Dumps"/>
  <testcase name="login" time="0.001" classname="com.externalApi.Dumps"/>
  <testcase name="login" time="0.001" classname="com.externalApi.Dumps"/>
  <testcase name="login" time="0.000" classname="com.externalApi.Dumps"/>
  <testcase name="login" time="0.000" classname="com.externalApi.Dumps"/>
  <testcase name="login" time="0.001" classname="com.externalApi.Dumps"/>
  <testcase name="login" time="0.000" classname="com.externalApi.Dumps"/>
  <testcase name="login" time="0.000" classname="com.externalApi.Dumps"/>
  <testcase name="login" time="0.001" classname="com.externalApi.Dumps"/>
  <testcase name="login" time="0.001" classname="com.externalApi.Dumps"/>
  <testcase name="login" time="0.001" classname="com.externalApi.Dumps"/>
  <testcase name="login" time="0.001" classname="com.externalApi.Dumps"/>
  <testcase name="login" time="0.001" classname="com.externalApi.Dumps"/>
  <testcase name="login" time="0.001" classname="com.externalApi.Dumps"/>
  <testcase name="login" time="0.000" classname="com.externalApi.Dumps"/>
  <testcase name="login" time="0.001" classname="com.externalApi.Dumps"/>
  <testcase name="login" time="0.001" classname="com.externalApi.Dumps"/>
  <testcase name="login" time="0.000" classname="com.externalApi.Dumps"/>
  <testcase name="login" time="0.000" classname="com.externalApi.Dumps"/>
  <testcase name="login" time="0.062" classname="com.externalApi.Dumps"/>
  <testcase name="login" time="0.000" classname="com.externalApi.Dumps"/>
  <testcase name="login" time="0.000" classname="com.externalApi.Dumps"/>
  <testcase name="login" time="0.000" classname="com.externalApi.Dumps"/>
  <testcase name="login" time="0.001" classname="com.externalApi.Dumps"/>
  <testcase name="login" time="0.001" classname="com.externalApi.Dumps"/>
  <testcase name="login" time="0.000" classname="com.externalApi.Dumps"/>
  <testcase name="login" time="0.000" classname="com.externalApi.Dumps"/>
  <testcase name="login" time="0.000" classname="com.externalApi.Dumps"/>
  <testcase name="login" time="0.000" classname="com.externalApi.Dumps"/>
  <testcase name="login" time="0.001" classname="com.externalApi.Dumps"/>
  <testcase name="login" time="0.001" classname="com.externalApi.Dumps"/>
  <testcase name="login" time="0.000" classname="com.externalApi.Dumps"/>
  <testcase name="login" time="0.000" classname="com.externalApi.Dumps"/>
  <testcase name="login" time="0.000" classname="com.externalApi.Dumps"/>
  <testcase name="login" time="0.000" classname="com.externalApi.Dumps"/>
  <testcase name="login" time="0.000" classname="com.externalApi.Dumps"/>
  <testcase name="login" time="0.001" classname="com.externalApi.Dumps"/>
  <testcase name="login" time="0.000" classname="com.externalApi.Dumps"/>
  <testcase name="login" time="0.001" classname="com.externalApi.Dumps"/>
  <testcase name="login" time="0.000" classname="com.externalApi.Dumps"/>
  <testcase name="login" time="0.001" classname="com.externalApi.Dumps"/>
  <testcase name="login" time="0.002" classname="com.externalApi.Dumps"/>
  <testcase name="login" time="0.000" classname="com.externalApi.Dumps"/>
  <testcase name="login" time="0.001" classname="com.externalApi.Dumps"/>
  <testcase name="login" time="0.113" classname="com.externalApi.Dumps"/>
  <testcase name="login" time="0.000" classname="com.externalApi.Dumps"/>
  <testcase name="login" time="0.001" classname="com.externalApi.Dumps"/>
  <testcase name="login" time="0.001" classname="com.externalApi.Dumps"/>
  <testcase name="login" time="0.001" classname="com.externalApi.Dumps"/>
  <testcase name="login" time="0.001" classname="com.externalApi.Dumps"/>
  <testcase name="login" time="0.001" classname="com.externalApi.Dumps"/>
  <testcase name="login" time="0.001" classname="com.externalApi.Dumps"/>
  <testcase name="login" time="0.001" classname="com.externalApi.Dumps"/>
  <testcase name="login" time="0.000" classname="com.externalApi.Dumps"/>
  <testcase name="login" time="0.000" classname="com.externalApi.Dumps"/>
  <testcase name="login" time="0.001" classname="com.externalApi.Dumps"/>
  <testcase name="login" time="0.018" classname="com.externalApi.Dumps"/>
  <testcase name="login" time="0.001" classname="com.externalApi.Dumps"/>
  <testcase name="login" time="0.000" classname="com.externalApi.Dumps"/>
  <testcase name="login" time="0.000" classname="com.externalApi.Dumps"/>
  <testcase name="login" time="0.000" classname="com.externalApi.Dumps"/>
  <testcase name="login" time="0.000" classname="com.externalApi.Dumps"/>
  <testcase name="login" time="0.001" classname="com.externalApi.Dumps"/>
  <testcase name="login" time="0.000" classname="com.externalApi.Dumps"/>
  <testcase name="login" time="0.000" classname="com.externalApi.Dumps"/>
  <testcase name="login" time="0.000" classname="com.externalApi.Dumps"/>
  <testcase name="login" time="0.002" classname="com.externalApi.Dumps"/>
  <testcase name="login" time="0.001" classname="com.externalApi.Dumps"/>
  <testcase name="login" time="0.001" classname="com.externalApi.Dumps"/>
  <testcase name="login" time="0.001" classname="com.externalApi.Dumps"/>
  <testcase name="login" time="0.000" classname="com.externalApi.Dumps"/>
  <testcase name="login" time="0.000" classname="com.externalApi.Dumps"/>
  <testcase name="login" time="0.000" classname="com.externalApi.Dumps"/>
  <testcase name="login" time="0.002" classname="com.externalApi.Dumps"/>
  <testcase name="login" time="0.000" classname="com.externalApi.Dumps"/>
  <testcase name="login" time="0.000" classname="com.externalApi.Dumps"/>
  <testcase name="login" time="0.000" classname="com.externalApi.Dumps"/>
  <testcase name="login" time="0.000" classname="com.externalApi.Dumps"/>
  <testcase name="login" time="0.001" classname="com.externalApi.Dumps"/>
  <testcase name="login" time="0.001" classname="com.externalApi.Dumps"/>
  <testcase name="login" time="0.001" classname="com.externalApi.Dumps"/>
  <testcase name="login" time="0.000" classname="com.externalApi.Dumps"/>
  <testcase name="login" time="0.001" classname="com.externalApi.Dumps"/>
  <testcase name="login" time="0.000" classname="com.externalApi.Dumps"/>
  <testcase name="login" time="0.000" classname="com.externalApi.Dumps"/>
  <testcase name="login" time="0.001" classname="com.externalApi.Dumps"/>
  <testcase name="login" time="0.002" classname="com.externalApi.Dumps"/>
  <testcase name="login" time="0.000" classname="com.externalApi.Dumps"/>
  <testcase name="login" time="0.000" classname="com.externalApi.Dumps"/>
  <testcase name="login" time="0.000" classname="com.externalApi.Dumps"/>
  <testcase name="login" time="0.000" classname="com.externalApi.Dumps"/>
  <testcase name="login" time="0.001" classname="com.externalApi.Dumps"/>
  <testcase name="login" time="0.000" classname="com.externalApi.Dumps"/>
  <testcase name="login" time="0.000" classname="com.externalApi.Dumps"/>
  <testcase name="login" time="0.000" classname="com.externalApi.Dumps"/>
  <testcase name="login" time="0.000" classname="com.externalApi.Dumps"/>
  <testcase name="login" time="0.000" classname="com.externalApi.Dumps"/>
  <testcase name="login" time="0.000" classname="com.externalApi.Dumps"/>
  <testcase name="login" time="0.000" classname="com.externalApi.Dumps"/>
  <testcase name="login" time="0.000" classname="com.externalApi.Dumps"/>
  <testcase name="login" time="0.000" classname="com.externalApi.Dumps"/>
  <testcase name="login" time="0.001" classname="com.externalApi.Dumps"/>
  <testcase name="login" time="0.000" classname="com.externalApi.Dumps"/>
  <testcase name="login" time="0.001" classname="com.externalApi.Dumps"/>
  <testcase name="login" time="0.000" classname="com.externalApi.Dumps"/>
  <testcase name="login" time="0.001" classname="com.externalApi.Dumps"/>
  <testcase name="login" time="0.002" classname="com.externalApi.Dumps"/>
  <testcase name="login" time="0.000" classname="com.externalApi.Dumps"/>
  <testcase name="login" time="0.000" classname="com.externalApi.Dumps"/>
  <testcase name="login" time="0.000" classname="com.externalApi.Dumps"/>
  <testcase name="login" time="0.001" classname="com.externalApi.Dumps"/>
  <testcase name="login" time="0.000" classname="com.externalApi.Dumps"/>
  <testcase name="login" time="0.001" classname="com.externalApi.Dumps"/>
  <testcase name="login" time="0.001" classname="com.externalApi.Dumps"/>
  <testcase name="login" time="0.001" classname="com.externalApi.Dumps"/>
  <testcase name="login" time="0.002" classname="com.externalApi.Dumps"/>
  <testcase name="login" time="0.000" classname="com.externalApi.Dumps"/>
  <testcase name="login" time="0.001" classname="com.externalApi.Dumps"/>
  <testcase name="login" time="0.001" classname="com.externalApi.Dumps"/>
  <testcase name="login" time="0.000" classname="com.externalApi.Dumps"/>
  <testcase name="login" time="0.000" classname="com.externalApi.Dumps"/>
  <testcase name="login" time="0.001" classname="com.externalApi.Dumps"/>
  <testcase name="login" time="0.000" classname="com.externalApi.Dumps"/>
  <testcase name="login" time="0.130" classname="com.externalApi.Dumps"/>
  <testcase name="login" time="0.001" classname="com.externalApi.Dumps"/>
  <testcase name="login" time="0.000" classname="com.externalApi.Dumps"/>
  <testcase name="login" time="0.000" classname="com.externalApi.Dumps"/>
  <testcase name="login" time="0.000" classname="com.externalApi.Dumps"/>
  <testcase name="login" time="0.002" classname="com.externalApi.Dumps"/>
  <testcase name="login" time="0.000" classname="com.externalApi.Dumps"/>
  <testcase name="login" time="0.001" classname="com.externalApi.Dumps"/>
  <testcase name="login" time="0.002" classname="com.externalApi.Dumps"/>
  <testcase name="login" time="0.001" classname="com.externalApi.Dumps"/>
  <testcase name="login" time="0.001" classname="com.externalApi.Dumps"/>
  <testcase name="login" time="0.001" classname="com.externalApi.Dumps"/>
  <testcase name="login" time="0.001" classname="com.externalApi.Dumps"/>
  <testcase name="login" time="0.002" classname="com.externalApi.Dumps"/>
  <testcase name="login" time="0.001" classname="com.externalApi.Dumps"/>
  <testcase name="login" time="0.000" classname="com.externalApi.Dumps"/>
  <testcase name="login" time="0.000" classname="com.externalApi.Dumps"/>
  <testcase name="login" time="0.001" classname="com.externalApi.Dumps"/>
  <testcase name="login" time="0.001" classname="com.externalApi.Dumps"/>
  <testcase name="login" time="0.135" classname="com.externalApi.Dumps"/>
  <testcase name="login" time="0.001" classname="com.externalApi.Dumps"/>
  <testcase name="login" time="0.001" classname="com.externalApi.Dumps"/>
  <testcase name="login" time="0.000" classname="com.externalApi.Dumps"/>
  <testcase name="login" time="0.001" classname="com.externalApi.Dumps"/>
  <testcase name="login" time="0.042" classname="com.externalApi.Dumps"/>
  <testcase name="login" time="0.001" classname="com.externalApi.Dumps"/>
  <testcase name="login" time="0.001" classname="com.externalApi.Dumps"/>
  <testcase name="login" time="0.001" classname="com.externalApi.Dumps"/>
  <testcase name="login" time="0.001" classname="com.externalApi.Dumps"/>
  <testcase name="login" time="0.001" classname="com.externalApi.Dumps"/>
  <testcase name="login" time="0.002" classname="com.externalApi.Dumps"/>
  <testcase name="login" time="0.000" classname="com.externalApi.Dumps"/>
  <testcase name="login" time="0.000" classname="com.externalApi.Dumps"/>
  <testcase name="login" time="0.000" classname="com.externalApi.Dumps"/>
  <testcase name="login" time="0.000" classname="com.externalApi.Dumps"/>
  <testcase name="login" time="0.000" classname="com.externalApi.Dumps"/>
  <testcase name="login" time="0.001" classname="com.externalApi.Dumps"/>
  <testcase name="login" time="0.001" classname="com.externalApi.Dumps"/>
  <testcase name="login" time="0.001" classname="com.externalApi.Dumps"/>
  <testcase name="login" time="0.000" classname="com.externalApi.Dumps"/>
  <testcase name="login" time="0.000" classname="com.externalApi.Dumps"/>
  <testcase name="login" time="0.000" classname="com.externalApi.Dumps"/>
  <testcase name="login" time="0.001" classname="com.externalApi.Dumps"/>
  <testcase name="login" time="0.000" classname="com.externalApi.Dumps"/>
  <testcase name="login" time="0.000" classname="com.externalApi.Dumps"/>
  <testcase name="login" time="0.002" classname="com.externalApi.Dumps"/>
  <testcase name="login" time="0.000" classname="com.externalApi.Dumps"/>
  <testcase name="login" time="0.001" classname="com.externalApi.Dumps"/>
  <testcase name="login" time="0.001" classname="com.externalApi.Dumps"/>
  <testcase name="login" time="0.001" classname="com.externalApi.Dumps"/>
  <testcase name="login" time="0.002" classname="com.externalApi.Dumps"/>
  <testcase name="login" time="0.000" classname="com.externalApi.Dumps"/>
  <testcase name="login" time="0.000" classname="com.externalApi.Dumps"/>
  <testcase name="login" time="0.000" classname="com.externalApi.Dumps"/>
  <testcase name="login" time="0.000" classname="com.externalApi.Dumps"/>
  <testcase name="login" time="0.000" classname="com.externalApi.Dumps"/>
  <testcase name="login" time="0.001" classname="com.externalApi.Dumps"/>
  <testcase name="login" time="0.001" classname="com.externalApi.Dumps"/>
  <testcase name="login" time="0.000" classname="com.externalApi.Dumps"/>
  <testcase name="login" time="0.001" classname="com.externalApi.Dumps"/>
  <testcase name="login" time="0.000" classname="com.externalApi.Dumps"/>
  <testcase name="login" time="0.001" classname="com.externalApi.Dumps"/>
  <testcase name="login" time="0.000" classname="com.externalApi.Dumps"/>
  <testcase name="login" time="0.000" classname="com.externalApi.Dumps"/>
  <testcase name="login" time="0.000" classname="com.externalApi.Dumps"/>
  <testcase name="login" time="0.000" classname="com.externalApi.Dumps"/>
  <testcase name="login" time="0.001" classname="com.externalApi.Dumps"/>
  <testcase name="login" time="0.001" classname="com.externalApi.Dumps"/>
  <testcase name="login" time="0.000" classname="com.externalApi.Dumps"/>
  <testcase name="login" time="0.001" classname="com.externalApi.Dumps"/>
  <testcase name="login" time="0.000" classname="com.externalApi.Dumps"/>
  <testcase name="login" time="0.000" classname="com.externalApi.Dumps"/>
  <testcase name="login" time="0.000" classname="com.externalApi.Dumps"/>
  <testcase name="login" time="0.001" classname="com.externalApi.Dumps"/>
  <testcase name="login" time="0.000" classname="com.externalApi.Dumps"/>
  <testcase name="login" time="0.000" classname="com.externalApi.Dumps"/>
  <testcase name="login" time="0.001" classname="com.externalApi.Dumps"/>
  <testcase name="login" time="0.000" classname="com.externalApi.Dumps"/>
  <testcase name="login" time="0.000" classname="com.externalApi.Dumps"/>
  <testcase name="login" time="0.001" classname="com.externalApi.Dumps"/>
  <testcase name="login" time="0.001" classname="com.externalApi.Dumps"/>
  <testcase name="login" time="0.001" classname="com.externalApi.Dumps"/>
  <testcase name="login" time="0.001" classname="com.externalApi.Dumps"/>
  <testcase name="login" time="0.002" classname="com.externalApi.Dumps"/>
  <testcase name="login" time="0.001" classname="com.externalApi.Dumps"/>
  <testcase name="login" time="0.000" classname="com.externalApi.Dumps"/>
  <testcase name="login" time="0.000" classname="com.externalApi.Dumps"/>
  <testcase name="login" time="0.000" classname="com.externalApi.Dumps"/>
  <testcase name="login" time="0.002" classname="com.externalApi.Dumps"/>
  <testcase name="login" time="0.000" classname="com.externalApi.Dumps"/>
  <testcase name="login" time="0.001" classname="com.externalApi.Dumps"/>
  <testcase name="login" time="0.000" classname="com.externalApi.Dumps"/>
  <testcase name="login" time="0.000" classname="com.externalApi.Dumps"/>
  <testcase name="login" time="0.001" classname="com.externalApi.Dumps"/>
  <testcase name="login" time="0.000" classname="com.externalApi.Dumps"/>
  <testcase name="login" time="0.000" classname="com.externalApi.Dumps"/>
  <testcase name="login" time="0.001" classname="com.externalApi.Dumps"/>
  <testcase name="login" time="0.000" classname="com.externalApi.Dumps"/>
  <testcase name="login" time="0.000" classname="com.externalApi.Dumps"/>
  <testcase name="login" time="0.000" classname="com.externalApi.Dumps"/>
  <testcase name="login" time="0.001" classname="com.externalApi.Dumps"/>
  <testcase name="login" time="0.000" classname="com.externalApi.Dumps"/>
  <testcase name="login" time="0.000" classname="com.externalApi.Dumps"/>
  <testcase name="login" time="0.001" classname="com.externalApi.Dumps"/>
  <testcase name="login" time="0.002" classname="com.externalApi.Dumps"/>
  <testcase name="login" time="0.000" classname="com.externalApi.Dumps"/>
  <testcase name="login" time="0.001" classname="com.externalApi.Dumps"/>
  <testcase name="login" time="0.001" classname="com.externalApi.Dumps"/>
  <testcase name="login" time="0.000" classname="com.externalApi.Dumps"/>
  <testcase name="login" time="0.000" classname="com.externalApi.Dumps"/>
  <testcase name="login" time="0.001" classname="com.externalApi.Dumps"/>
  <testcase name="login" time="0.001" classname="com.externalApi.Dumps"/>
  <testcase name="login" time="0.000" classname="com.externalApi.Dumps"/>
  <testcase name="login" time="0.000" classname="com.externalApi.Dumps"/>
  <testcase name="login" time="0.001" classname="com.externalApi.Dumps"/>
  <testcase name="login" time="0.000" classname="com.externalApi.Dumps"/>
  <testcase name="login" time="0.001" classname="com.externalApi.Dumps"/>
  <testcase name="login" time="0.002" classname="com.externalApi.Dumps"/>
  <testcase name="login" time="0.001" classname="com.externalApi.Dumps"/>
  <testcase name="login" time="0.001" classname="com.externalApi.Dumps"/>
  <testcase name="login" time="0.001" classname="com.externalApi.Dumps"/>
  <testcase name="login" time="0.001" classname="com.externalApi.Dumps"/>
  <testcase name="login" time="0.001" classname="com.externalApi.Dumps"/>
  <testcase name="login" time="0.002" classname="com.externalApi.Dumps"/>
  <testcase name="login" time="0.000" classname="com.externalApi.Dumps"/>
  <testcase name="login" time="0.001" classname="com.externalApi.Dumps"/>
  <testcase name="login" time="0.000" classname="com.externalApi.Dumps"/>
  <testcase name="login" time="0.001" classname="com.externalApi.Dumps"/>
  <testcase name="login" time="0.000" classname="com.externalApi.Dumps"/>
  <testcase name="login" time="0.000" classname="com.externalApi.Dumps"/>
  <testcase name="login" time="0.000" classname="com.externalApi.Dumps"/>
  <testcase name="login" time="0.001" classname="com.externalApi.Dumps"/>
  <testcase name="login" time="0.002" classname="com.externalApi.Dumps"/>
  <testcase name="login" time="0.004" classname="com.externalApi.Dumps"/>
  <testcase name="login" time="0.001" classname="com.externalApi.Dumps"/>
  <testcase name="login" time="0.001" classname="com.externalApi.Dumps"/>
  <testcase name="login" time="0.001" classname="com.externalApi.Dumps"/>
  <testcase name="login" time="0.001" classname="com.externalApi.Dumps"/>
  <testcase name="login" time="0.000" classname="com.externalApi.Dumps"/>
  <testcase name="login" time="0.003" classname="com.externalApi.Dumps"/>
  <testcase name="login" time="0.001" classname="com.externalApi.Dumps"/>
  <testcase name="login" time="0.003" classname="com.externalApi.Dumps"/>
  <testcase name="login" time="0.001" classname="com.externalApi.Dumps"/>
  <testcase name="login" time="0.000" classname="com.externalApi.Dumps"/>
  <testcase name="login" time="0.000" classname="com.externalApi.Dumps"/>
  <testcase name="login" time="0.001" classname="com.externalApi.Dumps"/>
  <testcase name="login" time="0.001" classname="com.externalApi.Dumps"/>
  <testcase name="login" time="0.000" classname="com.externalApi.Dumps"/>
  <testcase name="login" time="0.000" classname="com.externalApi.Dumps"/>
  <testcase name="login" time="0.002" classname="com.externalApi.Dumps"/>
  <testcase name="login" time="0.001" classname="com.externalApi.Dumps"/>
  <testcase name="login" time="0.001" classname="com.externalApi.Dumps"/>
  <testcase name="login" time="0.001" classname="com.externalApi.Dumps"/>
  <testcase name="login" time="0.001" classname="com.externalApi.Dumps"/>
  <testcase name="login" time="0.000" classname="com.externalApi.Dumps"/>
  <testcase name="login" time="0.001" classname="com.externalApi.Dumps"/>
  <testcase name="login" time="0.000" classname="com.externalApi.Dumps"/>
  <testcase name="login" time="0.000" classname="com.externalApi.Dumps"/>
  <testcase name="login" time="0.001" classname="com.externalApi.Dumps"/>
  <testcase name="login" time="0.000" classname="com.externalApi.Dumps"/>
  <testcase name="login" time="0.000" classname="com.externalApi.Dumps"/>
  <testcase name="login" time="0.049" classname="com.externalApi.Dumps"/>
  <testcase name="login" time="0.000" classname="com.externalApi.Dumps"/>
  <testcase name="login" time="0.000" classname="com.externalApi.Dumps"/>
  <testcase name="login" time="0.000" classname="com.externalApi.Dumps"/>
  <testcase name="login" time="0.002" classname="com.externalApi.Dumps"/>
  <testcase name="login" time="0.000" classname="com.externalApi.Dumps"/>
  <testcase name="login" time="0.000" classname="com.externalApi.Dumps"/>
  <testcase name="login" time="0.001" classname="com.externalApi.Dumps"/>
  <testcase name="login" time="0.001" classname="com.externalApi.Dumps"/>
  <testcase name="login" time="0.002" classname="com.externalApi.Dumps"/>
  <testcase name="login" time="0.002" classname="com.externalApi.Dumps"/>
  <testcase name="login" time="0.000" classname="com.externalApi.Dumps"/>
  <testcase name="login" time="0.001" classname="com.externalApi.Dumps"/>
  <testcase name="login" time="0.001" classname="com.externalApi.Dumps"/>
  <testcase name="login" time="0.001" classname="com.externalApi.Dumps"/>
  <testcase name="login" time="0.000" classname="com.externalApi.Dumps"/>
  <testcase name="login" time="0.001" classname="com.externalApi.Dumps"/>
  <testcase name="login" time="0.001" classname="com.externalApi.Dumps"/>
  <testcase name="login" time="0.001" classname="com.externalApi.Dumps"/>
  <testcase name="login" time="0.001" classname="com.externalApi.Dumps"/>
  <testcase name="login" time="0.000" classname="com.externalApi.Dumps"/>
  <testcase name="login" time="0.002" classname="com.externalApi.Dumps"/>
  <testcase name="login" time="0.001" classname="com.externalApi.Dumps"/>
  <testcase name="login" time="0.001" classname="com.externalApi.Dumps"/>
  <testcase name="login" time="0.000" classname="com.externalApi.Dumps"/>
  <testcase name="login" time="0.001" classname="com.externalApi.Dumps"/>
  <testcase name="login" time="0.000" classname="com.externalApi.Dumps"/>
  <testcase name="login" time="0.000" classname="com.externalApi.Dumps"/>
  <testcase name="login" time="0.001" classname="com.externalApi.Dumps"/>
  <testcase name="login" time="0.001" classname="com.externalApi.Dumps"/>
  <testcase name="login" time="0.001" classname="com.externalApi.Dumps"/>
  <testcase name="login" time="0.001" classname="com.externalApi.Dumps"/>
  <testcase name="login" time="0.001" classname="com.externalApi.Dumps"/>
  <testcase name="login" time="0.001" classname="com.externalApi.Dumps"/>
  <testcase name="login" time="0.001" classname="com.externalApi.Dumps"/>
  <testcase name="login" time="0.000" classname="com.externalApi.Dumps"/>
  <testcase name="login" time="0.000" classname="com.externalApi.Dumps"/>
  <testcase name="login" time="0.002" classname="com.externalApi.Dumps"/>
  <testcase name="login" time="0.002" classname="com.externalApi.Dumps"/>
  <testcase name="login" time="0.002" classname="com.externalApi.Dumps"/>
  <testcase name="login" time="0.000" classname="com.externalApi.Dumps"/>
  <testcase name="login" time="0.000" classname="com.externalApi.Dumps"/>
  <testcase name="login" time="0.000" classname="com.externalApi.Dumps"/>
  <testcase name="login" time="0.000" classname="com.externalApi.Dumps"/>
  <testcase name="login" time="0.001" classname="com.externalApi.Dumps"/>
  <testcase name="login" time="0.000" classname="com.externalApi.Dumps"/>
  <testcase name="login" time="0.000" classname="com.externalApi.Dumps"/>
  <testcase name="login" time="0.001" classname="com.externalApi.Dumps"/>
  <testcase name="login" time="0.000" classname="com.externalApi.Dumps"/>
  <testcase name="login" time="0.000" classname="com.externalApi.Dumps"/>
  <testcase name="login" time="0.000" classname="com.externalApi.Dumps"/>
  <testcase name="login" time="0.000" classname="com.externalApi.Dumps"/>
  <testcase name="login" time="0.001" classname="com.externalApi.Dumps"/>
  <testcase name="login" time="0.001" classname="com.externalApi.Dumps"/>
  <testcase name="login" time="0.001" classname="com.externalApi.Dumps"/>
  <testcase name="login" time="0.002" classname="com.externalApi.Dumps"/>
  <testcase name="login" time="0.001" classname="com.externalApi.Dumps"/>
  <testcase name="login" time="0.001" classname="com.externalApi.Dumps"/>
  <testcase name="login" time="0.003" classname="com.externalApi.Dumps"/>
  <testcase name="login" time="0.000" classname="com.externalApi.Dumps"/>
  <testcase name="login" time="0.000" classname="com.externalApi.Dumps"/>
  <testcase name="login" time="0.001" classname="com.externalApi.Dumps"/>
  <testcase name="login" time="0.000" classname="com.externalApi.Dumps"/>
  <testcase name="login" time="0.000" classname="com.externalApi.Dumps"/>
  <testcase name="login" time="0.000" classname="com.externalApi.Dumps"/>
  <testcase name="login" time="0.001" classname="com.externalApi.Dumps"/>
  <testcase name="login" time="0.000" classname="com.externalApi.Dumps"/>
  <testcase name="login" time="0.000" classname="com.externalApi.Dumps"/>
  <testcase name="login" time="0.000" classname="com.externalApi.Dumps"/>
  <testcase name="login" time="0.001" classname="com.externalApi.Dumps"/>
  <testcase name="login" time="0.000" classname="com.externalApi.Dumps"/>
  <testcase name="login" time="0.000" classname="com.externalApi.Dumps"/>
  <testcase name="login" time="0.001" classname="com.externalApi.Dumps"/>
  <testcase name="login" time="0.000" classname="com.externalApi.Dumps"/>
  <testcase name="login" time="0.001" classname="com.externalApi.Dumps"/>
  <testcase name="login" time="0.001" classname="com.externalApi.Dumps"/>
  <testcase name="login" time="0.000" classname="com.externalApi.Dumps"/>
  <testcase name="login" time="0.091" classname="com.externalApi.Dumps"/>
  <testcase name="login" time="0.002" classname="com.externalApi.Dumps"/>
  <testcase name="login" time="0.000" classname="com.externalApi.Dumps"/>
  <testcase name="login" time="0.112" classname="com.externalApi.Dumps"/>
  <testcase name="login" time="0.000" classname="com.externalApi.Dumps"/>
  <testcase name="login" time="0.001" classname="com.externalApi.Dumps"/>
  <testcase name="login" time="0.000" classname="com.externalApi.Dumps"/>
  <testcase name="login" time="0.000" classname="com.externalApi.Dumps"/>
  <testcase name="login" time="0.001" classname="com.externalApi.Dumps"/>
  <testcase name="login" time="0.000" classname="com.externalApi.Dumps"/>
  <testcase name="login" time="0.000" classname="com.externalApi.Dumps"/>
  <testcase name="login" time="0.002" classname="com.externalApi.Dumps"/>
  <testcase name="login" time="0.000" classname="com.externalApi.Dumps"/>
  <testcase name="login" time="0.001" classname="com.externalApi.Dumps"/>
  <testcase name="login" time="0.001" classname="com.externalApi.Dumps"/>
  <testcase name="login" time="0.000" classname="com.externalApi.Dumps"/>
  <testcase name="login" time="0.000" classname="com.externalApi.Dumps"/>
  <testcase name="login" time="0.000" classname="com.externalApi.Dumps"/>
  <testcase name="login" time="0.000" classname="com.externalApi.Dumps"/>
  <testcase name="login" time="0.000" classname="com.externalApi.Dumps"/>
  <testcase name="login" time="0.000" classname="com.externalApi.Dumps"/>
  <testcase name="login" time="0.001" classname="com.externalApi.Dumps"/>
  <testcase name="login" time="0.000" classname="com.externalApi.Dumps"/>
  <testcase name="login" time="0.001" classname="com.externalApi.Dumps"/>
  <testcase name="login" time="0.000" classname="com.externalApi.Dumps"/>
  <testcase name="login" time="0.000" classname="com.externalApi.Dumps"/>
  <testcase name="login" time="0.000" classname="com.externalApi.Dumps"/>
  <testcase name="login" time="0.001" classname="com.externalApi.Dumps"/>
  <testcase name="login" time="0.000" classname="com.externalApi.Dumps"/>
  <testcase name="login" time="0.001" classname="com.externalApi.Dumps"/>
  <testcase name="login" time="0.000" classname="com.externalApi.Dumps"/>
  <testcase name="login" time="0.001" classname="com.externalApi.Dumps"/>
  <testcase name="login" time="0.002" classname="com.externalApi.Dumps"/>
  <testcase name="login" time="0.001" classname="com.externalApi.Dumps"/>
  <testcase name="login" time="0.000" classname="com.externalApi.Dumps"/>
  <testcase name="login" time="0.000" classname="com.externalApi.Dumps"/>
  <testcase name="login" time="0.000" classname="com.externalApi.Dumps"/>
  <testcase name="login" time="0.000" classname="com.externalApi.Dumps"/>
  <testcase name="login" time="0.001" classname="com.externalApi.Dumps"/>
  <testcase name="login" time="0.000" classname="com.externalApi.Dumps"/>
  <testcase name="login" time="0.001" classname="com.externalApi.Dumps"/>
  <testcase name="login" time="0.000" classname="com.externalApi.Dumps"/>
  <testcase name="login" time="0.002" classname="com.externalApi.Dumps"/>
  <testcase name="login" time="0.000" classname="com.externalApi.Dumps"/>
  <testcase name="login" time="0.002" classname="com.externalApi.Dumps"/>
  <testcase name="login" time="0.000" classname="com.externalApi.Dumps"/>
  <testcase name="login" time="0.000" classname="com.externalApi.Dumps"/>
  <testcase name="login" time="0.001" classname="com.externalApi.Dumps"/>
  <testcase name="login" time="0.000" classname="com.externalApi.Dumps"/>
  <testcase name="login" time="0.000" classname="com.externalApi.Dumps"/>
  <testcase name="login" time="0.000" classname="com.externalApi.Dumps"/>
  <testcase name="login" time="0.000" classname="com.externalApi.Dumps"/>
  <testcase name="login" time="0.002" classname="com.externalApi.Dumps"/>
  <testcase name="login" time="0.000" classname="com.externalApi.Dumps"/>
  <testcase name="login" time="0.000" classname="com.externalApi.Dumps"/>
  <testcase name="login" time="0.001" classname="com.externalApi.Dumps"/>
  <testcase name="login" time="0.000" classname="com.externalApi.Dumps"/>
  <testcase name="login" time="0.000" classname="com.externalApi.Dumps"/>
  <testcase name="login" time="0.000" classname="com.externalApi.Dumps"/>
  <testcase name="login" time="0.000" classname="com.externalApi.Dumps"/>
  <testcase name="login" time="0.001" classname="com.externalApi.Dumps"/>
  <testcase name="login" time="0.001" classname="com.externalApi.Dumps"/>
  <testcase name="login" time="0.000" classname="com.externalApi.Dumps"/>
  <testcase name="login" time="0.000" classname="com.externalApi.Dumps"/>
  <testcase name="login" time="0.001" classname="com.externalApi.Dumps"/>
  <testcase name="login" time="0.001" classname="com.externalApi.Dumps"/>
  <testcase name="login" time="0.000" classname="com.externalApi.Dumps"/>
  <testcase name="login" time="0.001" classname="com.externalApi.Dumps"/>
  <testcase name="login" time="0.000" classname="com.externalApi.Dumps"/>
  <testcase name="login" time="0.001" classname="com.externalApi.Dumps"/>
  <testcase name="login" time="0.000" classname="com.externalApi.Dumps"/>
  <testcase name="login" time="0.001" classname="com.externalApi.Dumps"/>
  <testcase name="login" time="0.001" classname="com.externalApi.Dumps"/>
  <testcase name="login" time="0.004" classname="com.externalApi.Dumps"/>
  <testcase name="login" time="0.000" classname="com.externalApi.Dumps"/>
  <testcase name="login" time="0.001" classname="com.externalApi.Dumps"/>
  <testcase name="login" time="0.000" classname="com.externalApi.Dumps"/>
  <testcase name="login" time="0.000" classname="com.externalApi.Dumps"/>
  <testcase name="login" time="0.000" classname="com.externalApi.Dumps"/>
  <testcase name="login" time="0.001" classname="com.externalApi.Dumps"/>
  <testcase name="login" time="0.000" classname="com.externalApi.Dumps"/>
  <testcase name="login" time="0.000" classname="com.externalApi.Dumps"/>
  <testcase name="login" time="0.001" classname="com.externalApi.Dumps"/>
  <testcase name="login" time="0.000" classname="com.externalApi.Dumps"/>
  <testcase name="login" time="0.000" classname="com.externalApi.Dumps"/>
  <testcase name="login" time="0.001" classname="com.externalApi.Dumps"/>
  <testcase name="login" time="0.001" classname="com.externalApi.Dumps"/>
  <testcase name="login" time="0.001" classname="com.externalApi.Dumps"/>
  <testcase name="login" time="0.000" classname="com.externalApi.Dumps"/>
  <testcase name="login" time="0.001" classname="com.externalApi.Dumps"/>
  <testcase name="login" time="0.000" classname="com.externalApi.Dumps"/>
  <testcase name="login" time="0.002" classname="com.externalApi.Dumps"/>
  <testcase name="login" time="0.000" classname="com.externalApi.Dumps"/>
  <testcase name="login" time="0.000" classname="com.externalApi.Dumps"/>
  <testcase name="login" time="0.000" classname="com.externalApi.Dumps"/>
  <testcase name="login" time="0.000" classname="com.externalApi.Dumps"/>
  <testcase name="login" time="0.001" classname="com.externalApi.Dumps"/>
  <testcase name="login" time="0.001" classname="com.externalApi.Dumps"/>
  <testcase name="login" time="0.000" classname="com.externalApi.Dumps"/>
  <testcase name="login" time="0.001" classname="com.externalApi.Dumps"/>
  <testcase name="login" time="0.001" classname="com.externalApi.Dumps"/>
  <testcase name="login" time="0.001" classname="com.externalApi.Dumps"/>
  <testcase name="login" time="0.000" classname="com.externalApi.Dumps"/>
  <testcase name="login" time="0.000" classname="com.externalApi.Dumps"/>
  <testcase name="login" time="0.001" classname="com.externalApi.Dumps"/>
  <testcase name="login" time="0.000" classname="com.externalApi.Dumps"/>
  <testcase name="login" time="0.002" classname="com.externalApi.Dumps"/>
  <testcase name="login" time="0.001" classname="com.externalApi.Dumps"/>
  <testcase name="login" time="0.001" classname="com.externalApi.Dumps"/>
  <testcase name="login" time="0.002" classname="com.externalApi.Dumps"/>
  <testcase name="login" time="0.000" classname="com.externalApi.Dumps"/>
  <testcase name="login" time="0.002" classname="com.externalApi.Dumps"/>
  <testcase name="login" time="0.002" classname="com.externalApi.Dumps"/>
  <testcase name="login" time="0.001" classname="com.externalApi.Dumps"/>
  <testcase name="login" time="0.001" classname="com.externalApi.Dumps"/>
  <testcase name="login" time="0.001" classname="com.externalApi.Dumps"/>
  <testcase name="login" time="0.001" classname="com.externalApi.Dumps"/>
  <testcase name="login" time="0.001" classname="com.externalApi.Dumps"/>
  <testcase name="login" time="0.001" classname="com.externalApi.Dumps"/>
  <testcase name="login" time="0.003" classname="com.externalApi.Dumps"/>
  <testcase name="login" time="0.000" classname="com.externalApi.Dumps"/>
  <testcase name="login" time="0.001" classname="com.externalApi.Dumps"/>
  <testcase name="login" time="0.001" classname="com.externalApi.Dumps"/>
  <testcase name="login" time="0.001" classname="com.externalApi.Dumps"/>
  <testcase name="login" time="0.000" classname="com.externalApi.Dumps"/>
  <testcase name="login" time="0.001" classname="com.externalApi.Dumps"/>
  <testcase name="login" time="0.000" classname="com.externalApi.Dumps"/>
  <testcase name="login" time="0.001" classname="com.externalApi.Dumps"/>
  <testcase name="login" time="0.001" classname="com.externalApi.Dumps"/>
  <testcase name="login" time="0.001" classname="com.externalApi.Dumps"/>
  <testcase name="login" time="0.000" classname="com.externalApi.Dumps"/>
  <testcase name="login" time="0.000" classname="com.externalApi.Dumps"/>
  <testcase name="login" time="0.002" classname="com.externalApi.Dumps"/>
  <testcase name="login" time="0.001" classname="com.externalApi.Dumps"/>
  <testcase name="login" time="0.000" classname="com.externalApi.Dumps"/>
  <testcase name="login" time="0.001" classname="com.externalApi.Dumps"/>
  <testcase name="login" time="0.000" classname="com.externalApi.Dumps"/>
  <testcase name="login" time="0.001" classname="com.externalApi.Dumps"/>
  <testcase name="login" time="0.001" classname="com.externalApi.Dumps"/>
  <testcase name="login" time="0.000" classname="com.externalApi.Dumps"/>
  <testcase name="login" time="0.000" classname="com.externalApi.Dumps"/>
  <testcase name="login" time="0.000" classname="com.externalApi.Dumps"/>
  <testcase name="login" time="0.000" classname="com.externalApi.Dumps"/>
  <testcase name="login" time="0.000" classname="com.externalApi.Dumps"/>
  <testcase name="login" time="0.000" classname="com.externalApi.Dumps"/>
  <testcase name="login" time="0.000" classname="com.externalApi.Dumps"/>
  <testcase name="login" time="0.000" classname="com.externalApi.Dumps"/>
  <testcase name="login" time="0.000" classname="com.externalApi.Dumps"/>
  <testcase name="login" time="0.000" classname="com.externalApi.Dumps"/>
  <testcase name="login" time="0.000" classname="com.externalApi.Dumps"/>
  <testcase name="login" time="0.000" classname="com.externalApi.Dumps"/>
  <testcase name="login" time="0.001" classname="com.externalApi.Dumps"/>
  <testcase name="login" time="0.000" classname="com.externalApi.Dumps"/>
  <testcase name="login" time="0.000" classname="com.externalApi.Dumps"/>
  <testcase name="login" time="0.000" classname="com.externalApi.Dumps"/>
  <testcase name="login" time="0.001" classname="com.externalApi.Dumps"/>
  <testcase name="login" time="0.002" classname="com.externalApi.Dumps"/>
  <testcase name="login" time="0.000" classname="com.externalApi.Dumps"/>
  <testcase name="login" time="0.001" classname="com.externalApi.Dumps"/>
  <testcase name="login" time="0.000" classname="com.externalApi.Dumps"/>
  <testcase name="login" time="0.000" classname="com.externalApi.Dumps"/>
  <testcase name="login" time="0.002" classname="com.externalApi.Dumps"/>
  <testcase name="login" time="0.001" classname="com.externalApi.Dumps"/>
  <testcase name="login" time="0.001" classname="com.externalApi.Dumps"/>
  <testcase name="login" time="0.000" classname="com.externalApi.Dumps"/>
  <testcase name="login" time="0.001" classname="com.externalApi.Dumps"/>
  <testcase name="login" time="0.001" classname="com.externalApi.Dumps"/>
  <testcase name="login" time="0.001" classname="com.externalApi.Dumps"/>
  <testcase name="login" time="0.148" classname="com.externalApi.Dumps"/>
  <testcase name="login" time="0.000" classname="com.externalApi.Dumps"/>
  <testcase name="login" time="0.001" classname="com.externalApi.Dumps"/>
  <testcase name="login" time="0.000" classname="com.externalApi.Dumps"/>
  <testcase name="login" time="0.001" classname="com.externalApi.Dumps"/>
  <testcase name="login" time="0.000" classname="com.externalApi.Dumps"/>
  <testcase name="login" time="0.001" classname="com.externalApi.Dumps"/>
  <testcase name="login" time="0.001" classname="com.externalApi.Dumps"/>
  <testcase name="login" time="0.001" classname="com.externalApi.Dumps"/>
  <testcase name="login" time="0.000" classname="com.externalApi.Dumps"/>
  <testcase name="login" time="0.000" classname="com.externalApi.Dumps"/>
  <testcase name="login" time="0.001" classname="com.externalApi.Dumps"/>
  <testcase name="login" time="0.000" classname="com.externalApi.Dumps"/>
  <testcase name="login" time="0.001" classname="com.externalApi.Dumps"/>
  <testcase name="login" time="0.001" classname="com.externalApi.Dumps"/>
  <testcase name="login" time="0.000" classname="com.externalApi.Dumps"/>
  <testcase name="login" time="0.001" classname="com.externalApi.Dumps"/>
  <testcase name="login" time="0.001" classname="com.externalApi.Dumps"/>
  <testcase name="login" time="0.000" classname="com.externalApi.Dumps"/>
  <testcase name="login" time="0.000" classname="com.externalApi.Dumps"/>
  <testcase name="login" time="0.001" classname="com.externalApi.Dumps"/>
  <testcase name="login" time="0.000" classname="com.externalApi.Dumps"/>
  <testcase name="login" time="0.001" classname="com.externalApi.Dumps"/>
  <testcase name="login" time="0.000" classname="com.externalApi.Dumps"/>
  <testcase name="login" time="0.003" classname="com.externalApi.Dumps"/>
  <testcase name="login" time="0.001" classname="com.externalApi.Dumps"/>
  <testcase name="login" time="0.001" classname="com.externalApi.Dumps"/>
  <testcase name="login" time="0.001" classname="com.externalApi.Dumps"/>
  <testcase name="login" time="0.000" classname="com.externalApi.Dumps"/>
  <testcase name="login" time="0.001" classname="com.externalApi.Dumps"/>
  <testcase name="login" time="0.000" classname="com.externalApi.Dumps"/>
  <testcase name="login" time="0.000" classname="com.externalApi.Dumps"/>
  <testcase name="login" time="0.001" classname="com.externalApi.Dumps"/>
  <testcase name="login" time="0.000" classname="com.externalApi.Dumps"/>
  <testcase name="login" time="0.001" classname="com.externalApi.Dumps"/>
  <testcase name="login" time="0.001" classname="com.externalApi.Dumps"/>
  <testcase name="login" time="0.000" classname="com.externalApi.Dumps"/>
  <testcase name="login" time="0.000" classname="com.externalApi.Dumps"/>
  <testcase name="login" time="0.001" classname="com.externalApi.Dumps"/>
  <testcase name="login" time="0.001" classname="com.externalApi.Dumps"/>
  <testcase name="login" time="0.004" classname="com.externalApi.Dumps"/>
  <testcase name="login" time="0.001" classname="com.externalApi.Dumps"/>
  <testcase name="login" time="0.000" classname="com.externalApi.Dumps"/>
  <testcase name="login" time="0.000" classname="com.externalApi.Dumps"/>
  <testcase name="login" time="0.000" classname="com.externalApi.Dumps"/>
  <testcase name="login" time="0.001" classname="com.externalApi.Dumps"/>
  <testcase name="login" time="0.000" classname="com.externalApi.Dumps"/>
  <testcase name="login" time="0.000" classname="com.externalApi.Dumps"/>
  <testcase name="login" time="0.001" classname="com.externalApi.Dumps"/>
  <testcase name="login" time="0.001" classname="com.externalApi.Dumps"/>
  <testcase name="login" time="0.000" classname="com.externalApi.Dumps"/>
  <testcase name="login" time="0.001" classname="com.externalApi.Dumps"/>
  <testcase name="login" time="0.001" classname="com.externalApi.Dumps"/>
  <testcase name="login" time="0.001" classname="com.externalApi.Dumps"/>
  <testcase name="login" time="0.003" classname="com.externalApi.Dumps"/>
  <testcase name="login" time="0.002" classname="com.externalApi.Dumps"/>
  <testcase name="login" time="0.000" classname="com.externalApi.Dumps"/>
  <testcase name="login" time="0.001" classname="com.externalApi.Dumps"/>
  <testcase name="login" time="0.000" classname="com.externalApi.Dumps"/>
  <testcase name="login" time="0.000" classname="com.externalApi.Dumps"/>
  <testcase name="login" time="0.000" classname="com.externalApi.Dumps"/>
  <testcase name="login" time="0.001" classname="com.externalApi.Dumps"/>
  <testcase name="login" time="0.000" classname="com.externalApi.Dumps"/>
  <testcase name="login" time="0.002" classname="com.externalApi.Dumps"/>
  <testcase name="login" time="0.002" classname="com.externalApi.Dumps"/>
  <testcase name="login" time="0.001" classname="com.externalApi.Dumps"/>
  <testcase name="login" time="0.001" classname="com.externalApi.Dumps"/>
  <testcase name="login" time="0.000" classname="com.externalApi.Dumps"/>
  <testcase name="login" time="0.001" classname="com.externalApi.Dumps"/>
  <testcase name="login" time="0.002" classname="com.externalApi.Dumps"/>
  <testcase name="login" time="0.016" classname="com.externalApi.Dumps"/>
  <testcase name="login" time="0.000" classname="com.externalApi.Dumps"/>
  <testcase name="login" time="0.000" classname="com.externalApi.Dumps"/>
  <testcase name="login" time="0.000" classname="com.externalApi.Dumps"/>
  <testcase name="login" time="0.000" classname="com.externalApi.Dumps"/>
  <testcase name="login" time="0.000" classname="com.externalApi.Dumps"/>
  <testcase name="login" time="0.001" classname="com.externalApi.Dumps"/>
  <testcase name="login" time="0.001" classname="com.externalApi.Dumps"/>
  <testcase name="login" time="0.000" classname="com.externalApi.Dumps"/>
  <testcase name="login" time="0.001" classname="com.externalApi.Dumps"/>
  <testcase name="login" time="0.000" classname="com.externalApi.Dumps"/>
  <testcase name="login" time="0.000" classname="com.externalApi.Dumps"/>
  <testcase name="login" time="0.000" classname="com.externalApi.Dumps"/>
  <testcase name="login" time="0.001" classname="com.externalApi.Dumps"/>
  <testcase name="login" time="0.001" classname="com.externalApi.Dumps"/>
  <testcase name="login" time="0.001" classname="com.externalApi.Dumps"/>
  <testcase name="login" time="0.000" classname="com.externalApi.Dumps"/>
  <testcase name="login" time="0.001" classname="com.externalApi.Dumps"/>
  <testcase name="login" time="0.000" classname="com.externalApi.Dumps"/>
  <testcase name="login" time="0.001" classname="com.externalApi.Dumps"/>
  <testcase name="login" time="0.000" classname="com.externalApi.Dumps"/>
  <testcase name="login" time="0.000" classname="com.externalApi.Dumps"/>
  <testcase name="login" time="0.001" classname="com.externalApi.Dumps"/>
  <testcase name="login" time="0.000" classname="com.externalApi.Dumps"/>
  <testcase name="login" time="0.002" classname="com.externalApi.Dumps"/>
  <testcase name="login" time="0.001" classname="com.externalApi.Dumps"/>
  <testcase name="login" time="0.000" classname="com.externalApi.Dumps"/>
  <testcase name="login" time="0.001" classname="com.externalApi.Dumps"/>
  <testcase name="login" time="0.001" classname="com.externalApi.Dumps"/>
  <testcase name="login" time="0.001" classname="com.externalApi.Dumps"/>
  <testcase name="login" time="0.000" classname="com.externalApi.Dumps"/>
  <testcase name="login" time="0.001" classname="com.externalApi.Dumps"/>
  <testcase name="login" time="0.000" classname="com.externalApi.Dumps"/>
  <testcase name="login" time="0.000" classname="com.externalApi.Dumps"/>
  <testcase name="login" time="0.001" classname="com.externalApi.Dumps"/>
  <testcase name="login" time="0.001" classname="com.externalApi.Dumps"/>
  <testcase name="login" time="0.000" classname="com.externalApi.Dumps"/>
  <testcase name="login" time="0.000" classname="com.externalApi.Dumps"/>
  <testcase name="login" time="0.000" classname="com.externalApi.Dumps"/>
  <testcase name="login" time="0.002" classname="com.externalApi.Dumps"/>
  <testcase name="login" time="0.001" classname="com.externalApi.Dumps"/>
  <testcase name="login" time="0.000" classname="com.externalApi.Dumps"/>
  <testcase name="login" time="0.000" classname="com.externalApi.Dumps"/>
  <testcase name="login" time="0.000" classname="com.externalApi.Dumps"/>
  <testcase name="login" time="0.000" classname="com.externalApi.Dumps"/>
  <testcase name="login" time="0.000" classname="com.externalApi.Dumps"/>
  <testcase name="login" time="0.001" classname="com.externalApi.Dumps"/>
  <testcase name="login" time="0.001" classname="com.externalApi.Dumps"/>
  <testcase name="login" time="0.000" classname="com.externalApi.Dumps"/>
  <testcase name="login" time="0.000" classname="com.externalApi.Dumps"/>
  <testcase name="login" time="0.000" classname="com.externalApi.Dumps"/>
  <testcase name="login" time="0.000" classname="com.externalApi.Dumps"/>
  <testcase name="login" time="0.000" classname="com.externalApi.Dumps"/>
  <testcase name="login" time="0.000" classname="com.externalApi.Dumps"/>
  <testcase name="login" time="0.000" classname="com.externalApi.Dumps"/>
  <testcase name="login" time="0.000" classname="com.externalApi.Dumps"/>
  <testcase name="login" time="0.001" classname="com.externalApi.Dumps"/>
  <testcase name="login" time="0.000" classname="com.externalApi.Dumps"/>
  <testcase name="login" time="0.000" classname="com.externalApi.Dumps"/>
  <testcase name="login" time="0.001" classname="com.externalApi.Dumps"/>
  <testcase name="login" time="0.000" classname="com.externalApi.Dumps"/>
  <testcase name="login" time="0.001" classname="com.externalApi.Dumps"/>
  <testcase name="login" time="0.001" classname="com.externalApi.Dumps"/>
  <testcase name="login" time="0.001" classname="com.externalApi.Dumps"/>
  <testcase name="login" time="0.001" classname="com.externalApi.Dumps"/>
  <testcase name="login" time="0.001" classname="com.externalApi.Dumps"/>
  <testcase name="login" time="0.000" classname="com.externalApi.Dumps"/>
  <testcase name="login" time="0.000" classname="com.externalApi.Dumps"/>
  <testcase name="login" time="0.000" classname="com.externalApi.Dumps"/>
  <testcase name="login" time="0.000" classname="com.externalApi.Dumps"/>
  <testcase name="login" time="0.003" classname="com.externalApi.Dumps"/>
  <testcase name="login" time="0.000" classname="com.externalApi.Dumps"/>
  <testcase name="login" time="0.001" classname="com.externalApi.Dumps"/>
  <testcase name="login" time="0.001" classname="com.externalApi.Dumps"/>
  <testcase name="login" time="0.000" classname="com.externalApi.Dumps"/>
  <testcase name="login" time="0.001" classname="com.externalApi.Dumps"/>
  <testcase name="login" time="0.000" classname="com.externalApi.Dumps"/>
  <testcase name="login" time="0.000" classname="com.externalApi.Dumps"/>
  <testcase name="login" time="0.000" classname="com.externalApi.Dumps"/>
  <testcase name="login" time="0.000" classname="com.externalApi.Dumps"/>
  <testcase name="login" time="0.001" classname="com.externalApi.Dumps"/>
  <testcase name="login" time="0.000" classname="com.externalApi.Dumps"/>
  <testcase name="login" time="0.001" classname="com.externalApi.Dumps"/>
  <testcase name="login" time="0.001" classname="com.externalApi.Dumps"/>
  <testcase name="login" time="0.003" classname="com.externalApi.Dumps"/>
  <testcase name="login" time="0.000" classname="com.externalApi.Dumps"/>
  <testcase name="login" time="0.001" classname="com.externalApi.Dumps"/>
  <testcase name="login" time="0.000" classname="com.externalApi.Dumps"/>
  <testcase name="login" time="0.000" classname="com.externalApi.Dumps"/>
  <testcase name="login" time="0.001" classname="com.externalApi.Dumps"/>
  <testcase name="login" time="0.000" classname="com.externalApi.Dumps"/>
  <testcase name="login" time="0.001" classname="com.externalApi.Dumps"/>
  <testcase name="login" time="0.000" classname="com.externalApi.Dumps"/>
  <testcase name="login" time="0.001" classname="com.externalApi.Dumps"/>
  <testcase name="login" time="0.000" classname="com.externalApi.Dumps"/>
  <testcase name="login" time="0.001" classname="com.externalApi.Dumps"/>
  <testcase name="login" time="0.041" classname="com.externalApi.Dumps"/>
  <testcase name="login" time="0.001" classname="com.externalApi.Dumps"/>
  <testcase name="login" time="0.000" classname="com.externalApi.Dumps"/>
  <testcase name="login" time="0.000" classname="com.externalApi.Dumps"/>
  <testcase name="login" time="0.001" classname="com.externalApi.Dumps"/>
  <testcase name="login" time="0.001" classname="com.externalApi.Dumps"/>
  <testcase name="login" time="0.000" classname="com.externalApi.Dumps"/>
  <testcase name="login" time="0.001" classname="com.externalApi.Dumps"/>
  <testcase name="login" time="0.001" classname="com.externalApi.Dumps"/>
  <testcase name="login" time="0.000" classname="com.externalApi.Dumps"/>
  <testcase name="login" time="0.000" classname="com.externalApi.Dumps"/>
  <testcase name="login" time="0.004" classname="com.externalApi.Dumps"/>
  <testcase name="login" time="0.000" classname="com.externalApi.Dumps"/>
  <testcase name="login" time="0.000" classname="com.externalApi.Dumps"/>
  <testcase name="login" time="0.001" classname="com.externalApi.Dumps"/>
  <testcase name="login" time="0.001" classname="com.externalApi.Dumps"/>
  <testcase name="login" time="0.000" classname="com.externalApi.Dumps"/>
  <testcase name="login" time="0.000" classname="com.externalApi.Dumps"/>
  <testcase name="login" time="0.001" classname="com.externalApi.Dumps"/>
  <testcase name="login" time="0.000" classname="com.externalApi.Dumps"/>
  <testcase name="login" time="0.000" classname="com.externalApi.Dumps"/>
  <testcase name="login" time="0.000" classname="com.externalApi.Dumps"/>
  <testcase name="login" time="0.001" classname="com.externalApi.Dumps"/>
  <testcase name="login" time="0.000" classname="com.externalApi.Dumps"/>
  <testcase name="login" time="0.000" classname="com.externalApi.Dumps"/>
  <testcase name="login" time="0.000" classname="com.externalApi.Dumps"/>
  <testcase name="login" time="0.000" classname="com.externalApi.Dumps"/>
  <testcase name="login" time="0.001" classname="com.externalApi.Dumps"/>
  <testcase name="login" time="0.000" classname="com.externalApi.Dumps"/>
  <testcase name="login" time="0.000" classname="com.externalApi.Dumps"/>
  <testcase name="login" time="0.001" classname="com.externalApi.Dumps"/>
  <testcase name="login" time="0.000" classname="com.externalApi.Dumps"/>
  <testcase name="login" time="0.000" classname="com.externalApi.Dumps"/>
  <testcase name="login" time="0.000" classname="com.externalApi.Dumps"/>
  <testcase name="login" time="0.002" classname="com.externalApi.Dumps"/>
  <testcase name="login" time="0.000" classname="com.externalApi.Dumps"/>
  <testcase name="login" time="0.000" classname="com.externalApi.Dumps"/>
  <testcase name="login" time="0.001" classname="com.externalApi.Dumps"/>
  <testcase name="login" time="0.000" classname="com.externalApi.Dumps"/>
  <testcase name="login" time="0.000" classname="com.externalApi.Dumps"/>
  <testcase name="login" time="0.001" classname="com.externalApi.Dumps"/>
  <testcase name="login" time="0.000" classname="com.externalApi.Dumps"/>
  <testcase name="login" time="0.000" classname="com.externalApi.Dumps"/>
  <testcase name="login" time="0.001" classname="com.externalApi.Dumps"/>
  <testcase name="login" time="0.003" classname="com.externalApi.Dumps"/>
  <testcase name="login" time="0.000" classname="com.externalApi.Dumps"/>
  <testcase name="login" time="0.000" classname="com.externalApi.Dumps"/>
  <testcase name="login" time="0.001" classname="com.externalApi.Dumps"/>
  <testcase name="login" time="0.000" classname="com.externalApi.Dumps"/>
  <testcase name="login" time="0.001" classname="com.externalApi.Dumps"/>
  <testcase name="login" time="0.001" classname="com.externalApi.Dumps"/>
  <testcase name="login" time="0.001" classname="com.externalApi.Dumps"/>
  <testcase name="login" time="0.001" classname="com.externalApi.Dumps"/>
  <testcase name="login" time="0.001" classname="com.externalApi.Dumps"/>
  <testcase name="login" time="0.001" classname="com.externalApi.Dumps"/>
  <testcase name="login" time="0.000" classname="com.externalApi.Dumps"/>
  <testcase name="login" time="0.001" classname="com.externalApi.Dumps"/>
  <testcase name="login" time="0.001" classname="com.externalApi.Dumps"/>
  <testcase name="login" time="0.001" classname="com.externalApi.Dumps"/>
  <testcase name="login" time="0.001" classname="com.externalApi.Dumps"/>
  <testcase name="login" time="0.001" classname="com.externalApi.Dumps"/>
  <testcase name="login" time="0.000" classname="com.externalApi.Dumps"/>
  <testcase name="login" time="0.000" classname="com.externalApi.Dumps"/>
  <testcase name="login" time="0.001" classname="com.externalApi.Dumps"/>
  <testcase name="login" time="0.002" classname="com.externalApi.Dumps"/>
  <testcase name="login" time="0.001" classname="com.externalApi.Dumps"/>
  <testcase name="login" time="0.000" classname="com.externalApi.Dumps"/>
  <testcase name="login" time="0.001" classname="com.externalApi.Dumps"/>
  <testcase name="login" time="0.001" classname="com.externalApi.Dumps"/>
  <testcase name="login" time="0.001" classname="com.externalApi.Dumps"/>
  <testcase name="login" time="0.001" classname="com.externalApi.Dumps"/>
  <testcase name="login" time="0.013" classname="com.externalApi.Dumps"/>
  <testcase name="login" time="0.001" classname="com.externalApi.Dumps"/>
  <testcase name="login" time="0.000" classname="com.externalApi.Dumps"/>
  <testcase name="login" time="0.001" classname="com.externalApi.Dumps"/>
  <testcase name="login" time="0.000" classname="com.externalApi.Dumps"/>
  <testcase name="login" time="0.001" classname="com.externalApi.Dumps"/>
  <testcase name="login" time="0.000" classname="com.externalApi.Dumps"/>
  <testcase name="login" time="0.000" classname="com.externalApi.Dumps"/>
  <testcase name="login" time="0.000" classname="com.externalApi.Dumps"/>
  <testcase name="login" time="0.000" classname="com.externalApi.Dumps"/>
  <testcase name="login" time="0.001" classname="com.externalApi.Dumps"/>
  <testcase name="login" time="0.000" classname="com.externalApi.Dumps"/>
  <testcase name="login" time="0.001" classname="com.externalApi.Dumps"/>
  <testcase name="login" time="0.001" classname="com.externalApi.Dumps"/>
  <testcase name="login" time="0.000" classname="com.externalApi.Dumps"/>
  <testcase name="login" time="0.000" classname="com.externalApi.Dumps"/>
  <testcase name="login" time="0.001" classname="com.externalApi.Dumps"/>
  <testcase name="login" time="0.001" classname="com.externalApi.Dumps"/>
  <testcase name="login" time="0.000" classname="com.externalApi.Dumps"/>
  <testcase name="login" time="0.000" classname="com.externalApi.Dumps"/>
  <testcase name="login" time="0.000" classname="com.externalApi.Dumps"/>
  <testcase name="login" time="0.001" classname="com.externalApi.Dumps"/>
  <testcase name="login" time="0.000" classname="com.externalApi.Dumps"/>
  <testcase name="login" time="0.001" classname="com.externalApi.Dumps"/>
  <testcase name="login" time="0.000" classname="com.externalApi.Dumps"/>
  <testcase name="login" time="0.000" classname="com.externalApi.Dumps"/>
  <testcase name="login" time="0.000" classname="com.externalApi.Dumps"/>
  <testcase name="login" time="0.000" classname="com.externalApi.Dumps"/>
  <testcase name="login" time="0.247" classname="com.externalApi.Dumps"/>
  <testcase name="login" time="0.000" classname="com.externalApi.Dumps"/>
  <testcase name="login" time="0.001" classname="com.externalApi.Dumps"/>
  <testcase name="login" time="0.000" classname="com.externalApi.Dumps"/>
  <testcase name="login" time="0.000" classname="com.externalApi.Dumps"/>
  <testcase name="login" time="0.001" classname="com.externalApi.Dumps"/>
  <testcase name="login" time="0.002" classname="com.externalApi.Dumps"/>
  <testcase name="login" time="0.000" classname="com.externalApi.Dumps"/>
  <testcase name="login" time="0.000" classname="com.externalApi.Dumps"/>
  <testcase name="login" time="0.001" classname="com.externalApi.Dumps"/>
  <testcase name="login" time="0.001" classname="com.externalApi.Dumps"/>
  <testcase name="login" time="0.000" classname="com.externalApi.Dumps"/>
  <testcase name="login" time="0.000" classname="com.externalApi.Dumps"/>
  <testcase name="login" time="0.001" classname="com.externalApi.Dumps"/>
  <testcase name="login" time="0.001" classname="com.externalApi.Dumps"/>
  <testcase name="login" time="0.000" classname="com.externalApi.Dumps"/>
  <testcase name="login" time="0.001" classname="com.externalApi.Dumps"/>
  <testcase name="login" time="0.001" classname="com.externalApi.Dumps"/>
  <testcase name="login" time="0.000" classname="com.externalApi.Dumps"/>
  <testcase name="login" time="0.002" classname="com.externalApi.Dumps"/>
  <testcase name="login" time="0.000" classname="com.externalApi.Dumps"/>
  <testcase name="login" time="0.000" classname="com.externalApi.Dumps"/>
  <testcase name="login" time="0.096" classname="com.externalApi.Dumps"/>
  <testcase name="login" time="0.001" classname="com.externalApi.Dumps"/>
  <testcase name="login" time="0.001" classname="com.externalApi.Dumps"/>
  <testcase name="login" time="0.000" classname="com.externalApi.Dumps"/>
  <testcase name="login" time="0.001" classname="com.externalApi.Dumps"/>
  <testcase name="login" time="0.001" classname="com.externalApi.Dumps"/>
  <testcase name="login" time="0.000" classname="com.externalApi.Dumps"/>
  <testcase name="login" time="0.001" classname="com.externalApi.Dumps"/>
  <testcase name="login" time="0.001" classname="com.externalApi.Dumps"/>
  <testcase name="login" time="0.000" classname="com.externalApi.Dumps"/>
  <testcase name="login" time="0.001" classname="com.externalApi.Dumps"/>
  <testcase name="login" time="0.001" classname="com.externalApi.Dumps"/>
  <testcase name="login" time="0.000" classname="com.externalApi.Dumps"/>
  <testcase name="login" time="0.000" classname="com.externalApi.Dumps"/>
  <testcase name="login" time="0.001" classname="com.externalApi.Dumps"/>
  <testcase name="login" time="0.001" classname="com.externalApi.Dumps"/>
  <testcase name="login" time="0.001" classname="com.externalApi.Dumps"/>
  <testcase name="login" time="0.001" classname="com.externalApi.Dumps"/>
  <testcase name="login" time="0.001" classname="com.externalApi.Dumps"/>
  <testcase name="login" time="0.000" classname="com.externalApi.Dumps"/>
  <testcase name="login" time="0.000" classname="com.externalApi.Dumps"/>
  <testcase name="login" time="0.000" classname="com.externalApi.Dumps"/>
  <testcase name="login" time="0.002" classname="com.externalApi.Dumps"/>
  <testcase name="login" time="0.000" classname="com.externalApi.Dumps"/>
  <testcase name="login" time="0.000" classname="com.externalApi.Dumps"/>
  <testcase name="login" time="0.001" classname="com.externalApi.Dumps"/>
  <testcase name="login" time="0.000" classname="com.externalApi.Dumps"/>
  <testcase name="login" time="0.000" classname="com.externalApi.Dumps"/>
  <testcase name="login" time="0.000" classname="com.externalApi.Dumps"/>
  <testcase name="login" time="0.001" classname="com.externalApi.Dumps"/>
  <testcase name="login" time="0.000" classname="com.externalApi.Dumps"/>
  <testcase name="login" time="0.001" classname="com.externalApi.Dumps"/>
  <testcase name="login" time="0.001" classname="com.externalApi.Dumps"/>
  <testcase name="login" time="0.000" classname="com.externalApi.Dumps"/>
  <testcase name="login" time="0.001" classname="com.externalApi.Dumps"/>
  <testcase name="login" time="0.000" classname="com.externalApi.Dumps"/>
  <testcase name="login" time="0.000" classname="com.externalApi.Dumps"/>
  <testcase name="login" time="0.000" classname="com.externalApi.Dumps"/>
  <testcase name="login" time="0.002" classname="com.externalApi.Dumps"/>
  <testcase name="login" time="0.000" classname="com.externalApi.Dumps"/>
  <testcase name="login" time="0.000" classname="com.externalApi.Dumps"/>
  <testcase name="login" time="0.001" classname="com.externalApi.Dumps"/>
  <testcase name="login" time="0.001" classname="com.externalApi.Dumps"/>
  <testcase name="login" time="0.000" classname="com.externalApi.Dumps"/>
  <testcase name="login" time="0.000" classname="com.externalApi.Dumps"/>
  <testcase name="login" time="0.000" classname="com.externalApi.Dumps"/>
  <testcase name="login" time="0.000" classname="com.externalApi.Dumps"/>
  <testcase name="login" time="0.001" classname="com.externalApi.Dumps"/>
  <testcase name="login" time="0.000" classname="com.externalApi.Dumps"/>
  <testcase name="login" time="0.001" classname="com.externalApi.Dumps"/>
  <testcase name="login" time="0.000" classname="com.externalApi.Dumps"/>
  <testcase name="login" time="0.001" classname="com.externalApi.Dumps"/>
  <testcase name="login" time="0.002" classname="com.externalApi.Dumps"/>
  <testcase name="login" time="0.000" classname="com.externalApi.Dumps"/>
  <testcase name="login" time="0.002" classname="com.externalApi.Dumps"/>
  <testcase name="login" time="0.000" classname="com.externalApi.Dumps"/>
  <testcase name="login" time="0.001" classname="com.externalApi.Dumps"/>
  <testcase name="login" time="0.003" classname="com.externalApi.Dumps"/>
  <testcase name="login" time="0.000" classname="com.externalApi.Dumps"/>
  <testcase name="login" time="0.001" classname="com.externalApi.Dumps"/>
  <testcase name="login" time="0.000" classname="com.externalApi.Dumps"/>
  <testcase name="login" time="0.001" classname="com.externalApi.Dumps"/>
  <testcase name="login" time="0.001" classname="com.externalApi.Dumps"/>
  <testcase name="login" time="0.000" classname="com.externalApi.Dumps"/>
  <testcase name="login" time="0.001" classname="com.externalApi.Dumps"/>
  <testcase name="login" time="0.000" classname="com.externalApi.Dumps"/>
  <testcase name="login" time="0.001" classname="com.externalApi.Dumps"/>
  <testcase name="login" time="0.001" classname="com.externalApi.Dumps"/>
  <testcase name="login" time="0.001" classname="com.externalApi.Dumps"/>
  <testcase name="login" time="0.002" classname="com.externalApi.Dumps"/>
  <testcase name="login" time="0.001" classname="com.externalApi.Dumps"/>
  <testcase name="login" time="0.000" classname="com.externalApi.Dumps"/>
  <testcase name="login" time="0.001" classname="com.externalApi.Dumps"/>
  <testcase name="login" time="0.000" classname="com.externalApi.Dumps"/>
  <testcase name="login" time="0.001" classname="com.externalApi.Dumps"/>
  <testcase name="login" time="0.001" classname="com.externalApi.Dumps"/>
  <testcase name="login" time="0.000" classname="com.externalApi.Dumps"/>
  <testcase name="login" time="0.000" classname="com.externalApi.Dumps"/>
  <testcase name="login" time="0.000" classname="com.externalApi.Dumps"/>
  <testcase name="login" time="0.001" classname="com.externalApi.Dumps"/>
  <testcase name="login" time="0.001" classname="com.externalApi.Dumps"/>
  <testcase name="login" time="0.000" classname="com.externalApi.Dumps"/>
  <testcase name="login" time="0.001" classname="com.externalApi.Dumps"/>
  <testcase name="login" time="0.000" classname="com.externalApi.Dumps"/>
  <testcase name="login" time="0.001" classname="com.externalApi.Dumps"/>
  <testcase name="login" time="0.001" classname="com.externalApi.Dumps"/>
  <testcase name="login" time="0.001" classname="com.externalApi.Dumps"/>
  <testcase name="login" time="0.000" classname="com.externalApi.Dumps"/>
  <testcase name="login" time="0.000" classname="com.externalApi.Dumps"/>
  <testcase name="login" time="0.001" classname="com.externalApi.Dumps"/>
  <testcase name="login" time="0.000" classname="com.externalApi.Dumps"/>
  <testcase name="login" time="0.001" classname="com.externalApi.Dumps"/>
  <testcase name="login" time="0.002" classname="com.externalApi.Dumps"/>
  <testcase name="login" time="0.001" classname="com.externalApi.Dumps"/>
  <testcase name="login" time="0.000" classname="com.externalApi.Dumps"/>
  <testcase name="login" time="0.000" classname="com.externalApi.Dumps"/>
  <testcase name="login" time="0.001" classname="com.externalApi.Dumps"/>
  <testcase name="login" time="0.000" classname="com.externalApi.Dumps"/>
  <testcase name="login" time="0.001" classname="com.externalApi.Dumps"/>
  <testcase name="login" time="0.001" classname="com.externalApi.Dumps"/>
  <testcase name="login" time="0.001" classname="com.externalApi.Dumps"/>
  <testcase name="login" time="0.001" classname="com.externalApi.Dumps"/>
  <testcase name="login" time="0.000" classname="com.externalApi.Dumps"/>
  <testcase name="login" time="0.004" classname="com.externalApi.Dumps"/>
  <testcase name="login" time="0.002" classname="com.externalApi.Dumps"/>
  <testcase name="login" time="0.001" classname="com.externalApi.Dumps"/>
  <testcase name="login" time="0.001" classname="com.externalApi.Dumps"/>
  <testcase name="login" time="0.001" classname="com.externalApi.Dumps"/>
  <testcase name="login" time="0.000" classname="com.externalApi.Dumps"/>
  <testcase name="login" time="0.002" classname="com.externalApi.Dumps"/>
  <testcase name="login" time="0.001" classname="com.externalApi.Dumps"/>
  <testcase name="login" time="0.002" classname="com.externalApi.Dumps"/>
  <testcase name="login" time="0.001" classname="com.externalApi.Dumps"/>
  <testcase name="login" time="0.001" classname="com.externalApi.Dumps"/>
  <testcase name="login" time="0.000" classname="com.externalApi.Dumps"/>
  <testcase name="login" time="0.000" classname="com.externalApi.Dumps"/>
  <testcase name="login" time="0.000" classname="com.externalApi.Dumps"/>
  <testcase name="login" time="0.000" classname="com.externalApi.Dumps"/>
  <testcase name="login" time="0.000" classname="com.externalApi.Dumps"/>
  <testcase name="login" time="0.001" classname="com.externalApi.Dumps"/>
  <testcase name="login" time="0.001" classname="com.externalApi.Dumps"/>
  <testcase name="login" time="0.001" classname="com.externalApi.Dumps"/>
  <testcase name="login" time="0.000" classname="com.externalApi.Dumps"/>
  <testcase name="login" time="0.000" classname="com.externalApi.Dumps"/>
  <testcase name="login" time="0.000" classname="com.externalApi.Dumps"/>
  <testcase name="login" time="0.001" classname="com.externalApi.Dumps"/>
  <testcase name="login" time="0.001" classname="com.externalApi.Dumps"/>
  <testcase name="login" time="0.000" classname="com.externalApi.Dumps"/>
  <testcase name="login" time="0.000" classname="com.externalApi.Dumps"/>
  <testcase name="login" time="0.000" classname="com.externalApi.Dumps"/>
  <testcase name="login" time="0.000" classname="com.externalApi.Dumps"/>
  <testcase name="login" time="0.000" classname="com.externalApi.Dumps"/>
  <testcase name="login" time="0.012" classname="com.externalApi.Dumps"/>
  <testcase name="login" time="0.000" classname="com.externalApi.Dumps"/>
  <testcase name="login" time="0.000" classname="com.externalApi.Dumps"/>
  <testcase name="login" time="0.000" classname="com.externalApi.Dumps"/>
  <testcase name="login" time="0.001" classname="com.externalApi.Dumps"/>
  <testcase name="login" time="0.000" classname="com.externalApi.Dumps"/>
  <testcase name="login" time="0.001" classname="com.externalApi.Dumps"/>
  <testcase name="login" time="0.001" classname="com.externalApi.Dumps"/>
  <testcase name="login" time="0.001" classname="com.externalApi.Dumps"/>
  <testcase name="login" time="0.001" classname="com.externalApi.Dumps"/>
  <testcase name="login" time="0.000" classname="com.externalApi.Dumps"/>
  <testcase name="login" time="0.000" classname="com.externalApi.Dumps"/>
  <testcase name="login" time="0.000" classname="com.externalApi.Dumps"/>
  <testcase name="login" time="0.001" classname="com.externalApi.Dumps"/>
  <testcase name="login" time="0.001" classname="com.externalApi.Dumps"/>
  <testcase name="login" time="0.004" classname="com.externalApi.Dumps"/>
  <testcase name="login" time="0.000" classname="com.externalApi.Dumps"/>
  <testcase name="login" time="0.001" classname="com.externalApi.Dumps"/>
  <testcase name="login" time="0.000" classname="com.externalApi.Dumps"/>
  <testcase name="login" time="0.439" classname="com.externalApi.Dumps"/>
  <testcase name="login" time="0.000" classname="com.externalApi.Dumps"/>
  <testcase name="login" time="0.001" classname="com.externalApi.Dumps"/>
  <testcase name="login" time="0.000" classname="com.externalApi.Dumps"/>
  <testcase name="login" time="0.000" classname="com.externalApi.Dumps"/>
  <testcase name="login" time="0.001" classname="com.externalApi.Dumps"/>
  <testcase name="login" time="0.000" classname="com.externalApi.Dumps"/>
  <testcase name="login" time="0.001" classname="com.externalApi.Dumps"/>
  <testcase name="login" time="0.000" classname="com.externalApi.Dumps"/>
  <testcase name="login" time="0.001" classname="com.externalApi.Dumps"/>
  <testcase name="login" time="0.000" classname="com.externalApi.Dumps"/>
  <testcase name="login" time="0.000" classname="com.externalApi.Dumps"/>
  <testcase name="login" time="0.000" classname="com.externalApi.Dumps"/>
  <testcase name="login" time="0.000" classname="com.externalApi.Dumps"/>
  <testcase name="login" time="0.001" classname="com.externalApi.Dumps"/>
  <testcase name="login" time="0.001" classname="com.externalApi.Dumps"/>
  <testcase name="login" time="0.000" classname="com.externalApi.Dumps"/>
  <testcase name="login" time="0.000" classname="com.externalApi.Dumps"/>
  <testcase name="login" time="0.000" classname="com.externalApi.Dumps"/>
  <testcase name="login" time="0.002" classname="com.externalApi.Dumps"/>
  <testcase name="login" time="0.000" classname="com.externalApi.Dumps"/>
  <testcase name="login" time="0.000" classname="com.externalApi.Dumps"/>
  <testcase name="login" time="0.003" classname="com.externalApi.Dumps"/>
  <testcase name="login" time="0.001" classname="com.externalApi.Dumps"/>
  <testcase name="login" time="0.002" classname="com.externalApi.Dumps"/>
  <testcase name="login" time="0.001" classname="com.externalApi.Dumps"/>
  <testcase name="login" time="0.001" classname="com.externalApi.Dumps"/>
  <testcase name="login" time="0.000" classname="com.externalApi.Dumps"/>
  <testcase name="login" time="0.000" classname="com.externalApi.Dumps"/>
  <testcase name="login" time="0.001" classname="com.externalApi.Dumps"/>
  <testcase name="login" time="0.001" classname="com.externalApi.Dumps"/>
  <testcase name="login" time="0.001" classname="com.externalApi.Dumps"/>
  <testcase name="login" time="0.002" classname="com.externalApi.Dumps"/>
  <testcase name="login" time="0.001" classname="com.externalApi.Dumps"/>
  <testcase name="login" time="0.000" classname="com.externalApi.Dumps"/>
  <testcase name="login" time="0.001" classname="com.externalApi.Dumps"/>
  <testcase name="login" time="0.000" classname="com.externalApi.Dumps"/>
  <testcase name="login" time="0.002" classname="com.externalApi.Dumps"/>
  <testcase name="login" time="0.001" classname="com.externalApi.Dumps"/>
  <testcase name="login" time="0.000" classname="com.externalApi.Dumps"/>
  <testcase name="login" time="0.001" classname="com.externalApi.Dumps"/>
  <testcase name="login" time="0.001" classname="com.externalApi.Dumps"/>
  <testcase name="login" time="0.001" classname="com.externalApi.Dumps"/>
  <testcase name="login" time="0.001" classname="com.externalApi.Dumps"/>
  <testcase name="login" time="0.000" classname="com.externalApi.Dumps"/>
  <testcase name="login" time="0.004" classname="com.externalApi.Dumps"/>
  <testcase name="login" time="0.001" classname="com.externalApi.Dumps"/>
  <testcase name="login" time="0.001" classname="com.externalApi.Dumps"/>
  <testcase name="login" time="0.005" classname="com.externalApi.Dumps"/>
  <testcase name="login" time="0.000" classname="com.externalApi.Dumps"/>
  <testcase name="login" time="0.002" classname="com.externalApi.Dumps"/>
  <testcase name="login" time="0.001" classname="com.externalApi.Dumps"/>
  <testcase name="login" time="0.001" classname="com.externalApi.Dumps"/>
  <testcase name="login" time="0.000" classname="com.externalApi.Dumps"/>
  <testcase name="login" time="0.001" classname="com.externalApi.Dumps"/>
  <testcase name="login" time="0.000" classname="com.externalApi.Dumps"/>
  <testcase name="login" time="0.001" classname="com.externalApi.Dumps"/>
  <testcase name="login" time="0.001" classname="com.externalApi.Dumps"/>
  <testcase name="login" time="0.001" classname="com.externalApi.Dumps"/>
  <testcase name="login" time="0.000" classname="com.externalApi.Dumps"/>
  <testcase name="login" time="0.001" classname="com.externalApi.Dumps"/>
  <testcase name="login" time="0.000" classname="com.externalApi.Dumps"/>
  <testcase name="login" time="0.001" classname="com.externalApi.Dumps"/>
  <testcase name="login" time="0.000" classname="com.externalApi.Dumps"/>
  <testcase name="login" time="0.001" classname="com.externalApi.Dumps"/>
  <testcase name="login" time="0.000" classname="com.externalApi.Dumps"/>
  <testcase name="login" time="0.003" classname="com.externalApi.Dumps"/>
  <testcase name="login" time="0.000" classname="com.externalApi.Dumps"/>
  <testcase name="login" time="0.000" classname="com.externalApi.Dumps"/>
  <testcase name="login" time="0.002" classname="com.externalApi.Dumps"/>
  <testcase name="login" time="0.001" classname="com.externalApi.Dumps"/>
  <testcase name="login" time="0.000" classname="com.externalApi.Dumps"/>
  <testcase name="login" time="0.001" classname="com.externalApi.Dumps"/>
  <testcase name="login" time="0.000" classname="com.externalApi.Dumps"/>
  <testcase name="login" time="0.000" classname="com.externalApi.Dumps"/>
  <testcase name="login" time="0.000" classname="com.externalApi.Dumps"/>
  <testcase name="login" time="0.001" classname="com.externalApi.Dumps"/>
  <testcase name="login" time="0.000" classname="com.externalApi.Dumps"/>
  <testcase name="login" time="0.002" classname="com.externalApi.Dumps"/>
  <testcase name="login" time="0.001" classname="com.externalApi.Dumps"/>
  <testcase name="login" time="0.000" classname="com.externalApi.Dumps"/>
  <testcase name="login" time="0.000" classname="com.externalApi.Dumps"/>
  <testcase name="login" time="0.000" classname="com.externalApi.Dumps"/>
  <testcase name="login" time="0.000" classname="com.externalApi.Dumps"/>
  <testcase name="login" time="0.000" classname="com.externalApi.Dumps"/>
  <testcase name="login" time="0.000" classname="com.externalApi.Dumps"/>
  <testcase name="login" time="0.000" classname="com.externalApi.Dumps"/>
  <testcase name="login" time="0.001" classname="com.externalApi.Dumps"/>
  <testcase name="login" time="0.001" classname="com.externalApi.Dumps"/>
  <testcase name="login" time="0.001" classname="com.externalApi.Dumps"/>
  <testcase name="login" time="0.000" classname="com.externalApi.Dumps"/>
  <testcase name="login" time="0.000" classname="com.externalApi.Dumps"/>
  <testcase name="login" time="0.001" classname="com.externalApi.Dumps"/>
  <testcase name="login" time="0.000" classname="com.externalApi.Dumps"/>
  <testcase name="login" time="0.001" classname="com.externalApi.Dumps"/>
  <testcase name="login" time="0.000" classname="com.externalApi.Dumps"/>
  <testcase name="login" time="0.001" classname="com.externalApi.Dumps"/>
  <testcase name="login" time="0.000" classname="com.externalApi.Dumps"/>
  <testcase name="login" time="0.000" classname="com.externalApi.Dumps"/>
  <testcase name="login" time="0.000" classname="com.externalApi.Dumps"/>
  <testcase name="login" time="0.000" classname="com.externalApi.Dumps"/>
  <testcase name="login" time="0.000" classname="com.externalApi.Dumps"/>
  <testcase name="login" time="0.001" classname="com.externalApi.Dumps"/>
  <testcase name="login" time="0.000" classname="com.externalApi.Dumps"/>
  <testcase name="login" time="0.000" classname="com.externalApi.Dumps"/>
  <testcase name="login" time="0.001" classname="com.externalApi.Dumps"/>
  <testcase name="login" time="0.001" classname="com.externalApi.Dumps"/>
  <testcase name="login" time="0.000" classname="com.externalApi.Dumps"/>
  <testcase name="login" time="0.001" classname="com.externalApi.Dumps"/>
  <testcase name="login" time="0.001" classname="com.externalApi.Dumps"/>
  <testcase name="login" time="0.001" classname="com.externalApi.Dumps"/>
  <testcase name="login" time="0.000" classname="com.externalApi.Dumps"/>
  <testcase name="login" time="0.028" classname="com.externalApi.Dumps"/>
  <testcase name="login" time="0.001" classname="com.externalApi.Dumps"/>
  <testcase name="login" time="0.000" classname="com.externalApi.Dumps"/>
  <testcase name="login" time="0.001" classname="com.externalApi.Dumps"/>
  <testcase name="login" time="0.003" classname="com.externalApi.Dumps"/>
  <testcase name="login" time="0.001" classname="com.externalApi.Dumps"/>
  <testcase name="login" time="0.002" classname="com.externalApi.Dumps"/>
  <testcase name="login" time="0.000" classname="com.externalApi.Dumps"/>
  <testcase name="login" time="0.000" classname="com.externalApi.Dumps"/>
  <testcase name="login" time="0.000" classname="com.externalApi.Dumps"/>
  <testcase name="login" time="0.000" classname="com.externalApi.Dumps"/>
  <testcase name="login" time="0.001" classname="com.externalApi.Dumps"/>
  <testcase name="login" time="0.000" classname="com.externalApi.Dumps"/>
  <testcase name="login" time="0.001" classname="com.externalApi.Dumps"/>
  <testcase name="login" time="0.001" classname="com.externalApi.Dumps"/>
  <testcase name="login" time="0.002" classname="com.externalApi.Dumps"/>
  <testcase name="login" time="0.000" classname="com.externalApi.Dumps"/>
  <testcase name="login" time="0.000" classname="com.externalApi.Dumps"/>
  <testcase name="login" time="0.000" classname="com.externalApi.Dumps"/>
  <testcase name="login" time="0.000" classname="com.externalApi.Dumps"/>
  <testcase name="login" time="0.000" classname="com.externalApi.Dumps"/>
  <testcase name="login" time="0.001" classname="com.externalApi.Dumps"/>
  <testcase name="login" time="0.000" classname="com.externalApi.Dumps"/>
  <testcase name="login" time="0.000" classname="com.externalApi.Dumps"/>
  <testcase name="login" time="0.001" classname="com.externalApi.Dumps"/>
  <testcase name="login" time="0.000" classname="com.externalApi.Dumps"/>
  <testcase name="login" time="0.000" classname="com.externalApi.Dumps"/>
  <testcase name="login" time="0.000" classname="com.externalApi.Dumps"/>
  <testcase name="login" time="0.000" classname="com.externalApi.Dumps"/>
  <testcase name="login" time="0.001" classname="com.externalApi.Dumps"/>
  <testcase name="login" time="0.000" classname="com.externalApi.Dumps"/>
  <testcase name="login" time="0.002" classname="com.externalApi.Dumps"/>
  <testcase name="login" time="0.001" classname="com.externalApi.Dumps"/>
  <testcase name="login" time="0.000" classname="com.externalApi.Dumps"/>
  <testcase name="login" time="0.000" classname="com.externalApi.Dumps"/>
  <testcase name="login" time="0.001" classname="com.externalApi.Dumps"/>
  <testcase name="login" time="0.000" classname="com.externalApi.Dumps"/>
  <testcase name="login" time="0.001" classname="com.externalApi.Dumps"/>
  <testcase name="login" time="0.000" classname="com.externalApi.Dumps"/>
  <testcase name="login" time="0.001" classname="com.externalApi.Dumps"/>
  <testcase name="login" time="0.002" classname="com.externalApi.Dumps"/>
  <testcase name="login" time="0.000" classname="com.externalApi.Dumps"/>
  <testcase name="login" time="0.000" classname="com.externalApi.Dumps"/>
  <testcase name="login" time="0.000" classname="com.externalApi.Dumps"/>
  <testcase name="login" time="0.001" classname="com.externalApi.Dumps"/>
  <testcase name="login" time="0.001" classname="com.externalApi.Dumps"/>
  <testcase name="login" time="0.000" classname="com.externalApi.Dumps"/>
  <testcase name="login" time="0.003" classname="com.externalApi.Dumps"/>
  <testcase name="login" time="0.000" classname="com.externalApi.Dumps"/>
  <testcase name="login" time="0.000" classname="com.externalApi.Dumps"/>
  <testcase name="login" time="0.001" classname="com.externalApi.Dumps"/>
  <testcase name="login" time="0.000" classname="com.externalApi.Dumps"/>
  <testcase name="login" time="0.000" classname="com.externalApi.Dumps"/>
  <testcase name="login" time="0.001" classname="com.externalApi.Dumps"/>
  <testcase name="login" time="0.000" classname="com.externalApi.Dumps"/>
  <testcase name="login" time="0.000" classname="com.externalApi.Dumps"/>
  <testcase name="login" time="0.001" classname="com.externalApi.Dumps"/>
  <testcase name="login" time="0.001" classname="com.externalApi.Dumps"/>
  <testcase name="login" time="0.001" classname="com.externalApi.Dumps"/>
  <testcase name="login" time="0.000" classname="com.externalApi.Dumps"/>
  <testcase name="login" time="0.001" classname="com.externalApi.Dumps"/>
  <testcase name="login" time="0.000" classname="com.externalApi.Dumps"/>
  <testcase name="login" time="0.000" classname="com.externalApi.Dumps"/>
  <testcase name="login" time="0.001" classname="com.externalApi.Dumps"/>
  <testcase name="login" time="0.001" classname="com.externalApi.Dumps"/>
  <testcase name="login" time="0.001" classname="com.externalApi.Dumps"/>
  <testcase name="login" time="0.001" classname="com.externalApi.Dumps"/>
  <testcase name="login" time="0.000" classname="com.externalApi.Dumps"/>
  <testcase name="login" time="0.001" classname="com.externalApi.Dumps"/>
  <testcase name="login" time="0.000" classname="com.externalApi.Dumps"/>
  <testcase name="login" time="0.000" classname="com.externalApi.Dumps"/>
  <testcase name="login" time="0.002" classname="com.externalApi.Dumps"/>
  <testcase name="login" time="0.016" classname="com.externalApi.Dumps"/>
  <testcase name="login" time="0.001" classname="com.externalApi.Dumps"/>
  <testcase name="login" time="0.000" classname="com.externalApi.Dumps"/>
  <testcase name="login" time="0.001" classname="com.externalApi.Dumps"/>
  <testcase name="login" time="0.001" classname="com.externalApi.Dumps"/>
  <testcase name="login" time="0.000" classname="com.externalApi.Dumps"/>
  <testcase name="login" time="0.000" classname="com.externalApi.Dumps"/>
  <testcase name="login" time="0.000" classname="com.externalApi.Dumps"/>
  <testcase name="login" time="0.086" classname="com.externalApi.Dumps"/>
  <testcase name="login" time="0.001" classname="com.externalApi.Dumps"/>
  <testcase name="login" time="0.000" classname="com.externalApi.Dumps"/>
  <testcase name="login" time="0.001" classname="com.externalApi.Dumps"/>
  <testcase name="login" time="0.001" classname="com.externalApi.Dumps"/>
  <testcase name="login" time="0.001" classname="com.externalApi.Dumps"/>
  <testcase name="login" time="0.002" classname="com.externalApi.Dumps"/>
  <testcase name="login" time="0.001" classname="com.externalApi.Dumps"/>
  <testcase name="login" time="0.001" classname="com.externalApi.Dumps"/>
  <testcase name="login" time="0.001" classname="com.externalApi.Dumps"/>
  <testcase name="login" time="0.000" classname="com.externalApi.Dumps"/>
  <testcase name="login" time="0.000" classname="com.externalApi.Dumps"/>
  <testcase name="login" time="0.000" classname="com.externalApi.Dumps"/>
  <testcase name="login" time="0.001" classname="com.externalApi.Dumps"/>
  <testcase name="login" time="0.000" classname="com.externalApi.Dumps"/>
  <testcase name="login" time="0.000" classname="com.externalApi.Dumps"/>
  <testcase name="login" time="0.000" classname="com.externalApi.Dumps"/>
  <testcase name="login" time="0.000" classname="com.externalApi.Dumps"/>
  <testcase name="login" time="0.000" classname="com.externalApi.Dumps"/>
  <testcase name="login" time="0.000" classname="com.externalApi.Dumps"/>
  <testcase name="login" time="0.001" classname="com.externalApi.Dumps"/>
  <testcase name="login" time="0.001" classname="com.externalApi.Dumps"/>
  <testcase name="login" time="0.001" classname="com.externalApi.Dumps"/>
  <testcase name="login" time="0.002" classname="com.externalApi.Dumps"/>
  <testcase name="login" time="0.000" classname="com.externalApi.Dumps"/>
  <testcase name="login" time="0.001" classname="com.externalApi.Dumps"/>
  <testcase name="login" time="0.001" classname="com.externalApi.Dumps"/>
  <testcase name="login" time="0.001" classname="com.externalApi.Dumps"/>
  <testcase name="login" time="0.001" classname="com.externalApi.Dumps"/>
  <testcase name="login" time="0.000" classname="com.externalApi.Dumps"/>
  <testcase name="login" time="0.000" classname="com.externalApi.Dumps"/>
  <testcase name="login" time="0.000" classname="com.externalApi.Dumps"/>
  <testcase name="login" time="0.000" classname="com.externalApi.Dumps"/>
  <testcase name="login" time="0.000" classname="com.externalApi.Dumps"/>
  <testcase name="login" time="0.001" classname="com.externalApi.Dumps"/>
  <testcase name="login" time="0.000" classname="com.externalApi.Dumps"/>
  <testcase name="login" time="0.001" classname="com.externalApi.Dumps"/>
  <testcase name="login" time="0.000" classname="com.externalApi.Dumps"/>
  <testcase name="login" time="0.001" classname="com.externalApi.Dumps"/>
  <testcase name="login" time="0.001" classname="com.externalApi.Dumps"/>
  <testcase name="login" time="0.000" classname="com.externalApi.Dumps"/>
  <testcase name="login" time="0.000" classname="com.externalApi.Dumps"/>
  <testcase name="login" time="0.000" classname="com.externalApi.Dumps"/>
  <testcase name="login" time="0.001" classname="com.externalApi.Dumps"/>
  <testcase name="login" time="0.000" classname="com.externalApi.Dumps"/>
  <testcase name="login" time="0.000" classname="com.externalApi.Dumps"/>
  <testcase name="login" time="0.002" classname="com.externalApi.Dumps"/>
  <testcase name="login" time="0.002" classname="com.externalApi.Dumps"/>
  <testcase name="login" time="0.000" classname="com.externalApi.Dumps"/>
  <testcase name="login" time="0.000" classname="com.externalApi.Dumps"/>
  <testcase name="login" time="0.004" classname="com.externalApi.Dumps"/>
  <testcase name="login" time="0.001" classname="com.externalApi.Dumps"/>
  <testcase name="login" time="0.001" classname="com.externalApi.Dumps"/>
  <testcase name="login" time="0.000" classname="com.externalApi.Dumps"/>
  <testcase name="login" time="0.001" classname="com.externalApi.Dumps"/>
  <testcase name="login" time="0.003" classname="com.externalApi.Dumps"/>
  <testcase name="login" time="0.001" classname="com.externalApi.Dumps"/>
  <testcase name="login" time="0.001" classname="com.externalApi.Dumps"/>
  <testcase name="login" time="0.001" classname="com.externalApi.Dumps"/>
  <testcase name="login" time="0.000" classname="com.externalApi.Dumps"/>
  <testcase name="login" time="0.002" classname="com.externalApi.Dumps"/>
  <testcase name="login" time="0.000" classname="com.externalApi.Dumps"/>
  <testcase name="login" time="0.001" classname="com.externalApi.Dumps"/>
  <testcase name="login" time="0.002" classname="com.externalApi.Dumps"/>
  <testcase name="login" time="0.000" classname="com.externalApi.Dumps"/>
  <testcase name="login" time="0.001" classname="com.externalApi.Dumps"/>
  <testcase name="login" time="0.001" classname="com.externalApi.Dumps"/>
  <testcase name="login" time="0.000" classname="com.externalApi.Dumps"/>
  <testcase name="login" time="0.001" classname="com.externalApi.Dumps"/>
  <testcase name="login" time="0.001" classname="com.externalApi.Dumps"/>
  <testcase name="login" time="0.000" classname="com.externalApi.Dumps"/>
  <testcase name="login" time="0.000" classname="com.externalApi.Dumps"/>
  <testcase name="login" time="0.002" classname="com.externalApi.Dumps"/>
  <testcase name="login" time="0.001" classname="com.externalApi.Dumps"/>
  <testcase name="login" time="0.002" classname="com.externalApi.Dumps"/>
  <testcase name="login" time="0.003" classname="com.externalApi.Dumps"/>
  <testcase name="login" time="0.001" classname="com.externalApi.Dumps"/>
  <testcase name="login" time="0.000" classname="com.externalApi.Dumps"/>
  <testcase name="login" time="0.001" classname="com.externalApi.Dumps"/>
  <testcase name="login" time="0.002" classname="com.externalApi.Dumps"/>
  <testcase name="login" time="0.002" classname="com.externalApi.Dumps"/>
  <testcase name="login" time="0.000" classname="com.externalApi.Dumps"/>
  <testcase name="login" time="0.000" classname="com.externalApi.Dumps"/>
  <testcase name="login" time="0.000" classname="com.externalApi.Dumps"/>
  <testcase name="login" time="0.003" classname="com.externalApi.Dumps"/>
  <testcase name="login" time="0.000" classname="com.externalApi.Dumps"/>
  <testcase name="login" time="0.000" classname="com.externalApi.Dumps"/>
  <testcase name="login" time="0.000" classname="com.externalApi.Dumps"/>
  <testcase name="login" time="0.000" classname="com.externalApi.Dumps"/>
  <testcase name="login" time="0.047" classname="com.externalApi.Dumps"/>
  <testcase name="login" time="0.115" classname="com.externalApi.Dumps"/>
  <testcase name="login" time="0.000" classname="com.externalApi.Dumps"/>
  <testcase name="login" time="0.001" classname="com.externalApi.Dumps"/>
  <testcase name="login" time="0.000" classname="com.externalApi.Dumps"/>
  <testcase name="login" time="0.000" classname="com.externalApi.Dumps"/>
  <testcase name="login" time="0.000" classname="com.externalApi.Dumps"/>
  <testcase name="login" time="0.001" classname="com.externalApi.Dumps"/>
  <testcase name="login" time="0.001" classname="com.externalApi.Dumps"/>
  <testcase name="login" time="0.001" classname="com.externalApi.Dumps"/>
  <testcase name="login" time="0.000" classname="com.externalApi.Dumps"/>
  <testcase name="login" time="0.001" classname="com.externalApi.Dumps"/>
  <testcase name="login" time="0.001" classname="com.externalApi.Dumps"/>
  <testcase name="login" time="0.000" classname="com.externalApi.Dumps"/>
  <testcase name="login" time="0.000" classname="com.externalApi.Dumps"/>
  <testcase name="login" time="0.001" classname="com.externalApi.Dumps"/>
  <testcase name="login" time="0.000" classname="com.externalApi.Dumps"/>
  <testcase name="login" time="0.000" classname="com.externalApi.Dumps"/>
  <testcase name="login" time="0.001" classname="com.externalApi.Dumps"/>
  <testcase name="login" time="0.001" classname="com.externalApi.Dumps"/>
  <testcase name="login" time="0.001" classname="com.externalApi.Dumps"/>
  <testcase name="login" time="0.001" classname="com.externalApi.Dumps"/>
  <testcase name="login" time="0.002" classname="com.externalApi.Dumps"/>
  <testcase name="login" time="0.001" classname="com.externalApi.Dumps"/>
  <testcase name="login" time="0.000" classname="com.externalApi.Dumps"/>
  <testcase name="login" time="0.000" classname="com.externalApi.Dumps"/>
  <testcase name="login" time="0.000" classname="com.externalApi.Dumps"/>
  <testcase name="login" time="0.000" classname="com.externalApi.Dumps"/>
  <testcase name="login" time="0.001" classname="com.externalApi.Dumps"/>
  <testcase name="login" time="0.000" classname="com.externalApi.Dumps"/>
  <testcase name="login" time="0.001" classname="com.externalApi.Dumps"/>
  <testcase name="login" time="0.000" classname="com.externalApi.Dumps"/>
  <testcase name="login" time="0.001" classname="com.externalApi.Dumps"/>
  <testcase name="login" time="0.002" classname="com.externalApi.Dumps"/>
  <testcase name="login" time="0.001" classname="com.externalApi.Dumps"/>
  <testcase name="login" time="0.000" classname="com.externalApi.Dumps"/>
  <testcase name="login" time="0.001" classname="com.externalApi.Dumps"/>
  <testcase name="login" time="0.001" classname="com.externalApi.Dumps"/>
  <testcase name="login" time="0.000" classname="com.externalApi.Dumps"/>
  <testcase name="login" time="0.000" classname="com.externalApi.Dumps"/>
  <testcase name="login" time="0.000" classname="com.externalApi.Dumps"/>
  <testcase name="login" time="0.001" classname="com.externalApi.Dumps"/>
  <testcase name="login" time="0.001" classname="com.externalApi.Dumps"/>
  <testcase name="login" time="0.002" classname="com.externalApi.Dumps"/>
  <testcase name="login" time="0.000" classname="com.externalApi.Dumps"/>
  <testcase name="login" time="0.001" classname="com.externalApi.Dumps"/>
  <testcase name="login" time="0.001" classname="com.externalApi.Dumps"/>
  <testcase name="login" time="0.001" classname="com.externalApi.Dumps"/>
  <testcase name="login" time="0.000" classname="com.externalApi.Dumps"/>
  <testcase name="login" time="0.001" classname="com.externalApi.Dumps"/>
  <testcase name="login" time="0.000" classname="com.externalApi.Dumps"/>
  <testcase name="login" time="0.001" classname="com.externalApi.Dumps"/>
  <testcase name="login" time="0.001" classname="com.externalApi.Dumps"/>
  <testcase name="login" time="0.000" classname="com.externalApi.Dumps"/>
  <testcase name="login" time="0.000" classname="com.externalApi.Dumps"/>
  <testcase name="login" time="0.001" classname="com.externalApi.Dumps"/>
  <testcase name="login" time="0.000" classname="com.externalApi.Dumps"/>
  <testcase name="login" time="0.001" classname="com.externalApi.Dumps"/>
  <testcase name="login" time="0.003" classname="com.externalApi.Dumps"/>
  <testcase name="login" time="0.001" classname="com.externalApi.Dumps"/>
  <testcase name="login" time="0.000" classname="com.externalApi.Dumps"/>
</testsuite> <!-- com.externalApi.Dumps -->
