<?xml version="1.0" encoding="UTF-8"?>
<!-- Generated by org.testng.reporters.JUnitReportReporter -->
<testsuite name="com.testCase.SearchHotel" tests="4" time="174.839" ignored="0" failures="0" timestamp="01 May 2017 10:19:23 GMT" skipped="1" hostname="mgh-PC" errors="0">
  <testcase name="searchHotels" time="65.122" classname="com.testCase.SearchHotel"/>
  <testcase name="searchHotels" time="64.397" classname="com.testCase.SearchHotel"/>
  <testcase name="searchHotels" time="45.316" classname="com.testCase.SearchHotel"/>
  <testcase name="searchHotels" time="0.004" classname="com.testCase.SearchHotel">
    <skipped/>
  </testcase> <!-- searchHotels -->
</testsuite> <!-- com.testCase.SearchHotel -->
